
{
  name: [32m'frontend'[39m,
  slug: [32m'frontend'[39m,
  version: [32m'1.0.0'[39m,
  orientation: [32m'portrait'[39m,
  icon: [32m'./assets/icon.png'[39m,
  userInterfaceStyle: [32m'light'[39m,
  newArchEnabled: [33mtrue[39m,
  owner: [32m'panvi'[39m,
  plugins: [
    [
      [32m'@config-plugins/detox'[39m,
      {
        subdomain: [32m'com.panviravindra.comparez'[39m
      }
    ]
  ],
  description: [90mundefined[39m,
  sdkVersion: [32m'54.0.0'[39m,
  platforms: [
    [32m'ios'[39m,
    [32m'android'[39m,
    [32m'web'[39m
  ],
  splash: {
    image: [32m'./assets/splash-icon.png'[39m,
    resizeMode: [32m'contain'[39m,
    backgroundColor: [32m'#ffffff'[39m
  },
  ios: {
    supportsTablet: [33mtrue[39m
  },
  android: {
    edgeToEdgeEnabled: [33mtrue[39m,
    package: [32m'com.panviravindra.comparez'[39m,
    adaptiveIcon: {
      foregroundImage: [32m'./assets/adaptive-icon.png'[39m,
      backgroundColor: [32m'#ffffff'[39m
    }
  },
  web: {
    favicon: [32m'./assets/favicon.png'[39m
  },
  extra: {
    eas: {
      projectId: [32m'ec01b9de-1d85-4ca6-a808-0055cf954368'[39m
    }
  }
}

