--------- beginning of main
04-12 21:35:43.432 17301 17301 I vindra.comparez: Late-enabling -Xcheck:jni
04-12 21:35:43.439 17301 17301 I vindra.comparez: Using CollectorTypeCC GC.
04-12 21:35:43.527 17301 17301 D CompatibilityChangeReporter: Compat change id reported: 171979766; UID 10211; state: ENABLED
04-12 21:35:43.528 17301 17301 D CompatibilityChangeReporter: Compat change id reported: 242716250; UID 10211; state: ENABLED
--------- beginning of system
04-12 21:35:43.530 17301 17301 W ActivityThread: Package uses different ABI(s) than its instrumentation: package[com.panviravindra.comparez]: arm64-v8a, null instrumentation[com.panviravindra.comparez.test]: null, null
04-12 21:35:43.536 17301 17301 W vindra.comparez: ClassLoaderContext shared library size mismatch. Expected=2, found=0 (PCL[]{PCL[/system/framework/android.test.base.jar*836642756]#PCL[/system/framework/android.test.mock.jar*3186112116]} | PCL[])
04-12 21:35:43.541 17301 17301 W vindra.comparez: ClassLoaderContext classpath size mismatch. expected=0, found=1 (PCL[] | PCL[/system/framework/android.test.runner.jar*4168958247])
04-12 21:35:43.542 17301 17301 W vindra.comparez: ClassLoaderContext classpath size mismatch. expected=0, found=2 (PCL[] | PCL[/system/framework/android.test.runner.jar*4168958247:/system/framework/android.test.mock.jar*3186112116])
04-12 21:35:43.543 17301 17301 W ziparchive: Unable to open '/data/app/~~XEjrFov-6z90XZysrRUHAw==/com.panviravindra.comparez.test-Kh5GPauH-AwI-dJjsMcHIQ==/base.dm': No such file or directory
04-12 21:35:43.543 17301 17301 W ziparchive: Unable to open '/data/app/~~XEjrFov-6z90XZysrRUHAw==/com.panviravindra.comparez.test-Kh5GPauH-AwI-dJjsMcHIQ==/base.dm': No such file or directory
04-12 21:35:43.657 17301 17301 W ziparchive: Unable to open '/data/app/~~cPSnx4m8BGeKIVp62nxzXQ==/com.panviravindra.comparez-AYbZGbjScrn2lLSGb7SQjQ==/base.dm': No such file or directory
04-12 21:35:43.657 17301 17301 W ziparchive: Unable to open '/data/app/~~cPSnx4m8BGeKIVp62nxzXQ==/com.panviravindra.comparez-AYbZGbjScrn2lLSGb7SQjQ==/base.dm': No such file or directory
04-12 21:35:43.863 17301 17301 D nativeloader: Configuring clns-6 for other apk /system/framework/android.test.runner.jar:/system/framework/android.test.mock.jar:/system/framework/android.test.base.jar:/data/app/~~XEjrFov-6z90XZysrRUHAw==/com.panviravindra.comparez.test-Kh5GPauH-AwI-dJjsMcHIQ==/base.apk:/data/app/~~cPSnx4m8BGeKIVp62nxzXQ==/com.panviravindra.comparez-AYbZGbjScrn2lLSGb7SQjQ==/base.apk. target_sdk_version=36, uses_libraries=, library_path=/data/app/~~XEjrFov-6z90XZysrRUHAw==/com.panviravindra.comparez.test-Kh5GPauH-AwI-dJjsMcHIQ==/lib/arm64:/data/app/~~cPSnx4m8BGeKIVp62nxzXQ==/com.panviravindra.comparez-AYbZGbjScrn2lLSGb7SQjQ==/lib/arm64:/data/app/~~XEjrFov-6z90XZysrRUHAw==/com.panviravindra.comparez.test-Kh5GPauH-AwI-dJjsMcHIQ==/base.apk!/lib/arm64-v8a:/data/app/~~cPSnx4m8BGeKIVp62nxzXQ==/com.panviravindra.comparez-AYbZGbjScrn2lLSGb7SQjQ==/base.apk!/lib/arm64-v8a, permitted_path=/data:/mnt/expand:/data/user/0/com.panviravindra.comparez
04-12 21:35:43.868 17301 17301 V GraphicsEnvironment: Currently set values for:
04-12 21:35:43.868 17301 17301 V GraphicsEnvironment:   angle_gl_driver_selection_pkgs=[]
04-12 21:35:43.868 17301 17301 V GraphicsEnvironment:   angle_gl_driver_selection_values=[]
04-12 21:35:43.868 17301 17301 V GraphicsEnvironment: ANGLE GameManagerService for com.panviravindra.comparez: false
04-12 21:35:43.868 17301 17301 V GraphicsEnvironment: com.panviravindra.comparez is not listed in per-application setting
04-12 21:35:43.868 17301 17301 V GraphicsEnvironment: Neither updatable production driver nor prerelease driver is supported.
04-12 21:35:43.869 17301 17301 D ApplicationLoaders: Returning zygote-cached class loader: /system/framework/android.test.base.jar
04-12 21:35:43.871 17301 17301 D nativeloader: Configuring clns-7 for other apk /system/framework/android.test.mock.jar. target_sdk_version=36, uses_libraries=ALL, library_path=/data/app/~~XEjrFov-6z90XZysrRUHAw==/com.panviravindra.comparez.test-Kh5GPauH-AwI-dJjsMcHIQ==/lib/arm64:/data/app/~~cPSnx4m8BGeKIVp62nxzXQ==/com.panviravindra.comparez-AYbZGbjScrn2lLSGb7SQjQ==/lib/arm64, permitted_path=/data:/mnt/expand
04-12 21:35:43.871 17301 17301 D ApplicationLoaders: Returning zygote-cached class loader: /system/framework/android.test.base.jar
04-12 21:35:43.874 17301 17301 D nativeloader: Configuring clns-8 for other apk /system/framework/android.test.runner.jar. target_sdk_version=36, uses_libraries=ALL, library_path=/data/app/~~XEjrFov-6z90XZysrRUHAw==/com.panviravindra.comparez.test-Kh5GPauH-AwI-dJjsMcHIQ==/lib/arm64:/data/app/~~cPSnx4m8BGeKIVp62nxzXQ==/com.panviravindra.comparez-AYbZGbjScrn2lLSGb7SQjQ==/lib/arm64, permitted_path=/data:/mnt/expand
04-12 21:35:43.875 17301 17301 W vindra.comparez: ClassLoaderContext shared library size mismatch. Expected=2, found=3 (PCL[]{PCL[/system/framework/android.test.base.jar*836642756]#PCL[/system/framework/android.test.mock.jar*3186112116]} | PCL[]{PCL[/system/framework/android.test.base.jar*836642756]#PCL[/system/framework/android.test.mock.jar*3186112116]#PCL[/system/framework/android.test.runner.jar*4168958247]{PCL[/system/framework/android.test.base.jar*836642756]#PCL[/system/framework/android.test.mock.jar*3186112116]}};PCL[/system/framework/android.test.runner.jar*4168958247:/system/framework/android.test.mock.jar*3186112116:/system/framework/android.test.base.jar*836642756:/data/app/~~XEjrFov-6z90XZysrRUHAw==/com.panviravindra.comparez.test-Kh5GPauH-AwI-dJjsMcHIQ==/base.apk*294246005:/data/app/~~XEjrFov-6z90XZysrRUHAw==/com.panviravindra.comparez.test-Kh5GPauH-AwI-dJjsMcHIQ==/base.apk!classes2.dex*4055916645:/data/app/~~XEjrFov-6z90XZysrRUHAw==/com.panviravindra.comparez.test-Kh5GPauH-AwI-dJjsMcHIQ==/base.apk!classes3.dex*2949407285:/data/app/~~XEjrFov-6z90XZysrRUHAw==/com.panviravindra.comparez.test-Kh5GPauH-AwI-dJjsMcHIQ==/base.apk!classes4.dex*2472856604:/data/app/~~XEjrFov-6z90XZysrRUHAw==/com.panviravindra.comparez.test-Kh5GPauH-AwI-dJjsMcHIQ==/base.apk!classes5.dex*449036524:/data/app/~~XEjrFov-6z90XZysrRUHAw==/com.panviravindra.comparez.test-Kh5GPauH-AwI-dJjsMcHIQ==/base.apk!classes6.dex*2622014904:/data/app/~~XEjrFov-6z90XZysrRUHAw==/com.panviravindra.comparez.test-Kh5GPauH-AwI-dJjsMcHIQ==/base.apk!classes7.dex*530900409:/data/app/~~XEjrFov-6z90XZysrRUHAw==/com.panviravindra.comparez.test-Kh5GPauH-AwI-dJjsMcHIQ==/base.apk!classes8.dex*4143867305:/data/app/~~XEjrFov-6z90XZysrRUHAw==/com.panviravindra.comparez.test-Kh5GPauH-AwI-dJjsMcHIQ==/base.apk!classes9.dex*4104667095:/data/app/~~XEjrFov-6z90XZysrRUHAw==/com.panviravindra.comparez.test-Kh5GPauH-AwI-dJjsMcHIQ==/base.apk!classes10.dex*3785976675:/data/app/~~XEjrFov-6z90XZysrRUHAw==/com.panviravindra.comparez.test-Kh5GPauH-AwI-dJjsMcHIQ==/base.apk!classes11.dex*747467643:/data/app/~~XEjrFov-6z90XZysrRUHAw==/com.panviravindra.comparez.test-Kh5GPauH-AwI-dJjsMcHIQ==/base.apk!classes12.dex*128433845:/data/app/~~XEjrFov-6z90XZysrRUHAw==/com.panviravindra.comparez.test-Kh5GPauH-AwI-dJjsMcHIQ==/base.apk!classes13.dex*3653805668:/data/app/~~XEjrFov-6z90XZysrRUHAw==/com.panviravindra.comparez.test-Kh5GPauH-AwI-dJjsMcHIQ==/base.apk!classes14.dex*1229665198:/data/app/~~XEjrFov-6z90XZysrRUHAw==/com.panviravindra.comparez.test-Kh5GPauH-AwI-dJjsMcHIQ==/base.apk!classes15.dex*638951780:/data/app/~~XEjrFov-6z90XZysrRUHAw==/com.panviravindra.comparez.test-Kh5GPauH-AwI-dJjsMcHIQ==/base.apk!classes16.dex*2498210027:/data/app/~~XEjrFov-6z90XZysrRUHAw==/com.panviravindra.comparez.test-Kh5GPauH-AwI-dJjsMcHIQ==/base.apk!classes17.dex*732076495:/data/app/~~XEjrFov-6z90XZysrRUHAw==/com.panviravindra.comparez.test-Kh5GPauH-AwI-dJjsMcHIQ==/base.apk!classes18.dex*238609134:/data/app/~~XEjrFov-6z90XZysrRUHAw==/com.panviravindra.comparez.test-Kh5GPauH-AwI-dJjsMcHIQ==/base.apk!classes19.dex*1407230120:/data/app/~~cPSnx4m8BGeKIVp62nxzXQ==/com.panviravindra.comparez-AYbZGbjScrn2lLSGb7SQjQ==/base.apk*93354197:/data/app/~~cPSnx4m8BGeKIVp62nxzXQ==/com.panviravindra.comparez-AYbZGbjScrn2lLSGb7SQjQ==/base.apk!classes2.dex*2402452363:/data/app/~~cPSnx4m8BGeKIVp62nxzXQ==/com.panviravindra.comparez-AYbZGbjScrn2lLSGb7SQjQ==/base.apk!classes3.dex*1876940571:/data/app/~~cPSnx4m8BGeKIVp62nxzXQ==/com.panviravindra.comparez-AYbZGbjScrn2lLSGb7SQjQ==/base.apk!classes4.dex*389630062:/data/app/~~cPSnx4m8BGeKIVp62nxzXQ==/com.panviravindra.comparez-AYbZGbjScrn2lLSGb7SQjQ==/base.apk!classes5.dex*1867390877:/data/app/~~cPSnx4m8BGeKIVp62nxzXQ==/com.panviravindra.comparez-AYbZGbjScrn2lLSGb7SQjQ==/base.apk!classes6.dex*4013537063:/data/app/~~cPSnx4m8BGeKIVp62nxzXQ==/com.panviravindra.comparez-AYbZGbjScrn2lLSGb7SQjQ==/base.apk!classes7.dex*3881050273:/data/app/~~cPSnx4m8BGeKIVp62nxzXQ==/com.panviravindra.comparez-AYbZGbjScrn2lLSGb7SQjQ==/base.apk!classes8.dex*4262563330:/data/app/~~cPSnx4m8BGeKIVp62nxzXQ==/com.panviravind
04-12 21:35:43.876 17301 17301 W vindra.comparez: ClassLoaderContext classpath size mismatch. expected=0, found=1 (PCL[] | PCL[/system/framework/android.test.runner.jar*4168958247]{PCL[/system/framework/android.test.base.jar*836642756]#PCL[/system/framework/android.test.mock.jar*3186112116]#PCL[/system/framework/android.test.runner.jar*4168958247]{PCL[/system/framework/android.test.base.jar*836642756]#PCL[/system/framework/android.test.mock.jar*3186112116]}};PCL[/system/framework/android.test.runner.jar*4168958247:/system/framework/android.test.mock.jar*3186112116:/system/framework/android.test.base.jar*836642756:/data/app/~~XEjrFov-6z90XZysrRUHAw==/com.panviravindra.comparez.test-Kh5GPauH-AwI-dJjsMcHIQ==/base.apk*294246005:/data/app/~~XEjrFov-6z90XZysrRUHAw==/com.panviravindra.comparez.test-Kh5GPauH-AwI-dJjsMcHIQ==/base.apk!classes2.dex*4055916645:/data/app/~~XEjrFov-6z90XZysrRUHAw==/com.panviravindra.comparez.test-Kh5GPauH-AwI-dJjsMcHIQ==/base.apk!classes3.dex*2949407285:/data/app/~~XEjrFov-6z90XZysrRUHAw==/com.panviravindra.comparez.test-Kh5GPauH-AwI-dJjsMcHIQ==/base.apk!classes4.dex*2472856604:/data/app/~~XEjrFov-6z90XZysrRUHAw==/com.panviravindra.comparez.test-Kh5GPauH-AwI-dJjsMcHIQ==/base.apk!classes5.dex*449036524:/data/app/~~XEjrFov-6z90XZysrRUHAw==/com.panviravindra.comparez.test-Kh5GPauH-AwI-dJjsMcHIQ==/base.apk!classes6.dex*2622014904:/data/app/~~XEjrFov-6z90XZysrRUHAw==/com.panviravindra.comparez.test-Kh5GPauH-AwI-dJjsMcHIQ==/base.apk!classes7.dex*530900409:/data/app/~~XEjrFov-6z90XZysrRUHAw==/com.panviravindra.comparez.test-Kh5GPauH-AwI-dJjsMcHIQ==/base.apk!classes8.dex*4143867305:/data/app/~~XEjrFov-6z90XZysrRUHAw==/com.panviravindra.comparez.test-Kh5GPauH-AwI-dJjsMcHIQ==/base.apk!classes9.dex*4104667095:/data/app/~~XEjrFov-6z90XZysrRUHAw==/com.panviravindra.comparez.test-Kh5GPauH-AwI-dJjsMcHIQ==/base.apk!classes10.dex*3785976675:/data/app/~~XEjrFov-6z90XZysrRUHAw==/com.panviravindra.comparez.test-Kh5GPauH-AwI-dJjsMcHIQ==/base.apk!classes11.dex*747467643:/data/app/~~XEjrFov-6z90XZysrRUHAw==/com.panviravindra.comparez.test-Kh5GPauH-AwI-dJjsMcHIQ==/base.apk!classes12.dex*128433845:/data/app/~~XEjrFov-6z90XZysrRUHAw==/com.panviravindra.comparez.test-Kh5GPauH-AwI-dJjsMcHIQ==/base.apk!classes13.dex*3653805668:/data/app/~~XEjrFov-6z90XZysrRUHAw==/com.panviravindra.comparez.test-Kh5GPauH-AwI-dJjsMcHIQ==/base.apk!classes14.dex*1229665198:/data/app/~~XEjrFov-6z90XZysrRUHAw==/com.panviravindra.comparez.test-Kh5GPauH-AwI-dJjsMcHIQ==/base.apk!classes15.dex*638951780:/data/app/~~XEjrFov-6z90XZysrRUHAw==/com.panviravindra.comparez.test-Kh5GPauH-AwI-dJjsMcHIQ==/base.apk!classes16.dex*2498210027:/data/app/~~XEjrFov-6z90XZysrRUHAw==/com.panviravindra.comparez.test-Kh5GPauH-AwI-dJjsMcHIQ==/base.apk!classes17.dex*732076495:/data/app/~~XEjrFov-6z90XZysrRUHAw==/com.panviravindra.comparez.test-Kh5GPauH-AwI-dJjsMcHIQ==/base.apk!classes18.dex*238609134:/data/app/~~XEjrFov-6z90XZysrRUHAw==/com.panviravindra.comparez.test-Kh5GPauH-AwI-dJjsMcHIQ==/base.apk!classes19.dex*1407230120:/data/app/~~cPSnx4m8BGeKIVp62nxzXQ==/com.panviravindra.comparez-AYbZGbjScrn2lLSGb7SQjQ==/base.apk*93354197:/data/app/~~cPSnx4m8BGeKIVp62nxzXQ==/com.panviravindra.comparez-AYbZGbjScrn2lLSGb7SQjQ==/base.apk!classes2.dex*2402452363:/data/app/~~cPSnx4m8BGeKIVp62nxzXQ==/com.panviravindra.comparez-AYbZGbjScrn2lLSGb7SQjQ==/base.apk!classes3.dex*1876940571:/data/app/~~cPSnx4m8BGeKIVp62nxzXQ==/com.panviravindra.comparez-AYbZGbjScrn2lLSGb7SQjQ==/base.apk!classes4.dex*389630062:/data/app/~~cPSnx4m8BGeKIVp62nxzXQ==/com.panviravindra.comparez-AYbZGbjScrn2lLSGb7SQjQ==/base.apk!classes5.dex*1867390877:/data/app/~~cPSnx4m8BGeKIVp62nxzXQ==/com.panviravindra.comparez-AYbZGbjScrn2lLSGb7SQjQ==/base.apk!classes6.dex*4013537063:/data/app/~~cPSnx4m8BGeKIVp62nxzXQ==/com.panviravindra.comparez-AYbZGbjScrn2lLSGb7SQjQ==/base.apk!classes7.dex*3881050273:/data/app/~~cPSnx4m8BGeKIVp62nxzXQ==/com.panviravindra.comparez-AYbZGbjScrn2lLSGb7SQjQ==/base.apk!classes8.dex*4262563330:/data/app/~~cPSnx4m8BGeKIVp62nxzXQ==/com.panviravindra.comparez-AYbZGbjScrn2lLSGb7SQjQ==/base.apk!classes9.dex*371028
04-12 21:35:43.879 17301 17301 W vindra.comparez: ClassLoaderContext classpath size mismatch. expected=0, found=2 (PCL[] | PCL[/system/framework/android.test.runner.jar*4168958247:/system/framework/android.test.mock.jar*3186112116]{PCL[/system/framework/android.test.base.jar*836642756]#PCL[/system/framework/android.test.mock.jar*3186112116]#PCL[/system/framework/android.test.runner.jar*4168958247]{PCL[/system/framework/android.test.base.jar*836642756]#PCL[/system/framework/android.test.mock.jar*3186112116]}};PCL[/system/framework/android.test.runner.jar*4168958247:/system/framework/android.test.mock.jar*3186112116:/system/framework/android.test.base.jar*836642756:/data/app/~~XEjrFov-6z90XZysrRUHAw==/com.panviravindra.comparez.test-Kh5GPauH-AwI-dJjsMcHIQ==/base.apk*294246005:/data/app/~~XEjrFov-6z90XZysrRUHAw==/com.panviravindra.comparez.test-Kh5GPauH-AwI-dJjsMcHIQ==/base.apk!classes2.dex*4055916645:/data/app/~~XEjrFov-6z90XZysrRUHAw==/com.panviravindra.comparez.test-Kh5GPauH-AwI-dJjsMcHIQ==/base.apk!classes3.dex*2949407285:/data/app/~~XEjrFov-6z90XZysrRUHAw==/com.panviravindra.comparez.test-Kh5GPauH-AwI-dJjsMcHIQ==/base.apk!classes4.dex*2472856604:/data/app/~~XEjrFov-6z90XZysrRUHAw==/com.panviravindra.comparez.test-Kh5GPauH-AwI-dJjsMcHIQ==/base.apk!classes5.dex*449036524:/data/app/~~XEjrFov-6z90XZysrRUHAw==/com.panviravindra.comparez.test-Kh5GPauH-AwI-dJjsMcHIQ==/base.apk!classes6.dex*2622014904:/data/app/~~XEjrFov-6z90XZysrRUHAw==/com.panviravindra.comparez.test-Kh5GPauH-AwI-dJjsMcHIQ==/base.apk!classes7.dex*530900409:/data/app/~~XEjrFov-6z90XZysrRUHAw==/com.panviravindra.comparez.test-Kh5GPauH-AwI-dJjsMcHIQ==/base.apk!classes8.dex*4143867305:/data/app/~~XEjrFov-6z90XZysrRUHAw==/com.panviravindra.comparez.test-Kh5GPauH-AwI-dJjsMcHIQ==/base.apk!classes9.dex*4104667095:/data/app/~~XEjrFov-6z90XZysrRUHAw==/com.panviravindra.comparez.test-Kh5GPauH-AwI-dJjsMcHIQ==/base.apk!classes10.dex*3785976675:/data/app/~~XEjrFov-6z90XZysrRUHAw==/com.panviravindra.comparez.test-Kh5GPauH-AwI-dJjsMcHIQ==/base.apk!classes11.dex*747467643:/data/app/~~XEjrFov-6z90XZysrRUHAw==/com.panviravindra.comparez.test-Kh5GPauH-AwI-dJjsMcHIQ==/base.apk!classes12.dex*128433845:/data/app/~~XEjrFov-6z90XZysrRUHAw==/com.panviravindra.comparez.test-Kh5GPauH-AwI-dJjsMcHIQ==/base.apk!classes13.dex*3653805668:/data/app/~~XEjrFov-6z90XZysrRUHAw==/com.panviravindra.comparez.test-Kh5GPauH-AwI-dJjsMcHIQ==/base.apk!classes14.dex*1229665198:/data/app/~~XEjrFov-6z90XZysrRUHAw==/com.panviravindra.comparez.test-Kh5GPauH-AwI-dJjsMcHIQ==/base.apk!classes15.dex*638951780:/data/app/~~XEjrFov-6z90XZysrRUHAw==/com.panviravindra.comparez.test-Kh5GPauH-AwI-dJjsMcHIQ==/base.apk!classes16.dex*2498210027:/data/app/~~XEjrFov-6z90XZysrRUHAw==/com.panviravindra.comparez.test-Kh5GPauH-AwI-dJjsMcHIQ==/base.apk!classes17.dex*732076495:/data/app/~~XEjrFov-6z90XZysrRUHAw==/com.panviravindra.comparez.test-Kh5GPauH-AwI-dJjsMcHIQ==/base.apk!classes18.dex*238609134:/data/app/~~XEjrFov-6z90XZysrRUHAw==/com.panviravindra.comparez.test-Kh5GPauH-AwI-dJjsMcHIQ==/base.apk!classes19.dex*1407230120:/data/app/~~cPSnx4m8BGeKIVp62nxzXQ==/com.panviravindra.comparez-AYbZGbjScrn2lLSGb7SQjQ==/base.apk*93354197:/data/app/~~cPSnx4m8BGeKIVp62nxzXQ==/com.panviravindra.comparez-AYbZGbjScrn2lLSGb7SQjQ==/base.apk!classes2.dex*2402452363:/data/app/~~cPSnx4m8BGeKIVp62nxzXQ==/com.panviravindra.comparez-AYbZGbjScrn2lLSGb7SQjQ==/base.apk!classes3.dex*1876940571:/data/app/~~cPSnx4m8BGeKIVp62nxzXQ==/com.panviravindra.comparez-AYbZGbjScrn2lLSGb7SQjQ==/base.apk!classes4.dex*389630062:/data/app/~~cPSnx4m8BGeKIVp62nxzXQ==/com.panviravindra.comparez-AYbZGbjScrn2lLSGb7SQjQ==/base.apk!classes5.dex*1867390877:/data/app/~~cPSnx4m8BGeKIVp62nxzXQ==/com.panviravindra.comparez-AYbZGbjScrn2lLSGb7SQjQ==/base.apk!classes6.dex*4013537063:/data/app/~~cPSnx4m8BGeKIVp62nxzXQ==/com.panviravindra.comparez-AYbZGbjScrn2lLSGb7SQjQ==/base.apk!classes7.dex*3881050273:/data/app/~~cPSnx4m8BGeKIVp62nxzXQ==/com.panviravindra.comparez-AYbZGbjScrn2lLSGb7SQjQ==/base.apk!classes8.dex*4262563330:/data/app/~~cPSnx4m8BGeKIVp62nxzXQ==/com.panviravindra.comparez-AY
04-12 21:35:43.879 17301 17301 W ziparchive: Unable to open '/data/app/~~XEjrFov-6z90XZysrRUHAw==/com.panviravindra.comparez.test-Kh5GPauH-AwI-dJjsMcHIQ==/base.dm': No such file or directory
04-12 21:35:43.879 17301 17301 W ziparchive: Unable to open '/data/app/~~XEjrFov-6z90XZysrRUHAw==/com.panviravindra.comparez.test-Kh5GPauH-AwI-dJjsMcHIQ==/base.dm': No such file or directory
04-12 21:35:43.917 17301 17301 W ziparchive: Unable to open '/data/app/~~cPSnx4m8BGeKIVp62nxzXQ==/com.panviravindra.comparez-AYbZGbjScrn2lLSGb7SQjQ==/base.dm': No such file or directory
04-12 21:35:43.917 17301 17301 W ziparchive: Unable to open '/data/app/~~cPSnx4m8BGeKIVp62nxzXQ==/com.panviravindra.comparez-AYbZGbjScrn2lLSGb7SQjQ==/base.dm': No such file or directory
04-12 21:35:44.035 17301 17301 I AndroidJUnitRunner: newApplication com.panviravindra.comparez.MainApplication
04-12 21:35:44.063 17301 17301 I AndroidJUnitRunner: onCreate Bundle[mParcelledData.dataSize=240]
04-12 21:35:44.063 17301 17301 D AndroidJUnitRunner: Use the raw file system for managing file I/O.
04-12 21:35:44.066 17301 17301 V TestEventClient: No service name argument was given (testDiscoveryService, testRunEventService or orchestratorService)
04-12 21:35:44.067 17301 17301 W SoLoader: Initializing SoLoader: 0
04-12 21:35:44.067 17301 17301 W SoLoader: Recording new base apk path: /data/app/~~cPSnx4m8BGeKIVp62nxzXQ==/com.panviravindra.comparez-AYbZGbjScrn2lLSGb7SQjQ==/base.apk
04-12 21:35:44.067 17301 17301 W SoLoader: Previously recorded 0 base apk paths.
04-12 21:35:44.068 17301 17301 I SoLoader: Preparing SO source: DirectorySoSource[root = /vendor/lib64 flags = 2]
04-12 21:35:44.068 17301 17301 I SoLoader: Preparing SO source: DirectorySoSource[root = /system/lib64 flags = 2]
04-12 21:35:44.068 17301 17301 I SoLoader: Preparing SO source: DirectApkSoSource[root = [/data/app/~~cPSnx4m8BGeKIVp62nxzXQ==/com.panviravindra.comparez-AYbZGbjScrn2lLSGb7SQjQ==/base.apk!/lib/arm64-v8a]]
04-12 21:35:44.071 17301 17347 D AndroidJUnitRunner: onStart is called.
04-12 21:35:44.081 17301 17301 I SoLoader: Preparing SO source: ApplicationSoSource[DirectorySoSource[root = /data/app/~~cPSnx4m8BGeKIVp62nxzXQ==/com.panviravindra.comparez-AYbZGbjScrn2lLSGb7SQjQ==/lib/arm64 flags = 0]]
04-12 21:35:44.081 17301 17301 I SoLoader: init finish: 4 SO sources prepared
04-12 21:35:44.081 17301 17301 W SoLoader: SoLoader initialized: 8
04-12 21:35:44.084 17301 17347 I InstrConnection: Could not send broadcast or register receiver (isolatedProcess?)
04-12 21:35:44.085 17301 17347 D TestRequestBuilder: Using class path scanning to discover tests
04-12 21:35:44.085 17301 17347 I TestRequestBuilder: Scanning classpath to find tests in paths [/data/app/~~XEjrFov-6z90XZysrRUHAw==/com.panviravindra.comparez.test-Kh5GPauH-AwI-dJjsMcHIQ==/base.apk]
04-12 21:35:44.085 17301 17347 W vindra.comparez: Opening an oat file without a class loader. Are you using the deprecated DexFile APIs?
04-12 21:35:44.372 17301 17347 I TestRunner: run started: 1 tests
04-12 21:35:44.372 17301 17347 I TestRunner: started: runDetoxTests(com.panviravindra.comparez.DetoxTest)
04-12 21:35:44.375 17301 17347 I Detox   : Detox server connection details: url=ws://localhost:51859, sessionId=2b32867b-8304-c7b0-435f-2cf4d6ab7bf8
04-12 21:35:44.377 17301 17347 W FileTestStorage: Output properties is not supported.
04-12 21:35:44.377 17301 17347 I Tracing : Tracer added: class androidx.test.platform.tracing.AndroidXTracer
04-12 21:35:44.378 17301 17347 D EventInjectionStrategy: Creating injection strategy with input manager.
04-12 21:35:44.379 17301 17347 W vindra.comparez: Accessing hidden method Landroid/hardware/input/InputManager;->getInstance()Landroid/hardware/input/InputManager; (unsupported, reflection, allowed)
04-12 21:35:44.379 17301 17347 W vindra.comparez: Accessing hidden method Landroid/hardware/input/InputManager;->injectInputEvent(Landroid/view/InputEvent;I)Z (unsupported, reflection, allowed)
04-12 21:35:44.379 17301 17347 W vindra.comparez: Accessing hidden field Landroid/hardware/input/InputManager;->INJECT_INPUT_EVENT_MODE_WAIT_FOR_FINISH:I (unsupported, reflection, allowed)
04-12 21:35:44.381 17301 17347 W vindra.comparez: Accessing hidden field Ljava/lang/reflect/Field;->accessFlags:I (unsupported, reflection, allowed)
04-12 21:35:44.382 17301 17347 I Detox   : Connecting to server...
04-12 21:35:44.382 17301 17347 I DetoxWSClient: At connectToServer
04-12 21:35:44.400 17301 17355 D TrafficStats: tagSocket(85) with statsTag=0xffffffff, statsUid=-1
04-12 21:35:44.404 17301 17355 D DetoxWSClient: At onOpen
04-12 21:35:44.404 17301 17355 I DetoxWSClient: Sending out action 'login' (ID #0)
04-12 21:35:44.404 17301 17355 I Detox   : Connected to server!
04-12 21:35:44.405 17301 17355 D DetoxWSClient: Received action 'loginSuccess' (ID #0, params={"testerConnected":true,"appConnected":true})
04-12 21:35:44.406 17301 17351 I DetoxDispatcher: Handling action 'loginSuccess' (ID #0)...
04-12 21:35:44.406 17301 17351 I DetoxDispatcher: Done with action 'loginSuccess'
04-12 21:35:44.406 17301 17347 I Detox   : Launching the tested activity!
04-12 21:35:44.463 17301 17355 D DetoxWSClient: Received action 'isReady' (ID #-1000, params={})
04-12 21:35:44.467 17301 17351 I DetoxDispatcher: Handling action 'isReady' (ID #-1000)...
04-12 21:35:44.504 17301 17301 D AppCompatDelegate: Checking for metadata for AppLocalesMetadataHolderService : Service not found
04-12 21:35:44.510 17301 17367 D libEGL  : loaded /vendor/lib64/egl/libEGL_emulation.so
04-12 21:35:44.510 17301 17367 D libEGL  : loaded /vendor/lib64/egl/libGLESv1_CM_emulation.so
04-12 21:35:44.511 17301 17367 D libEGL  : loaded /vendor/lib64/egl/libGLESv2_emulation.so
04-12 21:35:44.534 17301 17301 D LifecycleMonitor: Lifecycle status change: com.panviravindra.comparez.MainActivity@31303e9 in: PRE_ON_CREATE
04-12 21:35:44.602 17301 17301 D jni_lib_merge: Entering merged library JNI_OnLoad.
04-12 21:35:44.603 17301 17301 D jni_lib_merge: Preparing 12 pre-merged libs (including stub)
04-12 21:35:44.603 17301 17301 D jni_lib_merge: Preparing to register libfabricjni_so.  onload_func: 0x6cbda3bce0
04-12 21:35:44.603 17301 17301 D jni_lib_merge: Preparing to register libreact_devsupportjni_so.  onload_func: 0x6cbdc35fc8
04-12 21:35:44.603 17301 17301 D jni_lib_merge: Preparing to register libreact_featureflagsjni_so.  onload_func: 0x6cbdc44518
04-12 21:35:44.603 17301 17301 D jni_lib_merge: Preparing to register libreact_newarchdefaults_so.  onload_func: 0x6cbdcac6a8
04-12 21:35:44.603 17301 17301 D jni_lib_merge: Preparing to register libreactnativeblob_so.  onload_func: 0x6cbde9ccb4
04-12 21:35:44.603 17301 17301 D jni_lib_merge: Preparing to register libreactnativejni_so.  onload_func: 0x6cbdeea6bc
04-12 21:35:44.603 17301 17301 D jni_lib_merge: Preparing to register libreactnativejni_common_so.  onload_func: 0x6cbdefb044
04-12 21:35:44.603 17301 17301 D jni_lib_merge: Preparing to register librninstance_so.  onload_func: 0x6cbdf42764
04-12 21:35:44.603 17301 17301 D jni_lib_merge: Preparing to register libturbomodulejsijni_so.  onload_func: 0x6cbe05af68
04-12 21:35:44.603 17301 17301 D jni_lib_merge: Preparing to register libuimanagerjni_so.  onload_func: 0x6cbe073fb8
04-12 21:35:44.603 17301 17301 D jni_lib_merge: Preparing to register libyoga_so.  onload_func: 0x6cbe083a3c
04-12 21:35:44.603 17301 17301 D jni_lib_merge: About to register 11 actual methods.
04-12 21:35:44.606 17301 17301 D Detox.RNMarker: BUILD_REACT_INSTANCE_MANAGER_START (null)
04-12 21:35:44.609 17301 17301 D Detox.RNMarker: BUILD_REACT_INSTANCE_MANAGER_END (null)
04-12 21:35:44.609 17301 17301 W SoLoader: SoLoader already initialized
04-12 21:35:44.614 17301 17301 D jni_lib_merge: Entering merged library JNI_OnLoad.
04-12 21:35:44.614 17301 17301 D jni_lib_merge: Preparing 4 pre-merged libs (including stub)
04-12 21:35:44.614 17301 17301 D jni_lib_merge: Preparing to register libhermes_executor_so.  onload_func: 0x6cbbd6d7e0
04-12 21:35:44.614 17301 17301 D jni_lib_merge: Preparing to register libhermesinstancejni_so.  onload_func: 0x6cbbda326c
04-12 21:35:44.614 17301 17301 D jni_lib_merge: Preparing to register libjsijniprofiler_so.  onload_func: 0x6cbbda52bc
04-12 21:35:44.614 17301 17301 D jni_lib_merge: About to register 3 actual methods.
04-12 21:35:44.615 17301 17301 W SoLoader: SoLoader already initialized
04-12 21:35:44.629 17301 17301 W vindra.comparez: Accessing hidden method Landroid/view/ViewGroup;->makeOptionalFitsSystemWindows()V (unsupported, reflection, allowed)
04-12 21:35:44.631 17301 17301 D LifecycleMonitor: Lifecycle status change: com.panviravindra.comparez.MainActivity@31303e9 in: CREATED
04-12 21:35:44.632 17301 17301 D LifecycleMonitor: Lifecycle status change: com.panviravindra.comparez.MainActivity@31303e9 in: STARTED
04-12 21:35:44.633 17301 17301 D LifecycleMonitor: Lifecycle status change: com.panviravindra.comparez.MainActivity@31303e9 in: RESUMED
04-12 21:35:44.635 17301 17301 D CompatibilityChangeReporter: Compat change id reported: 237531167; UID 10211; state: DISABLED
04-12 21:35:44.635 17301 17301 W OpenGLRenderer: Unknown dataspace 0
04-12 21:35:44.638 17301 17373 D TrafficStats: tagSocket(94) with statsTag=0xffffffff, statsUid=-1
04-12 21:35:44.645 17301 17374 D TrafficStats: tagSocket(97) with statsTag=0xffffffff, statsUid=-1
04-12 21:35:44.649 17301 17376 D TrafficStats: tagSocket(98) with statsTag=0xffffffff, statsUid=-1
04-12 21:35:44.654 17301 17301 W unknown:ReactNative: Packager connection already open, nooping.
04-12 21:35:44.659 17301 17365 W OpenGLRenderer: Failed to choose config with EGL_SWAP_BEHAVIOR_PRESERVED, retrying without...
04-12 21:35:44.660 17301 17365 W OpenGLRenderer: Failed to initialize 101010-2 format, error = EGL_SUCCESS
04-12 21:35:44.667 17301 17365 I Gralloc4: mapper 4.x is not supported
04-12 21:35:44.672 17301 17365 E OpenGLRenderer: Unable to match the desired swap behavior.
04-12 21:35:44.679 17301 17301 D Detox.RNMarker: DOWNLOAD_START (null)
04-12 21:35:44.689 17301 17301 D CompatibilityChangeReporter: Compat change id reported: 210923482; UID 10211; state: ENABLED
04-12 21:35:44.732 17301 17365 E OpenGLRenderer: Unable to match the desired swap behavior.
04-12 21:35:44.934 17301 17301 W WindowOnBackDispatcher: sendCancelIfRunning: isInProgress=falsecallback=android.view.ViewRootImpl$$ExternalSyntheticLambda17@96c428f
04-12 21:35:44.936 17301 17373 D Detox.RNMarker: DOWNLOAD_END ({"url":"http:\/\/10.0.2.2:8081\/.expo\/.virtual-metro-entry.bundle?platform=android&dev=true&lazy=true&minify=false&app=com.panviravindra.comparez&modulesOnly=false&runModule=true&excludeSource=true&sourcePaths=url-server","filesChangedCount":0})
04-12 21:35:44.936 17301 17301 D Detox.RNMarker: REACT_BRIDGE_LOADING_START (null)
04-12 21:35:44.937 17301 17386 D Detox.RNMarker: CREATE_REACT_CONTEXT_START (HermesExecutorDebug)
04-12 21:35:44.937 17301 17386 D Detox.RNMarker: PROCESS_PACKAGES_START (null)
04-12 21:35:44.938 17301 17386 D Detox.RNMarker: CREATE_MODULE_START (FrescoModule)
04-12 21:35:44.939 17301 17386 D Detox.RNMarker: CREATE_MODULE_END (FrescoModule)
04-12 21:35:44.976 17301 17386 I ExpoModulesCore: ✅ AppContext was initialized
04-12 21:35:44.977 17301 17386 D Detox.RNMarker: PROCESS_PACKAGES_END (null)
04-12 21:35:44.978 17301 17386 D Detox.RNMarker: CREATE_CATALYST_INSTANCE_START (null)
04-12 21:35:44.984 17301 17386 D Detox.RNMarker: CREATE_CATALYST_INSTANCE_END (null)
04-12 21:35:44.985 17301 17386 D Detox.RNMarker: PRE_RUN_JS_BUNDLE_START (null)
04-12 21:35:44.986 17301 17391 D Detox.RNMarker: CREATE_REACT_CONTEXT_END (null)
04-12 21:35:44.986 17301 17391 D Detox.RNMarker: RUN_JS_BUNDLE_START (/.virtual-metro-entry.bundle?platform=android&dev=true&lazy=true&minify=false&app=com.panviravindra.comparez&modulesOnly=false&runModule=true&excludeSource=true&sourcePaths=url-server)
04-12 21:35:44.989 17301 17301 W unknown:ReactNative: Packager connection already open, nooping.
04-12 21:35:44.990 17301 17392 D Detox.RNMarker: CREATE_MODULE_START (UIManager)
04-12 21:35:45.009 17301 17392 W unknown:ViewManagerPropertyUpdater: Could not find generated setter for class com.facebook.react.views.debuggingoverlay.DebuggingOverlayManager
04-12 21:35:45.011 17301 17392 W unknown:ViewManagerPropertyUpdater: Could not find generated setter for class com.facebook.react.uimanager.LayoutShadowNode
04-12 21:35:45.013 17301 17392 W unknown:ViewManagerPropertyUpdater: Could not find generated setter for class com.facebook.react.views.drawer.ReactDrawerLayoutManager
04-12 21:35:45.015 17301 17392 W unknown:ViewManagerPropertyUpdater: Could not find generated setter for class com.facebook.react.views.scroll.ReactHorizontalScrollViewManager
04-12 21:35:45.016 17301 17392 W unknown:ViewManagerPropertyUpdater: Could not find generated setter for class com.facebook.react.views.scroll.ReactHorizontalScrollContainerViewManager
04-12 21:35:45.021 17301 17392 W unknown:ViewManagerPropertyUpdater: Could not find generated setter for class com.facebook.react.views.progressbar.ReactProgressBarViewManager
04-12 21:35:45.021 17301 17392 W unknown:ViewManagerPropertyUpdater: Could not find generated setter for class com.facebook.react.views.progressbar.ProgressBarShadowNode
04-12 21:35:45.022 17301 17392 W unknown:ViewManagerPropertyUpdater: Could not find generated setter for class com.facebook.react.views.scroll.ReactScrollViewManager
04-12 21:35:45.024 17301 17392 W unknown:ViewManagerPropertyUpdater: Could not find generated setter for class com.facebook.react.views.switchview.ReactSwitchManager
04-12 21:35:45.027 17301 17392 W unknown:ViewManagerPropertyUpdater: Could not find generated setter for class com.facebook.react.views.switchview.ReactSwitchShadowNode
04-12 21:35:45.028 17301 17392 W unknown:ViewManagerPropertyUpdater: Could not find generated setter for class com.facebook.react.views.safeareaview.ReactSafeAreaViewManager
04-12 21:35:45.028 17301 17392 W unknown:ViewManagerPropertyUpdater: Could not find generated setter for class com.facebook.react.views.safeareaview.ReactSafeAreaViewShadowNode
04-12 21:35:45.029 17301 17392 W unknown:ViewManagerPropertyUpdater: Could not find generated setter for class com.facebook.react.views.swiperefresh.SwipeRefreshLayoutManager
04-12 21:35:45.029 17301 17392 W unknown:ViewManagerPropertyUpdater: Could not find generated setter for class com.facebook.react.views.text.frescosupport.FrescoBasedReactTextInlineImageViewManager
04-12 21:35:45.029 17301 17392 W unknown:ViewManagerPropertyUpdater: Could not find generated setter for class com.facebook.react.views.text.frescosupport.FrescoBasedReactTextInlineImageShadowNode
04-12 21:35:45.032 17301 17392 W unknown:ViewManagerPropertyUpdater: Could not find generated setter for class com.facebook.react.views.image.ReactImageManager
04-12 21:35:45.033 17301 17392 W unknown:ViewManagerPropertyUpdater: Could not find generated setter for class com.facebook.react.views.modal.ReactModalHostManager
04-12 21:35:45.034 17301 17392 W unknown:ViewManagerPropertyUpdater: Could not find generated setter for class com.facebook.react.views.text.ReactRawTextManager
04-12 21:35:45.039 17301 17392 W unknown:ViewManagerPropertyUpdater: Could not find generated setter for class com.facebook.react.views.text.ReactRawTextShadowNode
04-12 21:35:45.039 17301 17392 W unknown:ViewManagerPropertyUpdater: Could not find generated setter for class com.facebook.react.views.textinput.ReactTextInputManager
04-12 21:35:45.041 17301 17392 W unknown:ViewManagerPropertyUpdater: Could not find generated setter for class com.facebook.react.views.textinput.ReactTextInputShadowNode
04-12 21:35:45.042 17301 17392 W unknown:ViewManagerPropertyUpdater: Could not find generated setter for class com.facebook.react.views.text.ReactTextViewManager
04-12 21:35:45.043 17301 17392 W unknown:ViewManagerPropertyUpdater: Could not find generated setter for class com.facebook.react.views.text.ReactTextShadowNode
04-12 21:35:45.043 17301 17392 W unknown:ViewManagerPropertyUpdater: Could not find generated setter for class com.facebook.react.views.view.ReactViewManager
04-12 21:35:45.044 17301 17392 W unknown:ViewManagerPropertyUpdater: Could not find generated setter for class com.facebook.react.views.text.ReactVirtualTextViewManager
04-12 21:35:45.047 17301 17392 W unknown:ViewManagerPropertyUpdater: Could not find generated setter for class com.facebook.react.views.text.ReactVirtualTextShadowNode
04-12 21:35:45.047 17301 17392 W unknown:ViewManagerPropertyUpdater: Could not find generated setter for class com.facebook.react.views.unimplementedview.ReactUnimplementedViewManager
04-12 21:35:45.048 17301 17392 W unknown:ViewManagerPropertyUpdater: Could not find generated setter for class expo.modules.kotlin.views.GroupViewManagerWrapper
04-12 21:35:45.050 17301 17392 W unknown:ViewManagerPropertyUpdater: Could not find generated setter for class expo.modules.kotlin.views.SimpleViewManagerWrapper
04-12 21:35:45.055 17301 17392 W unknown:ViewManagerPropertyUpdater: Could not find generated setter for class com.th3rdwave.safeareacontext.SafeAreaProviderManager
04-12 21:35:45.055 17301 17392 W unknown:ViewManagerPropertyUpdater: Could not find generated setter for class com.th3rdwave.safeareacontext.SafeAreaViewManager
04-12 21:35:45.056 17301 17392 W unknown:ViewManagerPropertyUpdater: Could not find generated setter for class com.th3rdwave.safeareacontext.SafeAreaViewShadowNode
04-12 21:35:45.057 17301 17392 W unknown:ViewManagerPropertyUpdater: Could not find generated setter for class com.swmansion.rnscreens.ScreenContainerViewManager
04-12 21:35:45.063 17301 17392 W unknown:ViewManagerPropertyUpdater: Could not find generated setter for class com.swmansion.rnscreens.ScreenViewManager
04-12 21:35:45.068 17301 17392 W unknown:ViewManagerPropertyUpdater: Could not find generated setter for class com.swmansion.rnscreens.ModalScreenViewManager
04-12 21:35:45.068 17301 17392 W unknown:ViewManagerPropertyUpdater: Could not find generated setter for class com.swmansion.rnscreens.ScreenStackViewManager
04-12 21:35:45.069 17301 17392 W unknown:ViewManagerPropertyUpdater: Could not find generated setter for class com.swmansion.rnscreens.ScreenStackHeaderConfigViewManager
04-12 21:35:45.075 17301 17392 W unknown:ViewManagerPropertyUpdater: Could not find generated setter for class com.swmansion.rnscreens.ScreenStackHeaderSubviewManager
04-12 21:35:45.076 17301 17392 W unknown:ViewManagerPropertyUpdater: Could not find generated setter for class com.swmansion.rnscreens.SearchBarManager
04-12 21:35:45.077 17301 17392 W unknown:ViewManagerPropertyUpdater: Could not find generated setter for class com.swmansion.rnscreens.ScreenFooterManager
04-12 21:35:45.077 17301 17392 W unknown:ViewManagerPropertyUpdater: Could not find generated setter for class com.swmansion.rnscreens.ScreenContentWrapperManager
04-12 21:35:45.082 17301 17392 W unknown:ViewManagerPropertyUpdater: Could not find generated setter for class com.swmansion.rnscreens.gamma.tabs.TabsHostViewManager
04-12 21:35:45.083 17301 17392 W unknown:ViewManagerPropertyUpdater: Could not find generated setter for class com.swmansion.rnscreens.gamma.tabs.TabScreenViewManager
04-12 21:35:45.085 17301 17392 W unknown:ViewManagerPropertyUpdater: Could not find generated setter for class com.reactnativecommunity.webview.RNCWebViewManager
04-12 21:35:45.094 17301 17392 D Detox.RNMarker: CREATE_MODULE_END (UIManager)
04-12 21:35:45.101 17301 17392 D Detox.RNMarker: REACT_BRIDGE_LOADING_END (null)
04-12 21:35:45.111 17301 17301 I DetoxRNLoading: Got new RN-context directly through listener
04-12 21:35:45.112 17301 17347 I DetoxRNIdleRes: Setting up Espresso Idling Resources for React Native
04-12 21:35:45.113 17301 17301 I Detox   : PATCHED FACTORY: Disabling all idling resources for RN 0.81 compatibility
04-12 21:35:45.113 17301 17351 W vindra.comparez: Long monitor contention with owner Instr: androidx.test.runner.AndroidJUnitRunner (17347) at void com.wix.detox.DetoxMain.launchActivityOnCue(android.content.Context, com.wix.detox.ActivityLaunchHelper)(DetoxMain.kt:53) waiters=0 in void com.wix.detox.DetoxMain$setupActionHandlers$SynchronizedActionHandler.handle(java.lang.String, long) for 646ms
04-12 21:35:45.113 17301 17301 W vindra.comparez: Accessing hidden method Landroid/os/MessageQueue;->next()Landroid/os/Message; (unsupported, reflection, allowed)
04-12 21:35:45.113 17301 17301 W vindra.comparez: Accessing hidden field Landroid/os/MessageQueue;->mMessages:Landroid/os/Message; (unsupported, reflection, allowed)
04-12 21:35:45.113 17301 17301 W vindra.comparez: Accessing hidden method Landroid/os/Message;->recycleUnchecked()V (unsupported, reflection, allowed)
04-12 21:35:45.124 17301 17391 D Detox.RNMarker: NATIVE_MODULE_SETUP_START (NativePerformanceCxx)
04-12 21:35:45.126 17301 17391 D Detox.RNMarker: NATIVE_MODULE_SETUP_START (PlatformConstants)
04-12 21:35:45.126 17301 17391 D Detox.RNMarker: CREATE_MODULE_START (PlatformConstants)
04-12 21:35:45.126 17301 17391 D Detox.RNMarker: CREATE_MODULE_END (PlatformConstants)
04-12 21:35:45.128 17301 17391 D Detox.RNMarker: NATIVE_MODULE_SETUP_END (PlatformConstants)
04-12 21:35:45.131 17301 17391 D Detox.RNMarker: NATIVE_MODULE_SETUP_START (DevSettings)
04-12 21:35:45.131 17301 17391 D Detox.RNMarker: CREATE_MODULE_START (DevSettings)
04-12 21:35:45.131 17301 17391 D Detox.RNMarker: CREATE_MODULE_END (DevSettings)
04-12 21:35:45.131 17301 17391 D Detox.RNMarker: NATIVE_MODULE_SETUP_END (DevSettings)
04-12 21:35:45.132 17301 17391 D Detox.RNMarker: NATIVE_MODULE_SETUP_START (LogBox)
04-12 21:35:45.132 17301 17391 D Detox.RNMarker: CREATE_MODULE_START (LogBox)
04-12 21:35:45.132 17301 17391 D Detox.RNMarker: CREATE_MODULE_END (LogBox)
04-12 21:35:45.132 17301 17391 D Detox.RNMarker: NATIVE_MODULE_SETUP_END (LogBox)
04-12 21:35:45.133 17301 17391 D Detox.RNMarker: NATIVE_MODULE_SETUP_START (SourceCode)
04-12 21:35:45.133 17301 17391 D Detox.RNMarker: CREATE_MODULE_START (SourceCode)
04-12 21:35:45.133 17301 17391 D Detox.RNMarker: CREATE_MODULE_END (SourceCode)
04-12 21:35:45.133 17301 17391 D Detox.RNMarker: NATIVE_MODULE_SETUP_END (SourceCode)
04-12 21:35:45.182 17301 17391 D Detox.RNMarker: NATIVE_MODULE_SETUP_START (Timing)
04-12 21:35:45.191 17301 17391 D Detox.RNMarker: CREATE_MODULE_START (Timing)
04-12 21:35:45.192 17301 17391 D Detox.RNMarker: CREATE_MODULE_END (Timing)
04-12 21:35:45.192 17301 17391 D Detox.RNMarker: NATIVE_MODULE_SETUP_END (Timing)
04-12 21:35:45.201 17301 17391 D Detox.RNMarker: NATIVE_MODULE_SETUP_START (ReactDevToolsSettingsManager)
04-12 21:35:45.207 17301 17391 D Detox.RNMarker: CREATE_MODULE_START (ReactDevToolsSettingsManager)
04-12 21:35:45.207 17301 17391 D Detox.RNMarker: CREATE_MODULE_END (ReactDevToolsSettingsManager)
04-12 21:35:45.207 17301 17391 D Detox.RNMarker: NATIVE_MODULE_SETUP_END (ReactDevToolsSettingsManager)
04-12 21:35:45.208 17301 17391 D Detox.RNMarker: NATIVE_MODULE_SETUP_START (ReactDevToolsRuntimeSettingsModule)
04-12 21:35:45.208 17301 17391 D Detox.RNMarker: CREATE_MODULE_START (ReactDevToolsRuntimeSettingsModule)
04-12 21:35:45.208 17301 17391 D Detox.RNMarker: CREATE_MODULE_END (ReactDevToolsRuntimeSettingsModule)
04-12 21:35:45.208 17301 17391 D Detox.RNMarker: NATIVE_MODULE_SETUP_END (ReactDevToolsRuntimeSettingsModule)
04-12 21:35:45.217 17301 17391 D Detox.RNMarker: NATIVE_MODULE_SETUP_START (NativeReactNativeFeatureFlagsCxx)
04-12 21:35:45.221 17301 17391 D Detox.RNMarker: NATIVE_MODULE_SETUP_START (AppState)
04-12 21:35:45.227 17301 17391 D Detox.RNMarker: CREATE_MODULE_START (AppState)
04-12 21:35:45.227 17301 17391 D Detox.RNMarker: CREATE_MODULE_END (AppState)
04-12 21:35:45.228 17301 17391 D Detox.RNMarker: NATIVE_MODULE_SETUP_END (AppState)
04-12 21:35:45.236 17301 17391 D Detox.RNMarker: NATIVE_MODULE_SETUP_START (BlobModule)
04-12 21:35:45.243 17301 17391 D Detox.RNMarker: CREATE_MODULE_START (BlobModule)
04-12 21:35:45.243 17301 17391 D Detox.RNMarker: CREATE_MODULE_END (BlobModule)
04-12 21:35:45.244 17301 17391 D Detox.RNMarker: NATIVE_MODULE_SETUP_END (BlobModule)
04-12 21:35:45.244 17301 17391 D Detox.RNMarker: NATIVE_MODULE_SETUP_START (WebSocketModule)
04-12 21:35:45.244 17301 17391 D Detox.RNMarker: CREATE_MODULE_START (WebSocketModule)
04-12 21:35:45.244 17301 17391 D Detox.RNMarker: CREATE_MODULE_END (WebSocketModule)
04-12 21:35:45.245 17301 17391 D Detox.RNMarker: NATIVE_MODULE_SETUP_END (WebSocketModule)
04-12 21:35:45.253 17301 17392 I WebViewFactory: Loading com.google.android.webview version 113.0.5672.136 (code 567263634)
04-12 21:35:45.257 17301 17391 D Detox.RNMarker: NATIVE_MODULE_SETUP_START (RedBox)
04-12 21:35:45.263 17301 17392 W ziparchive: Unable to open '/data/app/~~rGDTFsEgVNAQR7v9a9DBnw==/com.google.android.trichromelibrary_567263634-3Q4C4Nt6E9KMMziAv9ANGg==/TrichromeLibrary.dm': No such file or directory
04-12 21:35:45.263 17301 17392 W ziparchive: Unable to open '/data/app/~~rGDTFsEgVNAQR7v9a9DBnw==/com.google.android.trichromelibrary_567263634-3Q4C4Nt6E9KMMziAv9ANGg==/TrichromeLibrary.dm': No such file or directory
04-12 21:35:45.263 17301 17392 W vindra.comparez: Entry not found
04-12 21:35:45.264 17301 17392 D nativeloader: Configuring clns-9 for other apk /data/app/~~rGDTFsEgVNAQR7v9a9DBnw==/com.google.android.trichromelibrary_567263634-3Q4C4Nt6E9KMMziAv9ANGg==/TrichromeLibrary.apk. target_sdk_version=34, uses_libraries=ALL, library_path=/data/app/~~Yw2cewKRy1ALIz8qfFlwsw==/com.google.android.webview-CDaciHExabTqd-t8TQiv4Q==/lib/arm64:/data/app/~~Yw2cewKRy1ALIz8qfFlwsw==/com.google.android.webview-CDaciHExabTqd-t8TQiv4Q==/WebViewGoogle.apk!/lib/arm64-v8a:/data/app/~~rGDTFsEgVNAQR7v9a9DBnw==/com.google.android.trichromelibrary_567263634-3Q4C4Nt6E9KMMziAv9ANGg==/TrichromeLibrary.apk!/lib/arm64-v8a, permitted_path=/data:/mnt/expand
04-12 21:35:45.272 17301 17392 D nativeloader: Configuring clns-10 for other apk /data/app/~~Yw2cewKRy1ALIz8qfFlwsw==/com.google.android.webview-CDaciHExabTqd-t8TQiv4Q==/WebViewGoogle.apk. target_sdk_version=34, uses_libraries=, library_path=/data/app/~~Yw2cewKRy1ALIz8qfFlwsw==/com.google.android.webview-CDaciHExabTqd-t8TQiv4Q==/lib/arm64:/data/app/~~Yw2cewKRy1ALIz8qfFlwsw==/com.google.android.webview-CDaciHExabTqd-t8TQiv4Q==/WebViewGoogle.apk!/lib/arm64-v8a:/data/app/~~rGDTFsEgVNAQR7v9a9DBnw==/com.google.android.trichromelibrary_567263634-3Q4C4Nt6E9KMMziAv9ANGg==/TrichromeLibrary.apk!/lib/arm64-v8a, permitted_path=/data:/mnt/expand
04-12 21:35:45.274 17301 17391 D Detox.RNMarker: NATIVE_MODULE_SETUP_START (Networking)
04-12 21:35:45.275 17301 17391 D Detox.RNMarker: CREATE_MODULE_START (Networking)
04-12 21:35:45.278 17301 17391 D Detox.RNMarker: CREATE_MODULE_END (Networking)
04-12 21:35:45.279 17301 17391 D Detox.RNMarker: NATIVE_MODULE_SETUP_END (Networking)
04-12 21:35:45.280 17301 17391 D Detox.RNMarker: NATIVE_MODULE_SETUP_START (DevLoadingView)
04-12 21:35:45.280 17301 17391 D Detox.RNMarker: CREATE_MODULE_START (DevLoadingView)
04-12 21:35:45.280 17301 17391 D Detox.RNMarker: CREATE_MODULE_END (DevLoadingView)
04-12 21:35:45.281 17301 17391 D Detox.RNMarker: NATIVE_MODULE_SETUP_END (DevLoadingView)
04-12 21:35:45.282 17301 17391 D Detox.RNMarker: NATIVE_MODULE_SETUP_START (HeadlessJsTaskSupport)
04-12 21:35:45.283 17301 17391 D Detox.RNMarker: CREATE_MODULE_START (HeadlessJsTaskSupport)
04-12 21:35:45.283 17301 17391 D Detox.RNMarker: CREATE_MODULE_END (HeadlessJsTaskSupport)
04-12 21:35:45.283 17301 17391 D Detox.RNMarker: NATIVE_MODULE_SETUP_END (HeadlessJsTaskSupport)
04-12 21:35:45.287 17301 17391 D Detox.RNMarker: NATIVE_MODULE_SETUP_START (DeviceInfo)
04-12 21:35:45.288 17301 17391 D Detox.RNMarker: CREATE_MODULE_START (DeviceInfo)
04-12 21:35:45.288 17301 17391 D Detox.RNMarker: CREATE_MODULE_END (DeviceInfo)
04-12 21:35:45.289 17301 17391 D Detox.RNMarker: NATIVE_MODULE_SETUP_END (DeviceInfo)
04-12 21:35:45.290 17301 17391 D Detox.RNMarker: NATIVE_MODULE_SETUP_START (UIManager)
04-12 21:35:45.291 17301 17392 W vindra.comparez: Accessing hidden method Landroid/os/Trace;->isTagEnabled(J)Z (unsupported, reflection, allowed)
04-12 21:35:45.291 17301 17392 W vindra.comparez: Accessing hidden method Landroid/os/Trace;->traceBegin(JLjava/lang/String;)V (unsupported, reflection, allowed)
04-12 21:35:45.291 17301 17392 W vindra.comparez: Accessing hidden method Landroid/os/Trace;->traceEnd(J)V (unsupported, reflection, allowed)
04-12 21:35:45.291 17301 17392 W vindra.comparez: Accessing hidden method Landroid/os/Trace;->asyncTraceBegin(JLjava/lang/String;I)V (unsupported, reflection, allowed)
04-12 21:35:45.291 17301 17392 W vindra.comparez: Accessing hidden method Landroid/os/Trace;->asyncTraceEnd(JLjava/lang/String;I)V (unsupported, reflection, allowed)
04-12 21:35:45.296 17301 17392 I cr_WVCFactoryProvider: Loaded version=113.0.5672.136 minSdkVersion=29 isBundle=false multiprocess=true packageId=2
04-12 21:35:45.312 17301 17392 I cr_LibraryLoader: Successfully loaded native library
04-12 21:35:45.313 17301 17392 I cr_CachingUmaRecorder: Flushed 8 samples from 8 histograms.
04-12 21:35:45.314 17301 17404 I cr_VariationsUtils: Failed reading seed file "/data/user/0/com.panviravindra.comparez/app_webview/variations_seed_new"
04-12 21:35:45.314 17301 17404 I cr_VariationsUtils: Failed reading seed file "/data/user/0/com.panviravindra.comparez/app_webview/variations_seed"
04-12 21:35:45.314 17301 17404 I cr_VariationsUtils: Requesting new seed from IVariationsSeedServer
04-12 21:35:45.360 17301 17407 D TrafficStats: tagSocket(135) with statsTag=0xffffffff, statsUid=-1
04-12 21:35:45.381 17301 17391 D Detox.RNMarker: NATIVE_MODULE_SETUP_END (UIManager)
04-12 21:35:45.390 17301 17391 D Detox.RNMarker: NATIVE_MODULE_SETUP_START (SoundManager)
04-12 21:35:45.390 17301 17391 D Detox.RNMarker: CREATE_MODULE_START (SoundManager)
04-12 21:35:45.390 17301 17391 D Detox.RNMarker: CREATE_MODULE_END (SoundManager)
04-12 21:35:45.390 17301 17391 D Detox.RNMarker: NATIVE_MODULE_SETUP_END (SoundManager)
04-12 21:35:45.396 17301 17391 D Detox.RNMarker: NATIVE_MODULE_SETUP_START (ImageLoader)
04-12 21:35:45.396 17301 17391 D Detox.RNMarker: CREATE_MODULE_START (ImageLoader)
04-12 21:35:45.396 17301 17391 D Detox.RNMarker: CREATE_MODULE_END (ImageLoader)
04-12 21:35:45.397 17301 17391 D Detox.RNMarker: NATIVE_MODULE_SETUP_END (ImageLoader)
04-12 21:35:45.397 17301 17391 D Detox.RNMarker: NATIVE_MODULE_SETUP_START (IntentAndroid)
04-12 21:35:45.397 17301 17391 D Detox.RNMarker: CREATE_MODULE_START (IntentAndroid)
04-12 21:35:45.398 17301 17391 D Detox.RNMarker: CREATE_MODULE_END (IntentAndroid)
04-12 21:35:45.398 17301 17391 D Detox.RNMarker: NATIVE_MODULE_SETUP_END (IntentAndroid)
04-12 21:35:45.398 17301 17391 D Detox.RNMarker: NATIVE_MODULE_SETUP_START (LinkingManager)
04-12 21:35:45.399 17301 17391 D Detox.RNMarker: NATIVE_MODULE_SETUP_START (DeviceEventManager)
04-12 21:35:45.403 17301 17391 D Detox.RNMarker: CREATE_MODULE_START (DeviceEventManager)
04-12 21:35:45.403 17301 17391 D Detox.RNMarker: CREATE_MODULE_END (DeviceEventManager)
04-12 21:35:45.403 17301 17391 D Detox.RNMarker: NATIVE_MODULE_SETUP_END (DeviceEventManager)
04-12 21:35:45.407 17301 17391 D Detox.RNMarker: NATIVE_MODULE_SETUP_START (NativeUnimoduleProxy)
04-12 21:35:45.414 17301 17391 I ExpoModulesCore: ✅ JSI interop was installed
04-12 21:35:45.415 17301 17391 I ExpoModulesCore: ✅ Constants were exported
04-12 21:35:45.416 17301 17391 D Detox.RNMarker: NATIVE_MODULE_SETUP_END (NativeUnimoduleProxy)
04-12 21:35:45.421 17301 17391 D Detox.RNMarker: NATIVE_MODULE_SETUP_START (ExpoUpdates)
04-12 21:35:45.421 17301 17391 D Detox.RNMarker: NATIVE_MODULE_SETUP_START (EXDevLauncher)
04-12 21:35:45.422 17301 17391 D Detox.RNMarker: NATIVE_MODULE_SETUP_START (ExpoUpdates)
04-12 21:35:45.422 17301 17391 D Detox.RNMarker: NATIVE_MODULE_SETUP_START (ExpoGo)
04-12 21:35:45.423 17301 17391 D Detox.RNMarker: NATIVE_MODULE_SETUP_START (ExpoGo)
04-12 21:35:45.433 17301 17391 D Detox.RNMarker: NATIVE_MODULE_SETUP_START (EXDevLauncher)
04-12 21:35:45.439 17301 17412 D TrafficStats: tagSocket(135) with statsTag=0xffffffff, statsUid=-1
04-12 21:35:45.465 17301 17391 D Detox.RNMarker: NATIVE_MODULE_SETUP_START (NativeAnimatedModule)
04-12 21:35:45.465 17301 17391 D Detox.RNMarker: CREATE_MODULE_START (NativeAnimatedModule)
04-12 21:35:45.466 17301 17391 D Detox.RNMarker: CREATE_MODULE_END (NativeAnimatedModule)
04-12 21:35:45.467 17301 17391 D Detox.RNMarker: NATIVE_MODULE_SETUP_END (NativeAnimatedModule)
04-12 21:35:45.478 17301 17391 D Detox.RNMarker: NATIVE_MODULE_SETUP_START (RNCSafeAreaContext)
04-12 21:35:45.478 17301 17391 D Detox.RNMarker: CREATE_MODULE_START (RNCSafeAreaContext)
04-12 21:35:45.478 17301 17391 D Detox.RNMarker: CREATE_MODULE_END (RNCSafeAreaContext)
04-12 21:35:45.478 17301 17391 D Detox.RNMarker: NATIVE_MODULE_SETUP_END (RNCSafeAreaContext)
04-12 21:35:45.482 17301 17391 D Detox.RNMarker: NATIVE_MODULE_SETUP_START (RNSModule)
04-12 21:35:45.482 17301 17391 D Detox.RNMarker: CREATE_MODULE_START (RNSModule)
04-12 21:35:45.483 17301 17391 D Detox.RNMarker: CREATE_MODULE_END (RNSModule)
04-12 21:35:45.485 17301 17391 D Detox.RNMarker: NATIVE_MODULE_SETUP_START (RNEdgeToEdge)
04-12 21:35:45.494 17301 17391 D Detox.RNMarker: NATIVE_MODULE_SETUP_START (RNVectorIconsManager)
04-12 21:35:45.494 17301 17391 D Detox.RNMarker: NATIVE_MODULE_SETUP_START (RNVectorIconsModule)
04-12 21:35:45.494 17301 17391 D Detox.RNMarker: NATIVE_MODULE_SETUP_START (RNVectorIconsManager)
04-12 21:35:45.494 17301 17391 D Detox.RNMarker: NATIVE_MODULE_SETUP_START (RNVectorIconsModule)
04-12 21:35:45.572 17301 17391 D Detox.RNMarker: NATIVE_MODULE_SETUP_START (PlatformLocalStorage)
04-12 21:35:45.572 17301 17391 D Detox.RNMarker: NATIVE_MODULE_SETUP_START (RNC_AsyncSQLiteDBStorage)
04-12 21:35:45.572 17301 17391 D Detox.RNMarker: NATIVE_MODULE_SETUP_START (RNCAsyncStorage)
04-12 21:35:45.572 17301 17391 D Detox.RNMarker: CREATE_MODULE_START (RNCAsyncStorage)
04-12 21:35:45.572 17301 17391 V AsyncStorageExpoMigration: No scoped database found
04-12 21:35:45.573 17301 17391 D Detox.RNMarker: CREATE_MODULE_END (RNCAsyncStorage)
04-12 21:35:45.573 17301 17391 D Detox.RNMarker: NATIVE_MODULE_SETUP_END (RNCAsyncStorage)
04-12 21:35:45.575 17301 17391 D Detox.RNMarker: NATIVE_MODULE_SETUP_START (RNCWebViewModule)
04-12 21:35:45.575 17301 17391 D Detox.RNMarker: CREATE_MODULE_START (RNCWebViewModule)
04-12 21:35:45.575 17301 17391 D Detox.RNMarker: CREATE_MODULE_END (RNCWebViewModule)
04-12 21:35:45.575 17301 17391 D Detox.RNMarker: NATIVE_MODULE_SETUP_END (RNCWebViewModule)
04-12 21:35:45.593 17301 17391 D Detox.RNMarker: RUN_JS_BUNDLE_END (/.virtual-metro-entry.bundle?platform=android&dev=true&lazy=true&minify=false&app=com.panviravindra.comparez&modulesOnly=false&runModule=true&excludeSource=true&sourcePaths=url-server)
04-12 21:35:45.595 17301 17391 I ReactNativeJS: Running "main" with {"rootTag":11}
04-12 21:35:45.599 17301 17413 D TrafficStats: tagSocket(122) with statsTag=0xffffffff, statsUid=-1
04-12 21:35:45.732 17301 17391 W ReactNativeJS: The app is running using the Legacy Architecture. The Legacy Architecture is deprecated and will be removed in a future version of React Native. Please consider migrating to the New Architecture. For more information, please see https://reactnative.dev/blog/2024/10/23/the-new-architecture-is-here
04-12 21:35:45.761 17301 17301 W UiControllerImpl: Waiting for: DYNAMIC_TASKS_HAVE_IDLED for 100 iterations.
04-12 21:35:45.772 17301 17392 D CompatibilityChangeReporter: Compat change id reported: 289878283; UID 10211; state: ENABLED
04-12 21:35:45.786 17301 17301 D Detox.RNMarker: CONTENT_APPEARED (main)
04-12 21:35:45.803 17301 17365 D EGL_emulation: app_time_stats: avg=562.76ms min=93.69ms max=1031.83ms count=2
04-12 21:35:45.813 17301 17301 I Detox   : Wait is over: App is now idle!
04-12 21:35:45.813 17301 17351 I DetoxWSClient: Sending out action 'ready' (ID #-1000)
04-12 21:35:45.813 17301 17351 I DetoxDispatcher: Done with action 'isReady'
04-12 21:35:45.827 17301 17414 D TrafficSta