--------- beginning of main
04-12 18:43:06.339  6824  6824 I vindra.comparez: Late-enabling -Xcheck:jni
04-12 18:43:06.372  6824  6824 I vindra.comparez: Using CollectorTypeCC GC.
04-12 18:43:06.710  6824  6824 D CompatibilityChangeReporter: Compat change id reported: 171979766; UID 10201; state: ENABLED
04-12 18:43:06.748  6824  6824 D CompatibilityChangeReporter: Compat change id reported: 242716250; UID 10201; state: ENABLED
--------- beginning of system
04-12 18:43:06.918  6824  6824 W ActivityThread: Package uses different ABI(s) than its instrumentation: package[com.panviravindra.comparez]: arm64-v8a, null instrumentation[com.panviravindra.comparez.test]: null, null
04-12 18:43:07.082  6824  6824 W vindra.comparez: ClassLoaderContext shared library size mismatch. Expected=2, found=0 (PCL[]{PCL[/system/framework/android.test.base.jar*836642756]#PCL[/system/framework/android.test.mock.jar*3186112116]} | PCL[])
04-12 18:43:07.123  6824  6824 W vindra.comparez: ClassLoaderContext classpath size mismatch. expected=0, found=1 (PCL[] | PCL[/system/framework/android.test.runner.jar*4168958247])
04-12 18:43:07.155  6824  6824 W vindra.comparez: ClassLoaderContext classpath size mismatch. expected=0, found=2 (PCL[] | PCL[/system/framework/android.test.runner.jar*4168958247:/system/framework/android.test.mock.jar*3186112116])
04-12 18:43:07.172  6824  6824 W ziparchive: Unable to open '/data/app/~~Jr61rg6gMDZxCXUoKs5hIA==/com.panviravindra.comparez.test-3BFLWBemgytcPTsUXHhbNQ==/base.dm': No such file or directory
04-12 18:43:07.201  6824  6824 W ziparchive: Unable to open '/data/app/~~Jr61rg6gMDZxCXUoKs5hIA==/com.panviravindra.comparez.test-3BFLWBemgytcPTsUXHhbNQ==/base.dm': No such file or directory
04-12 18:43:08.174  6824  6824 W ziparchive: Unable to open '/data/app/~~TfbBc7rxkFXTiCjOUBIN8A==/com.panviravindra.comparez-4chwkCThf7ufmw6nGgsgoQ==/base.dm': No such file or directory
04-12 18:43:08.185  6824  6824 W ziparchive: Unable to open '/data/app/~~TfbBc7rxkFXTiCjOUBIN8A==/com.panviravindra.comparez-4chwkCThf7ufmw6nGgsgoQ==/base.dm': No such file or directory
04-12 18:43:10.230  6824  6824 D nativeloader: Configuring clns-6 for other apk /system/framework/android.test.runner.jar:/system/framework/android.test.mock.jar:/system/framework/android.test.base.jar:/data/app/~~Jr61rg6gMDZxCXUoKs5hIA==/com.panviravindra.comparez.test-3BFLWBemgytcPTsUXHhbNQ==/base.apk:/data/app/~~TfbBc7rxkFXTiCjOUBIN8A==/com.panviravindra.comparez-4chwkCThf7ufmw6nGgsgoQ==/base.apk. target_sdk_version=36, uses_libraries=, library_path=/data/app/~~Jr61rg6gMDZxCXUoKs5hIA==/com.panviravindra.comparez.test-3BFLWBemgytcPTsUXHhbNQ==/lib/arm64:/data/app/~~TfbBc7rxkFXTiCjOUBIN8A==/com.panviravindra.comparez-4chwkCThf7ufmw6nGgsgoQ==/lib/arm64:/data/app/~~Jr61rg6gMDZxCXUoKs5hIA==/com.panviravindra.comparez.test-3BFLWBemgytcPTsUXHhbNQ==/base.apk!/lib/arm64-v8a:/data/app/~~TfbBc7rxkFXTiCjOUBIN8A==/com.panviravindra.comparez-4chwkCThf7ufmw6nGgsgoQ==/base.apk!/lib/arm64-v8a, permitted_path=/data:/mnt/expand:/data/user/0/com.panviravindra.comparez
04-12 18:43:10.293  6824  6824 V GraphicsEnvironment: Currently set values for:
04-12 18:43:10.296  6824  6824 V GraphicsEnvironment:   angle_gl_driver_selection_pkgs=[]
04-12 18:43:10.296  6824  6824 V GraphicsEnvironment:   angle_gl_driver_selection_values=[]
04-12 18:43:10.297  6824  6824 V GraphicsEnvironment: ANGLE GameManagerService for com.panviravindra.comparez: false
04-12 18:43:10.297  6824  6824 V GraphicsEnvironment: com.panviravindra.comparez is not listed in per-application setting
04-12 18:43:10.297  6824  6824 V GraphicsEnvironment: Neither updatable production driver nor prerelease driver is supported.
04-12 18:43:10.307  6824  6824 D ApplicationLoaders: Returning zygote-cached class loader: /system/framework/android.test.base.jar
04-12 18:43:10.326  6824  6824 D nativeloader: Configuring clns-7 for other apk /system/framework/android.test.mock.jar. target_sdk_version=36, uses_libraries=ALL, library_path=/data/app/~~Jr61rg6gMDZxCXUoKs5hIA==/com.panviravindra.comparez.test-3BFLWBemgytcPTsUXHhbNQ==/lib/arm64:/data/app/~~TfbBc7rxkFXTiCjOUBIN8A==/com.panviravindra.comparez-4chwkCThf7ufmw6nGgsgoQ==/lib/arm64, permitted_path=/data:/mnt/expand
04-12 18:43:10.336  6824  6824 D ApplicationLoaders: Returning zygote-cached class loader: /system/framework/android.test.base.jar
04-12 18:43:10.351  6824  6824 D nativeloader: Configuring clns-8 for other apk /system/framework/android.test.runner.jar. target_sdk_version=36, uses_libraries=ALL, library_path=/data/app/~~Jr61rg6gMDZxCXUoKs5hIA==/com.panviravindra.comparez.test-3BFLWBemgytcPTsUXHhbNQ==/lib/arm64:/data/app/~~TfbBc7rxkFXTiCjOUBIN8A==/com.panviravindra.comparez-4chwkCThf7ufmw6nGgsgoQ==/lib/arm64, permitted_path=/data:/mnt/expand
04-12 18:43:10.360  6824  6824 W vindra.comparez: ClassLoaderContext shared library size mismatch. Expected=2, found=3 (PCL[]{PCL[/system/framework/android.test.base.jar*836642756]#PCL[/system/framework/android.test.mock.jar*3186112116]} | PCL[]{PCL[/system/framework/android.test.base.jar*836642756]#PCL[/system/framework/android.test.mock.jar*3186112116]#PCL[/system/framework/android.test.runner.jar*4168958247]{PCL[/system/framework/android.test.base.jar*836642756]#PCL[/system/framework/android.test.mock.jar*3186112116]}};PCL[/system/framework/android.test.runner.jar*4168958247:/system/framework/android.test.mock.jar*3186112116:/system/framework/android.test.base.jar*836642756:/data/app/~~Jr61rg6gMDZxCXUoKs5hIA==/com.panviravindra.comparez.test-3BFLWBemgytcPTsUXHhbNQ==/base.apk*294246005:/data/app/~~Jr61rg6gMDZxCXUoKs5hIA==/com.panviravindra.comparez.test-3BFLWBemgytcPTsUXHhbNQ==/base.apk!classes2.dex*4055916645:/data/app/~~Jr61rg6gMDZxCXUoKs5hIA==/com.panviravindra.comparez.test-3BFLWBemgytcPTsUXHhbNQ==/base.apk!classes3.dex*2949407285:/data/app/~~Jr61rg6gMDZxCXUoKs5hIA==/com.panviravindra.comparez.test-3BFLWBemgytcPTsUXHhbNQ==/base.apk!classes4.dex*2472856604:/data/app/~~Jr61rg6gMDZxCXUoKs5hIA==/com.panviravindra.comparez.test-3BFLWBemgytcPTsUXHhbNQ==/base.apk!classes5.dex*449036524:/data/app/~~Jr61rg6gMDZxCXUoKs5hIA==/com.panviravindra.comparez.test-3BFLWBemgytcPTsUXHhbNQ==/base.apk!classes6.dex*2622014904:/data/app/~~Jr61rg6gMDZxCXUoKs5hIA==/com.panviravindra.comparez.test-3BFLWBemgytcPTsUXHhbNQ==/base.apk!classes7.dex*530900409:/data/app/~~Jr61rg6gMDZxCXUoKs5hIA==/com.panviravindra.comparez.test-3BFLWBemgytcPTsUXHhbNQ==/base.apk!classes8.dex*4143867305:/data/app/~~Jr61rg6gMDZxCXUoKs5hIA==/com.panviravindra.comparez.test-3BFLWBemgytcPTsUXHhbNQ==/base.apk!classes9.dex*4104667095:/data/app/~~Jr61rg6gMDZxCXUoKs5hIA==/com.panviravindra.comparez.test-3BFLWBemgytcPTsUXHhbNQ==/base.apk!classes10.dex*3785976675:/data/app/~~Jr61rg6gMDZxCXUoKs5hIA==/com.panviravindra.comparez.test-3BFLWBemgytcPTsUXHhbNQ==/base.apk!classes11.dex*747467643:/data/app/~~Jr61rg6gMDZxCXUoKs5hIA==/com.panviravindra.comparez.test-3BFLWBemgytcPTsUXHhbNQ==/base.apk!classes12.dex*128433845:/data/app/~~Jr61rg6gMDZxCXUoKs5hIA==/com.panviravindra.comparez.test-3BFLWBemgytcPTsUXHhbNQ==/base.apk!classes13.dex*3653805668:/data/app/~~Jr61rg6gMDZxCXUoKs5hIA==/com.panviravindra.comparez.test-3BFLWBemgytcPTsUXHhbNQ==/base.apk!classes14.dex*1229665198:/data/app/~~Jr61rg6gMDZxCXUoKs5hIA==/com.panviravindra.comparez.test-3BFLWBemgytcPTsUXHhbNQ==/base.apk!classes15.dex*638951780:/data/app/~~Jr61rg6gMDZxCXUoKs5hIA==/com.panviravindra.comparez.test-3BFLWBemgytcPTsUXHhbNQ==/base.apk!classes16.dex*2498210027:/data/app/~~Jr61rg6gMDZxCXUoKs5hIA==/com.panviravindra.comparez.test-3BFLWBemgytcPTsUXHhbNQ==/base.apk!classes17.dex*732076495:/data/app/~~Jr61rg6gMDZxCXUoKs5hIA==/com.panviravindra.comparez.test-3BFLWBemgytcPTsUXHhbNQ==/base.apk!classes18.dex*238609134:/data/app/~~Jr61rg6gMDZxCXUoKs5hIA==/com.panviravindra.comparez.test-3BFLWBemgytcPTsUXHhbNQ==/base.apk!classes19.dex*1407230120:/data/app/~~TfbBc7rxkFXTiCjOUBIN8A==/com.panviravindra.comparez-4chwkCThf7ufmw6nGgsgoQ==/base.apk*93354197:/data/app/~~TfbBc7rxkFXTiCjOUBIN8A==/com.panviravindra.comparez-4chwkCThf7ufmw6nGgsgoQ==/base.apk!classes2.dex*2402452363:/data/app/~~TfbBc7rxkFXTiCjOUBIN8A==/com.panviravindra.comparez-4chwkCThf7ufmw6nGgsgoQ==/base.apk!classes3.dex*1876940571:/data/app/~~TfbBc7rxkFXTiCjOUBIN8A==/com.panviravindra.comparez-4chwkCThf7ufmw6nGgsgoQ==/base.apk!classes4.dex*389630062:/data/app/~~TfbBc7rxkFXTiCjOUBIN8A==/com.panviravindra.comparez-4chwkCThf7ufmw6nGgsgoQ==/base.apk!classes5.dex*1867390877:/data/app/~~TfbBc7rxkFXTiCjOUBIN8A==/com.panviravindra.comparez-4chwkCThf7ufmw6nGgsgoQ==/base.apk!classes6.dex*4013537063:/data/app/~~TfbBc7rxkFXTiCjOUBIN8A==/com.panviravindra.comparez-4chwkCThf7ufmw6nGgsgoQ==/base.apk!classes7.dex*3881050273:/data/app/~~TfbBc7rxkFXTiCjOUBIN8A==/com.panviravindra.comparez-4chwkCThf7ufmw6nGgsgoQ==/base.apk!classes8.dex*4262563330:/data/app/~~TfbBc7rxkFXTiCjOUBIN8A==/com.panviravind
04-12 18:43:10.363  6824  6824 W vindra.comparez: ClassLoaderContext classpath size mismatch. expected=0, found=1 (PCL[] | PCL[/system/framework/android.test.runner.jar*4168958247]{PCL[/system/framework/android.test.base.jar*836642756]#PCL[/system/framework/android.test.mock.jar*3186112116]#PCL[/system/framework/android.test.runner.jar*4168958247]{PCL[/system/framework/android.test.base.jar*836642756]#PCL[/system/framework/android.test.mock.jar*3186112116]}};PCL[/system/framework/android.test.runner.jar*4168958247:/system/framework/android.test.mock.jar*3186112116:/system/framework/android.test.base.jar*836642756:/data/app/~~Jr61rg6gMDZxCXUoKs5hIA==/com.panviravindra.comparez.test-3BFLWBemgytcPTsUXHhbNQ==/base.apk*294246005:/data/app/~~Jr61rg6gMDZxCXUoKs5hIA==/com.panviravindra.comparez.test-3BFLWBemgytcPTsUXHhbNQ==/base.apk!classes2.dex*4055916645:/data/app/~~Jr61rg6gMDZxCXUoKs5hIA==/com.panviravindra.comparez.test-3BFLWBemgytcPTsUXHhbNQ==/base.apk!classes3.dex*2949407285:/data/app/~~Jr61rg6gMDZxCXUoKs5hIA==/com.panviravindra.comparez.test-3BFLWBemgytcPTsUXHhbNQ==/base.apk!classes4.dex*2472856604:/data/app/~~Jr61rg6gMDZxCXUoKs5hIA==/com.panviravindra.comparez.test-3BFLWBemgytcPTsUXHhbNQ==/base.apk!classes5.dex*449036524:/data/app/~~Jr61rg6gMDZxCXUoKs5hIA==/com.panviravindra.comparez.test-3BFLWBemgytcPTsUXHhbNQ==/base.apk!classes6.dex*2622014904:/data/app/~~Jr61rg6gMDZxCXUoKs5hIA==/com.panviravindra.comparez.test-3BFLWBemgytcPTsUXHhbNQ==/base.apk!classes7.dex*530900409:/data/app/~~Jr61rg6gMDZxCXUoKs5hIA==/com.panviravindra.comparez.test-3BFLWBemgytcPTsUXHhbNQ==/base.apk!classes8.dex*4143867305:/data/app/~~Jr61rg6gMDZxCXUoKs5hIA==/com.panviravindra.comparez.test-3BFLWBemgytcPTsUXHhbNQ==/base.apk!classes9.dex*4104667095:/data/app/~~Jr61rg6gMDZxCXUoKs5hIA==/com.panviravindra.comparez.test-3BFLWBemgytcPTsUXHhbNQ==/base.apk!classes10.dex*3785976675:/data/app/~~Jr61rg6gMDZxCXUoKs5hIA==/com.panviravindra.comparez.test-3BFLWBemgytcPTsUXHhbNQ==/base.apk!classes11.dex*747467643:/data/app/~~Jr61rg6gMDZxCXUoKs5hIA==/com.panviravindra.comparez.test-3BFLWBemgytcPTsUXHhbNQ==/base.apk!classes12.dex*128433845:/data/app/~~Jr61rg6gMDZxCXUoKs5hIA==/com.panviravindra.comparez.test-3BFLWBemgytcPTsUXHhbNQ==/base.apk!classes13.dex*3653805668:/data/app/~~Jr61rg6gMDZxCXUoKs5hIA==/com.panviravindra.comparez.test-3BFLWBemgytcPTsUXHhbNQ==/base.apk!classes14.dex*1229665198:/data/app/~~Jr61rg6gMDZxCXUoKs5hIA==/com.panviravindra.comparez.test-3BFLWBemgytcPTsUXHhbNQ==/base.apk!classes15.dex*638951780:/data/app/~~Jr61rg6gMDZxCXUoKs5hIA==/com.panviravindra.comparez.test-3BFLWBemgytcPTsUXHhbNQ==/base.apk!classes16.dex*2498210027:/data/app/~~Jr61rg6gMDZxCXUoKs5hIA==/com.panviravindra.comparez.test-3BFLWBemgytcPTsUXHhbNQ==/base.apk!classes17.dex*732076495:/data/app/~~Jr61rg6gMDZxCXUoKs5hIA==/com.panviravindra.comparez.test-3BFLWBemgytcPTsUXHhbNQ==/base.apk!classes18.dex*238609134:/data/app/~~Jr61rg6gMDZxCXUoKs5hIA==/com.panviravindra.comparez.test-3BFLWBemgytcPTsUXHhbNQ==/base.apk!classes19.dex*1407230120:/data/app/~~TfbBc7rxkFXTiCjOUBIN8A==/com.panviravindra.comparez-4chwkCThf7ufmw6nGgsgoQ==/base.apk*93354197:/data/app/~~TfbBc7rxkFXTiCjOUBIN8A==/com.panviravindra.comparez-4chwkCThf7ufmw6nGgsgoQ==/base.apk!classes2.dex*2402452363:/data/app/~~TfbBc7rxkFXTiCjOUBIN8A==/com.panviravindra.comparez-4chwkCThf7ufmw6nGgsgoQ==/base.apk!classes3.dex*1876940571:/data/app/~~TfbBc7rxkFXTiCjOUBIN8A==/com.panviravindra.comparez-4chwkCThf7ufmw6nGgsgoQ==/base.apk!classes4.dex*389630062:/data/app/~~TfbBc7rxkFXTiCjOUBIN8A==/com.panviravindra.comparez-4chwkCThf7ufmw6nGgsgoQ==/base.apk!classes5.dex*1867390877:/data/app/~~TfbBc7rxkFXTiCjOUBIN8A==/com.panviravindra.comparez-4chwkCThf7ufmw6nGgsgoQ==/base.apk!classes6.dex*4013537063:/data/app/~~TfbBc7rxkFXTiCjOUBIN8A==/com.panviravindra.comparez-4chwkCThf7ufmw6nGgsgoQ==/base.apk!classes7.dex*3881050273:/data/app/~~TfbBc7rxkFXTiCjOUBIN8A==/com.panviravindra.comparez-4chwkCThf7ufmw6nGgsgoQ==/base.apk!classes8.dex*4262563330:/data/app/~~TfbBc7rxkFXTiCjOUBIN8A==/com.panviravindra.comparez-4chwkCThf7ufmw6nGgsgoQ==/base.apk!classes9.dex*371028
04-12 18:43:10.366  6824  6824 W vindra.comparez: ClassLoaderContext classpath size mismatch. expected=0, found=2 (PCL[] | PCL[/system/framework/android.test.runner.jar*4168958247:/system/framework/android.test.mock.jar*3186112116]{PCL[/system/framework/android.test.base.jar*836642756]#PCL[/system/framework/android.test.mock.jar*3186112116]#PCL[/system/framework/android.test.runner.jar*4168958247]{PCL[/system/framework/android.test.base.jar*836642756]#PCL[/system/framework/android.test.mock.jar*3186112116]}};PCL[/system/framework/android.test.runner.jar*4168958247:/system/framework/android.test.mock.jar*3186112116:/system/framework/android.test.base.jar*836642756:/data/app/~~Jr61rg6gMDZxCXUoKs5hIA==/com.panviravindra.comparez.test-3BFLWBemgytcPTsUXHhbNQ==/base.apk*294246005:/data/app/~~Jr61rg6gMDZxCXUoKs5hIA==/com.panviravindra.comparez.test-3BFLWBemgytcPTsUXHhbNQ==/base.apk!classes2.dex*4055916645:/data/app/~~Jr61rg6gMDZxCXUoKs5hIA==/com.panviravindra.comparez.test-3BFLWBemgytcPTsUXHhbNQ==/base.apk!classes3.dex*2949407285:/data/app/~~Jr61rg6gMDZxCXUoKs5hIA==/com.panviravindra.comparez.test-3BFLWBemgytcPTsUXHhbNQ==/base.apk!classes4.dex*2472856604:/data/app/~~Jr61rg6gMDZxCXUoKs5hIA==/com.panviravindra.comparez.test-3BFLWBemgytcPTsUXHhbNQ==/base.apk!classes5.dex*449036524:/data/app/~~Jr61rg6gMDZxCXUoKs5hIA==/com.panviravindra.comparez.test-3BFLWBemgytcPTsUXHhbNQ==/base.apk!classes6.dex*2622014904:/data/app/~~Jr61rg6gMDZxCXUoKs5hIA==/com.panviravindra.comparez.test-3BFLWBemgytcPTsUXHhbNQ==/base.apk!classes7.dex*530900409:/data/app/~~Jr61rg6gMDZxCXUoKs5hIA==/com.panviravindra.comparez.test-3BFLWBemgytcPTsUXHhbNQ==/base.apk!classes8.dex*4143867305:/data/app/~~Jr61rg6gMDZxCXUoKs5hIA==/com.panviravindra.comparez.test-3BFLWBemgytcPTsUXHhbNQ==/base.apk!classes9.dex*4104667095:/data/app/~~Jr61rg6gMDZxCXUoKs5hIA==/com.panviravindra.comparez.test-3BFLWBemgytcPTsUXHhbNQ==/base.apk!classes10.dex*3785976675:/data/app/~~Jr61rg6gMDZxCXUoKs5hIA==/com.panviravindra.comparez.test-3BFLWBemgytcPTsUXHhbNQ==/base.apk!classes11.dex*747467643:/data/app/~~Jr61rg6gMDZxCXUoKs5hIA==/com.panviravindra.comparez.test-3BFLWBemgytcPTsUXHhbNQ==/base.apk!classes12.dex*128433845:/data/app/~~Jr61rg6gMDZxCXUoKs5hIA==/com.panviravindra.comparez.test-3BFLWBemgytcPTsUXHhbNQ==/base.apk!classes13.dex*3653805668:/data/app/~~Jr61rg6gMDZxCXUoKs5hIA==/com.panviravindra.comparez.test-3BFLWBemgytcPTsUXHhbNQ==/base.apk!classes14.dex*1229665198:/data/app/~~Jr61rg6gMDZxCXUoKs5hIA==/com.panviravindra.comparez.test-3BFLWBemgytcPTsUXHhbNQ==/base.apk!classes15.dex*638951780:/data/app/~~Jr61rg6gMDZxCXUoKs5hIA==/com.panviravindra.comparez.test-3BFLWBemgytcPTsUXHhbNQ==/base.apk!classes16.dex*2498210027:/data/app/~~Jr61rg6gMDZxCXUoKs5hIA==/com.panviravindra.comparez.test-3BFLWBemgytcPTsUXHhbNQ==/base.apk!classes17.dex*732076495:/data/app/~~Jr61rg6gMDZxCXUoKs5hIA==/com.panviravindra.comparez.test-3BFLWBemgytcPTsUXHhbNQ==/base.apk!classes18.dex*238609134:/data/app/~~Jr61rg6gMDZxCXUoKs5hIA==/com.panviravindra.comparez.test-3BFLWBemgytcPTsUXHhbNQ==/base.apk!classes19.dex*1407230120:/data/app/~~TfbBc7rxkFXTiCjOUBIN8A==/com.panviravindra.comparez-4chwkCThf7ufmw6nGgsgoQ==/base.apk*93354197:/data/app/~~TfbBc7rxkFXTiCjOUBIN8A==/com.panviravindra.comparez-4chwkCThf7ufmw6nGgsgoQ==/base.apk!classes2.dex*2402452363:/data/app/~~TfbBc7rxkFXTiCjOUBIN8A==/com.panviravindra.comparez-4chwkCThf7ufmw6nGgsgoQ==/base.apk!classes3.dex*1876940571:/data/app/~~TfbBc7rxkFXTiCjOUBIN8A==/com.panviravindra.comparez-4chwkCThf7ufmw6nGgsgoQ==/base.apk!classes4.dex*389630062:/data/app/~~TfbBc7rxkFXTiCjOUBIN8A==/com.panviravindra.comparez-4chwkCThf7ufmw6nGgsgoQ==/base.apk!classes5.dex*1867390877:/data/app/~~TfbBc7rxkFXTiCjOUBIN8A==/com.panviravindra.comparez-4chwkCThf7ufmw6nGgsgoQ==/base.apk!classes6.dex*4013537063:/data/app/~~TfbBc7rxkFXTiCjOUBIN8A==/com.panviravindra.comparez-4chwkCThf7ufmw6nGgsgoQ==/base.apk!classes7.dex*3881050273:/data/app/~~TfbBc7rxkFXTiCjOUBIN8A==/com.panviravindra.comparez-4chwkCThf7ufmw6nGgsgoQ==/base.apk!classes8.dex*4262563330:/data/app/~~TfbBc7rxkFXTiCjOUBIN8A==/com.panviravindra.comparez-4c
04-12 18:43:10.369  6824  6824 W ziparchive: Unable to open '/data/app/~~Jr61rg6gMDZxCXUoKs5hIA==/com.panviravindra.comparez.test-3BFLWBemgytcPTsUXHhbNQ==/base.dm': No such file or directory
04-12 18:43:10.370  6824  6824 W ziparchive: Unable to open '/data/app/~~Jr61rg6gMDZxCXUoKs5hIA==/com.panviravindra.comparez.test-3BFLWBemgytcPTsUXHhbNQ==/base.dm': No such file or directory
04-12 18:43:10.861  6824  6824 W ziparchive: Unable to open '/data/app/~~TfbBc7rxkFXTiCjOUBIN8A==/com.panviravindra.comparez-4chwkCThf7ufmw6nGgsgoQ==/base.dm': No such file or directory
04-12 18:43:10.863  6824  6824 W ziparchive: Unable to open '/data/app/~~TfbBc7rxkFXTiCjOUBIN8A==/com.panviravindra.comparez-4chwkCThf7ufmw6nGgsgoQ==/base.dm': No such file or directory
04-12 18:43:11.920  6824  6824 I AndroidJUnitRunner: newApplication com.panviravindra.comparez.MainApplication
04-12 18:43:12.260  6824  6824 I AndroidJUnitRunner: onCreate Bundle[mParcelledData.dataSize=240]
04-12 18:43:12.263  6824  6824 D AndroidJUnitRunner: Use the raw file system for managing file I/O.
04-12 18:43:12.294  6824  6824 V TestEventClient: No service name argument was given (testDiscoveryService, testRunEventService or orchestratorService)
04-12 18:43:12.299  6824  6859 D AndroidJUnitRunner: onStart is called.
04-12 18:43:12.310  6824  6824 W SoLoader: Initializing SoLoader: 0
04-12 18:43:12.314  6824  6824 W SoLoader: Recording new base apk path: /data/app/~~TfbBc7rxkFXTiCjOUBIN8A==/com.panviravindra.comparez-4chwkCThf7ufmw6nGgsgoQ==/base.apk
04-12 18:43:12.314  6824  6824 W SoLoader: Previously recorded 0 base apk paths.
04-12 18:43:12.320  6824  6824 I SoLoader: Preparing SO source: DirectorySoSource[root = /vendor/lib64 flags = 2]
04-12 18:43:12.324  6824  6824 I SoLoader: Preparing SO source: DirectorySoSource[root = /system/lib64 flags = 2]
04-12 18:43:12.325  6824  6824 I SoLoader: Preparing SO source: DirectApkSoSource[root = [/data/app/~~TfbBc7rxkFXTiCjOUBIN8A==/com.panviravindra.comparez-4chwkCThf7ufmw6nGgsgoQ==/base.apk!/lib/arm64-v8a]]
04-12 18:43:12.493  6824  6824 I SoLoader: Preparing SO source: ApplicationSoSource[DirectorySoSource[root = /data/app/~~TfbBc7rxkFXTiCjOUBIN8A==/com.panviravindra.comparez-4chwkCThf7ufmw6nGgsgoQ==/lib/arm64 flags = 0]]
04-12 18:43:12.494  6824  6824 I SoLoader: init finish: 4 SO sources prepared
04-12 18:43:12.495  6824  6824 W SoLoader: SoLoader initialized: 8
04-12 18:43:12.510  6824  6859 I InstrConnection: Could not send broadcast or register receiver (isolatedProcess?)
04-12 18:43:12.516  6824  6859 D TestRequestBuilder: Using class path scanning to discover tests
04-12 18:43:12.517  6824  6859 I TestRequestBuilder: Scanning classpath to find tests in paths [/data/app/~~Jr61rg6gMDZxCXUoKs5hIA==/com.panviravindra.comparez.test-3BFLWBemgytcPTsUXHhbNQ==/base.apk]
04-12 18:43:12.518  6824  6859 W vindra.comparez: Opening an oat file without a class loader. Are you using the deprecated DexFile APIs?
04-12 18:43:15.688  6824  6859 I TestRunner: run started: 1 tests
04-12 18:43:15.690  6824  6859 I TestRunner: started: runDetoxTests(com.panviravindra.comparez.DetoxTest)
04-12 18:43:15.704  6824  6859 I Detox   : Detox server connection details: url=ws://localhost:62696, sessionId=cb4fa8cb-fcce-0c55-e4a6-a0e79b4a0d12
04-12 18:43:15.713  6824  6859 W FileTestStorage: Output properties is not supported.
04-12 18:43:15.714  6824  6859 I Tracing : Tracer added: class androidx.test.platform.tracing.AndroidXTracer
04-12 18:43:15.725  6824  6859 D EventInjectionStrategy: Creating injection strategy with input manager.
04-12 18:43:15.726  6824  6859 W vindra.comparez: Accessing hidden method Landroid/hardware/input/InputManager;->getInstance()Landroid/hardware/input/InputManager; (unsupported, reflection, allowed)
04-12 18:43:15.727  6824  6859 W vindra.comparez: Accessing hidden method Landroid/hardware/input/InputManager;->injectInputEvent(Landroid/view/InputEvent;I)Z (unsupported, reflection, allowed)
04-12 18:43:15.728  6824  6859 W vindra.comparez: Accessing hidden field Landroid/hardware/input/InputManager;->INJECT_INPUT_EVENT_MODE_WAIT_FOR_FINISH:I (unsupported, reflection, allowed)
04-12 18:43:15.747  6824  6859 W vindra.comparez: Accessing hidden field Ljava/lang/reflect/Field;->accessFlags:I (unsupported, reflection, allowed)
04-12 18:43:15.751  6824  6859 I Detox   : Connecting to server...
04-12 18:43:15.751  6824  6859 I DetoxWSClient: At connectToServer
04-12 18:43:15.854  6824  6866 D TrafficStats: tagSocket(85) with statsTag=0xffffffff, statsUid=-1
04-12 18:43:15.888  6824  6866 D DetoxWSClient: At onOpen
04-12 18:43:15.889  6824  6866 I DetoxWSClient: Sending out action 'login' (ID #0)
04-12 18:43:15.892  6824  6866 I Detox   : Connected to server!
04-12 18:43:15.901  6824  6866 D DetoxWSClient: Received action 'loginSuccess' (ID #0, params={"testerConnected":true,"appConnected":true})
04-12 18:43:15.904  6824  6862 I DetoxDispatcher: Handling action 'loginSuccess' (ID #0)...
04-12 18:43:15.905  6824  6859 I Detox   : Launching the tested activity!
04-12 18:43:15.907  6824  6862 I DetoxDispatcher: Done with action 'loginSuccess'
04-12 18:43:15.944  6824  6866 D DetoxWSClient: Received action 'isReady' (ID #-1000, params={})
04-12 18:43:15.948  6824  6862 I DetoxDispatcher: Handling action 'isReady' (ID #-1000)...
04-12 18:43:16.466  6824  6876 D libEGL  : loaded /vendor/lib64/egl/libEGL_emulation.so
04-12 18:43:16.475  6824  6876 D libEGL  : loaded /vendor/lib64/egl/libGLESv1_CM_emulation.so
04-12 18:43:16.544  6824  6876 D libEGL  : loaded /vendor/lib64/egl/libGLESv2_emulation.so
04-12 18:43:16.870  6824  6824 D AppCompatDelegate: Checking for metadata for AppLocalesMetadataHolderService : Service not found
04-12 18:43:16.945  6824  6824 D LifecycleMonitor: Lifecycle status change: com.panviravindra.comparez.MainActivity@ae286b3 in: PRE_ON_CREATE
04-12 18:43:17.169  6824  6824 D jni_lib_merge: Entering merged library JNI_OnLoad.
04-12 18:43:17.170  6824  6824 D jni_lib_merge: Preparing 12 pre-merged libs (including stub)
04-12 18:43:17.170  6824  6824 D jni_lib_merge: Preparing to register libfabricjni_so.  onload_func: 0x6cc38b1ce0
04-12 18:43:17.170  6824  6824 D jni_lib_merge: Preparing to register libreact_devsupportjni_so.  onload_func: 0x6cc3aabfc8
04-12 18:43:17.170  6824  6824 D jni_lib_merge: Preparing to register libreact_featureflagsjni_so.  onload_func: 0x6cc3aba518
04-12 18:43:17.170  6824  6824 D jni_lib_merge: Preparing to register libreact_newarchdefaults_so.  onload_func: 0x6cc3b226a8
04-12 18:43:17.171  6824  6824 D jni_lib_merge: Preparing to register libreactnativeblob_so.  onload_func: 0x6cc3d12cb4
04-12 18:43:17.171  6824  6824 D jni_lib_merge: Preparing to register libreactnativejni_so.  onload_func: 0x6cc3d606bc
04-12 18:43:17.171  6824  6824 D jni_lib_merge: Preparing to register libreactnativejni_common_so.  onload_func: 0x6cc3d71044
04-12 18:43:17.171  6824  6824 D jni_lib_merge: Preparing to register librninstance_so.  onload_func: 0x6cc3db8764
04-12 18:43:17.171  6824  6824 D jni_lib_merge: Preparing to register libturbomodulejsijni_so.  onload_func: 0x6cc3ed0f68
04-12 18:43:17.171  6824  6824 D jni_lib_merge: Preparing to register libuimanagerjni_so.  onload_func: 0x6cc3ee9fb8
04-12 18:43:17.171  6824  6824 D jni_lib_merge: Preparing to register libyoga_so.  onload_func: 0x6cc3ef9a3c
04-12 18:43:17.171  6824  6824 D jni_lib_merge: About to register 11 actual methods.
04-12 18:43:17.194  6824  6824 D Detox.RNMarker: BUILD_REACT_INSTANCE_MANAGER_START (null)
04-12 18:43:17.204  6824  6824 I vindra.comparez: Waiting for a blocking GC ClassLinker
04-12 18:43:17.241  6824  6830 I vindra.comparez: Background concurrent copying GC freed 181971(9201KB) AllocSpace objects, 0(0B) LOS objects, 49% free, 4162KB/8325KB, paused 59us,26us total 843.298ms
04-12 18:43:17.242  6824  6824 I vindra.comparez: WaitForGcToComplete blocked ClassLinker on Background for 38.283ms
04-12 18:43:17.259  6824  6824 D Detox.RNMarker: BUILD_REACT_INSTANCE_MANAGER_END (null)
04-12 18:43:17.261  6824  6824 W SoLoader: SoLoader already initialized
04-12 18:43:17.288  6824  6824 D jni_lib_merge: Entering merged library JNI_OnLoad.
04-12 18:43:17.289  6824  6824 D jni_lib_merge: Preparing 4 pre-merged libs (including stub)
04-12 18:43:17.289  6824  6824 D jni_lib_merge: Preparing to register libhermes_executor_so.  onload_func: 0x6cbdec97e0
04-12 18:43:17.289  6824  6824 D jni_lib_merge: Preparing to register libhermesinstancejni_so.  onload_func: 0x6cbdeff26c
04-12 18:43:17.290  6824  6824 D jni_lib_merge: Preparing to register libjsijniprofiler_so.  onload_func: 0x6cbdf012bc
04-12 18:43:17.290  6824  6824 D jni_lib_merge: About to register 3 actual methods.
04-12 18:43:17.292  6824  6824 W SoLoader: SoLoader already initialized
04-12 18:43:17.397  6824  6824 W vindra.comparez: Accessing hidden method Landroid/view/ViewGroup;->makeOptionalFitsSystemWindows()V (unsupported, reflection, allowed)
04-12 18:43:17.406  6824  6883 D TrafficStats: tagSocket(5) with statsTag=0xffffffff, statsUid=-1
04-12 18:43:17.419  6824  6824 D LifecycleMonitor: Lifecycle status change: com.panviravindra.comparez.MainActivity@ae286b3 in: CREATED
04-12 18:43:17.424  6824  6824 D LifecycleMonitor: Lifecycle status change: com.panviravindra.comparez.MainActivity@ae286b3 in: STARTED
04-12 18:43:17.432  6824  6824 D LifecycleMonitor: Lifecycle status change: com.panviravindra.comparez.MainActivity@ae286b3 in: RESUMED
04-12 18:43:17.440  6824  6824 D CompatibilityChangeReporter: Compat change id reported: 237531167; UID 10201; state: DISABLED
04-12 18:43:17.443  6824  6824 W OpenGLRenderer: Unknown dataspace 0
04-12 18:43:17.518  6824  6873 W OpenGLRenderer: Failed to choose config with EGL_SWAP_BEHAVIOR_PRESERVED, retrying without...
04-12 18:43:17.528  6824  6873 W OpenGLRenderer: Failed to initialize 101010-2 format, error = EGL_SUCCESS
04-12 18:43:17.553  6824  6873 I Gralloc4: mapper 4.x is not supported
04-12 18:43:17.585  6824  6873 E OpenGLRenderer: Unable to match the desired swap behavior.
04-12 18:43:17.733  6824  6879 W vindra.comparez: Verification of void com.facebook.react.packagerconnection.FileIoHandler$2.onRequest(java.lang.Object, com.facebook.react.packagerconnection.Responder) took 313.885ms (280.36 bytecodes/s) (3808B approximate peak alloc)
04-12 18:43:17.838  6824  6824 D Detox.RNMarker: DOWNLOAD_START (null)
04-12 18:43:17.987  6824  6824 D CompatibilityChangeReporter: Compat change id reported: 210923482; UID 10201; state: ENABLED
04-12 18:43:18.131  6824  6893 D ProfileInstaller: Installing profile for com.panviravindra.comparez
04-12 18:43:18.189  6824  6873 E OpenGLRenderer: Unable to match the desired swap behavior.
04-12 18:43:18.334  6824  6880 W vindra.comparez: Verification of void com.facebook.react.devsupport.CxxInspectorPackagerConnection$DelegateImpl$connectWebSocket$webSocket$1.onFailure$lambda$0(java.lang.Throwable, com.facebook.react.devsupport.CxxInspectorPackagerConnection$WebSocketDelegate) took 232.949ms (77.27 bytecodes/s) (1840B approximate peak alloc)
04-12 18:43:18.499  6824  6883 W vindra.comparez: Verification of void com.facebook.react.devsupport.BundleDownloader$processMultipartResponse$completed$1.onChunkComplete(java.util.Map, okio.Buffer, boolean) took 100.253ms (1815.40 bytecodes/s) (5184B approximate peak alloc)
04-12 18:43:18.562  6824  6891 D TrafficStats: tagSocket(118) with statsTag=0xffffffff, statsUid=-1
04-12 18:43:18.692  6824  6897 D TrafficStats: tagSocket(120) with statsTag=0xffffffff, statsUid=-1
04-12 18:43:18.754  6824  6898 D TrafficStats: tagSocket(121) with statsTag=0xffffffff, statsUid=-1
04-12 18:43:19.954  6824  6830 I vindra.comparez: Background young concurrent copying GC freed 9792(1030KB) AllocSpace objects, 1(20KB) LOS objects, 9% free, 7569KB/8325KB, paused 98us,82us total 171.537ms
04-12 18:43:20.242  6824  6830 I vindra.comparez: Background concurrent copying GC freed 479(148KB) AllocSpace objects, 0(0B) LOS objects, 49% free, 8796KB/17MB, paused 136us,80us total 245.849ms
04-12 18:43:20.768  6824  6824 W WindowOnBackDispatcher: sendCancelIfRunning: isInProgress=falsecallback=android.view.ViewRootImpl$$ExternalSyntheticLambda17@8fa191c
04-12 18:43:20.780  6824  6883 D Detox.RNMarker: DOWNLOAD_END ({"url":"http:\/\/10.0.2.2:8081\/.expo\/.virtual-metro-entry.bundle?platform=android&dev=true&lazy=true&minify=false&app=com.panviravindra.comparez&modulesOnly=false&runModule=true&excludeSource=true&sourcePaths=url-server","filesChangedCount":0})
04-12 18:43:20.853  6824  6824 D Detox.RNMarker: REACT_BRIDGE_LOADING_START (null)
04-12 18:43:20.866  6824  6899 D Detox.RNMarker: CREATE_REACT_CONTEXT_START (HermesExecutorDebug)
04-12 18:43:20.870  6824  6899 D Detox.RNMarker: PROCESS_PACKAGES_START (null)
04-12 18:43:20.881  6824  6899 D Detox.RNMarker: CREATE_MODULE_START (FrescoModule)
04-12 18:43:20.886  6824  6899 D Detox.RNMarker: CREATE_MODULE_END (FrescoModule)
04-12 18:43:21.162  6824  6899 I ExpoModulesCore: ✅ AppContext was initialized
04-12 18:43:21.165  6824  6899 D Detox.RNMarker: PROCESS_PACKAGES_END (null)
04-12 18:43:21.171  6824  6899 D Detox.RNMarker: CREATE_CATALYST_INSTANCE_START (null)
04-12 18:43:21.192  6824  6899 D Detox.RNMarker: CREATE_CATALYST_INSTANCE_END (null)
04-12 18:43:21.194  6824  6899 D Detox.RNMarker: PRE_RUN_JS_BUNDLE_START (null)
04-12 18:43:21.201  6824  6904 D Detox.RNMarker: CREATE_REACT_CONTEXT_END (null)
04-12 18:43:21.207  6824  6904 D Detox.RNMarker: RUN_JS_BUNDLE_START (/.virtual-metro-entry.bundle?platform=android&dev=true&lazy=true&minify=false&app=com.panviravindra.comparez&modulesOnly=false&runModule=true&excludeSource=true&sourcePaths=url-server)
04-12 18:43:21.217  6824  6824 W unknown:ReactNative: Packager connection already open, nooping.
04-12 18:43:21.220  6824  6905 D Detox.RNMarker: CREATE_MODULE_START (UIManager)
04-12 18:43:21.312  6824  6859 D DetoxRNLoading: Got new RN-context explicitly while polling (#iteration=3)
04-12 18:43:21.315  6824  6859 I DetoxRNIdleRes: Setting up Espresso Idling Resources for React Native
04-12 18:43:21.322  6824  6824 I Detox   : PATCHED FACTORY: Disabling all idling resources for RN 0.81 compatibility
04-12 18:43:21.325  6824  6862 W vindra.comparez: Long monitor contention with owner Instr: androidx.test.runner.AndroidJUnitRunner (6859) at void com.wix.detox.DetoxMain.launchActivityOnCue(android.content.Context, com.wix.detox.ActivityLaunchHelper)(DetoxMain.kt:53) waiters=0 in void com.wix.detox.DetoxMain$setupActionHandlers$SynchronizedActionHandler.handle(java.lang.String, long) for 5.351s
04-12 18:43:21.329  6824  6824 W vindra.comparez: Accessing hidden method Landroid/os/MessageQueue;->next()Landroid/os/Message; (unsupported, reflection, allowed)
04-12 18:43:21.330  6824  6824 W vindra.comparez: Accessing hidden field Landroid/os/MessageQueue;->mMessages:Landroid/os/Message; (unsupported, reflection, allowed)
04-12 18:43:21.331  6824  6824 W vindra.comparez: Accessing hidden method Landroid/os/Message;->recycleUnchecked()V (unsupported, reflection, allowed)
04-12 18:43:21.346  6824  6905 W unknown:ViewManagerPropertyUpdater: Could not find generated setter for class com.facebook.react.views.debuggingoverlay.DebuggingOverlayManager
04-12 18:43:21.394  6824  6905 W unknown:ViewManagerPropertyUpdater: Could not find generated setter for class com.facebook.react.uimanager.LayoutShadowNode
04-12 18:43:21.422  6824  6905 W unknown:ViewManagerPropertyUpdater: Could not find generated setter for class com.facebook.react.views.drawer.ReactDrawerLayoutManager
04-12 18:43:21.440  6824  6905 W unknown:ViewManagerPropertyUpdater: Could not find generated setter for class com.facebook.react.views.scroll.ReactHorizontalScrollViewManager
04-12 18:43:21.466  6824  6905 W unknown:ViewManagerPropertyUpdater: Could not find generated setter for class com.facebook.react.views.scroll.ReactHorizontalScrollContainerViewManager
04-12 18:43:21.497  6824  6905 W unknown:ViewManagerPropertyUpdater: Could not find generated setter for class com.facebook.react.views.progressbar.ReactProgressBarViewManager
04-12 18:43:21.504  6824  6905 W unknown:ViewManagerPropertyUpdater: Could not find generated setter for class com.facebook.react.views.progressbar.ProgressBarShadowNode
04-12 18:43:21.518  6824  6905 W unknown:ViewManagerPropertyUpdater: Could not find generated setter for class com.facebook.react.views.scroll.ReactScrollViewManager
04-12 18:43:21.536  6824  6905 W unknown:ViewManagerPropertyUpdater: Could not find generated setter for class com.facebook.react.views.switchview.ReactSwitchManager
04-12 18:43:21.546  6824  6905 W unknown:ViewManagerPropertyUpdater: Could not find generated setter for class com.facebook.react.views.switchview.ReactSwitchShadowNode
04-12 18:43:21.549  6824  6905 W unknown:ViewManagerPropertyUpdater: Could not find generated setter for class com.facebook.react.views.safeareaview.ReactSafeAreaViewManager
04-12 18:43:21.552  6824  6905 W unknown:ViewManagerPropertyUpdater: Could not find generated setter for class com.facebook.react.views.safeareaview.ReactSafeAreaViewShadowNode
04-12 18:43:21.561  6824  6905 W unknown:ViewManagerPropertyUpdater: Could not find generated setter for class com.facebook.react.views.swiperefresh.SwipeRefreshLayoutManager
04-12 18:43:21.566  6824  6905 W unknown:ViewManagerPropertyUpdater: Could not find generated setter for class com.facebook.react.views.text.frescosupport.FrescoBasedReactTextInlineImageViewManager
04-12 18:43:21.573  6824  6905 W unknown:ViewManagerPropertyUpdater: Could not find generated setter for class com.facebook.react.views.text.frescosupport.FrescoBasedReactTextInlineImageShadowNode
04-12 18:43:21.595  6824  6905 W unknown:ViewManagerPropertyUpdater: Could not find generated setter for class com.facebook.react.views.image.ReactImageManager
04-12 18:43:21.618  6824  6905 W unknown:ViewManagerPropertyUpdater: Could not find generated setter for class com.facebook.react.views.modal.ReactModalHostManager
04-12 18:43:21.630  6824  6905 W unknown:ViewManagerPropertyUpdater: Could not find generated setter for class com.facebook.react.views.text.ReactRawTextManager
04-12 18:43:21.640  6824  6905 W unknown:ViewManagerPropertyUpdater: Could not find generated setter for class com.facebook.react.views.text.ReactRawTextShadowNode
04-12 18:43:21.644  6824  6905 W unknown:ViewManagerPropertyUpdater: Could not find generated setter for class com.facebook.react.views.textinput.ReactTextInputManager
04-12 18:43:21.681  6824  6905 W unknown:ViewManagerPropertyUpdater: Could not find generated setter for class com.facebook.react.views.textinput.ReactTextInputShadowNode
04-12 18:43:21.710  6824  6905 W unknown:ViewManagerPropertyUpdater: Could not find generated setter for class com.facebook.react.views.text.ReactTextViewManager
04-12 18:43:21.720  6824  6905 W unknown:ViewManagerPropertyUpdater: Could not find generated setter for class com.facebook.react.views.text.ReactTextShadowNode
04-12 18:43:21.726  6824  6905 W unknown:ViewManagerPropertyUpdater: Could not find generated setter for class com.facebook.react.views.view.ReactViewManager
04-12 18:43:21.739  6824  6905 W unknown:ViewManagerPropertyUpdater: Could not find generated setter for class com.facebook.react.views.text.ReactVirtualTextViewManager
04-12 18:43:21.743  6824  6905 W unknown:ViewManagerPropertyUpdater: Could not find generated setter for class com.facebook.react.views.text.ReactVirtualTextShadowNode
04-12 18:43:21.752  6824  6905 W unknown:ViewManagerPropertyUpdater: Could not find generated setter for class com.facebook.react.views.unimplementedview.ReactUnimplementedViewManager
04-12 18:43:21.764  6824  6905 W unknown:ViewManagerPropertyUpdater: Could not find generated setter for class expo.modules.kotlin.views.GroupViewManagerWrapper
04-12 18:43:21.808  6824  6905 W unknown:ViewManagerPropertyUpdater: Could not find generated setter for class expo.modules.kotlin.views.SimpleViewManagerWrapper
04-12 18:43:21.843  6824  6905 W unknown:ViewManagerPropertyUpdater: Could not find generated setter for class com.th3rdwave.safeareacontext.SafeAreaProviderManager
04-12 18:43:21.853  6824  6905 W unknown:ViewManagerPropertyUpdater: Could not find generated setter for class com.th3rdwave.safeareacontext.SafeAreaViewManager
04-12 18:43:21.868  6824  6905 W unknown:ViewManagerPropertyUpdater: Could not find generated setter for class com.th3rdwave.safeareacontext.SafeAreaViewShadowNode
04-12 18:43:21.873  6824  6905 W unknown:ViewManagerPropertyUpdater: Could not find generated setter for class com.swmansion.rnscreens.ScreenContainerViewManager
04-12 18:43:21.891  6824  6905 W unknown:ViewManagerPropertyUpdater: Could not find generated setter for class com.swmansion.rnscreens.ScreenViewManager
04-12 18:43:21.901  6824  6905 W unknown:ViewManagerPropertyUpdater: Could not find generated setter for class com.swmansion.rnscreens.ModalScreenViewManager
04-12 18:43:21.910  6824  6905 W unknown:ViewManagerPropertyUpdater: Could not find generated setter for class com.swmansion.rnscreens.ScreenStackViewManager
04-12 18:43:21.913  6824  6905 W unknown:ViewManagerPropertyUpdater: Could not find generated setter for class com.swmansion.rnscreens.ScreenStackHeaderConfigViewManager
04-12 18:43:21.932  6824  6905 W unknown:ViewManagerPropertyUpdater: Could not find generated setter for class com.swmansion.rnscreens.ScreenStackHeaderSubviewManager
04-12 18:43:21.939  6824  6905 W unknown:ViewManagerPropertyUpdater: Could not find generated setter for class com.swmansion.rnscreens.SearchBarManager
04-12 18:43:21.954  6824  6905 W unknown:ViewManagerPropertyUpdater: Could not find generated setter for class com.swmansion.rnscreens.ScreenFooterManager
04-12 18:43:21.961  6824  6905 W unknown:ViewManagerPropertyUpdater: Could not find generated setter for class com.swmansion.rnscreens.ScreenContentWrapperManager
04-12 18:43:21.970  6824  6905 W unknown:ViewManagerPropertyUpdater: Could not find generated setter for class com.swmansion.rnscreens.gamma.tabs.TabsHostViewManager
04-12 18:43:21.992  6824  6905 W unknown:ViewManagerPropertyUpdater: Could not find generated setter for class com.swmansion.rnscreens.gamma.tabs.TabScreenViewManager
04-12 18:43:21.997  6824  6905 W unknown:ViewManagerPropertyUpdater: Could not find generated setter for class com.reactnativecommunity.webview.RNCWebViewManager
04-12 18:43:22.067  6824  6905 D Detox.RNMarker: CREATE_MODULE_END (UIManager)
04-12 18:43:22.111  6824  6905 D Detox.RNMarker: REACT_BRIDGE_LOADING_END (null)
04-12 18:43:22.133  6824  6824 I DetoxRNLoading: Got new RN-context directly through listener
04-12 18:43:22.305  6824  6904 D Detox.RNMarker: NATIVE_MODULE_SETUP_START (NativePerformanceCxx)
04-12 18:43:22.322  6824  6904 D Detox.RNMarker: NATIVE_MODULE_SETUP_START (PlatformConstants)
04-12 18:43:22.323  6824  6904 D Detox.RNMarker: CREATE_MODULE_START (PlatformConstants)
04-12 18:43:22.325  6824  6904 D Detox.RNMarker: CREATE_MODULE_END (PlatformConstants)
04-12 18:43:22.341  6824  6904 D Detox.RNMarker: NATIVE_MODULE_SETUP_END (PlatformConstants)
04-12 18:43:22.371  6824  6904 D Detox.RNMarker: NATIVE_MODULE_SETUP_START (DevSettings)
04-12 18:43:22.373  6824  6904 D Detox.RNMarker: CREATE_MODULE_START (DevSettings)
04-12 18:43:22.375  6824  6904 D Detox.RNMarker: CREATE_MODULE_END (DevSettings)
04-12 18:43:22.378  6824  6904 D Detox.RNMarker: NATIVE_MODULE_SETUP_END (DevSettings)
04-12 18:43:22.381  6824  6904 D Detox.RNMarker: NATIVE_MODULE_SETUP_START (LogBox)
04-12 18:43:22.382  6824  6904 D Detox.RNMarker: CREATE_MODULE_START (LogBox)
04-12 18:43:22.387  6824  6904 D Detox.RNMarker: CREATE_MODULE_END (LogBox)
04-12 18:43:22.389  6824  6904 D Detox.RNMarker: NATIVE_MODULE_SETUP_END (LogBox)
04-12 18:43:22.395  6824  6904 D Detox.RNMarker: NATIVE_MODULE_SETUP_START (SourceCode)
04-12 18:43:22.396  6824  6904 D Detox.RNMarker: CREATE_MODULE_START (SourceCode)
04-12 18:43:22.397  6824  6904 D Detox.RNMarker: CREATE_MODULE_END (SourceCode)
04-12 18:43:22.399  6824  6904 D Detox.RNMarker: NATIVE_MODULE_SETUP_END (SourceCode)
04-12 18:43:22.549  6824  6904 D Detox.RNMarker: NATIVE_MODULE_SETUP_START (Timing)
04-12 18:43:22.551  6824  6904 D Detox.RNMarker: CREATE_MODULE_START (Timing)
04-12 18:43:22.559  6824  6904 D Detox.RNMarker: CREATE_MODULE_END (Timing)
04-12 18:43:22.562  6824  6904 D Detox.RNMarker: NATIVE_MODULE_SETUP_END (Timing)
04-12 18:43:22.594  6824  6904 D Detox.RNMarker: NATIVE_MODULE_SETUP_START (ReactDevToolsSettingsManager)
04-12 18:43:22.595  6824  6904 D Detox.RNMarker: CREATE_MODULE_START (ReactDevToolsSettingsManager)
04-12 18:43:22.598  6824  6904 D Detox.RNMarker: CREATE_MODULE_END (ReactDevToolsSettingsManager)
04-12 18:43:22.600  6824  6904 D Detox.RNMarker: NATIVE_MODULE_SETUP_END (ReactDevToolsSettingsManager)
04-12 18:43:22.606  6824  6904 D Detox.RNMarker: NATIVE_MODULE_SETUP_START (ReactDevToolsRuntimeSettingsModule)
04-12 18:43:22.606  6824  6904 D Detox.RNMarker: CREATE_MODULE_START (ReactDevToolsRuntimeSettingsModule)
04-12 18:43:22.608  6824  6904 D Detox.RNMarker: CREATE_MODULE_END (ReactDevToolsRuntimeSettingsModule)
04-12 18:43:22.609  6824  6904 D Detox.RNMarker: NATIVE_MODULE_SETUP_END (ReactDevToolsRuntimeSettingsModule)
04-12 18:43:22.641  6824  6904 D Detox.RNMarker: NATIVE_MODULE_SETUP_START (NativeReactNativeFeatureFlagsCxx)
04-12 18:43:22.669  6824  6904 D Detox.RNMarker: NATIVE_MODULE_SETUP_START (AppState)
04-12 18:43:22.670  6824  6904 D Detox.RNMarker: CREATE_MODULE_START (AppState)
04-12 18:43:22.674  6824  6904 D Detox.RNMarker: CREATE_MODULE_END (AppState)
04-12 18:43:22.677  6824  6904 D Detox.RNMarker: NATIVE_MODULE_SETUP_END (AppState)
04-12 18:43:22.704  6824  6904 D Detox.RNMarker: NATIVE_MODULE_SETUP_START (BlobModule)
04-12 18:43:22.705  6824  6904 D Detox.RNMarker: CREATE_MODULE_START (BlobModule)
04-12 18:43:22.714  6824  6904 D Detox.RNMarker: CREATE_MODULE_END (BlobModule)
04-12 18:43:22.717  6824  6904 D Detox.RNMarker: NATIVE_MODULE_SETUP_END (BlobModule)
04-12 18:43:22.741  6824  6904 D Detox.RNMarker: NATIVE_MODULE_SETUP_START (WebSocketModule)
04-12 18:43:22.741  6824  6904 D Detox.RNMarker: CREATE_MODULE_START (WebSocketModule)
04-12 18:43:22.748  6824  6904 D Detox.RNMarker: CREATE_MODULE_END (WebSocketModule)
04-12 18:43:22.764  6824  6904 D Detox.RNMarker: NATIVE_MODULE_SETUP_END (WebSocketModule)
04-12 18:43:22.891  6824  6904 D Detox.RNMarker: NATIVE_MODULE_SETUP_START (RedBox)
04-12 18:43:22.906  6824  6905 I WebViewFactory: Loading com.google.android.webview version 113.0.5672.136 (code 567263634)
04-12 18:43:22.965  6824  6905 W ziparchive: Unable to open '/data/app/~~rGDTFsEgVNAQR7v9a9DBnw==/com.google.android.trichromelibrary_567263634-3Q4C4Nt6E9KMMziAv9ANGg==/TrichromeLibrary.dm': No such file or directory
04-12 18:43:22.965  6824  6905 W ziparchive: Unable to open '/data/app/~~rGDTFsEgVNAQR7v9a9DBnw==/com.google.android.trichromelibrary_567263634-3Q4C4Nt6E9KMMziAv9ANGg==/TrichromeLibrary.dm': No such file or directory
04-12 18:43:22.967  6824  6905 W vindra.comparez: Entry not found
04-12 18:43:22.979  6824  6905 D nativeloader: Configuring clns-9 for other apk /data/app/~~rGDTFsEgVNAQR7v9a9DBnw==/com.google.android.trichromelibrary_567263634-3Q4C4Nt6E9KMMziAv9ANGg==/TrichromeLibrary.apk. target_sdk_version=34, uses_libraries=ALL, library_path=/data/app/~~Yw2cewKRy1ALIz8qfFlwsw==/com.google.android.webview-CDaciHExabTqd-t8TQiv4Q==/lib/arm64:/data/app/~~Yw2cewKRy1ALIz8qfFlwsw==/com.google.android.webview-CDaciHExabTqd-t8TQiv4Q==/WebViewGoogle.apk!/lib/arm64-v8a:/data/app/~~rGDTFsEgVNAQR7v9a9DBnw==/com.google.android.trichromelibrary_567263634-3Q4C4Nt6E9KMMziAv9ANGg==/TrichromeLibrary.apk!/lib/arm64-v8a, permitted_path=/data:/mnt/expand
04-12 18:43:22.987  6824  6904 D Detox.RNMarker: NATIVE_MODULE_SETUP_START (Networking)
04-12 18:43:22.988  6824  6904 D Detox.RNMarker: CREATE_MODULE_START (Networking)
04-12 18:43:23.021  6824  6904 D Detox.RNMarker: CREATE_MODULE_END (Networking)
04-12 18:43:23.024  6824  6904 D Detox.RNMarker: NATIVE_MODULE_SETUP_END (Networking)
04-12 18:43:23.034  6824  6905 D nativeloader: Configuring clns-10 for other apk /data/app/~~Yw2cewKRy1ALIz8qfFlwsw==/com.google.android.webview-CDaciHExabTqd-t8TQiv4Q==/WebViewGoogle.apk. target_sdk_version=34, uses_libraries=, library_path=/data/app/~~Yw2cewKRy1ALIz8qfFlwsw==/com.google.android.webview-CDaciHExabTqd-t8TQiv4Q==/lib/arm64:/data/app/~~Yw2cewKRy1ALIz8qfFlwsw==/com.google.android.webview-CDaciHExabTqd-t8TQiv4Q==/WebViewGoogle.apk!/lib/arm64-v8a:/data/app/~~rGDTFsEgVNAQR7v9a9DBnw==/com.google.android.trichromelibrary_567263634-3Q4C4Nt6E9KMMziAv9ANGg==/TrichromeLibrary.apk!/lib/arm64-v8a, permitted_path=/data:/mnt/expand
04-12 18:43:23.041  6824  6904 D Detox.RNMarker: NATIVE_MODULE_SETUP_START (DevLoadingView)
04-12 18:43:23.045  6824  6904 D Detox.RNMarker: CREATE_MODULE_START (DevLoadingView)
04-12 18:43:23.047  6824  6904 D Detox.RNMarker: CREATE_MODULE_END (DevLoadingView)
04-12 18:43:23.053  6824  6904 D Detox.RNMarker: NATIVE_MODULE_SETUP_END (DevLoadingView)
04-12 18:43:23.089  6824  6904 D Detox.RNMarker: NATIVE_MODULE_SETUP_START (HeadlessJsTaskSupport)
04-12 18:43:23.091  6824  6904 D Detox.RNMarker: CREATE_MODULE_START (HeadlessJsTaskSupport)
04-12 18:43:23.092  6824  6904 D Detox.RNMarker: CREATE_MODULE_END (HeadlessJsTaskSupport)
04-12 18:43:23.094  6824  6904 D Detox.RNMarker: NATIVE_MODULE_SETUP_END (HeadlessJsTaskSupport)
04-12 18:43:23.170  6824  6904 D Detox.RNMarker: NATIVE_MODULE_SETUP_START (DeviceInfo)
04-12 18:43:23.176  6824  6904 D Detox.RNMarker: CREATE_MODULE_START (DeviceInfo)
04-12 18:43:23.178  6824  6905 I vindra.comparez: Waiting for a blocking GC ClassLinker
04-12 18:43:23.184  6824  6904 D Detox.RNMarker: CREATE_MODULE_END (DeviceInfo)
04-12 18:43:23.190  6824  6904 D Detox.RNMarker: NATIVE_MODULE_SETUP_END (DeviceInfo)
04-12 18:43:23.205  6824  6904 D Detox.RNMarker: NATIVE_MODULE_SETUP_START (UIManager)
04-12 18:43:23.637  6824  6824 W UiControllerImpl: Waiting for: DYNAMIC_TASKS_HAVE_IDLED for 100 iterations.
04-12 18:43:23.729  6824  6830 I vindra.comparez: NativeAlloc concurrent copying GC freed 41173(9599KB) AllocSpace objects, 2(104KB) LOS objects, 49% free, 7322KB/14MB, paused 72us,36us total 730.467ms
04-12 18:43:23.739  6824  6904 D Detox.RNMarker: NATIVE_MODULE_SETUP_END (UIManager)
04-12 18:43:23.747  6824  6905 I vindra.comparez: WaitForGcToComplete blocked ClassLinker on NativeAlloc for 568.617ms
04-12 18:43:23.760  6824  6905 W vindra.comparez: Accessing hidden method Landroid/os/Trace;->isTagEnabled(J)Z (unsupported, reflection, allowed)
04-12 18:43:23.763  6824  6905 W vindra.comparez: Accessing hidden method Landroid/os/Trace;->traceBegin(JLjava/lang/String;)V (unsupported, reflection, allowed)
04-12 18:43:23.763  6824  6905 W vindra.comparez: Accessing hidden method Landroid/os/Trace;->traceEnd(J)V (unsupported, reflection, allowed)
04-12 18:43:23.764  6824  6905 W vindra.comparez: Accessing hidden method Landroid/os/Trace;->asyncTraceBegin(JLjava/lang/String;I)V (unsupported, reflection, allowed)
04-12 18:43:23.765  6824  6905 W vindra.comparez: Accessing hidden method Landroid/os/Trace;->asyncTraceEnd(JLjava/lang/String;I)V (unsupported, reflection, allowed)
04-12 18:43:23.822  6824  6905 I cr_WVCFactoryProvider: Loaded version=113.0.5672.136 minSdkVersion=29 isBundle=false multiprocess=true packageId=2
04-12 18:43:23.909  6824  6916 I cr_VariationsUtils: Failed reading seed file "/data/user/0/com.panviravindra.comparez/app_webview/variations_seed_new"
04-12 18:43:23.914  6824  6904 D Detox.RNMarker: NATIVE_MODULE_SETUP_START (SoundManager)
04-12 18:43:23.915  6824  6904 D Detox.RNMarker: CREATE_MODULE_START (SoundManager)
04-12 18:43:23.916  6824  6904 D Detox.RNMarker: CREATE_MODULE_END (SoundManager)
04-12 18:43:23.917  6824  6916 I cr_VariationsUtils: Failed reading seed file "/data/user/0/com.panviravindra.comparez/app_webview/variations_seed"
04-12 18:43:23.920  6824  6904 D Detox.RNMarker: NATIVE_MODULE_SETUP_END (SoundManager)
04-12 18:43:23.923  6824  6916 I cr_VariationsUtils: Requesting new seed from IVariationsSeedServer
04-12 18:43:24.049  6824  6905 I cr_LibraryLoader: Successfully loaded native library
04-12 18:43:24.065  6824  6905 I cr_CachingUmaRecorder: Flushed 10 samples from 10 histograms.
04-12 18:43:24.115  6824  6904 D Detox.RNMarker: NATIVE_MODULE_SETUP_START (ImageLoader)
04-12 18:43:24.116  6824  6904 D Detox.RNMarker: CREATE_MODULE_START (ImageLoader)
04-12 18:43:24.133  6824  6904 D Detox.RNMarker: CREATE_MODULE_END (ImageLoader)
04-12 18:43:24.163  6824  6904 D Detox.RNMarker: NATIVE_MODULE_SETUP_END (ImageLoader)
04-12 18:43:24.178  6824  6904 D Detox.RNMarker: NATIVE_MODULE_SETUP_START (IntentAndroid)
04-12 18:43:24.179  6824  6904 D Detox.RNMarker: CREATE_MODULE_START (IntentAndroid)
04-12 18:43:24.181  6824  6904 D Detox.RNMarker: CREATE_MODULE_END (IntentAndroid)
04-12 18:43:24.188  6824  6904 D Detox.RNMarker: NATIVE_MODULE_SETUP_END (IntentAndroid)
04-12 18:43:24.191  6824  6904 D Detox.RNMarker: NATIVE_MODULE_SETUP_START (LinkingManager)
04-12 18:43:24.197  6824  6923 D TrafficStats: tagSocket(136) with statsTag=0xffffffff, statsUid=-1
04-12 18:43:24.308  6824  6904 D Detox.RNMarker: NATIVE_MODULE_SETUP_START (DeviceEventManager)
04-12 18:43:24.338  6824  6904 D Detox.RNMarker: CREATE_MODULE_START (DeviceEventManager)
04-12 18:43:24.341  6824  6904 D Detox.RNMarker: CREATE_MODULE_END (DeviceEventManager)
04-12 18:43:24.348  6824  6904 D Detox.RNMarker: NATIVE_MODULE_SETUP_END (DeviceEventManager)
04-12 18:43:24.408  6824  6904 D Detox.RNMarker: NATIVE_MODULE_SETUP_START (NativeUnimoduleProxy)
04-12 18:43:24.470  6824  6904 I ExpoModulesCore: ✅ JSI interop was installed
04-12 18:43:24.479  6824  6904 I ExpoModulesCore: ✅ Constants were exported
04-12 18:43:24.488  6824  6904 D Detox.RNMarker: NATIVE_MODULE_SETUP_END (NativeUnimoduleProxy)
04-12 18:43:24.528  6824  6904 D Detox.RNMarker: NATIVE_MODULE_SETUP_START (ExpoUpdates)
04-12 18:43:24.530  6824  6904 D Detox.RNMarker: NATIVE_MODULE_SETUP_START (EXDevLauncher)
04-12 18:43:24.542  6824  6904 D Detox.RNMarker: NATIVE_MODULE_SETUP_START (ExpoUpdates)
04-12 18:43:24.544  6824  6904 D Detox.RNMarker: NATIVE_MODULE_SETUP_START (ExpoGo)
04-12 18:43:24.551  6824  6904 D Detox.RNMarker: NATIVE_MODULE_SETUP_START (ExpoGo)
04-12 18:43:24.659  6824  6904 D Detox.RNMarker: NATIVE_MODULE_SETUP_START (EXDevLauncher)
04-12 18:43:24.712  6824  6924 D TrafficStats: tagSocket(136) with statsTag=0xffffffff, statsUid=-1
04-12 18:43:24.972  6824  6904 D Detox.RNMarker: NATIVE_MODULE_SETUP_START (NativeAnimatedModule)
04-12 18:43:24.973  6824  6904 D Detox.RNMarker: CREATE_MODULE_START (NativeAnimatedModule)
04-12 18:43:24.976  6824  6904 D Detox.RNMarker: CREATE_MODULE_END (NativeAnimatedModule)
04-12 18:43:24.979  6824  6904 D Detox.RNMarker: NATIVE_MODULE_SETUP_END (NativeAnimatedModule)
04-12 18:43:25.092  6824  6904 D Detox.RNMarker: NATIVE_MODULE_SETUP_START (RNCSafeAreaContext)
04-12 18:43:25.093  6824  6904 D Detox.RNMarker: CREATE_MODULE_START (RNCSafeAreaContext)
04-12 18:43:25.096  6824  6904 D Detox.RNMarker: CREATE_MODULE_END (RNCSafeAreaContext)
04-12 18:43:25.100  6824  6904 D Detox.RNMarker: NATIVE_MODULE_SETUP_END (RNCSafeAreaContext)
04-12 18:43:25.141  6824  6904 D Detox.RNMarker: NATIVE_MODULE_SETUP_START (RNSModule)
04-12 18:43:25.142  6824  6904 D Detox.RNMarker: CREATE_MODULE_START (RNSModule)
04-12 18:43:25.160  6824  6904 D Detox.RNMarker: CREATE_MODULE_END (RNSModule)
04-12 18:43:25.177  6824  6904 D Detox.RNMarker: NATIVE_MODULE_SETUP_START (RNEdgeToEdge)
04-12 18:43:25.186  6824  6824 W UiControllerImpl: Waiting for: DYNAMIC_TASKS_HAVE_IDLED for 200 iterations.
04-12 18:43:25.228  6824  6904 D Detox.RNMarker: NATIVE_MODULE_SETUP_START (RNVectorIconsManager)
04-12 18:43:25.228  6824  6904 D Detox.RNMarker: NATIVE_MODULE_SETUP_START (RNVectorIconsModule)
04-12 18:43:25.231  6824  6904 D Detox.RNMarker: NATIVE_MODULE_SETUP_START (RNVectorIconsManager)
04-12 18:43:25.232  6824 