--------- beginning of main
04-12 19:12:32.104  9819  9819 D nativeloader: Configuring clns-6 for other apk /system/framework/android.test.runner.jar:/system/framework/android.test.mock.jar:/system/framework/android.test.base.jar:/data/app/~~0zF509mf1bIOxpgP-dMF3Q==/com.panviravindra.comparez.test-QkOdw0cnZUeW_zur7xsT4w==/base.apk:/data/app/~~jFf0PL4tICkL3kRQ8bCwyw==/com.panviravindra.comparez-SIMfUVP8vrS-GyXY-3yYjg==/base.apk. target_sdk_version=36, uses_libraries=, library_path=/data/app/~~0zF509mf1bIOxpgP-dMF3Q==/com.panviravindra.comparez.test-QkOdw0cnZUeW_zur7xsT4w==/lib/arm64:/data/app/~~jFf0PL4tICkL3kRQ8bCwyw==/com.panviravindra.comparez-SIMfUVP8vrS-GyXY-3yYjg==/lib/arm64:/data/app/~~0zF509mf1bIOxpgP-dMF3Q==/com.panviravindra.comparez.test-QkOdw0cnZUeW_zur7xsT4w==/base.apk!/lib/arm64-v8a:/data/app/~~jFf0PL4tICkL3kRQ8bCwyw==/com.panviravindra.comparez-SIMfUVP8vrS-GyXY-3yYjg==/base.apk!/lib/arm64-v8a, permitted_path=/data:/mnt/expand:/data/user/0/com.panviravindra.comparez
04-12 19:12:32.120  9819  9819 V GraphicsEnvironment: Currently set values for:
04-12 19:12:32.121  9819  9819 V GraphicsEnvironment:   angle_gl_driver_selection_pkgs=[]
04-12 19:12:32.121  9819  9819 V GraphicsEnvironment:   angle_gl_driver_selection_values=[]
04-12 19:12:32.121  9819  9819 V GraphicsEnvironment: ANGLE GameManagerService for com.panviravindra.comparez: false
04-12 19:12:32.121  9819  9819 V GraphicsEnvironment: com.panviravindra.comparez is not listed in per-application setting
04-12 19:12:32.121  9819  9819 V GraphicsEnvironment: Neither updatable production driver nor prerelease driver is supported.
04-12 19:12:32.130  9819  9819 D ApplicationLoaders: Returning zygote-cached class loader: /system/framework/android.test.base.jar
04-12 19:12:32.138  9819  9819 D nativeloader: Configuring clns-7 for other apk /system/framework/android.test.mock.jar. target_sdk_version=36, uses_libraries=ALL, library_path=/data/app/~~0zF509mf1bIOxpgP-dMF3Q==/com.panviravindra.comparez.test-QkOdw0cnZUeW_zur7xsT4w==/lib/arm64:/data/app/~~jFf0PL4tICkL3kRQ8bCwyw==/com.panviravindra.comparez-SIMfUVP8vrS-GyXY-3yYjg==/lib/arm64, permitted_path=/data:/mnt/expand
04-12 19:12:32.138  9819  9819 D ApplicationLoaders: Returning zygote-cached class loader: /system/framework/android.test.base.jar
04-12 19:12:32.146  9819  9819 D nativeloader: Configuring clns-8 for other apk /system/framework/android.test.runner.jar. target_sdk_version=36, uses_libraries=ALL, library_path=/data/app/~~0zF509mf1bIOxpgP-dMF3Q==/com.panviravindra.comparez.test-QkOdw0cnZUeW_zur7xsT4w==/lib/arm64:/data/app/~~jFf0PL4tICkL3kRQ8bCwyw==/com.panviravindra.comparez-SIMfUVP8vrS-GyXY-3yYjg==/lib/arm64, permitted_path=/data:/mnt/expand
04-12 19:12:32.148  9819  9819 W vindra.comparez: ClassLoaderContext shared library size mismatch. Expected=2, found=3 (PCL[]{PCL[/system/framework/android.test.base.jar*836642756]#PCL[/system/framework/android.test.mock.jar*3186112116]} | PCL[]{PCL[/system/framework/android.test.base.jar*836642756]#PCL[/system/framework/android.test.mock.jar*3186112116]#PCL[/system/framework/android.test.runner.jar*4168958247]{PCL[/system/framework/android.test.base.jar*836642756]#PCL[/system/framework/android.test.mock.jar*3186112116]}};PCL[/system/framework/android.test.runner.jar*4168958247:/system/framework/android.test.mock.jar*3186112116:/system/framework/android.test.base.jar*836642756:/data/app/~~0zF509mf1bIOxpgP-dMF3Q==/com.panviravindra.comparez.test-QkOdw0cnZUeW_zur7xsT4w==/base.apk*294246005:/data/app/~~0zF509mf1bIOxpgP-dMF3Q==/com.panviravindra.comparez.test-QkOdw0cnZUeW_zur7xsT4w==/base.apk!classes2.dex*4055916645:/data/app/~~0zF509mf1bIOxpgP-dMF3Q==/com.panviravindra.comparez.test-QkOdw0cnZUeW_zur7xsT4w==/base.apk!classes3.dex*2949407285:/data/app/~~0zF509mf1bIOxpgP-dMF3Q==/com.panviravindra.comparez.test-QkOdw0cnZUeW_zur7xsT4w==/base.apk!classes4.dex*2472856604:/data/app/~~0zF509mf1bIOxpgP-dMF3Q==/com.panviravindra.comparez.test-QkOdw0cnZUeW_zur7xsT4w==/base.apk!classes5.dex*449036524:/data/app/~~0zF509mf1bIOxpgP-dMF3Q==/com.panviravindra.comparez.test-QkOdw0cnZUeW_zur7xsT4w==/base.apk!classes6.dex*2622014904:/data/app/~~0zF509mf1bIOxpgP-dMF3Q==/com.panviravindra.comparez.test-QkOdw0cnZUeW_zur7xsT4w==/base.apk!classes7.dex*530900409:/data/app/~~0zF509mf1bIOxpgP-dMF3Q==/com.panviravindra.comparez.test-QkOdw0cnZUeW_zur7xsT4w==/base.apk!classes8.dex*4143867305:/data/app/~~0zF509mf1bIOxpgP-dMF3Q==/com.panviravindra.comparez.test-QkOdw0cnZUeW_zur7xsT4w==/base.apk!classes9.dex*4104667095:/data/app/~~0zF509mf1bIOxpgP-dMF3Q==/com.panviravindra.comparez.test-QkOdw0cnZUeW_zur7xsT4w==/base.apk!classes10.dex*3785976675:/data/app/~~0zF509mf1bIOxpgP-dMF3Q==/com.panviravindra.comparez.test-QkOdw0cnZUeW_zur7xsT4w==/base.apk!classes11.dex*747467643:/data/app/~~0zF509mf1bIOxpgP-dMF3Q==/com.panviravindra.comparez.test-QkOdw0cnZUeW_zur7xsT4w==/base.apk!classes12.dex*128433845:/data/app/~~0zF509mf1bIOxpgP-dMF3Q==/com.panviravindra.comparez.test-QkOdw0cnZUeW_zur7xsT4w==/base.apk!classes13.dex*3653805668:/data/app/~~0zF509mf1bIOxpgP-dMF3Q==/com.panviravindra.comparez.test-QkOdw0cnZUeW_zur7xsT4w==/base.apk!classes14.dex*1229665198:/data/app/~~0zF509mf1bIOxpgP-dMF3Q==/com.panviravindra.comparez.test-QkOdw0cnZUeW_zur7xsT4w==/base.apk!classes15.dex*638951780:/data/app/~~0zF509mf1bIOxpgP-dMF3Q==/com.panviravindra.comparez.test-QkOdw0cnZUeW_zur7xsT4w==/base.apk!classes16.dex*2498210027:/data/app/~~0zF509mf1bIOxpgP-dMF3Q==/com.panviravindra.comparez.test-QkOdw0cnZUeW_zur7xsT4w==/base.apk!classes17.dex*732076495:/data/app/~~0zF509mf1bIOxpgP-dMF3Q==/com.panviravindra.comparez.test-QkOdw0cnZUeW_zur7xsT4w==/base.apk!classes18.dex*238609134:/data/app/~~0zF509mf1bIOxpgP-dMF3Q==/com.panviravindra.comparez.test-QkOdw0cnZUeW_zur7xsT4w==/base.apk!classes19.dex*1407230120:/data/app/~~jFf0PL4tICkL3kRQ8bCwyw==/com.panviravindra.comparez-SIMfUVP8vrS-GyXY-3yYjg==/base.apk*93354197:/data/app/~~jFf0PL4tICkL3kRQ8bCwyw==/com.panviravindra.comparez-SIMfUVP8vrS-GyXY-3yYjg==/base.apk!classes2.dex*2402452363:/data/app/~~jFf0PL4tICkL3kRQ8bCwyw==/com.panviravindra.comparez-SIMfUVP8vrS-GyXY-3yYjg==/base.apk!classes3.dex*1876940571:/data/app/~~jFf0PL4tICkL3kRQ8bCwyw==/com.panviravindra.comparez-SIMfUVP8vrS-GyXY-3yYjg==/base.apk!classes4.dex*389630062:/data/app/~~jFf0PL4tICkL3kRQ8bCwyw==/com.panviravindra.comparez-SIMfUVP8vrS-GyXY-3yYjg==/base.apk!classes5.dex*1867390877:/data/app/~~jFf0PL4tICkL3kRQ8bCwyw==/com.panviravindra.comparez-SIMfUVP8vrS-GyXY-3yYjg==/base.apk!classes6.dex*4013537063:/data/app/~~jFf0PL4tICkL3kRQ8bCwyw==/com.panviravindra.comparez-SIMfUVP8vrS-GyXY-3yYjg==/base.apk!classes7.dex*3881050273:/data/app/~~jFf0PL4tICkL3kRQ8bCwyw==/com.panviravindra.comparez-SIMfUVP8vrS-GyXY-3yYjg==/base.apk!classes8.dex*4262563330:/data/app/~~jFf0PL4tICkL3kRQ8bCwyw==/com.panviravind
04-12 19:12:32.149  9819  9819 W vindra.comparez: ClassLoaderContext classpath size mismatch. expected=0, found=1 (PCL[] | PCL[/system/framework/android.test.runner.jar*4168958247]{PCL[/system/framework/android.test.base.jar*836642756]#PCL[/system/framework/android.test.mock.jar*3186112116]#PCL[/system/framework/android.test.runner.jar*4168958247]{PCL[/system/framework/android.test.base.jar*836642756]#PCL[/system/framework/android.test.mock.jar*3186112116]}};PCL[/system/framework/android.test.runner.jar*4168958247:/system/framework/android.test.mock.jar*3186112116:/system/framework/android.test.base.jar*836642756:/data/app/~~0zF509mf1bIOxpgP-dMF3Q==/com.panviravindra.comparez.test-QkOdw0cnZUeW_zur7xsT4w==/base.apk*294246005:/data/app/~~0zF509mf1bIOxpgP-dMF3Q==/com.panviravindra.comparez.test-QkOdw0cnZUeW_zur7xsT4w==/base.apk!classes2.dex*4055916645:/data/app/~~0zF509mf1bIOxpgP-dMF3Q==/com.panviravindra.comparez.test-QkOdw0cnZUeW_zur7xsT4w==/base.apk!classes3.dex*2949407285:/data/app/~~0zF509mf1bIOxpgP-dMF3Q==/com.panviravindra.comparez.test-QkOdw0cnZUeW_zur7xsT4w==/base.apk!classes4.dex*2472856604:/data/app/~~0zF509mf1bIOxpgP-dMF3Q==/com.panviravindra.comparez.test-QkOdw0cnZUeW_zur7xsT4w==/base.apk!classes5.dex*449036524:/data/app/~~0zF509mf1bIOxpgP-dMF3Q==/com.panviravindra.comparez.test-QkOdw0cnZUeW_zur7xsT4w==/base.apk!classes6.dex*2622014904:/data/app/~~0zF509mf1bIOxpgP-dMF3Q==/com.panviravindra.comparez.test-QkOdw0cnZUeW_zur7xsT4w==/base.apk!classes7.dex*530900409:/data/app/~~0zF509mf1bIOxpgP-dMF3Q==/com.panviravindra.comparez.test-QkOdw0cnZUeW_zur7xsT4w==/base.apk!classes8.dex*4143867305:/data/app/~~0zF509mf1bIOxpgP-dMF3Q==/com.panviravindra.comparez.test-QkOdw0cnZUeW_zur7xsT4w==/base.apk!classes9.dex*4104667095:/data/app/~~0zF509mf1bIOxpgP-dMF3Q==/com.panviravindra.comparez.test-QkOdw0cnZUeW_zur7xsT4w==/base.apk!classes10.dex*3785976675:/data/app/~~0zF509mf1bIOxpgP-dMF3Q==/com.panviravindra.comparez.test-QkOdw0cnZUeW_zur7xsT4w==/base.apk!classes11.dex*747467643:/data/app/~~0zF509mf1bIOxpgP-dMF3Q==/com.panviravindra.comparez.test-QkOdw0cnZUeW_zur7xsT4w==/base.apk!classes12.dex*128433845:/data/app/~~0zF509mf1bIOxpgP-dMF3Q==/com.panviravindra.comparez.test-QkOdw0cnZUeW_zur7xsT4w==/base.apk!classes13.dex*3653805668:/data/app/~~0zF509mf1bIOxpgP-dMF3Q==/com.panviravindra.comparez.test-QkOdw0cnZUeW_zur7xsT4w==/base.apk!classes14.dex*1229665198:/data/app/~~0zF509mf1bIOxpgP-dMF3Q==/com.panviravindra.comparez.test-QkOdw0cnZUeW_zur7xsT4w==/base.apk!classes15.dex*638951780:/data/app/~~0zF509mf1bIOxpgP-dMF3Q==/com.panviravindra.comparez.test-QkOdw0cnZUeW_zur7xsT4w==/base.apk!classes16.dex*2498210027:/data/app/~~0zF509mf1bIOxpgP-dMF3Q==/com.panviravindra.comparez.test-QkOdw0cnZUeW_zur7xsT4w==/base.apk!classes17.dex*732076495:/data/app/~~0zF509mf1bIOxpgP-dMF3Q==/com.panviravindra.comparez.test-QkOdw0cnZUeW_zur7xsT4w==/base.apk!classes18.dex*238609134:/data/app/~~0zF509mf1bIOxpgP-dMF3Q==/com.panviravindra.comparez.test-QkOdw0cnZUeW_zur7xsT4w==/base.apk!classes19.dex*1407230120:/data/app/~~jFf0PL4tICkL3kRQ8bCwyw==/com.panviravindra.comparez-SIMfUVP8vrS-GyXY-3yYjg==/base.apk*93354197:/data/app/~~jFf0PL4tICkL3kRQ8bCwyw==/com.panviravindra.comparez-SIMfUVP8vrS-GyXY-3yYjg==/base.apk!classes2.dex*2402452363:/data/app/~~jFf0PL4tICkL3kRQ8bCwyw==/com.panviravindra.comparez-SIMfUVP8vrS-GyXY-3yYjg==/base.apk!classes3.dex*1876940571:/data/app/~~jFf0PL4tICkL3kRQ8bCwyw==/com.panviravindra.comparez-SIMfUVP8vrS-GyXY-3yYjg==/base.apk!classes4.dex*389630062:/data/app/~~jFf0PL4tICkL3kRQ8bCwyw==/com.panviravindra.comparez-SIMfUVP8vrS-GyXY-3yYjg==/base.apk!classes5.dex*1867390877:/data/app/~~jFf0PL4tICkL3kRQ8bCwyw==/com.panviravindra.comparez-SIMfUVP8vrS-GyXY-3yYjg==/base.apk!classes6.dex*4013537063:/data/app/~~jFf0PL4tICkL3kRQ8bCwyw==/com.panviravindra.comparez-SIMfUVP8vrS-GyXY-3yYjg==/base.apk!classes7.dex*3881050273:/data/app/~~jFf0PL4tICkL3kRQ8bCwyw==/com.panviravindra.comparez-SIMfUVP8vrS-GyXY-3yYjg==/base.apk!classes8.dex*4262563330:/data/app/~~jFf0PL4tICkL3kRQ8bCwyw==/com.panviravindra.comparez-SIMfUVP8vrS-GyXY-3yYjg==/base.apk!classes9.dex*371028
04-12 19:12:32.150  9819  9819 W vindra.comparez: ClassLoaderContext classpath size mismatch. expected=0, found=2 (PCL[] | PCL[/system/framework/android.test.runner.jar*4168958247:/system/framework/android.test.mock.jar*3186112116]{PCL[/system/framework/android.test.base.jar*836642756]#PCL[/system/framework/android.test.mock.jar*3186112116]#PCL[/system/framework/android.test.runner.jar*4168958247]{PCL[/system/framework/android.test.base.jar*836642756]#PCL[/system/framework/android.test.mock.jar*3186112116]}};PCL[/system/framework/android.test.runner.jar*4168958247:/system/framework/android.test.mock.jar*3186112116:/system/framework/android.test.base.jar*836642756:/data/app/~~0zF509mf1bIOxpgP-dMF3Q==/com.panviravindra.comparez.test-QkOdw0cnZUeW_zur7xsT4w==/base.apk*294246005:/data/app/~~0zF509mf1bIOxpgP-dMF3Q==/com.panviravindra.comparez.test-QkOdw0cnZUeW_zur7xsT4w==/base.apk!classes2.dex*4055916645:/data/app/~~0zF509mf1bIOxpgP-dMF3Q==/com.panviravindra.comparez.test-QkOdw0cnZUeW_zur7xsT4w==/base.apk!classes3.dex*2949407285:/data/app/~~0zF509mf1bIOxpgP-dMF3Q==/com.panviravindra.comparez.test-QkOdw0cnZUeW_zur7xsT4w==/base.apk!classes4.dex*2472856604:/data/app/~~0zF509mf1bIOxpgP-dMF3Q==/com.panviravindra.comparez.test-QkOdw0cnZUeW_zur7xsT4w==/base.apk!classes5.dex*449036524:/data/app/~~0zF509mf1bIOxpgP-dMF3Q==/com.panviravindra.comparez.test-QkOdw0cnZUeW_zur7xsT4w==/base.apk!classes6.dex*2622014904:/data/app/~~0zF509mf1bIOxpgP-dMF3Q==/com.panviravindra.comparez.test-QkOdw0cnZUeW_zur7xsT4w==/base.apk!classes7.dex*530900409:/data/app/~~0zF509mf1bIOxpgP-dMF3Q==/com.panviravindra.comparez.test-QkOdw0cnZUeW_zur7xsT4w==/base.apk!classes8.dex*4143867305:/data/app/~~0zF509mf1bIOxpgP-dMF3Q==/com.panviravindra.comparez.test-QkOdw0cnZUeW_zur7xsT4w==/base.apk!classes9.dex*4104667095:/data/app/~~0zF509mf1bIOxpgP-dMF3Q==/com.panviravindra.comparez.test-QkOdw0cnZUeW_zur7xsT4w==/base.apk!classes10.dex*3785976675:/data/app/~~0zF509mf1bIOxpgP-dMF3Q==/com.panviravindra.comparez.test-QkOdw0cnZUeW_zur7xsT4w==/base.apk!classes11.dex*747467643:/data/app/~~0zF509mf1bIOxpgP-dMF3Q==/com.panviravindra.comparez.test-QkOdw0cnZUeW_zur7xsT4w==/base.apk!classes12.dex*128433845:/data/app/~~0zF509mf1bIOxpgP-dMF3Q==/com.panviravindra.comparez.test-QkOdw0cnZUeW_zur7xsT4w==/base.apk!classes13.dex*3653805668:/data/app/~~0zF509mf1bIOxpgP-dMF3Q==/com.panviravindra.comparez.test-QkOdw0cnZUeW_zur7xsT4w==/base.apk!classes14.dex*1229665198:/data/app/~~0zF509mf1bIOxpgP-dMF3Q==/com.panviravindra.comparez.test-QkOdw0cnZUeW_zur7xsT4w==/base.apk!classes15.dex*638951780:/data/app/~~0zF509mf1bIOxpgP-dMF3Q==/com.panviravindra.comparez.test-QkOdw0cnZUeW_zur7xsT4w==/base.apk!classes16.dex*2498210027:/data/app/~~0zF509mf1bIOxpgP-dMF3Q==/com.panviravindra.comparez.test-QkOdw0cnZUeW_zur7xsT4w==/base.apk!classes17.dex*732076495:/data/app/~~0zF509mf1bIOxpgP-dMF3Q==/com.panviravindra.comparez.test-QkOdw0cnZUeW_zur7xsT4w==/base.apk!classes18.dex*238609134:/data/app/~~0zF509mf1bIOxpgP-dMF3Q==/com.panviravindra.comparez.test-QkOdw0cnZUeW_zur7xsT4w==/base.apk!classes19.dex*1407230120:/data/app/~~jFf0PL4tICkL3kRQ8bCwyw==/com.panviravindra.comparez-SIMfUVP8vrS-GyXY-3yYjg==/base.apk*93354197:/data/app/~~jFf0PL4tICkL3kRQ8bCwyw==/com.panviravindra.comparez-SIMfUVP8vrS-GyXY-3yYjg==/base.apk!classes2.dex*2402452363:/data/app/~~jFf0PL4tICkL3kRQ8bCwyw==/com.panviravindra.comparez-SIMfUVP8vrS-GyXY-3yYjg==/base.apk!classes3.dex*1876940571:/data/app/~~jFf0PL4tICkL3kRQ8bCwyw==/com.panviravindra.comparez-SIMfUVP8vrS-GyXY-3yYjg==/base.apk!classes4.dex*389630062:/data/app/~~jFf0PL4tICkL3kRQ8bCwyw==/com.panviravindra.comparez-SIMfUVP8vrS-GyXY-3yYjg==/base.apk!classes5.dex*1867390877:/data/app/~~jFf0PL4tICkL3kRQ8bCwyw==/com.panviravindra.comparez-SIMfUVP8vrS-GyXY-3yYjg==/base.apk!classes6.dex*4013537063:/data/app/~~jFf0PL4tICkL3kRQ8bCwyw==/com.panviravindra.comparez-SIMfUVP8vrS-GyXY-3yYjg==/base.apk!classes7.dex*3881050273:/data/app/~~jFf0PL4tICkL3kRQ8bCwyw==/com.panviravindra.comparez-SIMfUVP8vrS-GyXY-3yYjg==/base.apk!classes8.dex*4262563330:/data/app/~~jFf0PL4tICkL3kRQ8bCwyw==/com.panviravindra.comparez-SI
04-12 19:12:32.151  9819  9819 W ziparchive: Unable to open '/data/app/~~0zF509mf1bIOxpgP-dMF3Q==/com.panviravindra.comparez.test-QkOdw0cnZUeW_zur7xsT4w==/base.dm': No such file or directory
04-12 19:12:32.151  9819  9819 W ziparchive: Unable to open '/data/app/~~0zF509mf1bIOxpgP-dMF3Q==/com.panviravindra.comparez.test-QkOdw0cnZUeW_zur7xsT4w==/base.dm': No such file or directory
04-12 19:12:32.268  9819  9819 W ziparchive: Unable to open '/data/app/~~jFf0PL4tICkL3kRQ8bCwyw==/com.panviravindra.comparez-SIMfUVP8vrS-GyXY-3yYjg==/base.dm': No such file or directory
04-12 19:12:32.268  9819  9819 W ziparchive: Unable to open '/data/app/~~jFf0PL4tICkL3kRQ8bCwyw==/com.panviravindra.comparez-SIMfUVP8vrS-GyXY-3yYjg==/base.dm': No such file or directory
04-12 19:12:32.741  9819  9819 I AndroidJUnitRunner: newApplication com.panviravindra.comparez.MainApplication
04-12 19:12:32.990  9819  9819 I AndroidJUnitRunner: onCreate Bundle[mParcelledData.dataSize=240]
04-12 19:12:32.992  9819  9819 D AndroidJUnitRunner: Use the raw file system for managing file I/O.
04-12 19:12:33.001  9819  9819 V TestEventClient: No service name argument was given (testDiscoveryService, testRunEventService or orchestratorService)
04-12 19:12:33.007  9819  9848 D AndroidJUnitRunner: onStart is called.
04-12 19:12:33.008  9819  9819 W SoLoader: Initializing SoLoader: 0
04-12 19:12:33.010  9819  9819 W SoLoader: Recording new base apk path: /data/app/~~jFf0PL4tICkL3kRQ8bCwyw==/com.panviravindra.comparez-SIMfUVP8vrS-GyXY-3yYjg==/base.apk
04-12 19:12:33.010  9819  9819 W SoLoader: Previously recorded 0 base apk paths.
04-12 19:12:33.013  9819  9819 I SoLoader: Preparing SO source: DirectorySoSource[root = /vendor/lib64 flags = 2]
04-12 19:12:33.015  9819  9819 I SoLoader: Preparing SO source: DirectorySoSource[root = /system/lib64 flags = 2]
04-12 19:12:33.016  9819  9819 I SoLoader: Preparing SO source: DirectApkSoSource[root = [/data/app/~~jFf0PL4tICkL3kRQ8bCwyw==/com.panviravindra.comparez-SIMfUVP8vrS-GyXY-3yYjg==/base.apk!/lib/arm64-v8a]]
04-12 19:12:33.079  9819  9819 I SoLoader: Preparing SO source: ApplicationSoSource[DirectorySoSource[root = /data/app/~~jFf0PL4tICkL3kRQ8bCwyw==/com.panviravindra.comparez-SIMfUVP8vrS-GyXY-3yYjg==/lib/arm64 flags = 0]]
04-12 19:12:33.080  9819  9819 I SoLoader: init finish: 4 SO sources prepared
04-12 19:12:33.080  9819  9819 W SoLoader: SoLoader initialized: 8
04-12 19:12:33.091  9819  9848 I InstrConnection: Could not send broadcast or register receiver (isolatedProcess?)
04-12 19:12:33.094  9819  9848 D TestRequestBuilder: Using class path scanning to discover tests
04-12 19:12:33.095  9819  9848 I TestRequestBuilder: Scanning classpath to find tests in paths [/data/app/~~0zF509mf1bIOxpgP-dMF3Q==/com.panviravindra.comparez.test-QkOdw0cnZUeW_zur7xsT4w==/base.apk]
04-12 19:12:33.096  9819  9848 W vindra.comparez: Opening an oat file without a class loader. Are you using the deprecated DexFile APIs?
04-12 19:12:34.624  9819  9848 I TestRunner: run started: 1 tests
04-12 19:12:34.625  9819  9848 I TestRunner: started: runDetoxTests(com.panviravindra.comparez.DetoxTest)
04-12 19:12:34.641  9819  9848 I Detox   : Detox server connection details: url=ws://localhost:63824, sessionId=3764c1cc-1521-7bed-5349-1453b57f1d44
04-12 19:12:34.649  9819  9848 W FileTestStorage: Output properties is not supported.
04-12 19:12:34.650  9819  9848 I Tracing : Tracer added: class androidx.test.platform.tracing.AndroidXTracer
04-12 19:12:34.661  9819  9848 D EventInjectionStrategy: Creating injection strategy with input manager.
04-12 19:12:34.667  9819  9848 W vindra.comparez: Accessing hidden method Landroid/hardware/input/InputManager;->getInstance()Landroid/hardware/input/InputManager; (unsupported, reflection, allowed)
04-12 19:12:34.669  9819  9848 W vindra.comparez: Accessing hidden method Landroid/hardware/input/InputManager;->injectInputEvent(Landroid/view/InputEvent;I)Z (unsupported, reflection, allowed)
04-12 19:12:34.669  9819  9848 W vindra.comparez: Accessing hidden field Landroid/hardware/input/InputManager;->INJECT_INPUT_EVENT_MODE_WAIT_FOR_FINISH:I (unsupported, reflection, allowed)
04-12 19:12:34.686  9819  9848 W vindra.comparez: Accessing hidden field Ljava/lang/reflect/Field;->accessFlags:I (unsupported, reflection, allowed)
04-12 19:12:34.690  9819  9848 I Detox   : Connecting to server...
04-12 19:12:34.691  9819  9848 I DetoxWSClient: At connectToServer
04-12 19:12:34.753  9819  9856 D TrafficStats: tagSocket(85) with statsTag=0xffffffff, statsUid=-1
04-12 19:12:34.774  9819  9856 D DetoxWSClient: At onOpen
04-12 19:12:34.774  9819  9856 I DetoxWSClient: Sending out action 'login' (ID #0)
04-12 19:12:34.777  9819  9856 I Detox   : Connected to server!
04-12 19:12:34.781  9819  9856 D DetoxWSClient: Received action 'loginSuccess' (ID #0, params={"testerConnected":true,"appConnected":true})
04-12 19:12:34.781  9819  9852 I DetoxDispatcher: Handling action 'loginSuccess' (ID #0)...
04-12 19:12:34.781  9819  9848 I Detox   : Launching the tested activity!
04-12 19:12:34.784  9819  9852 I DetoxDispatcher: Done with action 'loginSuccess'
04-12 19:12:34.825  9819  9856 D DetoxWSClient: Received action 'isReady' (ID #-1000, params={})
04-12 19:12:34.826  9819  9852 I DetoxDispatcher: Handling action 'isReady' (ID #-1000)...
04-12 19:12:35.100  9819  9868 D libEGL  : loaded /vendor/lib64/egl/libEGL_emulation.so
04-12 19:12:35.142  9819  9868 D libEGL  : loaded /vendor/lib64/egl/libGLESv1_CM_emulation.so
04-12 19:12:35.151  9819  9819 D AppCompatDelegate: Checking for metadata for AppLocalesMetadataHolderService : Service not found
04-12 19:12:35.159  9819  9868 D libEGL  : loaded /vendor/lib64/egl/libGLESv2_emulation.so
04-12 19:12:35.171  9819  9819 D LifecycleMonitor: Lifecycle status change: com.panviravindra.comparez.MainActivity@ae286b3 in: PRE_ON_CREATE
04-12 19:12:35.288  9819  9819 D jni_lib_merge: Entering merged library JNI_OnLoad.
04-12 19:12:35.291  9819  9819 D jni_lib_merge: Preparing 12 pre-merged libs (including stub)
04-12 19:12:35.291  9819  9819 D jni_lib_merge: Preparing to register libfabricjni_so.  onload_func: 0x6cc1eacce0
04-12 19:12:35.291  9819  9819 D jni_lib_merge: Preparing to register libreact_devsupportjni_so.  onload_func: 0x6cc20a6fc8
04-12 19:12:35.291  9819  9819 D jni_lib_merge: Preparing to register libreact_featureflagsjni_so.  onload_func: 0x6cc20b5518
04-12 19:12:35.291  9819  9819 D jni_lib_merge: Preparing to register libreact_newarchdefaults_so.  onload_func: 0x6cc211d6a8
04-12 19:12:35.292  9819  9819 D jni_lib_merge: Preparing to register libreactnativeblob_so.  onload_func: 0x6cc230dcb4
04-12 19:12:35.292  9819  9819 D jni_lib_merge: Preparing to register libreactnativejni_so.  onload_func: 0x6cc235b6bc
04-12 19:12:35.292  9819  9819 D jni_lib_merge: Preparing to register libreactnativejni_common_so.  onload_func: 0x6cc236c044
04-12 19:12:35.292  9819  9819 D jni_lib_merge: Preparing to register librninstance_so.  onload_func: 0x6cc23b3764
04-12 19:12:35.292  9819  9819 D jni_lib_merge: Preparing to register libturbomodulejsijni_so.  onload_func: 0x6cc24cbf68
04-12 19:12:35.292  9819  9819 D jni_lib_merge: Preparing to register libuimanagerjni_so.  onload_func: 0x6cc24e4fb8
04-12 19:12:35.292  9819  9819 D jni_lib_merge: Preparing to register libyoga_so.  onload_func: 0x6cc24f4a3c
04-12 19:12:35.292  9819  9819 D jni_lib_merge: About to register 11 actual methods.
04-12 19:12:35.312  9819  9819 D Detox.RNMarker: BUILD_REACT_INSTANCE_MANAGER_START (null)
04-12 19:12:35.333  9819  9819 D Detox.RNMarker: BUILD_REACT_INSTANCE_MANAGER_END (null)
04-12 19:12:35.336  9819  9819 W SoLoader: SoLoader already initialized
04-12 19:12:35.362  9819  9819 D jni_lib_merge: Entering merged library JNI_OnLoad.
04-12 19:12:35.363  9819  9819 D jni_lib_merge: Preparing 4 pre-merged libs (including stub)
04-12 19:12:35.364  9819  9819 D jni_lib_merge: Preparing to register libhermes_executor_so.  onload_func: 0x6cbaaf97e0
04-12 19:12:35.364  9819  9819 D jni_lib_merge: Preparing to register libhermesinstancejni_so.  onload_func: 0x6cbab2f26c
04-12 19:12:35.364  9819  9819 D jni_lib_merge: Preparing to register libjsijniprofiler_so.  onload_func: 0x6cbab312bc
04-12 19:12:35.364  9819  9819 D jni_lib_merge: About to register 3 actual methods.
04-12 19:12:35.366  9819  9819 W SoLoader: SoLoader already initialized
04-12 19:12:35.446  9819  9819 W vindra.comparez: Accessing hidden method Landroid/view/ViewGroup;->makeOptionalFitsSystemWindows()V (unsupported, reflection, allowed)
04-12 19:12:35.455  9819  9819 D LifecycleMonitor: Lifecycle status change: com.panviravindra.comparez.MainActivity@ae286b3 in: CREATED
04-12 19:12:35.461  9819  9819 D LifecycleMonitor: Lifecycle status change: com.panviravindra.comparez.MainActivity@ae286b3 in: STARTED
04-12 19:12:35.469  9819  9819 D LifecycleMonitor: Lifecycle status change: com.panviravindra.comparez.MainActivity@ae286b3 in: RESUMED
04-12 19:12:35.479  9819  9819 D CompatibilityChangeReporter: Compat change id reported: 237531167; UID 10207; state: DISABLED
04-12 19:12:35.485  9819  9819 W OpenGLRenderer: Unknown dataspace 0
04-12 19:12:35.494  9819  9874 D TrafficStats: tagSocket(93) with statsTag=0xffffffff, statsUid=-1
04-12 19:12:35.551  9819  9865 W OpenGLRenderer: Failed to choose config with EGL_SWAP_BEHAVIOR_PRESERVED, retrying without...
04-12 19:12:35.560  9819  9865 W OpenGLRenderer: Failed to initialize 101010-2 format, error = EGL_SUCCESS
04-12 19:12:35.597  9819  9865 I Gralloc4: mapper 4.x is not supported
04-12 19:12:35.622  9819  9865 E OpenGLRenderer: Unable to match the desired swap behavior.
04-12 19:12:35.862  9819  9819 D Detox.RNMarker: DOWNLOAD_START (null)
04-12 19:12:35.877  9819  9819 D CompatibilityChangeReporter: Compat change id reported: 210923482; UID 10207; state: ENABLED
04-12 19:12:35.897  9819  9870 W vindra.comparez: Verification of void com.facebook.react.packagerconnection.ReconnectingWebSocket.<clinit>() took 409.978ms (53.66 bytecodes/s) (1808B approximate peak alloc)
04-12 19:12:35.932  9819  9865 E OpenGLRenderer: Unable to match the desired swap behavior.
04-12 19:12:36.068  9819  9883 D TrafficStats: tagSocket(115) with statsTag=0xffffffff, statsUid=-1
04-12 19:12:36.226  9819  9884 D TrafficStats: tagSocket(119) with statsTag=0xffffffff, statsUid=-1
04-12 19:12:36.761  9819  9886 D TrafficStats: tagSocket(120) with statsTag=0xffffffff, statsUid=-1
04-12 19:12:37.479  9819  9819 W WindowOnBackDispatcher: sendCancelIfRunning: isInProgress=falsecallback=android.view.ViewRootImpl$$ExternalSyntheticLambda17@47419a2
04-12 19:12:37.528  9819  9874 D Detox.RNMarker: DOWNLOAD_END ({"url":"http:\/\/10.0.2.2:8081\/.expo\/.virtual-metro-entry.bundle?platform=android&dev=true&lazy=true&minify=false&app=com.panviravindra.comparez&modulesOnly=false&runModule=true&excludeSource=true&sourcePaths=url-server","filesChangedCount":1})
04-12 19:12:37.530  9819  9819 D Detox.RNMarker: REACT_BRIDGE_LOADING_START (null)
04-12 19:12:37.532  9819  9887 D Detox.RNMarker: CREATE_REACT_CONTEXT_START (HermesExecutorDebug)
04-12 19:12:37.534  9819  9887 D Detox.RNMarker: PROCESS_PACKAGES_START (null)
04-12 19:12:37.543  9819  9887 D Detox.RNMarker: CREATE_MODULE_START (FrescoModule)
04-12 19:12:37.546  9819  9887 D Detox.RNMarker: CREATE_MODULE_END (FrescoModule)
04-12 19:12:37.720  9819  9887 I ExpoModulesCore: ✅ AppContext was initialized
04-12 19:12:37.723  9819  9887 D Detox.RNMarker: PROCESS_PACKAGES_END (null)
04-12 19:12:37.726  9819  9887 D Detox.RNMarker: CREATE_CATALYST_INSTANCE_START (null)
04-12 19:12:37.736  9819  9887 D Detox.RNMarker: CREATE_CATALYST_INSTANCE_END (null)
04-12 19:12:37.737  9819  9887 D Detox.RNMarker: PRE_RUN_JS_BUNDLE_START (null)
04-12 19:12:37.740  9819  9892 D Detox.RNMarker: CREATE_REACT_CONTEXT_END (null)
04-12 19:12:37.743  9819  9892 D Detox.RNMarker: RUN_JS_BUNDLE_START (/.virtual-metro-entry.bundle?platform=android&dev=true&lazy=true&minify=false&app=com.panviravindra.comparez&modulesOnly=false&runModule=true&excludeSource=true&sourcePaths=url-server)
04-12 19:12:37.755  9819  9819 W unknown:ReactNative: Packager connection already open, nooping.
04-12 19:12:37.757  9819  9893 D Detox.RNMarker: CREATE_MODULE_START (UIManager)
04-12 19:12:37.831  9819  9848 D DetoxRNLoading: Got new RN-context explicitly while polling (#iteration=2)
04-12 19:12:37.833  9819  9848 I DetoxRNIdleRes: Setting up Espresso Idling Resources for React Native
04-12 19:12:37.838  9819  9819 I Detox   : PATCHED FACTORY: Disabling all idling resources for RN 0.81 compatibility
04-12 19:12:37.840  9819  9852 W vindra.comparez: Long monitor contention with owner Instr: androidx.test.runner.AndroidJUnitRunner (9848) at void com.wix.detox.DetoxMain.launchActivityOnCue(android.content.Context, com.wix.detox.ActivityLaunchHelper)(DetoxMain.kt:53) waiters=0 in void com.wix.detox.DetoxMain$setupActionHandlers$SynchronizedActionHandler.handle(java.lang.String, long) for 3.014s
04-12 19:12:37.842  9819  9819 W vindra.comparez: Accessing hidden method Landroid/os/MessageQueue;->next()Landroid/os/Message; (unsupported, reflection, allowed)
04-12 19:12:37.842  9819  9819 W vindra.comparez: Accessing hidden field Landroid/os/MessageQueue;->mMessages:Landroid/os/Message; (unsupported, reflection, allowed)
04-12 19:12:37.844  9819  9819 W vindra.comparez: Accessing hidden method Landroid/os/Message;->recycleUnchecked()V (unsupported, reflection, allowed)
04-12 19:12:37.879  9819  9893 W unknown:ViewManagerPropertyUpdater: Could not find generated setter for class com.facebook.react.views.debuggingoverlay.DebuggingOverlayManager
04-12 19:12:37.907  9819  9893 W unknown:ViewManagerPropertyUpdater: Could not find generated setter for class com.facebook.react.uimanager.LayoutShadowNode
04-12 19:12:37.920  9819  9893 W unknown:ViewManagerPropertyUpdater: Could not find generated setter for class com.facebook.react.views.drawer.ReactDrawerLayoutManager
04-12 19:12:37.937  9819  9893 W unknown:ViewManagerPropertyUpdater: Could not find generated setter for class com.facebook.react.views.scroll.ReactHorizontalScrollViewManager
04-12 19:12:37.958  9819  9893 W unknown:ViewManagerPropertyUpdater: Could not find generated setter for class com.facebook.react.views.scroll.ReactHorizontalScrollContainerViewManager
04-12 19:12:37.992  9819  9893 W unknown:ViewManagerPropertyUpdater: Could not find generated setter for class com.facebook.react.views.progressbar.ReactProgressBarViewManager
04-12 19:12:37.994  9819  9893 W unknown:ViewManagerPropertyUpdater: Could not find generated setter for class com.facebook.react.views.progressbar.ProgressBarShadowNode
04-12 19:12:37.997  9819  9893 W unknown:ViewManagerPropertyUpdater: Could not find generated setter for class com.facebook.react.views.scroll.ReactScrollViewManager
04-12 19:12:38.005  9819  9893 W unknown:ViewManagerPropertyUpdater: Could not find generated setter for class com.facebook.react.views.switchview.ReactSwitchManager
04-12 19:12:38.013  9819  9893 W unknown:ViewManagerPropertyUpdater: Could not find generated setter for class com.facebook.react.views.switchview.ReactSwitchShadowNode
04-12 19:12:38.014  9819  9893 W unknown:ViewManagerPropertyUpdater: Could not find generated setter for class com.facebook.react.views.safeareaview.ReactSafeAreaViewManager
04-12 19:12:38.019  9819  9893 W unknown:ViewManagerPropertyUpdater: Could not find generated setter for class com.facebook.react.views.safeareaview.ReactSafeAreaViewShadowNode
04-12 19:12:38.021  9819  9893 W unknown:ViewManagerPropertyUpdater: Could not find generated setter for class com.facebook.react.views.swiperefresh.SwipeRefreshLayoutManager
04-12 19:12:38.029  9819  9893 W unknown:ViewManagerPropertyUpdater: Could not find generated setter for class com.facebook.react.views.text.frescosupport.FrescoBasedReactTextInlineImageViewManager
04-12 19:12:38.030  9819  9893 W unknown:ViewManagerPropertyUpdater: Could not find generated setter for class com.facebook.react.views.text.frescosupport.FrescoBasedReactTextInlineImageShadowNode
04-12 19:12:38.041  9819  9893 W unknown:ViewManagerPropertyUpdater: Could not find generated setter for class com.facebook.react.views.image.ReactImageManager
04-12 19:12:38.059  9819  9893 W unknown:ViewManagerPropertyUpdater: Could not find generated setter for class com.facebook.react.views.modal.ReactModalHostManager
04-12 19:12:38.062  9819  9893 W unknown:ViewManagerPropertyUpdater: Could not find generated setter for class com.facebook.react.views.text.ReactRawTextManager
04-12 19:12:38.067  9819  9893 W unknown:ViewManagerPropertyUpdater: Could not find generated setter for class com.facebook.react.views.text.ReactRawTextShadowNode
04-12 19:12:38.069  9819  9893 W unknown:ViewManagerPropertyUpdater: Could not find generated setter for class com.facebook.react.views.textinput.ReactTextInputManager
04-12 19:12:38.074  9819  9893 W unknown:ViewManagerPropertyUpdater: Could not find generated setter for class com.facebook.react.views.textinput.ReactTextInputShadowNode
04-12 19:12:38.099  9819  9893 W unknown:ViewManagerPropertyUpdater: Could not find generated setter for class com.facebook.react.views.text.ReactTextViewManager
04-12 19:12:38.106  9819  9893 W unknown:ViewManagerPropertyUpdater: Could not find generated setter for class com.facebook.react.views.text.ReactTextShadowNode
04-12 19:12:38.114  9819  9893 W unknown:ViewManagerPropertyUpdater: Could not find generated setter for class com.facebook.react.views.view.ReactViewManager
04-12 19:12:38.119  9819  9893 W unknown:ViewManagerPropertyUpdater: Could not find generated setter for class com.facebook.react.views.text.ReactVirtualTextViewManager
04-12 19:12:38.125  9819  9893 W unknown:ViewManagerPropertyUpdater: Could not find generated setter for class com.facebook.react.views.text.ReactVirtualTextShadowNode
04-12 19:12:38.129  9819  9893 W unknown:ViewManagerPropertyUpdater: Could not find generated setter for class com.facebook.react.views.unimplementedview.ReactUnimplementedViewManager
04-12 19:12:38.138  9819  9893 W unknown:ViewManagerPropertyUpdater: Could not find generated setter for class expo.modules.kotlin.views.GroupViewManagerWrapper
04-12 19:12:38.155  9819  9893 W unknown:ViewManagerPropertyUpdater: Could not find generated setter for class expo.modules.kotlin.views.SimpleViewManagerWrapper
04-12 19:12:38.166  9819  9893 W unknown:ViewManagerPropertyUpdater: Could not find generated setter for class com.th3rdwave.safeareacontext.SafeAreaProviderManager
04-12 19:12:38.173  9819  9893 W unknown:ViewManagerPropertyUpdater: Could not find generated setter for class com.th3rdwave.safeareacontext.SafeAreaViewManager
04-12 19:12:38.175  9819  9893 W unknown:ViewManagerPropertyUpdater: Could not find generated setter for class com.th3rdwave.safeareacontext.SafeAreaViewShadowNode
04-12 19:12:38.183  9819  9893 W unknown:ViewManagerPropertyUpdater: Could not find generated setter for class com.swmansion.rnscreens.ScreenContainerViewManager
04-12 19:12:38.191  9819  9893 W unknown:ViewManagerPropertyUpdater: Could not find generated setter for class com.swmansion.rnscreens.ScreenViewManager
04-12 19:12:38.199  9819  9893 W unknown:ViewManagerPropertyUpdater: Could not find generated setter for class com.swmansion.rnscreens.ModalScreenViewManager
04-12 19:12:38.201  9819  9893 W unknown:ViewManagerPropertyUpdater: Could not find generated setter for class com.swmansion.rnscreens.ScreenStackViewManager
04-12 19:12:38.202  9819  9893 W unknown:ViewManagerPropertyUpdater: Could not find generated setter for class com.swmansion.rnscreens.ScreenStackHeaderConfigViewManager
04-12 19:12:38.210  9819  9893 W unknown:ViewManagerPropertyUpdater: Could not find generated setter for class com.swmansion.rnscreens.ScreenStackHeaderSubviewManager
04-12 19:12:38.213  9819  9893 W unknown:ViewManagerPropertyUpdater: Could not find generated setter for class com.swmansion.rnscreens.SearchBarManager
04-12 19:12:38.221  9819  9893 W unknown:ViewManagerPropertyUpdater: Could not find generated setter for class com.swmansion.rnscreens.ScreenFooterManager
04-12 19:12:38.229  9819  9893 W unknown:ViewManagerPropertyUpdater: Could not find generated setter for class com.swmansion.rnscreens.ScreenContentWrapperManager
04-12 19:12:38.231  9819  9893 W unknown:ViewManagerPropertyUpdater: Could not find generated setter for class com.swmansion.rnscreens.gamma.tabs.TabsHostViewManager
04-12 19:12:38.243  9819  9893 W unknown:ViewManagerPropertyUpdater: Could not find generated setter for class com.swmansion.rnscreens.gamma.tabs.TabScreenViewManager
04-12 19:12:38.246  9819  9893 W unknown:ViewManagerPropertyUpdater: Could not find generated setter for class com.reactnativecommunity.webview.RNCWebViewManager
04-12 19:12:38.295  9819  9893 D Detox.RNMarker: CREATE_MODULE_END (UIManager)
04-12 19:12:38.335  9819  9893 D Detox.RNMarker: REACT_BRIDGE_LOADING_END (null)
04-12 19:12:38.356  9819  9819 I DetoxRNLoading: Got new RN-context directly through listener
04-12 19:12:38.429  9819  9892 D Detox.RNMarker: NATIVE_MODULE_SETUP_START (NativePerformanceCxx)
04-12 19:12:38.436  9819  9892 D Detox.RNMarker: NATIVE_MODULE_SETUP_START (PlatformConstants)
04-12 19:12:38.437  9819  9892 D Detox.RNMarker: CREATE_MODULE_START (PlatformConstants)
04-12 19:12:38.438  9819  9892 D Detox.RNMarker: CREATE_MODULE_END (PlatformConstants)
04-12 19:12:38.445  9819  9892 D Detox.RNMarker: NATIVE_MODULE_SETUP_END (PlatformConstants)
04-12 19:12:38.456  9819  9892 D Detox.RNMarker: NATIVE_MODULE_SETUP_START (DevSettings)
04-12 19:12:38.457  9819  9892 D Detox.RNMarker: CREATE_MODULE_START (DevSettings)
04-12 19:12:38.458  9819  9892 D Detox.RNMarker: CREATE_MODULE_END (DevSettings)
04-12 19:12:38.461  9819  9892 D Detox.RNMarker: NATIVE_MODULE_SETUP_END (DevSettings)
04-12 19:12:38.462  9819  9892 D Detox.RNMarker: NATIVE_MODULE_SETUP_START (LogBox)
04-12 19:12:38.463  9819  9892 D Detox.RNMarker: CREATE_MODULE_START (LogBox)
04-12 19:12:38.464  9819  9892 D Detox.RNMarker: CREATE_MODULE_END (LogBox)
04-12 19:12:38.466  9819  9892 D Detox.RNMarker: NATIVE_MODULE_SETUP_END (LogBox)
04-12 19:12:38.471  9819  9892 D Detox.RNMarker: NATIVE_MODULE_SETUP_START (SourceCode)
04-12 19:12:38.471  9819  9892 D Detox.RNMarker: CREATE_MODULE_START (SourceCode)
04-12 19:12:38.472  9819  9892 D Detox.RNMarker: CREATE_MODULE_END (SourceCode)
04-12 19:12:38.473  9819  9892 D Detox.RNMarker: NATIVE_MODULE_SETUP_END (SourceCode)
04-12 19:12:38.545  9819  9892 D Detox.RNMarker: NATIVE_MODULE_SETUP_START (Timing)
04-12 19:12:38.546  9819  9892 D Detox.RNMarker: CREATE_MODULE_START (Timing)
04-12 19:12:38.550  9819  9892 D Detox.RNMarker: CREATE_MODULE_END (Timing)
04-12 19:12:38.551  9819  9892 D Detox.RNMarker: NATIVE_MODULE_SETUP_END (Timing)
04-12 19:12:38.566  9819  9892 D Detox.RNMarker: NATIVE_MODULE_SETUP_START (ReactDevToolsSettingsManager)
04-12 19:12:38.566  9819  9892 D Detox.RNMarker: CREATE_MODULE_START (ReactDevToolsSettingsManager)
04-12 19:12:38.570  9819  9892 D Detox.RNMarker: CREATE_MODULE_END (ReactDevToolsSettingsManager)
04-12 19:12:38.571  9819  9892 D Detox.RNMarker: NATIVE_MODULE_SETUP_END (ReactDevToolsSettingsManager)
04-12 19:12:38.573  9819  9892 D Detox.RNMarker: NATIVE_MODULE_SETUP_START (ReactDevToolsRuntimeSettingsModule)
04-12 19:12:38.573  9819  9892 D Detox.RNMarker: CREATE_MODULE_START (ReactDevToolsRuntimeSettingsModule)
04-12 19:12:38.574  9819  9892 D Detox.RNMarker: CREATE_MODULE_END (ReactDevToolsRuntimeSettingsModule)
04-12 19:12:38.575  9819  9892 D Detox.RNMarker: NATIVE_MODULE_SETUP_END (ReactDevToolsRuntimeSettingsModule)
04-12 19:12:38.591  9819  9892 D Detox.RNMarker: NATIVE_MODULE_SETUP_START (NativeReactNativeFeatureFlagsCxx)
04-12 19:12:38.608  9819  9892 D Detox.RNMarker: NATIVE_MODULE_SETUP_START (AppState)
04-12 19:12:38.608  9819  9892 D Detox.RNMarker: CREATE_MODULE_START (AppState)
04-12 19:12:38.612  9819  9892 D Detox.RNMarker: CREATE_MODULE_END (AppState)
04-12 19:12:38.613  9819  9892 D Detox.RNMarker: NATIVE_MODULE_SETUP_END (AppState)
04-12 19:12:38.626  9819  9892 D Detox.RNMarker: NATIVE_MODULE_SETUP_START (BlobModule)
04-12 19:12:38.626  9819  9892 D Detox.RNMarker: CREATE_MODULE_START (BlobModule)
04-12 19:12:38.628  9819  9892 D Detox.RNMarker: CREATE_MODULE_END (BlobModule)
04-12 19:12:38.629  9819  9892 D Detox.RNMarker: NATIVE_MODULE_SETUP_END (BlobModule)
04-12 19:12:38.633  9819  9892 D Detox.RNMarker: NATIVE_MODULE_SETUP_START (WebSocketModule)
04-12 19:12:38.633  9819  9892 D Detox.RNMarker: CREATE_MODULE_START (WebSocketModule)
04-12 19:12:38.637  9819  9892 D Detox.RNMarker: CREATE_MODULE_END (WebSocketModule)
04-12 19:12:38.638  9819  9892 D Detox.RNMarker: NATIVE_MODULE_SETUP_END (WebSocketModule)
04-12 19:12:38.666  9819  9892 D Detox.RNMarker: NATIVE_MODULE_SETUP_START (RedBox)
04-12 19:12:38.671  9819  9893 I WebViewFactory: Loading com.google.android.webview version 113.0.5672.136 (code 567263634)
04-12 19:12:38.703  9819  9892 D Detox.RNMarker: NATIVE_MODULE_SETUP_START (Networking)
04-12 19:12:38.704  9819  9892 D Detox.RNMarker: CREATE_MODULE_START (Networking)
04-12 19:12:38.707  9819  9893 W ziparchive: Unable to open '/data/app/~~rGDTFsEgVNAQR7v9a9DBnw==/com.google.android.trichromelibrary_567263634-3Q4C4Nt6E9KMMziAv9ANGg==/TrichromeLibrary.dm': No such file or directory
04-12 19:12:38.707  9819  9893 W ziparchive: Unable to open '/data/app/~~rGDTFsEgVNAQR7v9a9DBnw==/com.google.android.trichromelibrary_567263634-3Q4C4Nt6E9KMMziAv9ANGg==/TrichromeLibrary.dm': No such file or directory
04-12 19:12:38.708  9819  9893 W vindra.comparez: Entry not found
04-12 19:12:38.710  9819  9893 D nativeloader: Configuring clns-9 for other apk /data/app/~~rGDTFsEgVNAQR7v9a9DBnw==/com.google.android.trichromelibrary_567263634-3Q4C4Nt6E9KMMziAv9ANGg==/TrichromeLibrary.apk. target_sdk_version=34, uses_libraries=ALL, library_path=/data/app/~~Yw2cewKRy1ALIz8qfFlwsw==/com.google.android.webview-CDaciHExabTqd-t8TQiv4Q==/lib/arm64:/data/app/~~Yw2cewKRy1ALIz8qfFlwsw==/com.google.android.webview-CDaciHExabTqd-t8TQiv4Q==/WebViewGoogle.apk!/lib/arm64-v8a:/data/app/~~rGDTFsEgVNAQR7v9a9DBnw==/com.google.android.trichromelibrary_567263634-3Q4C4Nt6E9KMMziAv9ANGg==/TrichromeLibrary.apk!/lib/arm64-v8a, permitted_path=/data:/mnt/expand
04-12 19:12:38.723  9819  9892 D Detox.RNMarker: CREATE_MODULE_END (Networking)
04-12 19:12:38.725  9819  9892 D Detox.RNMarker: NATIVE_MODULE_SETUP_END (Networking)
04-12 19:12:38.728  9819  9892 D Detox.RNMarker: NATIVE_MODULE_SETUP_START (DevLoadingView)
04-12 19:12:38.740  9819  9892 D Detox.RNMarker: CREATE_MODULE_START (DevLoadingView)
04-12 19:12:38.741  9819  9892 D Detox.RNMarker: CREATE_MODULE_END (DevLoadingView)
04-12 19:12:38.742  9819  9892 D Detox.RNMarker: NATIVE_MODULE_SETUP_END (DevLoadingView)
04-12 19:12:38.745  9819  9893 D nativeloader: Configuring clns-10 for other apk /data/app/~~Yw2cewKRy1ALIz8qfFlwsw==/com.google.android.webview-CDaciHExabTqd-t8TQiv4Q==/WebViewGoogle.apk. target_sdk_version=34, uses_libraries=, library_path=/data/app/~~Yw2cewKRy1ALIz8qfFlwsw==/com.google.android.webview-CDaciHExabTqd-t8TQiv4Q==/lib/arm64:/data/app/~~Yw2cewKRy1ALIz8qfFlwsw==/com.google.android.webview-CDaciHExabTqd-t8TQiv4Q==/WebViewGoogle.apk!/lib/arm64-v8a:/data/app/~~rGDTFsEgVNAQR7v9a9DBnw==/com.google.android.trichromelibrary_567263634-3Q4C4Nt6E9KMMziAv9ANGg==/TrichromeLibrary.apk!/lib/arm64-v8a, permitted_path=/data:/mnt/expand
04-12 19:12:38.760  9819  9892 D Detox.RNMarker: NATIVE_MODULE_SETUP_START (HeadlessJsTaskSupport)
04-12 19:12:38.761  9819  9892 D Detox.RNMarker: CREATE_MODULE_START (HeadlessJsTaskSupport)
04-12 19:12:38.761  9819  9892 D Detox.RNMarker: CREATE_MODULE_END (HeadlessJsTaskSupport)
04-12 19:12:38.762  9819  9892 D Detox.RNMarker: NATIVE_MODULE_SETUP_END (HeadlessJsTaskSupport)
04-12 19:12:38.787  9819  9892 D Detox.RNMarker: NATIVE_MODULE_SETUP_START (DeviceInfo)
04-12 19:12:38.788  9819  9892 D Detox.RNMarker: CREATE_MODULE_START (DeviceInfo)
04-12 19:12:38.788  9819  9892 D Detox.RNMarker: CREATE_MODULE_END (DeviceInfo)
04-12 19:12:38.791  9819  9892 D Detox.RNMarker: NATIVE_MODULE_SETUP_END (DeviceInfo)
04-12 19:12:38.805  9819  9892 D Detox.RNMarker: NATIVE_MODULE_SETUP_START (UIManager)
04-12 19:12:38.814  9819  9893 W vindra.comparez: Accessing hidden method Landroid/os/Trace;->isTagEnabled(J)Z (unsupported, reflection, allowed)
04-12 19:12:38.828  9819  9893 W vindra.comparez: Accessing hidden method Landroid/os/Trace;->traceBegin(JLjava/lang/String;)V (unsupported, reflection, allowed)
04-12 19:12:38.828  9819  9893 W vindra.comparez: Accessing hidden method Landroid/os/Trace;->traceEnd(J)V (unsupported, reflection, allowed)
04-12 19:12:38.828  9819  9893 W vindra.comparez: Accessing hidden method Landroid/os/Trace;->asyncTraceBegin(JLjava/lang/String;I)V (unsupported, reflection, allowed)
04-12 19:12:38.828  9819  9893 W vindra.comparez: Accessing hidden method Landroid/os/Trace;->asyncTraceEnd(JLjava/lang/String;I)V (unsupported, reflection, allowed)
04-12 19:12:38.854  9819  9893 I cr_WVCFactoryProvider: Loaded version=113.0.5672.136 minSdkVersion=29 isBundle=false multiprocess=true packageId=2
04-12 19:12:38.909  9819  9904 I cr_VariationsUtils: Failed reading seed file "/data/user/0/com.panviravindra.comparez/app_webview/variations_seed_new"
04-12 19:12:38.910  9819  9904 I cr_VariationsUtils: Failed reading seed file "/data/user/0/com.panviravindra.comparez/app_webview/variations_seed"
04-12 19:12:38.945  9819  9893 I cr_LibraryLoader: Successfully loaded native library
04-12 19:12:38.947  9819  9893 I cr_CachingUmaRecorder: Flushed 8 samples from 8 histograms.
04-12 19:12:38.992  9819  9907 D TrafficStats: tagSocket(133) with statsTag=0xffffffff, statsUid=-1
04-12 19:12:39.056  9819  9892 D Detox.RNMarker: NATIVE_MODULE_SETUP_END (UIManager)
04-12 19:12:39.092  9819  9908 D ProfileInstaller: Installing profile for com.panviravindra.comparez
04-12 19:12:39.114  9819  9892 D Detox.RNMarker: NATIVE_MODULE_SETUP_START (SoundManager)
04-12 19:12:39.115  9819  9892 D Detox.RNMarker: CREATE_MODULE_START (SoundManager)
04-12 19:12:39.116  9819  9892 D Detox.RNMarker: CREATE_MODULE_END (SoundManager)
04-12 19:12:39.117  9819  9892 D Detox.RNMarker: NATIVE_MODULE_SETUP_END (SoundManager)
04-12 19:12:39.141  9819  9892 D Detox.RNMarker: NATIVE_MODULE_SETUP_START (ImageLoader)
04-12 19:12:39.142  9819  9892 D Detox.RNMarker: CREATE_MODULE_START (ImageLoader)
04-12 19:12:39.143  9819  9892 D Detox.RNMarker: CREATE_MODULE_END (ImageLoader)
04-12 19:12:39.145  9819  9892 D Detox.RNMarker: NATIVE_MODULE_SETUP_END (ImageLoader)
04-12 19:12:39.148  9819  9892 D Detox.RNMarker: NATIVE_MODULE_SETUP_START (IntentAndroid)
04-12 19:12:39.148  9819  9892 D Detox.RNMarker: CREATE_MODULE_START (IntentAndroid)
04-12 19:12:39.149  9819  9892 D Detox.RNMarker: CREATE_MODULE_END (IntentAndroid)
04-12 19:12:39.150  9819  9892 D Detox.RNMarker: NATIVE_MODULE_SETUP_END (IntentAndroid)
04-12 19:12:39.151  9819  9892 D Detox.RNMarker: NATIVE_MODULE_SETUP_START (LinkingManager)
04-12 19:12:39.154  9819  9892 D Detox.RNMarker: NATIVE_MODULE_SETUP_START (DeviceEventManager)
04-12 19:12:39.154  9819  9892 D Detox.RNMarker: CREATE_MODULE_START (DeviceEventManager)
04-12 19:12:39.155  9819  9892 D Detox.RNMarker: CREATE_MODULE_END (DeviceEventManager)
04-12 19:12:39.156  9819  9892 D Detox.RNMarker: NATIVE_MODULE_SETUP_END (DeviceEventManager)
04-12 19:12:39.174  9819  9892 D Detox.RNMarker: NATIVE_MODULE_SETUP_START (NativeUnimoduleProxy)
04-12 19:12:39.197  9819  9892 I ExpoModulesCore: ✅ JSI interop was installed
04-12 19:12:39.203  9819  9892 I ExpoModulesCore: ✅ Constants were exported
04-12 19:12:39.206  9819  9892 D Detox.RNMarker: NATIVE_MODULE_SETUP_END (NativeUnimoduleProxy)
04-12 19:12:39.224  9819  9892 D Detox.RNMarker: NATIVE_MODULE_SETUP_START (ExpoUpdates)
04-12 19:12:39.226  9819  9892 D Detox.RNMarker: NATIVE_MODULE_SETUP_START (EXDevLauncher)
04-12 19:12:39.231  9819  9892 D Detox.RNMarker: NATIVE_MODULE_SETUP_START (ExpoUpdates)
04-12 19:12:39.232  9819  9892 D Detox.RNMarker: NATIVE_MODULE_SETUP_START (ExpoGo)
04-12 19:12:39.238  9819  9892 D Detox.RNMarker: NATIVE_MODULE_SETUP_START (ExpoGo)
04-12 19:12:39.292  9819  9892 D Detox.RNMarker: NATIVE_MODULE_SETUP_START (EXDevLauncher)
04-12 19:12:39.313  9819  9909 D TrafficStats: tagSocket(133) with statsTag=0xffffffff, statsUid=-1
04-12 19:12:39.451  9819  9892 D Detox.RNMarker: NATIVE_MODULE_SETUP_START (NativeAnimatedModule)
04-12 19:12:39.451  9819  9892 D Detox.RNMarker: CREATE_MODULE_START (NativeAnimatedModule)
04-12 19:12:39.454  9819  9892 D Detox.RNMarker: CREATE_MODULE_END (NativeAnimatedModule)
04-12 19:12:39.456  9819  9892 D Detox.RNMarker: NATIVE_MODULE_SETUP_END (NativeAnimatedModule)
04-12 19:12:39.506  9819  9892 D Detox.RNMarker: NATIVE_MODULE_SETUP_START (RNCSafeAreaContext)
04-12 19:12:39.507  9819  9892 D Detox.RNMarker: CREATE_MODULE_START (RNCSafeAreaContext)
04-12 19:12:39.508  9819  9892 D Detox.RNMarker: CREATE_MODULE_END (RNCSafeAreaContext)
04-12 19:12:39.511  9819  9892 D Detox.RNMarker: NATIVE_MODULE_SETUP_END (RNCSafeAreaContext)
04-12 19:12:39.529  9819  9892 D Detox.RNMarker: NATIVE_MODULE_SETUP_START (RNSModule)
04-12 19:12:39.529  9819  9892 D Detox.RNMarker: CREATE_MODULE_START (RNSModule)
04-12 19:12:39.533  9819  9892 D Detox.RNMarker: CREATE_MODULE_END (RNSModule)
04-12 19:12:39.541  9819  9892 D Detox.RNMarker: NATIVE_MODULE_SETUP_START (RNEdgeToEdge)
04-12 19:12:39.576  9819  9892 D Detox.RNMarker: NATIVE_MODULE_SETUP_START (RNVectorIconsManager)
04-12 19:12:39.577  9819  9892 D Detox.RNMarker: NATIVE_MODULE_SETUP_START (RNVectorIconsModule)
04-12 19:12:39.580  9819  9892 D Detox.RNMarker: NATIVE_MODULE_SETUP_START (RNVectorIconsManager)
04-12 19:12:39.581  9819  9892 D Detox.RNMarker: NATIVE_MODULE_SETUP_START (RNVectorIconsModule)
04-12 19:12:39.738  9819  9819 W UiControllerImpl: Waiting for: DYNAMIC_TASKS_HAVE_IDLED for 100 iterations.
04-12 19:12:40.000  9819  9892 D Detox.RNMarker: NATIVE_MODULE_SETUP_START (PlatformLocalStorage)
04-12 19:12:40.001  9819  9892 D Detox.RNMarker: NATIVE_MODULE_SETUP_START (RNC_AsyncSQLiteDBStorage)
04-12 19:12:40.003  9819  9892 D Detox.RNMarker: NATIVE_MODULE_SETUP_START (RNCAsyncStorage)
04-12 19:12:40.004  9819  9892 D Detox.RNMarker: CREATE_MODULE_START (RNCAsyncStorage)
04-12 19:12:40.005  9819  9892 V AsyncStorageExpoMigration: No scoped database found
04-12 19:12:40.006  9819  9892 D Detox.RNMarker: CREATE_MODULE_END (RNCAsyncStorage)
04-12 19:12:40.008  9819  9892 D Detox.RNMarker: NATIVE_MODULE_SETUP_END (RNCAsyncStorage)
04-12 19:12:40.017  9819  9892 D Detox.RNMarker: NATIVE_MODULE_SETUP_START (RNCWebViewModule)
04-12 19:12:40.017  9819  9892 D Detox.RNMarker: CREATE_MODULE_START (RNCWebViewModule)
04-12 19:12:40.019  9819  9892 D Detox.RNMarker: CREATE_MODULE_END (RNCWebViewModule)
04-12 19:12:40.020  9819  9892 D Detox.RNMarker: NATIVE_MODULE_SETUP_END (RNCWebViewModule)
04-12 19:12:40.097  9819  9892 D Detox.RNMarker: RUN_JS_BUNDLE_END (/.virtual-metro-entry.bundle?platform=android&dev=true&lazy=true&minify=false&app=com.panviravindra.comparez&modulesOnly=false&runModule=true&excludeSource=true&sourcePaths=url-server)
04-12 19:12:40.114  9819  9892 I ReactNativeJS: Running "main" with {"rootTag":11}
04-12 19:12:40.130  9819  9910 D TrafficStats: tagSocket(122) with statsTag=0xffffffff, statsUid=-1
04-12 19:12:40.638  9819  9892 W ReactNativeJS: The app is running using the Legacy Architecture. The Legacy Architecture is deprecated and will be removed in a future version of React Native. Please consider migrating to the New Architecture. For more information, please see https://reactnative.dev/blog/2024/10/23/the-new-architecture-is-here
04-12 19:12:40.911  9819  9893 D CompatibilityChangeReporter: Compat change id reported: 289878283; UID 10207; state: ENABLED
04-12 19:12:40.920  9819  9819 D Detox.RNMarker: CONTENT_APPEARED (main)
04-12 19:12:41.092  9819  9912 D TrafficStats: tagSocket(141) with statsTag=0xffffffff, statsUid=-1
04-12 19:12:41.095  9819  9819 I Detox   : Wait is over: App is now idle!
04-12 19:12:41.095  9819  9852 I DetoxWSClient: Sending out action 'ready' (ID #-1000)
04-12 19:12:41.096  9819  9852 I DetoxDispatcher: Done with action 'isReady'
04-12 19:12:41.106  9819  9856 D DetoxWSClient: Received action 'invoke' (ID #3, params={"target":{"type":"Class","value":"com.wix.detox.espresso.DetoxAssertion"},"method":"waitForAssertMatcher","args":[{"type":"Invocation","value":{"target":{"type":"Class","value":"androidx.test.espresso.Espresso"},"method":"onView","args":[{"type":"Invocation","value":{"target":{"type":"Class","value":"com.wix.detox.espresso.DetoxMatcher"},"method":"matcherForTestId","args":["loginEmail",{"type":"boolean","value":false}]}}]}},{"type":"Invocation","value":{"target":{"type":"Class","value":"com.wix.detox.espresso.DetoxMatcher"},"method":"matcherForSufficientlyVisible","args":[{"type":"Integer","value":75}]}},{"type":"Double","value":3}]})
04-12 19:12:41.127  9819  9852 I DetoxDispatcher: Handling action 'invoke' (ID #3)...
04-12 19:12:41.133  9819  9852 D Detox   : class com.wix.detox.espresso.DetoxMatcher, matcherForTestId, [loginEmail, false]
04-12 19:12:41.158  9819  9852 D Detox   : class androidx.test.espresso.Espresso, onView, [(view.getTag() is "loginEmail" and view has effective visibility <VISIBLE>)]
04-12 19:12:41.172  9819  9892 D Detox.RNMarker: NATIVE_MODULE_SETUP_START (FileReaderModule)
04-12 19:12:41.179  9819  9892 D Detox.RNMarker: CREATE_MODULE_START (FileReaderModule)
04-12 19:12:41.180  9819  9892 D Detox.RNMarker: CREATE_MODULE_END (FileReaderModule)
04-12 19:12:41.181  9819  9892 D Detox.RNMarker: NATIVE_MODULE_SETUP_END (FileReaderModule)
04-12 19:12:41.184  9819  9911 W vindra.comparez: Verification of boolean com.facebook.imagepipeline.producers.JobScheduler.scheduleJob() took 184.595ms (455.05 bytecodes/s) (3904B approximate peak alloc)
04-12 19:12:41.186  9819  9852 D CompatibilityChangeReporter: Compat change id reported: 247079863; UID 10207; state: ENABLED
04-12 19:12:41.187  9819  9852 D Detox   : class com.wix.detox.espresso.DetoxMatcher, matcherForSufficientlyVisible, [75]
04-12 19:12:41.189  9819  9852 D Detox   : class com.wix.detox.espresso.DetoxAssertion, waitForAssertMatcher, [androidx.test.espresso.ViewInteraction@e913912, (view has effective visibility <VISIBLE> and view.getGlobalVisibleRect() covers at least <75> percent of the view's area), 3.0]
04-12 19:12:41.260  9819  9819 I ViewInteraction: Checking 'MatchesViewAssertion(Detox){viewMatcher=(view has effective visibility <VISIBLE> and view.getGlobalVisibleRect() covers at least <75> percent of the view's area)}' assertion on view (view.getTag() is "loginEmail" and view has effective visibility <VISIBLE>)
04-12 19:12:41.320  9819  9819 I ViewInteraction: Checking 'MatchesViewAssertion(Detox){viewMatcher=(view has effective visibility <VISIBLE> and view.getGlobalVisibleRect() covers at least <75> percent of the view's area)}' assertion on view (view.getTag() is "loginEmail" and view has effective visibility <VISIBLE>)
04-12 19:12:41.343  9819  9911 W vindra.comparez: Verification of com.facebook.imagepipeline.image.EncodedImage com.facebook.imagepipeline.cache.BufferedDiskCache.getAsync$lambda$4(java.lang.Object, java.util.concurrent.atomic.AtomicBoolean, com.facebook.imagepipeline.cache.BufferedDiskCache, com.facebook.cache.common.CacheKey) took 132.558ms (1207.02 bytecodes/s) (4648B approximate peak alloc)
04-12 19:12:41.373  9819  9819 I ViewInteraction: Checking 'MatchesViewAssertion(Detox){viewMatcher=(view has effective visibility <VISIBLE> and view.getGlobalVisibleRect() covers at least <75> percent of the view's area)}' assertion on view (view.getTag() is "loginEmail" and view has effective visibility <VISIBLE>)
04-12 19:12:41.435  9819  9819 I ViewInteraction: Checking 'MatchesViewAssertion(Detox){viewMatcher=(view has effective visibility <VISIBLE> and view.getGlobalVisibleRect() covers at least <75> percent of the view's area)}' assertion on view (view.getTag() is "loginEmail" and view has effective visibility <VISIBLE>)
04-12 19:12:41.495  9819  9825 I vindra.comparez: NativeAlloc concurrent copying GC freed 251198(19MB) AllocSpace objects, 6(120KB) LOS objects, 49% free, 10MB/21MB, paused 45us,66us total 1.118s
04-12 19:12:41.507  9819  9819 I ViewInteraction: Checking 'MatchesViewAssertion(Detox){viewMatcher=(view has effective visibility <VISIBLE> and view.getGlobalVisibleRect() covers at least <75> percent of the view's area)}' assertion on view (view.getTag() is "loginEmail" and view has effective visibility <VISIBLE>)
04-12 19:12:41.569  9819  9819 I ViewInteraction: Checking 'MatchesViewAssertion(Detox){viewMatcher=(view has effective visibility <VISIBLE> and view.getGlobalVisibleRect() covers at least <75> percent of the view's area)}' assertion on view (view.getTag() is "loginEmail" and view has effective visibility <VISIBLE>)
04-12 19:12:41.579  9819  9911 W vindra.comparez: Verification of bolts.Task bolts.Task.continueWith(bolts.Continuation, java.util.concurrent.Executor, bolts.CancellationToken) took 180.408ms (365.84 bytecodes/s) (3576B approximate peak alloc)
04-12 19:12:41.635  9819  9819 I ViewInteraction: Checking 'MatchesViewAssertion(Detox){viewMatcher=(view has effective visibility <VISIBLE> and view.getGlobalVisibleRect() covers at least <75> percent of the view's area)}' assertion on view (view.getTag() is "loginEmail" and view has effective visibility <VISIBLE>)
04-12 19:12:41.703  9819  9819 I ViewInteraction: Checking 'MatchesViewAssertion(Detox){viewMatcher=(view has effective visibility <VISIBLE> and view.getGlobalVisibleRect() covers at least <75> percent of the view's area)}' assertion on view (view.getTag() is "loginEmail" and view has effective visibility <VISIBLE>)
04-12 19:12:41.755  9819  9819 I ViewInteraction: Checking 'MatchesViewAssertion(Detox){viewMatcher=(view has effective visibility <VISIBLE> and view.getGlobalVisibleRect() covers at least <75> percent of the view's area)}' assertion on view (view.getTag() is "loginEmail" and view has effective visibility <VISIBLE>)
04-12 19:12:41.821  9819  9819 I ViewInteraction: Checking 'MatchesViewAssertion(Detox){viewMatcher=(view has effective visibility <VISIBLE> and view.getGlobalVisibleRect() covers at least <75> percent of the view's area)}' assertion on view (view.getTag() is "loginEmail" and view has effective visibility <VISIBLE>)
04-12 19:12:41.875  9819  9819 I ViewInteraction: Checking 'MatchesViewAssertion(Detox){viewMatcher=(view has effective visibility <VISIBLE> and view.getGlobalVisibleRect() covers at least <75> percent of the view's area)}' assertion on view (view.getTag() is "loginEmail" and view has effective visibility <VISIBLE>)
04-12 19:12:41.922  9819  9819 I ViewInteraction: Checking 'MatchesViewAssertion(Detox){viewMatcher=(view has effective visibility <VISIBLE> and view.getGlobalVisibleRect() covers at least <75> percent of the view's area)}' assertion on view (view.getTag() is "loginEmail" and view has effective visibility <VISIBLE>)
04-12 19:12:41.972  9819  9819 I ViewInteraction: Checking 'MatchesViewAssertion(Detox){viewMatcher=(view has effective visibility <VISIBLE> and view.getGlobalVisibleRect() covers at least <75> percent of the view's area)}' assertion on view (view.getTag() is "loginEmail" and view has effective visibility <VISIBLE>)
04-12 19:12:42.026  9819  9819 I ViewInteraction: Checking 'MatchesViewAssertion(Detox){viewMatcher=(view has effective visibility <VISIBLE> and view.getGlobalVisibleRect() covers at least <75> percent of the view's area)}' assertion on view (view.getTag() is "loginEmail" and view has effective visibility <VISIBLE>)
04-12 19:12:42.090  9819  9819 I ViewInteraction: Checking 'MatchesViewAssertion(Detox){viewMatcher=(view has effective visibility <VISIBLE> and view.getGlobalVisibleRect() covers at least <75> percent of the view's area)}' assertion on view (view.getTag() is "loginEmail" and view has effective visibility <VISIBLE>)
04-12 19:12:42.150  9819  9819 I ViewInteraction: Checking 'MatchesViewAssertion(Detox){viewMatcher=(view has effective visibility <VISIBLE> and view.getGlobalVisibleRect() covers at least <75> percent of the view's area)}' assertion on view (view.getTag() is "loginEmail" and view has effective visibility <VISIBLE>)
04-12 19:12:42.202  9819  9819 I ViewInteraction: Checking 'MatchesViewAssertion(Detox){viewMatcher=(view has effective visibility <VISIBLE> and view.getGlobalVisibleRect() covers at least <75> percent of the view's area)}' assertion on view (view.getTag() is "loginEmail" and view has effective visibility <VISIBLE>)
04-12 19:12:42.265  9819  9819 I ViewInteraction: Checking 'MatchesViewAssertion(Detox){viewMatcher=(view has effective visibility <VISIBLE> and view.getGlobalVisibleRect() covers at least <75> percent of the view's area)}' assertion on view (view.getTag() is "loginEmail" and view has effective visibility <VISIBLE>)
04-12 19:12:42.337  9819  9819 I ViewInteraction: Checking 'MatchesViewAssertion(Detox){viewMatcher=(view has effective visibility <VISIBLE> and view.getGlobalVisibleRect() covers at least <75> percent of the view's area)}' assertion on view (view.getTag() is "loginEmail" and view has effective visibility <VISIBLE>)
04-12 19:12:42.399  9819  9819 I ViewInteraction: Checking 'MatchesViewAssertion(Detox){viewMatcher=(view has effective visibility <VISIBLE> and view.getGlobalVisibleRect() covers at least <75> percent of the view's area)}' assertion on view (view.getTag() is "loginEmail" and view has effective visibility <VISIBLE>)
04-12 19:12:42.458  9819  9819 I ViewInteraction: Checking 'MatchesViewAssertion(Detox){viewMatcher=(view has effective visibility <VISIBLE> and view.getGlobalVisibleRect() covers at least <75> percent of the view's area)}' assertion on view (view.getTag() is "loginEmail" and view has effective visibility <VISIBLE>)
04-12 19:12:42.510  9819  9865 D EGL_emulation: app_time_stats: avg=1714.95ms min=17.51ms max=5349.15ms count=4
04-12 19:12:42.681  9819  9892 D Detox.RNMarker: NATIVE_MODULE_SETUP_START (I18nManager)
04-12 19:12:42.682  9819  9892 D Detox.RNMarker: CREATE_MODULE_START (I18nManager)
04-12 19:12:42.683  9819  9892 D Detox.RNMarker: CREATE_MODULE_END (I18nManager)
04-12 19:12:42.697  9819  9892 D Detox.RNMarker: NATIVE_MODULE_SETUP_END (I18nManager)
04-12 19:12:42.869  9819  9892 D Detox.RNMarker: NATIVE_MODULE_SETUP_START (StatusBarManager)
04-12 19:12:42.870  9819  9892 D Detox.RNMarker: CREATE_MODULE_START (StatusBarManager)
04-12 19:12:42.871  9819  9892 D Detox.RNMarker: CREATE_MODULE_END (StatusBarManager)
04-12 19:12:42.873  9819  9892 D Detox.RNMarker: NATIVE_MODULE_SETUP_END (StatusBarManager)
04-12 19:12:42.889  9819  9892 D Detox.RNMarker: NATIVE_MODULE_SETUP_START (RNEdgeToEdge)
04-12 19:12:42.926  9819  9892 D Detox.RNMarker: NATIVE_MODULE_SETUP_START (AccessibilityInfo)
04-12 19:12:42.928  9819  9892 D Detox.RNMarker: CREATE_MODULE_START (AccessibilityInfo)
04-12 19:12:42.946  9819  9892 D Detox.RNMarker: CREATE_MODULE_END (AccessibilityInfo)
04-12 19:12:42.948  9819  9892 D Detox.RNMarker: NATIVE_MODULE_SETUP_END (AccessibilityInfo)
04-12 19:12:42.949  9819  9892 D Detox.RNMarker: NATIVE_MODULE_SETUP_START (AccessibilityManager)
04-12 19:12:42.954  9819  9892 D Detox.RNMarker: NATIVE_MODULE_SETUP_START (KeyboardObserver)
04-12 19:12:43.151  9819  9893 W unknown:ReactNative: Attempt to set local data for view with unknown tag: -1
04-12 19:12:43.162  9819  9893 W unknown:ReactNative: Attempt to set local data for view with unknown tag: -1
04-12 19:12:43.162  9819  9893 W unknown:ReactNative: Attempt to set local data for view with unknown tag: -1
04-12 19:12:43.193  9819  9893 W unknown:ReactNative: Attempt to set local data for view with unknown tag: -1
04-12 19:12:43.199  9819  9893 W unknown:ReactNative: Attempt to set local data for view with unknown tag: -1
04-12 19:12:43.200  9819  9893 W unknown:ReactNative: Attempt to set local data for view with unknown tag: -1
04-12 19:12:43.249  9819  9893 W unknown:ViewManagerPropertyUpdater: Could not find generated setter for class com.swmansion.rnscreens.ScreenStackHeaderConfigShadowNode
04-12 19:12:43.321  9819  9893 W unknown:ViewManagerPropertyUpdater: Could not find generated setter for class com.swmansion.rnscreens.ScreensShadowNode
04-12 19:12:43.422  9819  9891 D TrafficStats: tagSocket(163) with statsTag=0xffffffff, statsUid=-1
04-12 19:12:43.590  9819  9893 W unknown:ReactNative: StatusBarModule: Ignored status bar change, current activity is edge-to-edge.
04-12 19:12:43.593  9819  9893 W unknown:ReactNative: StatusBarModule: Ignored status bar change, current activity is edge-to-edge.
04-12 19:12:43.608  9819  9819 W UiControllerImpl: Waiting for: DYNAMIC_TASKS_HAVE_IDLED for 100 iterations.
04-12 19:12:43.941  9819  9865 D EGL_emulation: app_time_stats: avg=67.04ms min=4.37ms max=1117.31ms count=19
04-12 19:12:43.968  9819  9819 D AutofillManager: notifyViewEnteredForFillDialog:1073741824
04-12 19:12:43.981  9819  9819 D AutofillManager: notifyViewEnteredForFillDialog:1073741825
04-12 19:12:43.985  9819  9819 D AutofillManager: Triggering pre-emptive request for fill dialog.
04-12 19:12:44.066  9819  9819 D CompatibilityChangeReporter: Compat change id reported: 163400105; UID 10207; state: ENABLED
04-12 19:12:44.082  9819  9819 I AssistStructure: Flattened final assist data: 3132 bytes, containing 1 windows, 18 views
04-12 19:12:44.307  9819  9892 D Detox.RNMarker: NATIVE_MODULE_SETUP_START (RNEdgeToEdge)
04-12 19:12:44.339  9819  9825 I vindra.comparez: Background young concurrent copying GC freed 237726(12MB) AllocSpace objects, 5(100KB) LOS objects, 54% free, 10095KB/21MB, paused 98us,50us total 603.163ms
04-12 19:12:44.370  9819  9852 I DetoxActionHandlers: Test exception
04-12 19:12:44.370  9819  9852 I DetoxActionHandlers: java.lang.reflect.InvocationTargetException
04-12 19:12:44.370  9819  9852 I DetoxActionHandlers: 	at java.lang.reflect.Method.invoke(Native Method)
04-12 19:12:44.370  9819  9852 I DetoxActionHandlers: 	at org.apache.commons.lang3.reflect.MethodUtils.invokeStaticMethod(MethodUtils.java:443)
04-12 19:12:44.370  9819  9852 I DetoxActionHandlers: 	at org.apache.commons.lang3.reflect.MethodUtils.invokeStaticMethod(MethodUtils.java:405)
04-12 19:12:44.370  9819  9852 I DetoxActionHandlers: 	at com.wix.invoke.types.ClassTarget.execute(ClassTarget.java:23)
04-12 19:12:44.370  9819  9852 I DetoxActionHandlers: 	at com.wix.invoke.types.Target.invoke(Target.java:59)
04-12 19:12:44.370  9819  9852 I DetoxActionHandlers: 	at com.wix.invoke.MethodInvocation.invoke(MethodInvocation.java:35)
04-12 19:12:44.370  9819  9852 I DetoxActionHandlers: 	at com.wix.invoke.MethodInvocation.invoke(MethodInvocation.java:26)
04-12 19:12:44.370  9819  9852 I DetoxActionHandlers: 	at com.wix.invoke.MethodInvocation.invoke(MethodInvocation.java:20)
04-12 19:12:44.370  9819  9852 I DetoxActionHandlers: 	at com.wix.detox.adapters.server.InvokeActionHandler.handle(DetoxActionHandlers.kt:54)
04-12 19:12:44.370  9819  9852 I DetoxActionHandlers: 	at com.wix.detox.adapters.server.ActionsExecutor.executeAction$lambda$2$lambda$1(DetoxActionsDispatcher.kt:76)
04-12 19:12:44.370  9819  9852 I DetoxActionHandlers: 	at com.wix.detox.adapters.server.ActionsExecutor.$r8$lambda$GVbB7LHtBHxNHGbgYnHJ6YrwCqs(Unknown Source:0)
04-12 19:12:44.370  9819  9852 I DetoxActionHandlers: 	at com.wix.detox.adapters.server.ActionsExecutor$$ExternalSyntheticLambda0.run(D8$$SyntheticClass:0)
04-12 19:12:44.370  9819  9852 I DetoxActionHandlers: 	at android.os.Handler.handleCallback(Handler.java:958)
04-12 19:12:44.370  9819  9852 I DetoxActionHandlers: 	at android.os.Handler.dispatchMessage(Handler.java:99)
04-12 19:12:44.370  9819  9852 I DetoxActionHandlers: 	at android.os.Looper.loopOnce(Looper.java:205)
04-12 19:12:44.370  9819  9852 I DetoxActionHandlers: 	at android.os.Looper.loop(Looper.java:294)
04-12 19:12:44.370  9819  9852 I DetoxActionHandlers: 	at com.wix.detox.adapters.server.ActionsExecutor._init_$lambda$0(DetoxActionsDispatcher.kt:62)
04-12 19:12:44.370  9819  9852 I DetoxActionHandlers: 	at com.wix.detox.adapters.server.ActionsExecutor.$r8$lambda$xlgL0CQim6vNM0wWEqM8JIDgZUE(Unknown Source:0)
04-12 19:12:44.370  9819  9852 I DetoxActionHandlers: 	at com.wix.detox.adapters.server.ActionsExecutor$$ExternalSyntheticLambda1.run(D8$$SyntheticClass:0)
04-12 19:12:44.370  9819  9852 I DetoxActionHandlers: 	at java.lang.Thread.run(Thread.java:1012)
04-12 19:12:44.370  9819  9852 I DetoxActionHandlers: Caused by: com.wix.detox.common.DetoxErrors$DetoxRuntimeException: 3.0sec timeout expired without matching of given matcher: (view has effective visibility <VISIBLE> and view.getGlobalVisibleRect() covers at least <75> percent of the view's area)
04-12 19:12:44.370  9819  9852 I DetoxActionHandlers: 	at com.wix.detox.espresso.DetoxAssertion.waitForAssertMatcher(DetoxAssertion.java:72)
04-12 19:12:44.370  9819  9852 I DetoxActionHandlers: 	... 20 more
04-12 19:12:44.375  9819  9852 I DetoxWSClient: Sending out action 'testFailed' (ID #3)
04-12 19:12:44.377  9819  9852 I DetoxDispatcher: Done with action 'invoke'
04-12 19:12:44.393  9819  9856 D DetoxWSClient: Received action 'invoke' (ID #4, params={"target":{"type":"Class","value":"com.wix.detox.espresso.DetoxAssertion"},"method":"waitForAssertMatcher","args":[{"type":"Invocation","value":{"target":{"type":"Class","value":"androidx.test.espresso.Espresso"},"method":"onView","args":[{"type":"Invocation","value":{"target":{"type":"Class","value":"com.wix.detox.espresso.DetoxMatcher"},"method":"matcherForTestId","args":["homeSearchCta",{"type":"boolean","value":false}]}}]}},{"type":"Invocation","value":{"target":{"type":"Class","value":"com.wix.detox.espresso.DetoxMatcher"},"method":"matcherForSufficientlyVisible","args":[{"type":"Integer","value":75}]}},{"type":"Double","value":5}]})
04-12 19:12:44.398  9819  9852 I DetoxDispatcher: Handling action 'invoke' (ID #4)...
04-12 19:12:44.399  9819  9852 D Detox   : class com.wix.detox.espresso.DetoxMatcher, matcherForTestId, [homeSearchCta, false]
04-12 19:12:44.400  9819  9852 D Detox   : class androidx.test.espresso.Espresso, onView, [(view.getTag() is "homeSearchCta" and view has effective visibility <VISIBLE>)]
04-12 19:12:44.405  9819  9852 D Detox   : class com.wix.detox.espresso.DetoxMatcher, matcherForSufficientlyVisible, [75]
04-12 19:12:44.406  9819  9852 D Detox   : class com.wix.detox.espresso.DetoxAssertion, waitForAssertMatcher, [androidx.test.espresso.ViewInteraction@df26f01, (view has effective visibility <VISIBLE> and view.getGlobalVisibleRect() covers at least <75> percent of the view's area), 5.0]
04-12 19:12:44.492  9819  9819 I ViewInteraction: Checking 'MatchesViewAssertion(Detox){viewMatcher=(view has effective visibility <VISIBLE> and view.getGlobalVisibleRect() covers at least <75> percent of the view's area)}' assertion on view (view.getTag() is "homeSearchCta" and view has effective visibility <VISIBLE>)
04-12 19:12:44.608  9819  9819 I ViewInteraction: Checking 'MatchesViewAssertion(Detox){viewMatcher=(view has effective visibility <VISIBLE> and view.getGlobalVisibleRect() covers at least <75> percent of the view's area)}' assertion on view (view.getTag() is "homeSearchCta" and view has effective visibility <VISIBLE>)
04-12 19:12:44.704  9819  9819 I ViewInteraction: Checking 'MatchesViewAssertion(Detox){viewMatcher=(view has effective visibility <VISIBLE> and view.getGlobalVisibleRect() covers at least <75> percent of the view's area)}' assertion on view (view.getTag() is "homeSearchCta" and view has effective visibility <VISIBLE>)
04-12 19:12:44.809  9819  9819 I ViewInteraction: Checking 'MatchesViewAssertion(Detox){viewMatcher=(view has effective visibility <VISIBLE> and view.getGlobalVisibleRect() covers at least <75> percent of the view's area)}' assertion on view (view.getTag() is "homeSearchCta" and view has effective visibility <VISIBLE>)
04-12 19:12:44.915  9819  9819 I ViewInteraction: Checking 'MatchesViewAssertion(Detox){viewMatcher=(view has effective visibility <VISIBLE> and view.getGlobalVisibleRect() covers at least <75> percent of the view's area)}' assertion on view (view.getTag() is "homeSearchCta" and view has effective visibility <VISIBLE>)
04-12 19:12:44.997  9819  9819 I ViewInteraction: Checking 'MatchesViewAssertion(Detox){viewMatcher=(view has effective visibility <VISIBLE> and view.getGlobalVisibleRect() covers at least <75> percent of the view's area)}' assertion on view (view.getTag() is "homeSearchCta" and view has effective visibility <VISIBLE>)
04-12 19:12:45.096  9819  9819 I ViewInteraction: Checking 'MatchesViewAssertion(Detox){viewMatcher=(view has effective visibility <VISIBLE> and view.getGlobalVisibleRect() covers at least <75> percent of the view's area)}' assertion on view (view.getTag() is "homeSearchCta" and view has effective visibility <VISIBLE>)
04-12 19:12:45.192  9819  9819 I ViewInteraction: Checking 'MatchesViewAssertion(Detox){viewMatcher=(view has effective visibility <VISIBLE> and view.getGlobalVisibleRect() covers at least <75> percent of the view's area)}' assertion on view (view.getTag() is "homeSearchCta" and view has effective visibility <VISIBLE>)
04-12 19:12:45.302  9819  9819 I ViewInteraction: Checking 'MatchesViewAssertion(Detox){viewMatcher=(view has effective visibility <VISIBLE> and view.getGlobalVisibleRect() covers at least <75> percent of the view's area)}' assertion on view (view.getTag() is "homeSearchCta" and view has effective visibility <VISIBLE>)
04-12 19:12:45.468  9819  9819 I ViewInteraction: Checking 'MatchesViewAssertion(Detox){viewMatcher=(view has effective visibility <VISIBLE> and view.getGlobalVisibleRect() covers at least <75> percent of the view's area)}' assertion on view (view.getTag() is "homeSearchCta" and view has effective visibility <VISIBLE>)
04-12 19:12:45.629  9819  9819 I ViewInteraction: Checking 'MatchesViewAssertion(Detox){viewMatcher=(view has effective visibility <VISIBLE> and view.getGlobalVisibleRect() covers at least <75> percent of the view's area)}' assertion on view (view.getTag() is "homeSearchCta" and view has effective visibility <VISIBLE>)
04-12 19:12:45.799  9819  9819 I ViewInteraction: Checking 'MatchesViewAssertion(Detox){viewMatcher=(view has effective visibility <VISIBLE> and view.getGlobalVisibleRect() covers at least <75> percent of the view's area)}' assertion on view (view.getTag() is "homeSearchCta" and view has effective visibility <VISIBLE>)
04-12 19:12:45.908  9819  9819 I ViewInteraction: Checking 'MatchesViewAssertion(Detox){viewMatcher=(view has effective visibility <VISIBLE> and view.getGlobalVisibleRect() covers at least <75> percent of the view's area)}' assertion on view (view.getTag() is "homeSearchCta" and view has effective visibility <VISIBLE>)
04-12 19:12:46.103  9819  9819 I ViewInteraction: Checking 'MatchesViewAssertion(Detox){viewMatcher=(view has effective visibility <VISIBLE> and view.getGlobalVisibleRect() covers at least <75> percent of the view's area)}' assertion on view (view.getTag() is "homeSearchCta" and view has effective visibility <VISIBLE>)
04-12 19:12:46.120  9819  9825 I vindra.comparez: Background concurrent copying GC freed 184359(9743KB) AllocSpace objects, 85(3908KB) LOS objects, 49% free, 11MB/22MB, paused 37us,48us total 498.121ms
04-12 19:12:46.284  9819  9819 I ViewInteraction: Checking 'MatchesViewAssertion(Detox){viewMatcher=(view has effective visibility <VISIBLE> and view.getGlobalVisibleRect() covers at least <75> percent of the view's area)}' assertion on view (view.getTag() is "homeSearchCta" and view has effective visibility <VISIBLE>)
04-12 19:12:46.386  9819  9819 I ViewInteraction: Checking 'MatchesViewAssertion(Detox){viewMatcher=(view has effective visibility <VISIBLE> and view.getGlobalVisibleRect() covers at least <75> percent of the view's area)}' assertion on view (view.getTag() is "homeSearchCta" and view has effective visibility <VISIBLE>)
04-12 19:12:46.493  9819  9819 I ViewInteraction: Checking 'MatchesViewAssertion(Detox){viewMatcher=(view has effective visibility <VISIBLE> and view.getGlobalVisibleRect() covers at least <75> percent of the view's area)}' assertion on view (view.getTag() is "homeSearchCta" and view has effective visibility <VISIBLE>)
04-12 19:12:46.609  9819  9819 I ViewInteraction: Checking 'MatchesViewAssertion(Detox){viewMatcher=(view has effective visibility <VISIBLE> and view.getGlobalVisibleRect() covers at least <75> percent of the view's area)}' assertion on view (view.getTag() is "homeSearchCta" and view has effective visibility <VISIBLE>)
04-12 19:12:46.704  9819  9819 I ViewInteraction: Checking 'MatchesViewAssertion(Detox){viewMatcher=(view has effective visibility <VISIBLE> and view.getGlobalVisibleRect() covers at least <75> percent of the view's area)}' assertion on view (view.getTag() is "homeSearchCta" and view has effective visibility <VISIBLE>)
04-12 19:12:46.817  9819  9819 I ViewInteraction: Checking 'MatchesViewAssertion(Detox){viewMatcher=(view has effective visibility <VISIBLE> and view.getGlobalVisibleRect() covers at least <75> percent of the view's area)}' assertion on view (view.getTag() is "homeSearchCta" and view has effective visibility <VISIBLE>)
04-12 19:12:46.922  9819  9819 I ViewInteraction: Checking 'MatchesViewAssertion(Detox){viewMatcher=(view has effective visibility <VISIBLE> and view.getGlobalVisibleRect() covers at least <75> percent of the view's area)}' assertion on view (view.getTag() is "homeSearchCta" and view has effective visibility <VISIBLE>)
04-12 19:12:47.014  9819  9819 I ViewInteraction: Checking 'MatchesViewAssertion(Detox){viewMatcher=(view has effective visibility <VISIBLE> and view.getGlobalVisibleRect() covers at least <75> percent of the view's area)}' assertion on view (view.getTag() is "homeSearchCta" and view has effective visibility <VISIBLE>)
04-12 19:12:47.102  9819  9819 I ViewInteraction: Checking 'MatchesViewAssertion(Detox){viewMatcher=(view has effective visibility <VISIBLE> and view.getGlobalVisibleRect() covers at least <75> percent of the view's area)}' assertion on view (view.getTag() is "homeSearchCta" and view has effective visibility <VISIBLE>)
04-12 19:12:47.206  9819  9819 I ViewInteraction: Checking 'MatchesViewAssertion(Detox){viewMatcher=(view has effective visibility <VISIBLE> and view.getGlobalVisibleRect() covers at least <75> percent of the view's area)}' assertion on view (view.getTag() is "homeSearchCta" and view has effective visibility <VISIBLE>)
04-12 19:12:47.314  9819  9819 I ViewInteraction: Checking 'MatchesViewAssertion(Detox){viewMatcher=(view has effective visibility <VISIBLE> and view.getGlobalVisibleRect() covers at least <75> percent of the view's area)}' assertion on view (view.getTag() is "homeSearchCta" and view has effective visibility <VISIBLE>)
04-12 19:12:47.400  9819  9819 I ViewInteraction: Checking 'MatchesViewAssertion(Detox){viewMatcher=(view has effective visibility <VISIBLE> and view.getGlobalVisibleRect() covers at least <75> percent of the view's area)}' assertion on view (view.getTag() is "homeSearchCta" and view has effective visibility <VISIBLE>)
04-12 19:12:47.512  9819  9819 I ViewInteraction: Checking 'MatchesViewAssertion(Detox){viewMatcher=(view has effective visibility <VISIBLE> and view.getGlobalVisibleRect() covers at least <75> percent of the view's area)}' assertion on view (view.getTag() is "homeSearchCta" and view has effective visibility <VISIBLE>)
04-12 19:12:47.608  9819  9819 I ViewInteraction: Checking 'MatchesViewAssertion(Detox){viewMatcher=(view has effective visibility <VISIBLE> and view.getGlobalVisibleRect() covers at least <75> percent of the view's area)}' assertion on view (view.getTag() is "homeSearchCta" and view has effective visibility <VISIBLE>)
04-12 19:12:47.703  9819  9819 I ViewInteraction: Checking 'MatchesViewAssertion(Detox){viewMatcher=(view has effective visibility <VISIBLE> and view.getGlobalVisibleRect() covers at least <75> percent of the view's area)}' assertion on view (view.getTag() is "homeSearchCta" and view has effective visibility <VISIBLE>)
04-12 19:12:47.814  9819  9819 I ViewInteraction: Checking 'MatchesViewAssertion(Detox){viewMatcher=(view has effective visibility <VISIBLE> and view.getGlobalVisibleRect() covers at least <75> percent of the view's area)}' assertion on view (view.getTag() is "homeSearchCta" and view has effective visibility <VISIBLE>)
04-12 19:12:47.915  9819  9819 I ViewInteraction: Checking 'MatchesViewAssertion(Detox){viewMatcher=(view has effective visibility <VISIBLE> and view.getGlobalVisibleRect() covers at least <75> percent of the view's area)}' assertion on view (view.getTag() is "homeSearchCta" and view has effective visibility <VISIBLE>)
04-12 19:12:47.997  9819  9819 I ViewInteraction: Checking 'MatchesViewAssertion(Detox){viewMatcher=(view has effective visibility <VISIBLE> and view.getGlobalVisibleRect() covers at least <75> percent of the view's area)}' assertion on view (view.getTag() is "homeSearchCta" and view has effective visibility <VISIBLE>)
04-12 19:12:48.075  9819  9819 I ViewInteraction: Checking 'MatchesViewAssertion(Detox){viewMatcher=(view has effective visibility <VISIBLE> and view.getGlobalVisibleRect() covers at least <75> percent of the view's area)}' assertion on view (view.getTag() is "homeSearchCta" and view has effective visibility <VISIBLE>)
04-12 19:12:48.161  9819  9819 I ViewInteraction: Checking 'MatchesViewAssertion(Detox){viewMatcher=(view has effective visibility <VISIBLE> and view.getGlobalVisibleRect() covers at least <75> percent of the view's area)}' assertion on view (view.getTag() is "homeSearchCta" and view has effective visibility <VISIBLE>)
04-12 19:12:48.240  9819  9819 I ViewInteraction: Checking 'MatchesViewAssertion(Detox){viewMatcher=(view has effective visibility <VISIBLE> and view.getGlobalVisibleRect() covers at least <75> percent of the view's area)}' assertion on view (view.getTag() is "homeSearchCta" and view has effective visibility <VISIBLE>)
04-12 19:12:48.341  9819  9819 I ViewInteraction: Checking 'MatchesViewAssertion(Detox){viewMatcher=(view has effective visibility <VISIBLE> and view.getGlobalVisibleRect() covers at least <75> percent of the view's area)}' assertion on view (view.getTag() is "homeSearchCta" and view has effective visibility <VISIBLE>)
04-12 19:12:48.423  9819  9819 I ViewInteraction: Checking 'MatchesViewAssertion(Detox){viewMatcher=(view has effective visibility <VISIBLE> and view.getGlobalVisibleRect() covers at least <75> percent of the view's area)}' assertion on view (view.getTag() is "homeSearchCta" and view has effective visibility <VISIBLE>)
04-12 19:12:48.509  9819  9819 I ViewInteraction: Checking 'MatchesViewAssertion(Detox){viewMatcher=(view has effective visibility <VISIBLE> and view.getGlobalVisibleRect() covers at least <75> percent of the view's area)}' assertion on view (view.getTag() is "homeSearchCta" and view has effective visibility <VISIBLE>)
04-12 19:12:48.589  9819  9819 I ViewInteraction: Checking 'MatchesViewAssertion(Detox){viewMatcher=(view has effective visibility <VISIBLE> and view.getGlobalVisibleRect() covers at least <75> percent of the view's area)}' assertion on view (view.getTag() is "homeSearchCta" and view has effective visibility <VISIBLE>)
04-12 19:12:48.663  9819  9819 I ViewInteraction: Checking 'MatchesViewAssertion(Detox){viewMatcher=(view has effective visibility <VISIBLE> and view.getGlobalVisibleRect() covers at least <75> percent of the view's area)}' assertion on view (view.getTag() is "homeSearchCta" and view has effective visibility <VISIBLE>)
04-12 19:12:48.743  9819  9819 I ViewInteraction: Checking 'MatchesViewAssertion(Detox){viewMatcher=(view has effective visibility <VISIBLE> and view.getGlobalVisibleRect() covers at least <75> percent of the view's area)}' assertion on view (view.getTag() is "homeSearchCta" and view has effective visibility <VISIBLE>)
04-12 19:12:48.826  9819  9819 I ViewInteraction: Checking 'MatchesViewAssertion(Detox){viewMatcher=(view has effective visibility <VISIBLE> and view.getGlobalVisibleRect() covers at least <75> percent of the view's area)}' assertion on view (view.getTag() is "homeSearchCta" and view has effective visibility <VISIBLE>)
04-12 19:12:48.908  9819  9819 I ViewInteraction: Checking 'MatchesViewAssertion(Detox){viewMatcher=(view has effective visibility <VISIBLE> and view.getGlobalVisibleRect() covers at least <75> percent of the view's area)}' assertion on view (view.getTag() is "homeSearchCta" and view has effective visibility <VISIBLE>)
04-12 19:12:48.992  9819  9819 I ViewInteraction: Checking 'MatchesViewAssertion(Detox){viewMatcher=(view has effective visibility <VISIBLE> and view.getGlobalVisibleRect() covers at least <75> percent of the view's area)}' assertion on view (view.getTag() is "homeSearchCta" and view has effective visibility <VISIBLE>)
04-12 19:12:49.063  9819  9819 I ViewInteraction: Checking 'MatchesViewAssertion(Detox){viewMatcher=(view has effective visibility <VISIBLE> and view.getGlobalVisibleRect() covers at least <75> percent of the view's area)}' assertion on view (view.getTag() is "homeSearchCta" and view has effective visibility <VISIBLE>)
04-12 19:12:49.139  9819  9819 I ViewInteraction: Checking 'MatchesViewAssertion(Detox){viewMatcher=(view has effective visibility <VISIBLE> and view.getGlobalVisibleRect() covers at least <75> percent of the view's area)}' assertion on view (view.getTag() is "homeSearchCta" and view has effective visibility <VISIBLE>)
04-12 19:12:49.218  9819  9819 I ViewInteraction: Checking 'MatchesViewAssertion(Detox){viewMatcher=(view has effective visibility <VISIBLE> and view.getGlobalVisibleRect() covers at least <75> percent of the view's area)}' assertion on view (view.getTag() is "homeSearchCta" and view has effective visibility <VISIBLE>)
04-12 19:12:49.300  9819  9819 I ViewInteraction: Checking 'MatchesViewAssertion(Detox){viewMatcher=(view has effective visibility <VISIBLE> and view.getGlobalVisibleRect() covers at least <75> percent of the view's area)}' assertion on view (view.getTag() is "homeSearchCta" and view has effective visibility <VISIBLE>)
04-12 19:12:49.385  9819  9819 I ViewInteraction: Checking 'MatchesViewAssertion(Detox){viewMatcher=(view has effective visibility <VISIBLE> and view.getGlobalVisibleRect() covers at least <75> percent of the view's area)}' assertion on view (view.getTag() is "homeSearchCta" and view has effective visibility <VISIBLE>)
04-12 19:12:49.413  9819  9852 I DetoxActionHandlers: Test exception
04-12 19:12:49.413  9819 