--------- beginning of main
04-12 21:44:38.347 18704 18704 I vindra.comparez: Late-enabling -Xcheck:jni
04-12 21:44:38.360 18704 18704 I vindra.comparez: Using CollectorTypeCC GC.
04-12 21:44:38.387 18704 18704 D CompatibilityChangeReporter: Compat change id reported: 171979766; UID 10215; state: ENABLED
04-12 21:44:38.388 18704 18704 D CompatibilityChangeReporter: Compat change id reported: 242716250; UID 10215; state: ENABLED
--------- beginning of system
04-12 21:44:38.396 18704 18704 W ActivityThread: Package uses different ABI(s) than its instrumentation: package[com.panviravindra.comparez]: arm64-v8a, null instrumentation[com.panviravindra.comparez.test]: null, null
04-12 21:44:38.397 18704 18704 W vindra.comparez: ClassLoaderContext shared library size mismatch. Expected=2, found=0 (PCL[]{PCL[/system/framework/android.test.base.jar*836642756]#PCL[/system/framework/android.test.mock.jar*3186112116]} | PCL[])
04-12 21:44:38.399 18704 18704 W vindra.comparez: ClassLoaderContext classpath size mismatch. expected=0, found=1 (PCL[] | PCL[/system/framework/android.test.runner.jar*4168958247])
04-12 21:44:38.403 18704 18704 W vindra.comparez: ClassLoaderContext classpath size mismatch. expected=0, found=2 (PCL[] | PCL[/system/framework/android.test.runner.jar*4168958247:/system/framework/android.test.mock.jar*3186112116])
04-12 21:44:38.405 18704 18704 W ziparchive: Unable to open '/data/app/~~M9mpi1bcH9q3_kkC3Mh26Q==/com.panviravindra.comparez.test-c0tLn6TG5Bbj4LhPztPxXg==/base.dm': No such file or directory
04-12 21:44:38.405 18704 18704 W ziparchive: Unable to open '/data/app/~~M9mpi1bcH9q3_kkC3Mh26Q==/com.panviravindra.comparez.test-c0tLn6TG5Bbj4LhPztPxXg==/base.dm': No such file or directory
04-12 21:44:38.461 18704 18704 W ziparchive: Unable to open '/data/app/~~a6OthCtUWdfhpak6iCnZ6A==/com.panviravindra.comparez-02iCWzl_mZ7a97OMioEPQw==/base.dm': No such file or directory
04-12 21:44:38.461 18704 18704 W ziparchive: Unable to open '/data/app/~~a6OthCtUWdfhpak6iCnZ6A==/com.panviravindra.comparez-02iCWzl_mZ7a97OMioEPQw==/base.dm': No such file or directory
04-12 21:44:38.621 18704 18704 D nativeloader: Configuring clns-6 for other apk /system/framework/android.test.runner.jar:/system/framework/android.test.mock.jar:/system/framework/android.test.base.jar:/data/app/~~M9mpi1bcH9q3_kkC3Mh26Q==/com.panviravindra.comparez.test-c0tLn6TG5Bbj4LhPztPxXg==/base.apk:/data/app/~~a6OthCtUWdfhpak6iCnZ6A==/com.panviravindra.comparez-02iCWzl_mZ7a97OMioEPQw==/base.apk. target_sdk_version=36, uses_libraries=, library_path=/data/app/~~M9mpi1bcH9q3_kkC3Mh26Q==/com.panviravindra.comparez.test-c0tLn6TG5Bbj4LhPztPxXg==/lib/arm64:/data/app/~~a6OthCtUWdfhpak6iCnZ6A==/com.panviravindra.comparez-02iCWzl_mZ7a97OMioEPQw==/lib/arm64:/data/app/~~M9mpi1bcH9q3_kkC3Mh26Q==/com.panviravindra.comparez.test-c0tLn6TG5Bbj4LhPztPxXg==/base.apk!/lib/arm64-v8a:/data/app/~~a6OthCtUWdfhpak6iCnZ6A==/com.panviravindra.comparez-02iCWzl_mZ7a97OMioEPQw==/base.apk!/lib/arm64-v8a, permitted_path=/data:/mnt/expand:/data/user/0/com.panviravindra.comparez
04-12 21:44:38.626 18704 18704 V GraphicsEnvironment: Currently set values for:
04-12 21:44:38.626 18704 18704 V GraphicsEnvironment:   angle_gl_driver_selection_pkgs=[]
04-12 21:44:38.626 18704 18704 V GraphicsEnvironment:   angle_gl_driver_selection_values=[]
04-12 21:44:38.626 18704 18704 V GraphicsEnvironment: ANGLE GameManagerService for com.panviravindra.comparez: false
04-12 21:44:38.626 18704 18704 V GraphicsEnvironment: com.panviravindra.comparez is not listed in per-application setting
04-12 21:44:38.626 18704 18704 V GraphicsEnvironment: Neither updatable production driver nor prerelease driver is supported.
04-12 21:44:38.627 18704 18704 D ApplicationLoaders: Returning zygote-cached class loader: /system/framework/android.test.base.jar
04-12 21:44:38.628 18704 18704 D nativeloader: Configuring clns-7 for other apk /system/framework/android.test.mock.jar. target_sdk_version=36, uses_libraries=ALL, library_path=/data/app/~~M9mpi1bcH9q3_kkC3Mh26Q==/com.panviravindra.comparez.test-c0tLn6TG5Bbj4LhPztPxXg==/lib/arm64:/data/app/~~a6OthCtUWdfhpak6iCnZ6A==/com.panviravindra.comparez-02iCWzl_mZ7a97OMioEPQw==/lib/arm64, permitted_path=/data:/mnt/expand
04-12 21:44:38.628 18704 18704 D ApplicationLoaders: Returning zygote-cached class loader: /system/framework/android.test.base.jar
04-12 21:44:38.630 18704 18704 D nativeloader: Configuring clns-8 for other apk /system/framework/android.test.runner.jar. target_sdk_version=36, uses_libraries=ALL, library_path=/data/app/~~M9mpi1bcH9q3_kkC3Mh26Q==/com.panviravindra.comparez.test-c0tLn6TG5Bbj4LhPztPxXg==/lib/arm64:/data/app/~~a6OthCtUWdfhpak6iCnZ6A==/com.panviravindra.comparez-02iCWzl_mZ7a97OMioEPQw==/lib/arm64, permitted_path=/data:/mnt/expand
04-12 21:44:38.630 18704 18704 W vindra.comparez: ClassLoaderContext shared library size mismatch. Expected=2, found=3 (PCL[]{PCL[/system/framework/android.test.base.jar*836642756]#PCL[/system/framework/android.test.mock.jar*3186112116]} | PCL[]{PCL[/system/framework/android.test.base.jar*836642756]#PCL[/system/framework/android.test.mock.jar*3186112116]#PCL[/system/framework/android.test.runner.jar*4168958247]{PCL[/system/framework/android.test.base.jar*836642756]#PCL[/system/framework/android.test.mock.jar*3186112116]}};PCL[/system/framework/android.test.runner.jar*4168958247:/system/framework/android.test.mock.jar*3186112116:/system/framework/android.test.base.jar*836642756:/data/app/~~M9mpi1bcH9q3_kkC3Mh26Q==/com.panviravindra.comparez.test-c0tLn6TG5Bbj4LhPztPxXg==/base.apk*294246005:/data/app/~~M9mpi1bcH9q3_kkC3Mh26Q==/com.panviravindra.comparez.test-c0tLn6TG5Bbj4LhPztPxXg==/base.apk!classes2.dex*4055916645:/data/app/~~M9mpi1bcH9q3_kkC3Mh26Q==/com.panviravindra.comparez.test-c0tLn6TG5Bbj4LhPztPxXg==/base.apk!classes3.dex*2949407285:/data/app/~~M9mpi1bcH9q3_kkC3Mh26Q==/com.panviravindra.comparez.test-c0tLn6TG5Bbj4LhPztPxXg==/base.apk!classes4.dex*2472856604:/data/app/~~M9mpi1bcH9q3_kkC3Mh26Q==/com.panviravindra.comparez.test-c0tLn6TG5Bbj4LhPztPxXg==/base.apk!classes5.dex*449036524:/data/app/~~M9mpi1bcH9q3_kkC3Mh26Q==/com.panviravindra.comparez.test-c0tLn6TG5Bbj4LhPztPxXg==/base.apk!classes6.dex*2622014904:/data/app/~~M9mpi1bcH9q3_kkC3Mh26Q==/com.panviravindra.comparez.test-c0tLn6TG5Bbj4LhPztPxXg==/base.apk!classes7.dex*530900409:/data/app/~~M9mpi1bcH9q3_kkC3Mh26Q==/com.panviravindra.comparez.test-c0tLn6TG5Bbj4LhPztPxXg==/base.apk!classes8.dex*4143867305:/data/app/~~M9mpi1bcH9q3_kkC3Mh26Q==/com.panviravindra.comparez.test-c0tLn6TG5Bbj4LhPztPxXg==/base.apk!classes9.dex*4104667095:/data/app/~~M9mpi1bcH9q3_kkC3Mh26Q==/com.panviravindra.comparez.test-c0tLn6TG5Bbj4LhPztPxXg==/base.apk!classes10.dex*3785976675:/data/app/~~M9mpi1bcH9q3_kkC3Mh26Q==/com.panviravindra.comparez.test-c0tLn6TG5Bbj4LhPztPxXg==/base.apk!classes11.dex*747467643:/data/app/~~M9mpi1bcH9q3_kkC3Mh26Q==/com.panviravindra.comparez.test-c0tLn6TG5Bbj4LhPztPxXg==/base.apk!classes12.dex*128433845:/data/app/~~M9mpi1bcH9q3_kkC3Mh26Q==/com.panviravindra.comparez.test-c0tLn6TG5Bbj4LhPztPxXg==/base.apk!classes13.dex*3653805668:/data/app/~~M9mpi1bcH9q3_kkC3Mh26Q==/com.panviravindra.comparez.test-c0tLn6TG5Bbj4LhPztPxXg==/base.apk!classes14.dex*1229665198:/data/app/~~M9mpi1bcH9q3_kkC3Mh26Q==/com.panviravindra.comparez.test-c0tLn6TG5Bbj4LhPztPxXg==/base.apk!classes15.dex*638951780:/data/app/~~M9mpi1bcH9q3_kkC3Mh26Q==/com.panviravindra.comparez.test-c0tLn6TG5Bbj4LhPztPxXg==/base.apk!classes16.dex*2498210027:/data/app/~~M9mpi1bcH9q3_kkC3Mh26Q==/com.panviravindra.comparez.test-c0tLn6TG5Bbj4LhPztPxXg==/base.apk!classes17.dex*732076495:/data/app/~~M9mpi1bcH9q3_kkC3Mh26Q==/com.panviravindra.comparez.test-c0tLn6TG5Bbj4LhPztPxXg==/base.apk!classes18.dex*238609134:/data/app/~~M9mpi1bcH9q3_kkC3Mh26Q==/com.panviravindra.comparez.test-c0tLn6TG5Bbj4LhPztPxXg==/base.apk!classes19.dex*1407230120:/data/app/~~a6OthCtUWdfhpak6iCnZ6A==/com.panviravindra.comparez-02iCWzl_mZ7a97OMioEPQw==/base.apk*93354197:/data/app/~~a6OthCtUWdfhpak6iCnZ6A==/com.panviravindra.comparez-02iCWzl_mZ7a97OMioEPQw==/base.apk!classes2.dex*2402452363:/data/app/~~a6OthCtUWdfhpak6iCnZ6A==/com.panviravindra.comparez-02iCWzl_mZ7a97OMioEPQw==/base.apk!classes3.dex*1876940571:/data/app/~~a6OthCtUWdfhpak6iCnZ6A==/com.panviravindra.comparez-02iCWzl_mZ7a97OMioEPQw==/base.apk!classes4.dex*389630062:/data/app/~~a6OthCtUWdfhpak6iCnZ6A==/com.panviravindra.comparez-02iCWzl_mZ7a97OMioEPQw==/base.apk!classes5.dex*1867390877:/data/app/~~a6OthCtUWdfhpak6iCnZ6A==/com.panviravindra.comparez-02iCWzl_mZ7a97OMioEPQw==/base.apk!classes6.dex*4013537063:/data/app/~~a6OthCtUWdfhpak6iCnZ6A==/com.panviravindra.comparez-02iCWzl_mZ7a97OMioEPQw==/base.apk!classes7.dex*3881050273:/data/app/~~a6OthCtUWdfhpak6iCnZ6A==/com.panviravindra.comparez-02iCWzl_mZ7a97OMioEPQw==/base.apk!classes8.dex*4262563330:/data/app/~~a6OthCtUWdfhpak6iCnZ6A==/com.panviravind
04-12 21:44:38.630 18704 18704 W vindra.comparez: ClassLoaderContext classpath size mismatch. expected=0, found=1 (PCL[] | PCL[/system/framework/android.test.runner.jar*4168958247]{PCL[/system/framework/android.test.base.jar*836642756]#PCL[/system/framework/android.test.mock.jar*3186112116]#PCL[/system/framework/android.test.runner.jar*4168958247]{PCL[/system/framework/android.test.base.jar*836642756]#PCL[/system/framework/android.test.mock.jar*3186112116]}};PCL[/system/framework/android.test.runner.jar*4168958247:/system/framework/android.test.mock.jar*3186112116:/system/framework/android.test.base.jar*836642756:/data/app/~~M9mpi1bcH9q3_kkC3Mh26Q==/com.panviravindra.comparez.test-c0tLn6TG5Bbj4LhPztPxXg==/base.apk*294246005:/data/app/~~M9mpi1bcH9q3_kkC3Mh26Q==/com.panviravindra.comparez.test-c0tLn6TG5Bbj4LhPztPxXg==/base.apk!classes2.dex*4055916645:/data/app/~~M9mpi1bcH9q3_kkC3Mh26Q==/com.panviravindra.comparez.test-c0tLn6TG5Bbj4LhPztPxXg==/base.apk!classes3.dex*2949407285:/data/app/~~M9mpi1bcH9q3_kkC3Mh26Q==/com.panviravindra.comparez.test-c0tLn6TG5Bbj4LhPztPxXg==/base.apk!classes4.dex*2472856604:/data/app/~~M9mpi1bcH9q3_kkC3Mh26Q==/com.panviravindra.comparez.test-c0tLn6TG5Bbj4LhPztPxXg==/base.apk!classes5.dex*449036524:/data/app/~~M9mpi1bcH9q3_kkC3Mh26Q==/com.panviravindra.comparez.test-c0tLn6TG5Bbj4LhPztPxXg==/base.apk!classes6.dex*2622014904:/data/app/~~M9mpi1bcH9q3_kkC3Mh26Q==/com.panviravindra.comparez.test-c0tLn6TG5Bbj4LhPztPxXg==/base.apk!classes7.dex*530900409:/data/app/~~M9mpi1bcH9q3_kkC3Mh26Q==/com.panviravindra.comparez.test-c0tLn6TG5Bbj4LhPztPxXg==/base.apk!classes8.dex*4143867305:/data/app/~~M9mpi1bcH9q3_kkC3Mh26Q==/com.panviravindra.comparez.test-c0tLn6TG5Bbj4LhPztPxXg==/base.apk!classes9.dex*4104667095:/data/app/~~M9mpi1bcH9q3_kkC3Mh26Q==/com.panviravindra.comparez.test-c0tLn6TG5Bbj4LhPztPxXg==/base.apk!classes10.dex*3785976675:/data/app/~~M9mpi1bcH9q3_kkC3Mh26Q==/com.panviravindra.comparez.test-c0tLn6TG5Bbj4LhPztPxXg==/base.apk!classes11.dex*747467643:/data/app/~~M9mpi1bcH9q3_kkC3Mh26Q==/com.panviravindra.comparez.test-c0tLn6TG5Bbj4LhPztPxXg==/base.apk!classes12.dex*128433845:/data/app/~~M9mpi1bcH9q3_kkC3Mh26Q==/com.panviravindra.comparez.test-c0tLn6TG5Bbj4LhPztPxXg==/base.apk!classes13.dex*3653805668:/data/app/~~M9mpi1bcH9q3_kkC3Mh26Q==/com.panviravindra.comparez.test-c0tLn6TG5Bbj4LhPztPxXg==/base.apk!classes14.dex*1229665198:/data/app/~~M9mpi1bcH9q3_kkC3Mh26Q==/com.panviravindra.comparez.test-c0tLn6TG5Bbj4LhPztPxXg==/base.apk!classes15.dex*638951780:/data/app/~~M9mpi1bcH9q3_kkC3Mh26Q==/com.panviravindra.comparez.test-c0tLn6TG5Bbj4LhPztPxXg==/base.apk!classes16.dex*2498210027:/data/app/~~M9mpi1bcH9q3_kkC3Mh26Q==/com.panviravindra.comparez.test-c0tLn6TG5Bbj4LhPztPxXg==/base.apk!classes17.dex*732076495:/data/app/~~M9mpi1bcH9q3_kkC3Mh26Q==/com.panviravindra.comparez.test-c0tLn6TG5Bbj4LhPztPxXg==/base.apk!classes18.dex*238609134:/data/app/~~M9mpi1bcH9q3_kkC3Mh26Q==/com.panviravindra.comparez.test-c0tLn6TG5Bbj4LhPztPxXg==/base.apk!classes19.dex*1407230120:/data/app/~~a6OthCtUWdfhpak6iCnZ6A==/com.panviravindra.comparez-02iCWzl_mZ7a97OMioEPQw==/base.apk*93354197:/data/app/~~a6OthCtUWdfhpak6iCnZ6A==/com.panviravindra.comparez-02iCWzl_mZ7a97OMioEPQw==/base.apk!classes2.dex*2402452363:/data/app/~~a6OthCtUWdfhpak6iCnZ6A==/com.panviravindra.comparez-02iCWzl_mZ7a97OMioEPQw==/base.apk!classes3.dex*1876940571:/data/app/~~a6OthCtUWdfhpak6iCnZ6A==/com.panviravindra.comparez-02iCWzl_mZ7a97OMioEPQw==/base.apk!classes4.dex*389630062:/data/app/~~a6OthCtUWdfhpak6iCnZ6A==/com.panviravindra.comparez-02iCWzl_mZ7a97OMioEPQw==/base.apk!classes5.dex*1867390877:/data/app/~~a6OthCtUWdfhpak6iCnZ6A==/com.panviravindra.comparez-02iCWzl_mZ7a97OMioEPQw==/base.apk!classes6.dex*4013537063:/data/app/~~a6OthCtUWdfhpak6iCnZ6A==/com.panviravindra.comparez-02iCWzl_mZ7a97OMioEPQw==/base.apk!classes7.dex*3881050273:/data/app/~~a6OthCtUWdfhpak6iCnZ6A==/com.panviravindra.comparez-02iCWzl_mZ7a97OMioEPQw==/base.apk!classes8.dex*4262563330:/data/app/~~a6OthCtUWdfhpak6iCnZ6A==/com.panviravindra.comparez-02iCWzl_mZ7a97OMioEPQw==/base.apk!classes9.dex*371028
04-12 21:44:38.631 18704 18704 W vindra.comparez: ClassLoaderContext classpath size mismatch. expected=0, found=2 (PCL[] | PCL[/system/framework/android.test.runner.jar*4168958247:/system/framework/android.test.mock.jar*3186112116]{PCL[/system/framework/android.test.base.jar*836642756]#PCL[/system/framework/android.test.mock.jar*3186112116]#PCL[/system/framework/android.test.runner.jar*4168958247]{PCL[/system/framework/android.test.base.jar*836642756]#PCL[/system/framework/android.test.mock.jar*3186112116]}};PCL[/system/framework/android.test.runner.jar*4168958247:/system/framework/android.test.mock.jar*3186112116:/system/framework/android.test.base.jar*836642756:/data/app/~~M9mpi1bcH9q3_kkC3Mh26Q==/com.panviravindra.comparez.test-c0tLn6TG5Bbj4LhPztPxXg==/base.apk*294246005:/data/app/~~M9mpi1bcH9q3_kkC3Mh26Q==/com.panviravindra.comparez.test-c0tLn6TG5Bbj4LhPztPxXg==/base.apk!classes2.dex*4055916645:/data/app/~~M9mpi1bcH9q3_kkC3Mh26Q==/com.panviravindra.comparez.test-c0tLn6TG5Bbj4LhPztPxXg==/base.apk!classes3.dex*2949407285:/data/app/~~M9mpi1bcH9q3_kkC3Mh26Q==/com.panviravindra.comparez.test-c0tLn6TG5Bbj4LhPztPxXg==/base.apk!classes4.dex*2472856604:/data/app/~~M9mpi1bcH9q3_kkC3Mh26Q==/com.panviravindra.comparez.test-c0tLn6TG5Bbj4LhPztPxXg==/base.apk!classes5.dex*449036524:/data/app/~~M9mpi1bcH9q3_kkC3Mh26Q==/com.panviravindra.comparez.test-c0tLn6TG5Bbj4LhPztPxXg==/base.apk!classes6.dex*2622014904:/data/app/~~M9mpi1bcH9q3_kkC3Mh26Q==/com.panviravindra.comparez.test-c0tLn6TG5Bbj4LhPztPxXg==/base.apk!classes7.dex*530900409:/data/app/~~M9mpi1bcH9q3_kkC3Mh26Q==/com.panviravindra.comparez.test-c0tLn6TG5Bbj4LhPztPxXg==/base.apk!classes8.dex*4143867305:/data/app/~~M9mpi1bcH9q3_kkC3Mh26Q==/com.panviravindra.comparez.test-c0tLn6TG5Bbj4LhPztPxXg==/base.apk!classes9.dex*4104667095:/data/app/~~M9mpi1bcH9q3_kkC3Mh26Q==/com.panviravindra.comparez.test-c0tLn6TG5Bbj4LhPztPxXg==/base.apk!classes10.dex*3785976675:/data/app/~~M9mpi1bcH9q3_kkC3Mh26Q==/com.panviravindra.comparez.test-c0tLn6TG5Bbj4LhPztPxXg==/base.apk!classes11.dex*747467643:/data/app/~~M9mpi1bcH9q3_kkC3Mh26Q==/com.panviravindra.comparez.test-c0tLn6TG5Bbj4LhPztPxXg==/base.apk!classes12.dex*128433845:/data/app/~~M9mpi1bcH9q3_kkC3Mh26Q==/com.panviravindra.comparez.test-c0tLn6TG5Bbj4LhPztPxXg==/base.apk!classes13.dex*3653805668:/data/app/~~M9mpi1bcH9q3_kkC3Mh26Q==/com.panviravindra.comparez.test-c0tLn6TG5Bbj4LhPztPxXg==/base.apk!classes14.dex*1229665198:/data/app/~~M9mpi1bcH9q3_kkC3Mh26Q==/com.panviravindra.comparez.test-c0tLn6TG5Bbj4LhPztPxXg==/base.apk!classes15.dex*638951780:/data/app/~~M9mpi1bcH9q3_kkC3Mh26Q==/com.panviravindra.comparez.test-c0tLn6TG5Bbj4LhPztPxXg==/base.apk!classes16.dex*2498210027:/data/app/~~M9mpi1bcH9q3_kkC3Mh26Q==/com.panviravindra.comparez.test-c0tLn6TG5Bbj4LhPztPxXg==/base.apk!classes17.dex*732076495:/data/app/~~M9mpi1bcH9q3_kkC3Mh26Q==/com.panviravindra.comparez.test-c0tLn6TG5Bbj4LhPztPxXg==/base.apk!classes18.dex*238609134:/data/app/~~M9mpi1bcH9q3_kkC3Mh26Q==/com.panviravindra.comparez.test-c0tLn6TG5Bbj4LhPztPxXg==/base.apk!classes19.dex*1407230120:/data/app/~~a6OthCtUWdfhpak6iCnZ6A==/com.panviravindra.comparez-02iCWzl_mZ7a97OMioEPQw==/base.apk*93354197:/data/app/~~a6OthCtUWdfhpak6iCnZ6A==/com.panviravindra.comparez-02iCWzl_mZ7a97OMioEPQw==/base.apk!classes2.dex*2402452363:/data/app/~~a6OthCtUWdfhpak6iCnZ6A==/com.panviravindra.comparez-02iCWzl_mZ7a97OMioEPQw==/base.apk!classes3.dex*1876940571:/data/app/~~a6OthCtUWdfhpak6iCnZ6A==/com.panviravindra.comparez-02iCWzl_mZ7a97OMioEPQw==/base.apk!classes4.dex*389630062:/data/app/~~a6OthCtUWdfhpak6iCnZ6A==/com.panviravindra.comparez-02iCWzl_mZ7a97OMioEPQw==/base.apk!classes5.dex*1867390877:/data/app/~~a6OthCtUWdfhpak6iCnZ6A==/com.panviravindra.comparez-02iCWzl_mZ7a97OMioEPQw==/base.apk!classes6.dex*4013537063:/data/app/~~a6OthCtUWdfhpak6iCnZ6A==/com.panviravindra.comparez-02iCWzl_mZ7a97OMioEPQw==/base.apk!classes7.dex*3881050273:/data/app/~~a6OthCtUWdfhpak6iCnZ6A==/com.panviravindra.comparez-02iCWzl_mZ7a97OMioEPQw==/base.apk!classes8.dex*4262563330:/data/app/~~a6OthCtUWdfhpak6iCnZ6A==/com.panviravindra.comparez-02
04-12 21:44:38.631 18704 18704 W ziparchive: Unable to open '/data/app/~~M9mpi1bcH9q3_kkC3Mh26Q==/com.panviravindra.comparez.test-c0tLn6TG5Bbj4LhPztPxXg==/base.dm': No such file or directory
04-12 21:44:38.631 18704 18704 W ziparchive: Unable to open '/data/app/~~M9mpi1bcH9q3_kkC3Mh26Q==/com.panviravindra.comparez.test-c0tLn6TG5Bbj4LhPztPxXg==/base.dm': No such file or directory
04-12 21:44:38.690 18704 18704 W ziparchive: Unable to open '/data/app/~~a6OthCtUWdfhpak6iCnZ6A==/com.panviravindra.comparez-02iCWzl_mZ7a97OMioEPQw==/base.dm': No such file or directory
04-12 21:44:38.690 18704 18704 W ziparchive: Unable to open '/data/app/~~a6OthCtUWdfhpak6iCnZ6A==/com.panviravindra.comparez-02iCWzl_mZ7a97OMioEPQw==/base.dm': No such file or directory
04-12 21:44:38.862 18704 18704 I AndroidJUnitRunner: newApplication com.panviravindra.comparez.MainApplication
04-12 21:44:38.892 18704 18704 I AndroidJUnitRunner: onCreate Bundle[mParcelledData.dataSize=240]
04-12 21:44:38.892 18704 18704 D AndroidJUnitRunner: Use the raw file system for managing file I/O.
04-12 21:44:38.894 18704 18704 V TestEventClient: No service name argument was given (testDiscoveryService, testRunEventService or orchestratorService)
04-12 21:44:38.895 18704 18704 W SoLoader: Initializing SoLoader: 0
04-12 21:44:38.895 18704 18704 W SoLoader: Recording new base apk path: /data/app/~~a6OthCtUWdfhpak6iCnZ6A==/com.panviravindra.comparez-02iCWzl_mZ7a97OMioEPQw==/base.apk
04-12 21:44:38.895 18704 18704 W SoLoader: Previously recorded 0 base apk paths.
04-12 21:44:38.896 18704 18704 I SoLoader: Preparing SO source: DirectorySoSource[root = /vendor/lib64 flags = 2]
04-12 21:44:38.896 18704 18704 I SoLoader: Preparing SO source: DirectorySoSource[root = /system/lib64 flags = 2]
04-12 21:44:38.896 18704 18704 I SoLoader: Preparing SO source: DirectApkSoSource[root = [/data/app/~~a6OthCtUWdfhpak6iCnZ6A==/com.panviravindra.comparez-02iCWzl_mZ7a97OMioEPQw==/base.apk!/lib/arm64-v8a]]
04-12 21:44:38.899 18704 18736 D AndroidJUnitRunner: onStart is called.
04-12 21:44:38.907 18704 18704 I SoLoader: Preparing SO source: ApplicationSoSource[DirectorySoSource[root = /data/app/~~a6OthCtUWdfhpak6iCnZ6A==/com.panviravindra.comparez-02iCWzl_mZ7a97OMioEPQw==/lib/arm64 flags = 0]]
04-12 21:44:38.907 18704 18704 I SoLoader: init finish: 4 SO sources prepared
04-12 21:44:38.907 18704 18704 W SoLoader: SoLoader initialized: 8
04-12 21:44:38.909 18704 18736 I InstrConnection: Could not send broadcast or register receiver (isolatedProcess?)
04-12 21:44:38.910 18704 18736 D TestRequestBuilder: Using class path scanning to discover tests
04-12 21:44:38.910 18704 18736 I TestRequestBuilder: Scanning classpath to find tests in paths [/data/app/~~M9mpi1bcH9q3_kkC3Mh26Q==/com.panviravindra.comparez.test-c0tLn6TG5Bbj4LhPztPxXg==/base.apk]
04-12 21:44:38.910 18704 18736 W vindra.comparez: Opening an oat file without a class loader. Are you using the deprecated DexFile APIs?
04-12 21:44:39.202 18704 18736 I TestRunner: run started: 1 tests
04-12 21:44:39.203 18704 18736 I TestRunner: started: runDetoxTests(com.panviravindra.comparez.DetoxTest)
04-12 21:44:39.205 18704 18736 I Detox   : Detox server connection details: url=ws://localhost:52458, sessionId=e8540fce-64d6-5826-fef6-8f9d3cd6380c
04-12 21:44:39.208 18704 18736 W FileTestStorage: Output properties is not supported.
04-12 21:44:39.208 18704 18736 I Tracing : Tracer added: class androidx.test.platform.tracing.AndroidXTracer
04-12 21:44:39.210 18704 18736 D EventInjectionStrategy: Creating injection strategy with input manager.
04-12 21:44:39.210 18704 18736 W vindra.comparez: Accessing hidden method Landroid/hardware/input/InputManager;->getInstance()Landroid/hardware/input/InputManager; (unsupported, reflection, allowed)
04-12 21:44:39.210 18704 18736 W vindra.comparez: Accessing hidden method Landroid/hardware/input/InputManager;->injectInputEvent(Landroid/view/InputEvent;I)Z (unsupported, reflection, allowed)
04-12 21:44:39.210 18704 18736 W vindra.comparez: Accessing hidden field Landroid/hardware/input/InputManager;->INJECT_INPUT_EVENT_MODE_WAIT_FOR_FINISH:I (unsupported, reflection, allowed)
04-12 21:44:39.212 18704 18736 W vindra.comparez: Accessing hidden field Ljava/lang/reflect/Field;->accessFlags:I (unsupported, reflection, allowed)
04-12 21:44:39.213 18704 18736 I Detox   : Connecting to server...
04-12 21:44:39.213 18704 18736 I DetoxWSClient: At connectToServer
04-12 21:44:39.231 18704 18744 D TrafficStats: tagSocket(85) with statsTag=0xffffffff, statsUid=-1
04-12 21:44:39.235 18704 18744 D DetoxWSClient: At onOpen
04-12 21:44:39.235 18704 18744 I DetoxWSClient: Sending out action 'login' (ID #0)
04-12 21:44:39.235 18704 18744 I Detox   : Connected to server!
04-12 21:44:39.240 18704 18744 D DetoxWSClient: Received action 'loginSuccess' (ID #0, params={"testerConnected":true,"appConnected":true})
04-12 21:44:39.240 18704 18740 I DetoxDispatcher: Handling action 'loginSuccess' (ID #0)...
04-12 21:44:39.240 18704 18740 I DetoxDispatcher: Done with action 'loginSuccess'
04-12 21:44:39.241 18704 18736 I Detox   : Launching the tested activity!
04-12 21:44:39.282 18704 18756 D libEGL  : loaded /vendor/lib64/egl/libEGL_emulation.so
04-12 21:44:39.310 18704 18744 D DetoxWSClient: Received action 'isReady' (ID #-1000, params={})
04-12 21:44:39.311 18704 18740 I DetoxDispatcher: Handling action 'isReady' (ID #-1000)...
04-12 21:44:39.312 18704 18704 D AppCompatDelegate: Checking for metadata for AppLocalesMetadataHolderService : Service not found
04-12 21:44:39.314 18704 18756 D libEGL  : loaded /vendor/lib64/egl/libGLESv1_CM_emulation.so
04-12 21:44:39.316 18704 18756 D libEGL  : loaded /vendor/lib64/egl/libGLESv2_emulation.so
04-12 21:44:39.331 18704 18704 D LifecycleMonitor: Lifecycle status change: com.panviravindra.comparez.MainActivity@31303e9 in: PRE_ON_CREATE
04-12 21:44:39.382 18704 18704 D jni_lib_merge: Entering merged library JNI_OnLoad.
04-12 21:44:39.382 18704 18704 D jni_lib_merge: Preparing 12 pre-merged libs (including stub)
04-12 21:44:39.382 18704 18704 D jni_lib_merge: Preparing to register libfabricjni_so.  onload_func: 0x6cbbe3bce0
04-12 21:44:39.382 18704 18704 D jni_lib_merge: Preparing to register libreact_devsupportjni_so.  onload_func: 0x6cbc035fc8
04-12 21:44:39.382 18704 18704 D jni_lib_merge: Preparing to register libreact_featureflagsjni_so.  onload_func: 0x6cbc044518
04-12 21:44:39.382 18704 18704 D jni_lib_merge: Preparing to register libreact_newarchdefaults_so.  onload_func: 0x6cbc0ac6a8
04-12 21:44:39.382 18704 18704 D jni_lib_merge: Preparing to register libreactnativeblob_so.  onload_func: 0x6cbc29ccb4
04-12 21:44:39.382 18704 18704 D jni_lib_merge: Preparing to register libreactnativejni_so.  onload_func: 0x6cbc2ea6bc
04-12 21:44:39.382 18704 18704 D jni_lib_merge: Preparing to register libreactnativejni_common_so.  onload_func: 0x6cbc2fb044
04-12 21:44:39.383 18704 18704 D jni_lib_merge: Preparing to register librninstance_so.  onload_func: 0x6cbc342764
04-12 21:44:39.383 18704 18704 D jni_lib_merge: Preparing to register libturbomodulejsijni_so.  onload_func: 0x6cbc45af68
04-12 21:44:39.383 18704 18704 D jni_lib_merge: Preparing to register libuimanagerjni_so.  onload_func: 0x6cbc473fb8
04-12 21:44:39.383 18704 18704 D jni_lib_merge: Preparing to register libyoga_so.  onload_func: 0x6cbc483a3c
04-12 21:44:39.383 18704 18704 D jni_lib_merge: About to register 11 actual methods.
04-12 21:44:39.386 18704 18704 D Detox.RNMarker: BUILD_REACT_INSTANCE_MANAGER_START (null)
04-12 21:44:39.389 18704 18704 D Detox.RNMarker: BUILD_REACT_INSTANCE_MANAGER_END (null)
04-12 21:44:39.389 18704 18704 W SoLoader: SoLoader already initialized
04-12 21:44:39.393 18704 18704 D jni_lib_merge: Entering merged library JNI_OnLoad.
04-12 21:44:39.393 18704 18704 D jni_lib_merge: Preparing 4 pre-merged libs (including stub)
04-12 21:44:39.393 18704 18704 D jni_lib_merge: Preparing to register libhermes_executor_so.  onload_func: 0x6cbf7b27e0
04-12 21:44:39.393 18704 18704 D jni_lib_merge: Preparing to register libhermesinstancejni_so.  onload_func: 0x6cbf7e826c
04-12 21:44:39.393 18704 18704 D jni_lib_merge: Preparing to register libjsijniprofiler_so.  onload_func: 0x6cbf7ea2bc
04-12 21:44:39.393 18704 18704 D jni_lib_merge: About to register 3 actual methods.
04-12 21:44:39.393 18704 18704 W SoLoader: SoLoader already initialized
04-12 21:44:39.406 18704 18704 W vindra.comparez: Accessing hidden method Landroid/view/ViewGroup;->makeOptionalFitsSystemWindows()V (unsupported, reflection, allowed)
04-12 21:44:39.407 18704 18704 D LifecycleMonitor: Lifecycle status change: com.panviravindra.comparez.MainActivity@31303e9 in: CREATED
04-12 21:44:39.408 18704 18704 D LifecycleMonitor: Lifecycle status change: com.panviravindra.comparez.MainActivity@31303e9 in: STARTED
04-12 21:44:39.409 18704 18704 D LifecycleMonitor: Lifecycle status change: com.panviravindra.comparez.MainActivity@31303e9 in: RESUMED
04-12 21:44:39.410 18704 18704 D CompatibilityChangeReporter: Compat change id reported: 237531167; UID 10215; state: DISABLED
04-12 21:44:39.410 18704 18704 W OpenGLRenderer: Unknown dataspace 0
04-12 21:44:39.412 18704 18762 D TrafficStats: tagSocket(94) with statsTag=0xffffffff, statsUid=-1
04-12 21:44:39.425 18704 18753 W OpenGLRenderer: Failed to choose config with EGL_SWAP_BEHAVIOR_PRESERVED, retrying without...
04-12 21:44:39.425 18704 18753 W OpenGLRenderer: Failed to initialize 101010-2 format, error = EGL_SUCCESS
04-12 21:44:39.430 18704 18753 I Gralloc4: mapper 4.x is not supported
04-12 21:44:39.444 18704 18753 E OpenGLRenderer: Unable to match the desired swap behavior.
04-12 21:44:39.453 18704 18704 D Detox.RNMarker: DOWNLOAD_START (null)
04-12 21:44:39.459 18704 18704 D CompatibilityChangeReporter: Compat change id reported: 210923482; UID 10215; state: ENABLED
04-12 21:44:39.464 18704 18766 D TrafficStats: tagSocket(110) with statsTag=0xffffffff, statsUid=-1
04-12 21:44:39.465 18704 18769 D TrafficStats: tagSocket(113) with statsTag=0xffffffff, statsUid=-1
04-12 21:44:39.507 18704 18753 E OpenGLRenderer: Unable to match the desired swap behavior.
04-12 21:44:39.581 18704 18775 D TrafficStats: tagSocket(114) with statsTag=0xffffffff, statsUid=-1
04-12 21:44:39.710 18704 18704 W WindowOnBackDispatcher: sendCancelIfRunning: isInProgress=falsecallback=android.view.ViewRootImpl$$ExternalSyntheticLambda17@8fa191c
04-12 21:44:39.711 18704 18762 D Detox.RNMarker: DOWNLOAD_END ({"url":"http:\/\/10.0.2.2:8081\/.expo\/.virtual-metro-entry.bundle?platform=android&dev=true&lazy=true&minify=false&app=com.panviravindra.comparez&modulesOnly=false&runModule=true&excludeSource=true&sourcePaths=url-server","filesChangedCount":0})
04-12 21:44:39.712 18704 18704 D Detox.RNMarker: REACT_BRIDGE_LOADING_START (null)
04-12 21:44:39.712 18704 18776 D Detox.RNMarker: CREATE_REACT_CONTEXT_START (HermesExecutorDebug)
04-12 21:44:39.713 18704 18776 D Detox.RNMarker: PROCESS_PACKAGES_START (null)
04-12 21:44:39.714 18704 18776 D Detox.RNMarker: CREATE_MODULE_START (FrescoModule)
04-12 21:44:39.714 18704 18776 D Detox.RNMarker: CREATE_MODULE_END (FrescoModule)
04-12 21:44:39.753 18704 18776 I ExpoModulesCore: ✅ AppContext was initialized
04-12 21:44:39.753 18704 18776 D Detox.RNMarker: PROCESS_PACKAGES_END (null)
04-12 21:44:39.754 18704 18776 D Detox.RNMarker: CREATE_CATALYST_INSTANCE_START (null)
04-12 21:44:39.758 18704 18776 D Detox.RNMarker: CREATE_CATALYST_INSTANCE_END (null)
04-12 21:44:39.758 18704 18776 D Detox.RNMarker: PRE_RUN_JS_BUNDLE_START (null)
04-12 21:44:39.759 18704 18781 D Detox.RNMarker: CREATE_REACT_CONTEXT_END (null)
04-12 21:44:39.759 18704 18781 D Detox.RNMarker: RUN_JS_BUNDLE_START (/.virtual-metro-entry.bundle?platform=android&dev=true&lazy=true&minify=false&app=com.panviravindra.comparez&modulesOnly=false&runModule=true&excludeSource=true&sourcePaths=url-server)
04-12 21:44:39.764 18704 18704 W unknown:ReactNative: Packager connection already open, nooping.
04-12 21:44:39.765 18704 18782 D Detox.RNMarker: CREATE_MODULE_START (UIManager)
04-12 21:44:39.781 18704 18782 W unknown:ViewManagerPropertyUpdater: Could not find generated setter for class com.facebook.react.views.debuggingoverlay.DebuggingOverlayManager
04-12 21:44:39.787 18704 18782 W unknown:ViewManagerPropertyUpdater: Could not find generated setter for class com.facebook.react.uimanager.LayoutShadowNode
04-12 21:44:39.788 18704 18782 W unknown:ViewManagerPropertyUpdater: Could not find generated setter for class com.facebook.react.views.drawer.ReactDrawerLayoutManager
04-12 21:44:39.789 18704 18782 W unknown:ViewManagerPropertyUpdater: Could not find generated setter for class com.facebook.react.views.scroll.ReactHorizontalScrollViewManager
04-12 21:44:39.792 18704 18782 W unknown:ViewManagerPropertyUpdater: Could not find generated setter for class com.facebook.react.views.scroll.ReactHorizontalScrollContainerViewManager
04-12 21:44:39.796 18704 18782 W unknown:ViewManagerPropertyUpdater: Could not find generated setter for class com.facebook.react.views.progressbar.ReactProgressBarViewManager
04-12 21:44:39.796 18704 18782 W unknown:ViewManagerPropertyUpdater: Could not find generated setter for class com.facebook.react.views.progressbar.ProgressBarShadowNode
04-12 21:44:39.797 18704 18782 W unknown:ViewManagerPropertyUpdater: Could not find generated setter for class com.facebook.react.views.scroll.ReactScrollViewManager
04-12 21:44:39.798 18704 18782 W unknown:ViewManagerPropertyUpdater: Could not find generated setter for class com.facebook.react.views.switchview.ReactSwitchManager
04-12 21:44:39.801 18704 18782 W unknown:ViewManagerPropertyUpdater: Could not find generated setter for class com.facebook.react.views.switchview.ReactSwitchShadowNode
04-12 21:44:39.801 18704 18782 W unknown:ViewManagerPropertyUpdater: Could not find generated setter for class com.facebook.react.views.safeareaview.ReactSafeAreaViewManager
04-12 21:44:39.801 18704 18782 W unknown:ViewManagerPropertyUpdater: Could not find generated setter for class com.facebook.react.views.safeareaview.ReactSafeAreaViewShadowNode
04-12 21:44:39.807 18704 18782 W unknown:ViewManagerPropertyUpdater: Could not find generated setter for class com.facebook.react.views.swiperefresh.SwipeRefreshLayoutManager
04-12 21:44:39.808 18704 18782 W unknown:ViewManagerPropertyUpdater: Could not find generated setter for class com.facebook.react.views.text.frescosupport.FrescoBasedReactTextInlineImageViewManager
04-12 21:44:39.808 18704 18782 W unknown:ViewManagerPropertyUpdater: Could not find generated setter for class com.facebook.react.views.text.frescosupport.FrescoBasedReactTextInlineImageShadowNode
04-12 21:44:39.809 18704 18782 W unknown:ViewManagerPropertyUpdater: Could not find generated setter for class com.facebook.react.views.image.ReactImageManager
04-12 21:44:39.810 18704 18782 W unknown:ViewManagerPropertyUpdater: Could not find generated setter for class com.facebook.react.views.modal.ReactModalHostManager
04-12 21:44:39.810 18704 18782 W unknown:ViewManagerPropertyUpdater: Could not find generated setter for class com.facebook.react.views.text.ReactRawTextManager
04-12 21:44:39.810 18704 18782 W unknown:ViewManagerPropertyUpdater: Could not find generated setter for class com.facebook.react.views.text.ReactRawTextShadowNode
04-12 21:44:39.811 18704 18782 W unknown:ViewManagerPropertyUpdater: Could not find generated setter for class com.facebook.react.views.textinput.ReactTextInputManager
04-12 21:44:39.812 18704 18782 W unknown:ViewManagerPropertyUpdater: Could not find generated setter for class com.facebook.react.views.textinput.ReactTextInputShadowNode
04-12 21:44:39.813 18704 18782 W unknown:ViewManagerPropertyUpdater: Could not find generated setter for class com.facebook.react.views.text.ReactTextViewManager
04-12 21:44:39.816 18704 18782 W unknown:ViewManagerPropertyUpdater: Could not find generated setter for class com.facebook.react.views.text.ReactTextShadowNode
04-12 21:44:39.817 18704 18782 W unknown:ViewManagerPropertyUpdater: Could not find generated setter for class com.facebook.react.views.view.ReactViewManager
04-12 21:44:39.818 18704 18782 W unknown:ViewManagerPropertyUpdater: Could not find generated setter for class com.facebook.react.views.text.ReactVirtualTextViewManager
04-12 21:44:39.818 18704 18782 W unknown:ViewManagerPropertyUpdater: Could not find generated setter for class com.facebook.react.views.text.ReactVirtualTextShadowNode
04-12 21:44:39.818 18704 18782 W unknown:ViewManagerPropertyUpdater: Could not find generated setter for class com.facebook.react.views.unimplementedview.ReactUnimplementedViewManager
04-12 21:44:39.823 18704 18782 W unknown:ViewManagerPropertyUpdater: Could not find generated setter for class expo.modules.kotlin.views.GroupViewManagerWrapper
04-12 21:44:39.825 18704 18782 W unknown:ViewManagerPropertyUpdater: Could not find generated setter for class expo.modules.kotlin.views.SimpleViewManagerWrapper
04-12 21:44:39.827 18704 18782 W unknown:ViewManagerPropertyUpdater: Could not find generated setter for class com.th3rdwave.safeareacontext.SafeAreaProviderManager
04-12 21:44:39.827 18704 18782 W unknown:ViewManagerPropertyUpdater: Could not find generated setter for class com.th3rdwave.safeareacontext.SafeAreaViewManager
04-12 21:44:39.831 18704 18782 W unknown:ViewManagerPropertyUpdater: Could not find generated setter for class com.th3rdwave.safeareacontext.SafeAreaViewShadowNode
04-12 21:44:39.831 18704 18782 W unknown:ViewManagerPropertyUpdater: Could not find generated setter for class com.swmansion.rnscreens.ScreenContainerViewManager
04-12 21:44:39.832 18704 18782 W unknown:ViewManagerPropertyUpdater: Could not find generated setter for class com.swmansion.rnscreens.ScreenViewManager
04-12 21:44:39.833 18704 18782 W unknown:ViewManagerPropertyUpdater: Could not find generated setter for class com.swmansion.rnscreens.ModalScreenViewManager
04-12 21:44:39.833 18704 18782 W unknown:ViewManagerPropertyUpdater: Could not find generated setter for class com.swmansion.rnscreens.ScreenStackViewManager
04-12 21:44:39.839 18704 18782 W unknown:ViewManagerPropertyUpdater: Could not find generated setter for class com.swmansion.rnscreens.ScreenStackHeaderConfigViewManager
04-12 21:44:39.840 18704 18782 W unknown:ViewManagerPropertyUpdater: Could not find generated setter for class com.swmansion.rnscreens.ScreenStackHeaderSubviewManager
04-12 21:44:39.840 18704 18782 W unknown:ViewManagerPropertyUpdater: Could not find generated setter for class com.swmansion.rnscreens.SearchBarManager
04-12 21:44:39.841 18704 18782 W unknown:ViewManagerPropertyUpdater: Could not find generated setter for class com.swmansion.rnscreens.ScreenFooterManager
04-12 21:44:39.841 18704 18782 W unknown:ViewManagerPropertyUpdater: Could not find generated setter for class com.swmansion.rnscreens.ScreenContentWrapperManager
04-12 21:44:39.842 18704 18782 W unknown:ViewManagerPropertyUpdater: Could not find generated setter for class com.swmansion.rnscreens.gamma.tabs.TabsHostViewManager
04-12 21:44:39.843 18704 18782 W unknown:ViewManagerPropertyUpdater: Could not find generated setter for class com.swmansion.rnscreens.gamma.tabs.TabScreenViewManager
04-12 21:44:39.843 18704 18782 W unknown:ViewManagerPropertyUpdater: Could not find generated setter for class com.reactnativecommunity.webview.RNCWebViewManager
04-12 21:44:39.850 18704 18782 D Detox.RNMarker: CREATE_MODULE_END (UIManager)
04-12 21:44:39.858 18704 18782 D Detox.RNMarker: REACT_BRIDGE_LOADING_END (null)
04-12 21:44:39.862 18704 18704 I DetoxRNLoading: Got new RN-context directly through listener
04-12 21:44:39.862 18704 18736 I DetoxRNIdleRes: Setting up Espresso Idling Resources for React Native
04-12 21:44:39.863 18704 18704 I Detox   : PATCHED FACTORY: Disabling all idling resources for RN 0.81 compatibility
04-12 21:44:39.863 18704 18740 W vindra.comparez: Long monitor contention with owner Instr: androidx.test.runner.AndroidJUnitRunner (18736) at void com.wix.detox.DetoxMain.launchActivityOnCue(android.content.Context, com.wix.detox.ActivityLaunchHelper)(DetoxMain.kt:53) waiters=0 in void com.wix.detox.DetoxMain$setupActionHandlers$SynchronizedActionHandler.handle(java.lang.String, long) for 550ms
04-12 21:44:39.872 18704 18782 W vindra.comparez: Accessing hidden method Landroid/os/MessageQueue;->next()Landroid/os/Message; (unsupported, reflection, allowed)
04-12 21:44:39.875 18704 18782 W vindra.comparez: Accessing hidden field Landroid/os/MessageQueue;->mMessages:Landroid/os/Message; (unsupported, reflection, allowed)
04-12 21:44:39.875 18704 18782 W vindra.comparez: Accessing hidden method Landroid/os/Message;->recycleUnchecked()V (unsupported, reflection, allowed)
04-12 21:44:39.880 18704 18781 D Detox.RNMarker: NATIVE_MODULE_SETUP_START (NativePerformanceCxx)
04-12 21:44:39.882 18704 18781 D Detox.RNMarker: NATIVE_MODULE_SETUP_START (PlatformConstants)
04-12 21:44:39.882 18704 18781 D Detox.RNMarker: CREATE_MODULE_START (PlatformConstants)
04-12 21:44:39.882 18704 18781 D Detox.RNMarker: CREATE_MODULE_END (PlatformConstants)
04-12 21:44:39.884 18704 18781 D Detox.RNMarker: NATIVE_MODULE_SETUP_END (PlatformConstants)
04-12 21:44:39.887 18704 18781 D Detox.RNMarker: NATIVE_MODULE_SETUP_START (DevSettings)
04-12 21:44:39.887 18704 18781 D Detox.RNMarker: CREATE_MODULE_START (DevSettings)
04-12 21:44:39.887 18704 18781 D Detox.RNMarker: CREATE_MODULE_END (DevSettings)
04-12 21:44:39.887 18704 18781 D Detox.RNMarker: NATIVE_MODULE_SETUP_END (DevSettings)
04-12 21:44:39.888 18704 18781 D Detox.RNMarker: NATIVE_MODULE_SETUP_START (LogBox)
04-12 21:44:39.888 18704 18781 D Detox.RNMarker: CREATE_MODULE_START (LogBox)
04-12 21:44:39.888 18704 18781 D Detox.RNMarker: CREATE_MODULE_END (LogBox)
04-12 21:44:39.888 18704 18781 D Detox.RNMarker: NATIVE_MODULE_SETUP_END (LogBox)
04-12 21:44:39.888 18704 18781 D Detox.RNMarker: NATIVE_MODULE_SETUP_START (SourceCode)
04-12 21:44:39.889 18704 18781 D Detox.RNMarker: CREATE_MODULE_START (SourceCode)
04-12 21:44:39.889 18704 18781 D Detox.RNMarker: CREATE_MODULE_END (SourceCode)
04-12 21:44:39.889 18704 18781 D Detox.RNMarker: NATIVE_MODULE_SETUP_END (SourceCode)
04-12 21:44:39.903 18704 18781 D Detox.RNMarker: NATIVE_MODULE_SETUP_START (Timing)
04-12 21:44:39.903 18704 18781 D Detox.RNMarker: CREATE_MODULE_START (Timing)
04-12 21:44:39.903 18704 18781 D Detox.RNMarker: CREATE_MODULE_END (Timing)
04-12 21:44:39.903 18704 18781 D Detox.RNMarker: NATIVE_MODULE_SETUP_END (Timing)
04-12 21:44:39.907 18704 18781 D Detox.RNMarker: NATIVE_MODULE_SETUP_START (ReactDevToolsSettingsManager)
04-12 21:44:39.907 18704 18781 D Detox.RNMarker: CREATE_MODULE_START (ReactDevToolsSettingsManager)
04-12 21:44:39.907 18704 18781 D Detox.RNMarker: CREATE_MODULE_END (ReactDevToolsSettingsManager)
04-12 21:44:39.907 18704 18781 D Detox.RNMarker: NATIVE_MODULE_SETUP_END (ReactDevToolsSettingsManager)
04-12 21:44:39.908 18704 18781 D Detox.RNMarker: NATIVE_MODULE_SETUP_START (ReactDevToolsRuntimeSettingsModule)
04-12 21:44:39.908 18704 18781 D Detox.RNMarker: CREATE_MODULE_START (ReactDevToolsRuntimeSettingsModule)
04-12 21:44:39.908 18704 18781 D Detox.RNMarker: CREATE_MODULE_END (ReactDevToolsRuntimeSettingsModule)
04-12 21:44:39.908 18704 18781 D Detox.RNMarker: NATIVE_MODULE_SETUP_END (ReactDevToolsRuntimeSettingsModule)
04-12 21:44:39.911 18704 18781 D Detox.RNMarker: NATIVE_MODULE_SETUP_START (NativeReactNativeFeatureFlagsCxx)
04-12 21:44:39.914 18704 18781 D Detox.RNMarker: NATIVE_MODULE_SETUP_START (AppState)
04-12 21:44:39.930 18704 18781 D Detox.RNMarker: CREATE_MODULE_START (AppState)
04-12 21:44:39.930 18704 18781 D Detox.RNMarker: CREATE_MODULE_END (AppState)
04-12 21:44:39.930 18704 18781 D Detox.RNMarker: NATIVE_MODULE_SETUP_END (AppState)
04-12 21:44:39.943 18704 18781 D Detox.RNMarker: NATIVE_MODULE_SETUP_START (BlobModule)
04-12 21:44:39.943 18704 18781 D Detox.RNMarker: CREATE_MODULE_START (BlobModule)
04-12 21:44:39.944 18704 18781 D Detox.RNMarker: CREATE_MODULE_END (BlobModule)
04-12 21:44:39.944 18704 18781 D Detox.RNMarker: NATIVE_MODULE_SETUP_END (BlobModule)
04-12 21:44:39.945 18704 18781 D Detox.RNMarker: NATIVE_MODULE_SETUP_START (WebSocketModule)
04-12 21:44:39.945 18704 18781 D Detox.RNMarker: CREATE_MODULE_START (WebSocketModule)
04-12 21:44:39.945 18704 18781 D Detox.RNMarker: CREATE_MODULE_END (WebSocketModule)
04-12 21:44:39.945 18704 18781 D Detox.RNMarker: NATIVE_MODULE_SETUP_END (WebSocketModule)
04-12 21:44:39.949 18704 18782 I WebViewFactory: Loading com.google.android.webview version 113.0.5672.136 (code 567263634)
04-12 21:44:39.951 18704 18782 W ziparchive: Unable to open '/data/app/~~rGDTFsEgVNAQR7v9a9DBnw==/com.google.android.trichromelibrary_567263634-3Q4C4Nt6E9KMMziAv9ANGg==/TrichromeLibrary.dm': No such file or directory
04-12 21:44:39.959 18704 18782 W ziparchive: Unable to open '/data/app/~~rGDTFsEgVNAQR7v9a9DBnw==/com.google.android.trichromelibrary_567263634-3Q4C4Nt6E9KMMziAv9ANGg==/TrichromeLibrary.dm': No such file or directory
04-12 21:44:39.959 18704 18782 W vindra.comparez: Entry not found
04-12 21:44:39.959 18704 18782 D nativeloader: Configuring clns-9 for other apk /data/app/~~rGDTFsEgVNAQR7v9a9DBnw==/com.google.android.trichromelibrary_567263634-3Q4C4Nt6E9KMMziAv9ANGg==/TrichromeLibrary.apk. target_sdk_version=34, uses_libraries=ALL, library_path=/data/app/~~Yw2cewKRy1ALIz8qfFlwsw==/com.google.android.webview-CDaciHExabTqd-t8TQiv4Q==/lib/arm64:/data/app/~~Yw2cewKRy1ALIz8qfFlwsw==/com.google.android.webview-CDaciHExabTqd-t8TQiv4Q==/WebViewGoogle.apk!/lib/arm64-v8a:/data/app/~~rGDTFsEgVNAQR7v9a9DBnw==/com.google.android.trichromelibrary_567263634-3Q4C4Nt6E9KMMziAv9ANGg==/TrichromeLibrary.apk!/lib/arm64-v8a, permitted_path=/data:/mnt/expand
04-12 21:44:39.962 18704 18781 D Detox.RNMarker: NATIVE_MODULE_SETUP_START (RedBox)
04-12 21:44:39.967 18704 18782 D nativeloader: Configuring clns-10 for other apk /data/app/~~Yw2cewKRy1ALIz8qfFlwsw==/com.google.android.webview-CDaciHExabTqd-t8TQiv4Q==/WebViewGoogle.apk. target_sdk_version=34, uses_libraries=, library_path=/data/app/~~Yw2cewKRy1ALIz8qfFlwsw==/com.google.android.webview-CDaciHExabTqd-t8TQiv4Q==/lib/arm64:/data/app/~~Yw2cewKRy1ALIz8qfFlwsw==/com.google.android.webview-CDaciHExabTqd-t8TQiv4Q==/WebViewGoogle.apk!/lib/arm64-v8a:/data/app/~~rGDTFsEgVNAQR7v9a9DBnw==/com.google.android.trichromelibrary_567263634-3Q4C4Nt6E9KMMziAv9ANGg==/TrichromeLibrary.apk!/lib/arm64-v8a, permitted_path=/data:/mnt/expand
04-12 21:44:39.978 18704 18782 W vindra.comparez: Accessing hidden method Landroid/os/Trace;->isTagEnabled(J)Z (unsupported, reflection, allowed)
04-12 21:44:39.997 18704 18781 D Detox.RNMarker: NATIVE_MODULE_SETUP_START (Networking)
04-12 21:44:39.997 18704 18781 D Detox.RNMarker: CREATE_MODULE_START (Networking)
04-12 21:44:39.999 18704 18781 D Detox.RNMarker: CREATE_MODULE_END (Networking)
04-12 21:44:39.999 18704 18781 D Detox.RNMarker: NATIVE_MODULE_SETUP_END (Networking)
04-12 21:44:40.000 18704 18781 D Detox.RNMarker: NATIVE_MODULE_SETUP_START (DevLoadingView)
04-12 21:44:40.000 18704 18781 D Detox.RNMarker: CREATE_MODULE_START (DevLoadingView)
04-12 21:44:40.000 18704 18781 D Detox.RNMarker: CREATE_MODULE_END (DevLoadingView)
04-12 21:44:40.000 18704 18781 D Detox.RNMarker: NATIVE_MODULE_SETUP_END (DevLoadingView)
04-12 21:44:40.002 18704 18781 D Detox.RNMarker: NATIVE_MODULE_SETUP_START (HeadlessJsTaskSupport)
04-12 21:44:40.002 18704 18781 D Detox.RNMarker: CREATE_MODULE_START (HeadlessJsTaskSupport)
04-12 21:44:40.002 18704 18781 D Detox.RNMarker: CREATE_MODULE_END (HeadlessJsTaskSupport)
04-12 21:44:40.002 18704 18781 D Detox.RNMarker: NATIVE_MODULE_SETUP_END (HeadlessJsTaskSupport)
04-12 21:44:40.004 18704 18781 D Detox.RNMarker: NATIVE_MODULE_SETUP_START (DeviceInfo)
04-12 21:44:40.011 18704 18781 D Detox.RNMarker: CREATE_MODULE_START (DeviceInfo)
04-12 21:44:40.011 18704 18782 W vindra.comparez: Accessing hidden method Landroid/os/Trace;->traceBegin(JLjava/lang/String;)V (unsupported, reflection, allowed)
04-12 21:44:40.011 18704 18782 W vindra.comparez: Accessing hidden method Landroid/os/Trace;->traceEnd(J)V (unsupported, reflection, allowed)
04-12 21:44:40.011 18704 18782 W vindra.comparez: Accessing hidden method Landroid/os/Trace;->asyncTraceBegin(JLjava/lang/String;I)V (unsupported, reflection, allowed)
04-12 21:44:40.011 18704 18782 W vindra.comparez: Accessing hidden method Landroid/os/Trace;->asyncTraceEnd(JLjava/lang/String;I)V (unsupported, reflection, allowed)
04-12 21:44:40.012 18704 18782 I cr_WVCFactoryProvider: Loaded version=113.0.5672.136 minSdkVersion=29 isBundle=false multiprocess=true packageId=2
04-12 21:44:40.013 18704 18781 D Detox.RNMarker: CREATE_MODULE_END (DeviceInfo)
04-12 21:44:40.013 18704 18781 D Detox.RNMarker: NATIVE_MODULE_SETUP_END (DeviceInfo)
04-12 21:44:40.016 18704 18781 D Detox.RNMarker: NATIVE_MODULE_SETUP_START (UIManager)
04-12 21:44:40.044 18704 18794 I cr_VariationsUtils: Failed reading seed file "/data/user/0/com.panviravindra.comparez/app_webview/variations_seed_new"
04-12 21:44:40.045 18704 18794 I cr_VariationsUtils: Failed reading seed file "/data/user/0/com.panviravindra.comparez/app_webview/variations_seed"
04-12 21:44:40.045 18704 18794 I cr_VariationsUtils: Requesting new seed from IVariationsSeedServer
04-12 21:44:40.055 18704 18782 I cr_LibraryLoader: Successfully loaded native library
04-12 21:44:40.055 18704 18782 I cr_CachingUmaRecorder: Flushed 8 samples from 8 histograms.
04-12 21:44:40.080 18704 18800 D TrafficStats: tagSocket(136) with statsTag=0xffffffff, statsUid=-1
04-12 21:44:40.104 18704 18781 D Detox.RNMarker: NATIVE_MODULE_SETUP_END (UIManager)
04-12 21:44:40.115 18704 18781 D Detox.RNMarker: NATIVE_MODULE_SETUP_START (SoundManager)
04-12 21:44:40.115 18704 18781 D Detox.RNMarker: CREATE_MODULE_START (SoundManager)
04-12 21:44:40.115 18704 18781 D Detox.RNMarker: CREATE_MODULE_END (SoundManager)
04-12 21:44:40.115 18704 18781 D Detox.RNMarker: NATIVE_MODULE_SETUP_END (SoundManager)
04-12 21:44:40.121 18704 18781 D Detox.RNMarker: NATIVE_MODULE_SETUP_START (ImageLoader)
04-12 21:44:40.121 18704 18781 D Detox.RNMarker: CREATE_MODULE_START (ImageLoader)
04-12 21:44:40.121 18704 18781 D Detox.RNMarker: CREATE_MODULE_END (ImageLoader)
04-12 21:44:40.122 18704 18781 D Detox.RNMarker: NATIVE_MODULE_SETUP_END (ImageLoader)
04-12 21:44:40.122 18704 18781 D Detox.RNMarker: NATIVE_MODULE_SETUP_START (IntentAndroid)
04-12 21:44:40.122 18704 18781 D Detox.RNMarker: CREATE_MODULE_START (IntentAndroid)
04-12 21:44:40.122 18704 18781 D Detox.RNMarker: CREATE_MODULE_END (IntentAndroid)
04-12 21:44:40.123 18704 18781 D Detox.RNMarker: NATIVE_MODULE_SETUP_END (IntentAndroid)
04-12 21:44:40.123 18704 18781 D Detox.RNMarker: NATIVE_MODULE_SETUP_START (LinkingManager)
04-12 21:44:40.124 18704 18781 D Detox.RNMarker: NATIVE_MODULE_SETUP_START (DeviceEventManager)
04-12 21:44:40.124 18704 18781 D Detox.RNMarker: CREATE_MODULE_START (DeviceEventManager)
04-12 21:44:40.124 18704 18781 D Detox.RNMarker: CREATE_MODULE_END (DeviceEventManager)
04-12 21:44:40.124 18704 18781 D Detox.RNMarker: NATIVE_MODULE_SETUP_END (DeviceEventManager)
04-12 21:44:40.128 18704 18781 D Detox.RNMarker: NATIVE_MODULE_SETUP_START (NativeUnimoduleProxy)
04-12 21:44:40.133 18704 18781 I ExpoModulesCore: ✅ JSI interop was installed
04-12 21:44:40.135 18704 18781 I ExpoModulesCore: ✅ Constants were exported
04-12 21:44:40.135 18704 18781 D Detox.RNMarker: NATIVE_MODULE_SETUP_END (NativeUnimoduleProxy)
04-12 21:44:40.139 18704 18781 D Detox.RNMarker: NATIVE_MODULE_SETUP_START (ExpoUpdates)
04-12 21:44:40.139 18704 18781 D Detox.RNMarker: NATIVE_MODULE_SETUP_START (EXDevLauncher)
04-12 21:44:40.140 18704 18781 D Detox.RNMarker: NATIVE_MODULE_SETUP_START (ExpoUpdates)
04-12 21:44:40.140 18704 18781 D Detox.RNMarker: NATIVE_MODULE_SETUP_START (ExpoGo)
04-12 21:44:40.141 18704 18781 D Detox.RNMarker: NATIVE_MODULE_SETUP_START (ExpoGo)
04-12 21:44:40.151 18704 18781 D Detox.RNMarker: NATIVE_MODULE_SETUP_START (EXDevLauncher)
04-12 21:44:40.159 18704 18802 D TrafficStats: tagSocket(136) with statsTag=0xffffffff, statsUid=-1
04-12 21:44:40.184 18704 18781 D Detox.RNMarker: NATIVE_MODULE_SETUP_START (NativeAnimatedModule)
04-12 21:44:40.184 18704 18781 D Detox.RNMarker: CREATE_MODULE_START (NativeAnimatedModule)
04-12 21:44:40.185 18704 18781 D Detox.RNMarker: CREATE_MODULE_END (NativeAnimatedModule)
04-12 21:44:40.185 18704 18781 D Detox.RNMarker: NATIVE_MODULE_SETUP_END (NativeAnimatedModule)
04-12 21:44:40.196 18704 18781 D Detox.RNMarker: NATIVE_MODULE_SETUP_START (RNCSafeAreaContext)
04-12 21:44:40.196 18704 18781 D Detox.RNMarker: CREATE_MODULE_START (RNCSafeAreaContext)
04-12 21:44:40.196 18704 18781 D Detox.RNMarker: CREATE_MODULE_END (RNCSafeAreaContext)
04-12 21:44:40.196 18704 18781 D Detox.RNMarker: NATIVE_MODULE_SETUP_END (RNCSafeAreaContext)
04-12 21:44:40.200 18704 18781 D Detox.RNMarker: NATIVE_MODULE_SETUP_START (RNSModule)
04-12 21:44:40.200 18704 18781 D Detox.RNMarker: CREATE_MODULE_START (RNSModule)
04-12 21:44:40.202 18704 18781 D Detox.RNMarker: CREATE_MODULE_END (RNSModule)
04-12 21:44:40.203 18704 18781 D Detox.RNMarker: NATIVE_MODULE_SETUP_START (RNEdgeToEdge)
04-12 21:44:40.212 18704 18781 D Detox.RNMarker: NATIVE_MODULE_SETUP_START (RNVectorIconsManager)
04-12 21:44:40.212 18704 18781 D Detox.RNMarker: NATIVE_MODULE_SETUP_START (RNVectorIconsModule)
04-12 21:44:40.212 18704 18781 D Detox.RNMarker: NATIVE_MODULE_SETUP_START (RNVectorIconsManager)
04-12 21:44:40.212 18704 18781 D Detox.RNMarker: NATIVE_MODULE_SETUP_START (RNVectorIconsModule)
04-12 21:44:40.290 18704 18781 D Detox.RNMarker: NATIVE_MODULE_SETUP_START (PlatformLocalStorage)
04-12 21:44:40.290 18704 18781 D Detox.RNMarker: NATIVE_MODULE_SETUP_START (RNC_AsyncSQLiteDBStorage)
04-12 21:44:40.290 18704 18781 D Detox.RNMarker: NATIVE_MODULE_SETUP_START (RNCAsyncStorage)
04-12 21:44:40.290 18704 18781 D Detox.RNMarker: CREATE_MODULE_START (RNCAsyncStorage)
04-12 21:44:40.290 18704 18781 V AsyncStorageExpoMigration: No scoped database found
04-12 21:44:40.291 18704 18781 D Detox.RNMarker: CREATE_MODULE_END (RNCAsyncStorage)
04-12 21:44:40.291 18704 18781 D Detox.RNMarker: NATIVE_MODULE_SETUP_END (RNCAsyncStorage)
04-12 21:44:40.293 18704 18781 D Detox.RNMarker: NATIVE_MODULE_SETUP_START (RNCWebViewModule)
04-12 21:44:40.293 18704 18781 D Detox.RNMarker: CREATE_MODULE_START (RNCWebViewModule)
04-12 21:44:40.293 18704 18781 D Detox.RNMarker: CREATE_MODULE_END (RNCWebViewModule)
04-12 21:44:40.293 18704 18781 D Detox.RNMarker: NATIVE_MODULE_SETUP_END (RNCWebViewModule)
04-12 21:44:40.310 18704 18781 D Detox.RNMarker: RUN_JS_BUNDLE_END (/.virtual-metro-entry.bundle?platform=android&dev=true&lazy=true&minify=false&app=com.panviravindra.comparez&modulesOnly=false&runModule=true&excludeSource=true&sourcePaths=url-server)
04-12 21:44:40.313 18704 18781 I ReactNativeJS: Running "main" with {"rootTag":11}
04-12 21:44:40.317 18704 18803 D TrafficStats: tagSocket(126) with statsTag=0xffffffff, statsUid=-1
04-12 21:44:40.427 18704 18781 W ReactNativeJS: The app is running using the Legacy Architecture. The Legacy Architecture is deprecated and will be removed in a future version of React Native. Please consider migrating to the New Architecture. For more information, please see https://reactnative.dev/blog/2024/10/23/the-new-architecture-is-here
04-12 21:44:40.470 18704 18782 D CompatibilityChangeReporter: Compat change id reported: 289878283; UID 10215; state: ENABLED
04-12 21:44:40.484 18704 18804 D TrafficStats: tagSocket(128) with statsTag=0xffffffff, statsUid=-1
04-12 21:44:40.485 18704 18704 I Detox   : Wait is over: App is now idle!
04-12 21:44:40.486 18704 18740 I DetoxWSClient: Sending out action 'ready' (ID #-1000)
04-12 21:44:40.486 18704 18740 I DetoxDispatcher: Done with action 'isReady'
04-12 21:44:40.486 18704 18704 D Detox.RNMarker: CONTENT_APPEARED (main)
04-12 21:44:40.527 18704 18781 D Detox.RNMarker: NATIVE_MODULE_SETUP_START (FileReaderModule)
04-12 21:44:40.529 18704 18781 D Detox.RNMarker: CREATE_MODULE_S