--------- beginning of main
04-12 18:43:35.112  6976  7067 W vindra.comparez: Verification of void com.facebook.imagepipeline.producers.MultiplexProducer$Multiplexer$1.onCancellationRequested() took 144.931ms (814.18 bytecodes/s) (3960B approximate peak alloc)
04-12 18:43:35.142  6976  6976 I Detox   : Wait is over: App is now idle!
04-12 18:43:35.143  6976  7010 I DetoxWSClient: Sending out action 'ready' (ID #-1000)
04-12 18:43:35.144  6976  7010 I DetoxDispatcher: Done with action 'isReady'
04-12 18:43:35.150  6976  7068 D TrafficStats: tagSocket(140) with statsTag=0xffffffff, statsUid=-1
04-12 18:43:35.160  6976  7014 D DetoxWSClient: Received action 'invoke' (ID #2, params={"target":{"type":"Class","value":"com.wix.detox.espresso.DetoxAssertion"},"method":"assertMatcher","args":[{"type":"Invocation","value":{"target":{"type":"Class","value":"androidx.test.espresso.Espresso"},"method":"onView","args":[{"type":"Invocation","value":{"target":{"type":"Class","value":"com.wix.detox.espresso.DetoxMatcher"},"method":"matcherForTestId","args":["homeSearchCta",{"type":"boolean","value":false}]}}]}},{"type":"Invocation","value":{"target":{"type":"Class","value":"com.wix.detox.espresso.DetoxMatcher"},"method":"matcherForSufficientlyVisible","args":[{"type":"Integer","value":75}]}}]})
04-12 18:43:35.184  6976  7010 I DetoxDispatcher: Handling action 'invoke' (ID #2)...
04-12 18:43:35.205  6976  7010 D Detox   : class com.wix.detox.espresso.DetoxMatcher, matcherForTestId, [homeSearchCta, false]
04-12 18:43:35.242  6976  7010 D Detox   : class androidx.test.espresso.Espresso, onView, [(view.getTag() is "homeSearchCta" and view has effective visibility <VISIBLE>)]
04-12 18:43:35.264  6976  7048 D Detox.RNMarker: NATIVE_MODULE_SETUP_START (FileReaderModule)
04-12 18:43:35.265  6976  7048 D Detox.RNMarker: CREATE_MODULE_START (FileReaderModule)
04-12 18:43:35.265  6976  7048 D Detox.RNMarker: CREATE_MODULE_END (FileReaderModule)
04-12 18:43:35.266  6976  7048 D Detox.RNMarker: NATIVE_MODULE_SETUP_END (FileReaderModule)
04-12 18:43:35.267  6976  7010 D CompatibilityChangeReporter: Compat change id reported: 247079863; UID 10201; state: ENABLED
04-12 18:43:35.269  6976  7010 D Detox   : class com.wix.detox.espresso.DetoxMatcher, matcherForSufficientlyVisible, [75]
04-12 18:43:35.271  6976  7010 D Detox   : class com.wix.detox.espresso.DetoxAssertion, assertMatcher, [androidx.test.espresso.ViewInteraction@bbffa86, (view has effective visibility <VISIBLE> and view.getGlobalVisibleRect() covers at least <75> percent of the view's area)]
04-12 18:43:35.355  6976  6976 I ViewInteraction: Checking 'MatchesViewAssertion(Detox){viewMatcher=(view has effective visibility <VISIBLE> and view.getGlobalVisibleRect() covers at least <75> percent of the view's area)}' assertion on view (view.getTag() is "homeSearchCta" and view has effective visibility <VISIBLE>)
04-12 18:43:35.362  6976  7010 I DetoxActionHandlers: Test exception
04-12 18:43:35.362  6976  7010 I DetoxActionHandlers: java.lang.reflect.InvocationTargetException
04-12 18:43:35.362  6976  7010 I DetoxActionHandlers: 	at java.lang.reflect.Method.invoke(Native Method)
04-12 18:43:35.362  6976  7010 I DetoxActionHandlers: 	at org.apache.commons.lang3.reflect.MethodUtils.invokeStaticMethod(MethodUtils.java:443)
04-12 18:43:35.362  6976  7010 I DetoxActionHandlers: 	at org.apache.commons.lang3.reflect.MethodUtils.invokeStaticMethod(MethodUtils.java:405)
04-12 18:43:35.362  6976  7010 I DetoxActionHandlers: 	at com.wix.invoke.types.ClassTarget.execute(ClassTarget.java:23)
04-12 18:43:35.362  6976  7010 I DetoxActionHandlers: 	at com.wix.invoke.types.Target.invoke(Target.java:59)
04-12 18:43:35.362  6976  7010 I DetoxActionHandlers: 	at com.wix.invoke.MethodInvocation.invoke(MethodInvocation.java:35)
04-12 18:43:35.362  6976  7010 I DetoxActionHandlers: 	at com.wix.invoke.MethodInvocation.invoke(MethodInvocation.java:26)
04-12 18:43:35.362  6976  7010 I DetoxActionHandlers: 	at com.wix.invoke.MethodInvocation.invoke(MethodInvocation.java:20)
04-12 18:43:35.362  6976  7010 I DetoxActionHandlers: 	at com.wix.detox.adapters.server.InvokeActionHandler.handle(DetoxActionHandlers.kt:54)
04-12 18:43:35.362  6976  7010 I DetoxActionHandlers: 	at com.wix.detox.adapters.server.ActionsExecutor.executeAction$lambda$2$lambda$1(DetoxActionsDispatcher.kt:76)
04-12 18:43:35.362  6976  7010 I DetoxActionHandlers: 	at com.wix.detox.adapters.server.ActionsExecutor.$r8$lambda$GVbB7LHtBHxNHGbgYnHJ6YrwCqs(Unknown Source:0)
04-12 18:43:35.362  6976  7010 I DetoxActionHandlers: 	at com.wix.detox.adapters.server.ActionsExecutor$$ExternalSyntheticLambda0.run(D8$$SyntheticClass:0)
04-12 18:43:35.362  6976  7010 I DetoxActionHandlers: 	at android.os.Handler.handleCallback(Handler.java:958)
04-12 18:43:35.362  6976  7010 I DetoxActionHandlers: 	at android.os.Handler.dispatchMessage(Handler.java:99)
04-12 18:43:35.362  6976  7010 I DetoxActionHandlers: 	at android.os.Looper.loopOnce(Looper.java:205)
04-12 18:43:35.362  6976  7010 I DetoxActionHandlers: 	at android.os.Looper.loop(Looper.java:294)
04-12 18:43:35.362  6976  7010 I DetoxActionHandlers: 	at com.wix.detox.adapters.server.ActionsExecutor._init_$lambda$0(DetoxActionsDispatcher.kt:62)
04-12 18:43:35.362  6976  7010 I DetoxActionHandlers: 	at com.wix.detox.adapters.server.ActionsExecutor.$r8$lambda$xlgL0CQim6vNM0wWEqM8JIDgZUE(Unknown Source:0)
04-12 18:43:35.362  6976  7010 I DetoxActionHandlers: 	at com.wix.detox.adapters.server.ActionsExecutor$$ExternalSyntheticLambda1.run(D8$$SyntheticClass:0)
04-12 18:43:35.362  6976  7010 I DetoxActionHandlers: 	at java.lang.Thread.run(Thread.java:1012)
04-12 18:43:35.362  6976  7010 I DetoxActionHandlers: Caused by: junit.framework.AssertionFailedError: '(view has effective visibility <VISIBLE> and view.getGlobalVisibleRect() covers at least <75> percent of the view's area)' doesn't match the selected view.
04-12 18:43:35.362  6976  7010 I DetoxActionHandlers: Expected: (view has effective visibility <VISIBLE> and view.getGlobalVisibleRect() covers at least <75> percent of the view's area)
04-12 18:43:35.362  6976  7010 I DetoxActionHandlers:      Got: was null
04-12 18:43:35.362  6976  7010 I DetoxActionHandlers: 
04-12 18:43:35.362  6976  7010 I DetoxActionHandlers: 	at androidx.test.espresso.matcher.ViewMatchers.assertThat(ViewMatchers.java:620)
04-12 18:43:35.362  6976  7010 I DetoxActionHandlers: 	at com.wix.detox.espresso.assertion.ViewAssertions$MatchesViewAssertion.check(ViewAssertions.java:51)
04-12 18:43:35.362  6976  7010 I DetoxActionHandlers: 	at androidx.test.espresso.ViewInteraction$SingleExecutionViewAssertion.check(ViewInteraction.java:488)
04-12 18:43:35.362  6976  7010 I DetoxActionHandlers: 	at androidx.test.espresso.ViewInteraction$2.call(ViewInteraction.java:346)
04-12 18:43:35.362  6976  7010 I DetoxActionHandlers: 	at androidx.test.espresso.ViewInteraction$2.call(ViewInteraction.java:319)
04-12 18:43:35.362  6976  7010 I DetoxActionHandlers: 	at java.util.concurrent.FutureTask.run(FutureTask.java:264)
04-12 18:43:35.362  6976  7010 I DetoxActionHandlers: 	at android.os.Handler.handleCallback(Handler.java:958)
04-12 18:43:35.362  6976  7010 I DetoxActionHandlers: 	at android.os.Handler.dispatchMessage(Handler.java:99)
04-12 18:43:35.362  6976  7010 I DetoxActionHandlers: 	at android.os.Looper.loopOnce(Looper.java:205)
04-12 18:43:35.362  6976  7010 I DetoxActionHandlers: 	at android.os.Looper.loop(Looper.java:294)
04-12 18:43:35.362  6976  7010 I DetoxActionHandlers: 	at android.app.ActivityThread.main(ActivityThread.java:8177)
04-12 18:43:35.362  6976  7010 I DetoxActionHandlers: 	at java.lang.reflect.Method.invoke(Native Method)
04-12 18:43:35.362  6976  7010 I DetoxActionHandlers: 	at com.android.internal.os.RuntimeInit$MethodAndArgsCaller.run(RuntimeInit.java:552)
04-12 18:43:35.362  6976  7010 I DetoxActionHandlers: 	at com.android.internal.os.ZygoteInit.main(ZygoteInit.java:971)
04-12 18:43:35.375  6976  7010 I DetoxWSClient: Sending out action 'testFailed' (ID #2)
04-12 18:43:35.388  6976  7010 I DetoxDispatcher: Done with action 'invoke'
04-12 18:43:35.401  6976  7067 W vindra.comparez: Verification of void com--------- beginning of main
04-12 18:43:37.018  7117  7117 D CompatibilityChangeReporter: Compat change id reported: 171979766; UID 10201; state: ENABLED
04-12 18:43:37.021  7117  7117 D CompatibilityChangeReporter: Compat change id reported: 242716250; UID 10201; state: ENABLED
--------- beginning of system
04-12 18:43:37.057  7117  7117 W ActivityThread: Package uses different ABI(s) than its instrumentation: package[com.panviravindra.comparez]: arm64-v8a, null instrumentation[com.panviravindra.comparez.test]: null, null
04-12 18:43:37.069  7117  7117 W vindra.comparez: ClassLoaderContext shared library size mismatch. Expected=2, found=0 (PCL[]{PCL[/system/framework/android.test.base.jar*836642756]#PCL[/system/framework/android.test.mock.jar*3186112116]} | PCL[])
04-12 18:43:37.073  7117  7117 W vindra.comparez: ClassLoaderContext classpath size mismatch. expected=0, found=1 (PCL[] | PCL[/system/framework/android.test.runner.jar*4168958247])
04-12 18:43:37.077  7117  7117 W vindra.comparez: ClassLoaderContext classpath size mismatch. expected=0, found=2 (PCL[] | PCL[/system/framework/android.test.runner.jar*4168958247:/system/framework/android.test.mock.jar*3186112116])
04-12 18:43:37.085  7117  7117 W ziparchive: Unable to open '/data/app/~~Jr61rg6gMDZxCXUoKs5hIA==/com.panviravindra.comparez.test-3BFLWBemgytcPTsUXHhbNQ==/base.dm': No such file or directory
04-12 18:43:37.088  7117  7117 W ziparchive: Unable to open '/data/app/~~Jr61rg6gMDZxCXUoKs5hIA==/com.panviravindra.comparez.test-3BFLWBemgytcPTsUXHhbNQ==/base.dm': No such file or directory
04-12 18:43:37.269  7117  7117 W ziparchive: Unable to open '/data/app/~~TfbBc7rxkFXTiCjOUBIN8A==/com.panviravindra.comparez-4chwkCThf7ufmw6nGgsgoQ==/base.dm': No such file or directory
04-12 18:43:37.271  7117  7117 W ziparchive: Unable to open '/data/app/~~TfbBc7rxkFXTiCjOUBIN8A==/com.panviravindra.comparez-4chwkCThf7ufmw6nGgsgoQ==/base.dm': No such file or directory
04-12 18:43:37.666  7117  7117 D nativeloader: Configuring clns-6 for other apk /system/framework/android.test.runner.jar:/system/framework/android.test.mock.jar:/system/framework/android.test.base.jar:/data/app/~~Jr61rg6gMDZxCXUoKs5hIA==/com.panviravindra.comparez.test-3BFLWBemgytcPTsUXHhbNQ==/base.apk:/data/app/~~TfbBc7rxkFXTiCjOUBIN8A==/com.panviravindra.comparez-4chwkCThf7ufmw6nGgsgoQ==/base.apk. target_sdk_version=36, uses_libraries=, library_path=/data/app/~~Jr61rg6gMDZxCXUoKs5hIA==/com.panviravindra.comparez.test-3BFLWBemgytcPTsUXHhbNQ==/lib/arm64:/data/app/~~TfbBc7rxkFXTiCjOUBIN8A==/com.panviravindra.comparez-4chwkCThf7ufmw6nGgsgoQ==/lib/arm64:/data/app/~~Jr61rg6gMDZxCXUoKs5hIA==/com.panviravindra.comparez.test-3BFLWBemgytcPTsUXHhbNQ==/base.apk!/lib/arm64-v8a:/data/app/~~TfbBc7rxkFXTiCjOUBIN8A==/com.panviravindra.comparez-4chwkCThf7ufmw6nGgsgoQ==/base.apk!/lib/arm64-v8a, permitted_path=/data:/mnt/expand:/data/user/0/com.panviravindra.comparez
04-12 18:43:37.691  7117  7117 V GraphicsEnvironment: Currently set values for:
04-12 18:43:37.691  7117  7117 V GraphicsEnvironment:   angle_gl_driver_selection_pkgs=[]
04-12 18:43:37.691  7117  7117 V GraphicsEnvironment:   angle_gl_driver_selection_values=[]
04-12 18:43:37.692  7117  7117 V GraphicsEnvironment: ANGLE GameManagerService for com.panviravindra.comparez: false
04-12 18:43:37.692  7117  7117 V GraphicsEnvironment: com.panviravindra.comparez is not listed in per-application setting
04-12 18:43:37.692  7117  7117 V GraphicsEnvironment: Neither updatable production driver nor prerelease driver is supported.
04-12 18:43:37.698  7117  7117 D ApplicationLoaders: Returning zygote-cached class loader: /system/framework/android.test.base.jar
04-12 18:43:37.714  7117  7117 D nativeloader: Configuring clns-7 for other apk /system/framework/android.test.mock.jar. target_sdk_version=36, uses_libraries=ALL, library_path=/data/app/~~Jr61rg6gMDZxCXUoKs5hIA==/com.panviravindra.comparez.test-3BFLWBemgytcPTsUXHhbNQ==/lib/arm64:/data/app/~~TfbBc7rxkFXTiCjOUBIN8A==/com.panviravindra.comparez-4chwkCThf7ufmw6nGgsgoQ==/lib/arm64, permitted_path=/data:/mnt/expand
04-12 18:43:37.716  7117  7117 D ApplicationLoaders: Returning zygote-cached class loader: /system/framework/android.test.base.jar
04-12 18:43:37.725  7117  7117 D nativeloader: Configuring clns-8 for other apk /system/framework/android.test.runner.jar. target_sdk_version=36, uses_libraries=ALL, library_path=/data/app/~~Jr61rg6gMDZxCXUoKs5hIA==/com.panviravindra.comparez.test-3BFLWBemgytcPTsUXHhbNQ==/lib/arm64:/data/app/~~TfbBc7rxkFXTiCjOUBIN8A==/com.panviravindra.comparez-4chwkCThf7ufmw6nGgsgoQ==/lib/arm64, permitted_path=/data:/mnt/expand
04-12 18:43:37.726  7117  7117 W vindra.comparez: ClassLoaderContext shared library size mismatch. Expected=2, found=3 (PCL[]{PCL[/system/framework/android.test.base.jar*836642756]#PCL[/system/framework/android.test.mock.jar*3186112116]} | PCL[]{PCL[/system/framework/android.test.base.jar*836642756]#PCL[/system/framework/android.test.mock.jar*3186112116]#PCL[/system/framework/android.test.runner.jar*4168958247]{PCL[/system/framework/android.test.base.jar*836642756]#PCL[/system/framework/android.test.mock.jar*3186112116]}};PCL[/system/framework/android.test.runner.jar*4168958247:/system/framework/android.test.mock.jar*3186112116:/system/framework/android.test.base.jar*836642756:/data/app/~~Jr61rg6gMDZxCXUoKs5hIA==/com.panviravindra.comparez.test-3BFLWBemgytcPTsUXHhbNQ==/base.apk*294246005:/data/app/~~Jr61rg6gMDZxCXUoKs5hIA==/com.panviravindra.comparez.test-3BFLWBemgytcPTsUXHhbNQ==/base.apk!classes2.dex*4055916645:/data/app/~~Jr61rg6gMDZxCXUoKs5hIA==/com.panviravindra.comparez.test-3BFLWBemgytcPTsUXHhbNQ==/base.apk!classes3.dex*2949407285:/data/app/~~Jr61rg6gMDZxCXUoKs5hIA==/com.panviravindra.comparez.test-3BFLWBemgytcPTsUXHhbNQ==/base.apk!classes4.dex*2472856604:/data/app/~~Jr61rg6gMDZxCXUoKs5hIA==/com.panviravindra.comparez.test-3BFLWBemgytcPTsUXHhbNQ==/base.apk!classes5.dex*449036524:/data/app/~~Jr61rg6gMDZxCXUoKs5hIA==/com.panviravindra.comparez.test-3BFLWBemgytcPTsUXHhbNQ==/base.apk!classes6.dex*2622014904:/data/app/~~Jr61rg6gMDZxCXUoKs5hIA==/com.panviravindra.comparez.test-3BFLWBemgytcPTsUXHhbNQ==/base.apk!classes7.dex*530900409:/data/app/~~Jr61rg6gMDZxCXUoKs5hIA==/com.panviravindra.comparez.test-3BFLWBemgytcPTsUXHhbNQ==/base.apk!classes8.dex*4143867305:/data/app/~~Jr61rg6gMDZxCXUoKs5hIA==/com.panviravindra.comparez.test-3BFLWBemgytcPTsUXHhbNQ==/base.apk!classes9.dex*4104667095:/data/app/~~Jr61rg6gMDZxCXUoKs5hIA==/com.panviravindra.comparez.test-3BFLWBemgytcPTsUXHhbNQ==/base.apk!classes10.dex*3785976675:/data/app/~~Jr61rg6gMDZxCXUoKs5hIA==/com.panviravindra.comparez.test-3BFLWBemgytcPTsUXHhbNQ==/base.apk!classes11.dex*747467643:/data/app/~~Jr61rg6gMDZxCXUoKs5hIA==/com.panviravindra.comparez.test-3BFLWBemgytcPTsUXHhbNQ==/base.apk!classes12.dex*128433845:/data/app/~~Jr61rg6gMDZxCXUoKs5hIA==/com.panviravindra.comparez.test-3BFLWBemgytcPTsUXHhbNQ==/base.apk!classes13.dex*3653805668:/data/app/~~Jr61rg6gMDZxCXUoKs5hIA==/com.panviravindra.comparez.test-3BFLWBemgytcPTsUXHhbNQ==/base.apk!classes14.dex*1229665198:/data/app/~~Jr61rg6gMDZxCXUoKs5hIA==/com.panviravindra.comparez.test-3BFLWBemgytcPTsUXHhbNQ==/base.apk!classes15.dex*638951780:/data/app/~~Jr61rg6gMDZxCXUoKs5hIA==/com.panviravindra.comparez.test-3BFLWBemgytcPTsUXHhbNQ==/base.apk!classes16.dex*2498210027:/data/app/~~Jr61rg6gMDZxCXUoKs5hIA==/com.panviravindra.comparez.test-3BFLWBemgytcPTsUXHhbNQ==/base.apk!classes17.dex*732076495:/data/app/~~Jr61rg6gMDZxCXUoKs5hIA==/com.panviravindra.comparez.test-3BFLWBemgytcPTsUXHhbNQ==/base.apk!classes18.dex*238609134:/data/app/~~Jr61rg6gMDZxCXUoKs5hIA==/com.panviravindra.comparez.test-3BFLWBemgytcPTsUXHhbNQ==/base.apk!classes19.dex*1407230120:/data/app/~~TfbBc7rxkFXTiCjOUBIN8A==/com.panviravindra.comparez-4chwkCThf7ufmw6nGgsgoQ==/base.apk*93354197:/data/app/~~TfbBc7rxkFXTiCjOUBIN8A==/com.panviravindra.comparez-4chwkCThf7ufmw6nGgsgoQ==/base.apk!classes2.dex*2402452363:/data/app/~~TfbBc7rxkFXTiCjOUBIN8A==/com.panviravindra.comparez-4chwkCThf7ufmw6nGgsgoQ==/base.apk!classes3.dex*1876940571:/data/app/~~TfbBc7rxkFXTiCjOUBIN8A==/com.panviravindra.comparez-4chwkCThf7ufmw6nGgsgoQ==/base.apk!classes4.dex*389630062:/data/app/~~TfbBc7rxkFXTiCjOUBIN8A==/com.panviravindra.comparez-4chwkCThf7ufmw6nGgsgoQ==/base.apk!classes5.dex*1867390877:/data/app/~~TfbBc7rxkFXTiCjOUBIN8A==/com.panviravindra.comparez-4chwkCThf7ufmw6nGgsgoQ==/base.apk!classes6.dex*4013537063:/data/app/~~TfbBc7rxkFXTiCjOUBIN8A==/com.panviravindra.comparez-4chwkCThf7ufmw6nGgsgoQ==/base.apk!classes7.dex*3881050273:/data/app/~~TfbBc7rxkFXTiCjOUBIN8A==/com.panviravindra.comparez-4chwkCThf7ufmw6nGgsgoQ==/base.apk!classes8.dex*4262563330:/data/app/~~TfbBc7rxkFXTiCjOUBIN8A==/com.panviravind
04-12 18:43:37.727  7117  7117 W vindra.comparez: ClassLoaderContext classpath size mismatch. expected=0, found=1 (PCL[] | PCL[/system/framework/android.test.runner.jar*4168958247]{PCL[/system/framework/android.test.base.jar*836642756]#PCL[/system/framework/android.test.mock.jar*3186112116]#PCL[/system/framework/android.test.runner.jar*4168958247]{PCL[/system/framework/android.test.base.jar*836642756]#PCL[/system/framework/android.test.mock.jar*3186112116]}};PCL[/system/framework/android.test.runner.jar*4168958247:/system/framework/android.test.mock.jar*3186112116:/system/framework/android.test.base.jar*836642756:/data/app/~~Jr61rg6gMDZxCXUoKs5hIA==/com.panviravindra.comparez.test-3BFLWBemgytcPTsUXHhbNQ==/base.apk*294246005:/data/app/~~Jr61rg6gMDZxCXUoKs5hIA==/com.panviravindra.comparez.test-3BFLWBemgytcPTsUXHhbNQ==/base.apk!classes2.dex*4055916645:/data/app/~~Jr61rg6gMDZxCXUoKs5hIA==/com.panviravindra.comparez.test-3BFLWBemgytcPTsUXHhbNQ==/base.apk!classes3.dex*2949407285:/data/app/~~Jr61rg6gMDZxCXUoKs5hIA==/com.panviravindra.comparez.test-3BFLWBemgytcPTsUXHhbNQ==/base.apk!classes4.dex*2472856604:/data/app/~~Jr61rg6gMDZxCXUoKs5hIA==/com.panviravindra.comparez.test-3BFLWBemgytcPTsUXHhbNQ==/base.apk!classes5.dex*449036524:/data/app/~~Jr61rg6gMDZxCXUoKs5hIA==/com.panviravindra.comparez.test-3BFLWBemgytcPTsUXHhbNQ==/base.apk!classes6.dex*2622014904:/data/app/~~Jr61rg6gMDZxCXUoKs5hIA==/com.panviravindra.comparez.test-3BFLWBemgytcPTsUXHhbNQ==/base.apk!classes7.dex*530900409:/data/app/~~Jr61rg6gMDZxCXUoKs5hIA==/com.panviravindra.comparez.test-3BFLWBemgytcPTsUXHhbNQ==/base.apk!classes8.dex*4143867305:/data/app/~~Jr61rg6gMDZxCXUoKs5hIA==/com.panviravindra.comparez.test-3BFLWBemgytcPTsUXHhbNQ==/base.apk!classes9.dex*4104667095:/data/app/~~Jr61rg6gMDZxCXUoKs5hIA==/com.panviravindra.comparez.test-3BFLWBemgytcPTsUXHhbNQ==/base.apk!classes10.dex*3785976675:/data/app/~~Jr61rg6gMDZxCXUoKs5hIA==/com.panviravindra.comparez.test-3BFLWBemgytcPTsUXHhbNQ==/base.apk!classes11.dex*747467643:/data/app/~~Jr61rg6gMDZxCXUoKs5hIA==/com.panviravindra.comparez.test-3BFLWBemgytcPTsUXHhbNQ==/base.apk!classes12.dex*128433845:/data/app/~~Jr61rg6gMDZxCXUoKs5hIA==/com.panviravindra.comparez.test-3BFLWBemgytcPTsUXHhbNQ==/base.apk!classes13.dex*3653805668:/data/app/~~Jr61rg6gMDZxCXUoKs5hIA==/com.panviravindra.comparez.test-3BFLWBemgytcPTsUXHhbNQ==/base.apk!classes14.dex*1229665198:/data/app/~~Jr61rg6gMDZxCXUoKs5hIA==/com.panviravindra.comparez.test-3BFLWBemgytcPTsUXHhbNQ==/base.apk!classes15.dex*638951780:/data/app/~~Jr61rg6gMDZxCXUoKs5hIA==/com.panviravindra.comparez.test-3BFLWBemgytcPTsUXHhbNQ==/base.apk!classes16.dex*2498210027:/data/app/~~Jr61rg6gMDZxCXUoKs5hIA==/com.panviravindra.comparez.test-3BFLWBemgytcPTsUXHhbNQ==/base.apk!classes17.dex*732076495:/data/app/~~Jr61rg6gMDZxCXUoKs5hIA==/com.panviravindra.comparez.test-3BFLWBemgytcPTsUXHhbNQ==/base.apk!classes18.dex*238609134:/data/app/~~Jr61rg6gMDZxCXUoKs5hIA==/com.panviravindra.comparez.test-3BFLWBemgytcPTsUXHhbNQ==/base.apk!classes19.dex*1407230120:/data/app/~~TfbBc7rxkFXTiCjOUBIN8A==/com.panviravindra.comparez-4chwkCThf7ufmw6nGgsgoQ==/base.apk*93354197:/data/app/~~TfbBc7rxkFXTiCjOUBIN8A==/com.panviravindra.comparez-4chwkCThf7ufmw6nGgsgoQ==/base.apk!classes2.dex*2402452363:/data/app/~~TfbBc7rxkFXTiCjOUBIN8A==/com.panviravindra.comparez-4chwkCThf7ufmw6nGgsgoQ==/base.apk!classes3.dex*1876940571:/data/app/~~TfbBc7rxkFXTiCjOUBIN8A==/com.panviravindra.comparez-4chwkCThf7ufmw6nGgsgoQ==/base.apk!classes4.dex*389630062:/data/app/~~TfbBc7rxkFXTiCjOUBIN8A==/com.panviravindra.comparez-4chwkCThf7ufmw6nGgsgoQ==/base.apk!classes5.dex*1867390877:/data/app/~~TfbBc7rxkFXTiCjOUBIN8A==/com.panviravindra.comparez-4chwkCThf7ufmw6nGgsgoQ==/base.apk!classes6.dex*4013537063:/data/app/~~TfbBc7rxkFXTiCjOUBIN8A==/com.panviravindra.comparez-4chwkCThf7ufmw6nGgsgoQ==/base.apk!classes7.dex*3881050273:/data/app/~~TfbBc7rxkFXTiCjOUBIN8A==/com.panviravindra.comparez-4chwkCThf7ufmw6nGgsgoQ==/base.apk!classes8.dex*4262563330:/data/app/~~TfbBc7rxkFXTiCjOUBIN8A==/com.panviravindra.comparez-4chwkCThf7ufmw6nGgsgoQ==/base.apk!classes9.dex*371028
04-12 18:43:37.729  7117  7117 W vindra.comparez: ClassLoaderContext classpath size mismatch. expected=0, found=2 (PCL[] | PCL[/system/framework/android.test.runner.jar*4168958247:/system/framework/android.test.mock.jar*3186112116]{PCL[/system/framework/android.test.base.jar*836642756]#PCL[/system/framework/android.test.mock.jar*3186112116]#PCL[/system/framework/android.test.runner.jar*4168958247]{PCL[/system/framework/android.test.base.jar*836642756]#PCL[/system/framework/android.test.mock.jar*3186112116]}};PCL[/system/framework/android.test.runner.jar*4168958247:/system/framework/android.test.mock.jar*3186112116:/system/framework/android.test.base.jar*836642756:/data/app/~~Jr61rg6gMDZxCXUoKs5hIA==/com.panviravindra.comparez.test-3BFLWBemgytcPTsUXHhbNQ==/base.apk*294246005:/data/app/~~Jr61rg6gMDZxCXUoKs5hIA==/com.panviravindra.comparez.test-3BFLWBemgytcPTsUXHhbNQ==/base.apk!classes2.dex*4055916645:/data/app/~~Jr61rg6gMDZxCXUoKs5hIA==/com.panviravindra.comparez.test-3BFLWBemgytcPTsUXHhbNQ==/base.apk!classes3.dex*2949407285:/data/app/~~Jr61rg6gMDZxCXUoKs5hIA==/com.panviravindra.comparez.test-3BFLWBemgytcPTsUXHhbNQ==/base.apk!classes4.dex*2472856604:/data/app/~~Jr61rg6gMDZxCXUoKs5hIA==/com.panviravindra.comparez.test-3BFLWBemgytcPTsUXHhbNQ==/base.apk!classes5.dex*449036524:/data/app/~~Jr61rg6gMDZxCXUoKs5hIA==/com.panviravindra.comparez.test-3BFLWBemgytcPTsUXHhbNQ==/base.apk!classes6.dex*2622014904:/data/app/~~Jr61rg6gMDZxCXUoKs5hIA==/com.panviravindra.comparez.test-3BFLWBemgytcPTsUXHhbNQ==/base.apk!classes7.dex*530900409:/data/app/~~Jr61rg6gMDZxCXUoKs5hIA==/com.panviravindra.comparez.test-3BFLWBemgytcPTsUXHhbNQ==/base.apk!classes8.dex*4143867305:/data/app/~~Jr61rg6gMDZxCXUoKs5hIA==/com.panviravindra.comparez.test-3BFLWBemgytcPTsUXHhbNQ==/base.apk!classes9.dex*4104667095:/data/app/~~Jr61rg6gMDZxCXUoKs5hIA==/com.panviravindra.comparez.test-3BFLWBemgytcPTsUXHhbNQ==/base.apk!classes10.dex*3785976675:/data/app/~~Jr61rg6gMDZxCXUoKs5hIA==/com.panviravindra.comparez.test-3BFLWBemgytcPTsUXHhbNQ==/base.apk!classes11.dex*747467643:/data/app/~~Jr61rg6gMDZxCXUoKs5hIA==/com.panviravindra.comparez.test-3BFLWBemgytcPTsUXHhbNQ==/base.apk!classes12.dex*128433845:/data/app/~~Jr61rg6gMDZxCXUoKs5hIA==/com.panviravindra.comparez.test-3BFLWBemgytcPTsUXHhbNQ==/base.apk!classes13.dex*3653805668:/data/app/~~Jr61rg6gMDZxCXUoKs5hIA==/com.panviravindra.comparez.test-3BFLWBemgytcPTsUXHhbNQ==/base.apk!classes14.dex*1229665198:/data/app/~~Jr61rg6gMDZxCXUoKs5hIA==/com.panviravindra.comparez.test-3BFLWBemgytcPTsUXHhbNQ==/base.apk!classes15.dex*638951780:/data/app/~~Jr61rg6gMDZxCXUoKs5hIA==/com.panviravindra.comparez.test-3BFLWBemgytcPTsUXHhbNQ==/base.apk!classes16.dex*2498210027:/data/app/~~Jr61rg6gMDZxCXUoKs5hIA==/com.panviravindra.comparez.test-3BFLWBemgytcPTsUXHhbNQ==/base.apk!classes17.dex*732076495:/data/app/~~Jr61rg6gMDZxCXUoKs5hIA==/com.panviravindra.comparez.test-3BFLWBemgytcPTsUXHhbNQ==/base.apk!classes18.dex*238609134:/data/app/~~Jr61rg6gMDZxCXUoKs5hIA==/com.panviravindra.comparez.test-3BFLWBemgytcPTsUXHhbNQ==/base.apk!classes19.dex*1407230120:/data/app/~~TfbBc7rxkFXTiCjOUBIN8A==/com.panviravindra.comparez-4chwkCThf7ufmw6nGgsgoQ==/base.apk*93354197:/data/app/~~TfbBc7rxkFXTiCjOUBIN8A==/com.panviravindra.comparez-4chwkCThf7ufmw6nGgsgoQ==/base.apk!classes2.dex*2402452363:/data/app/~~TfbBc7rxkFXTiCjOUBIN8A==/com.panviravindra.comparez-4chwkCThf7ufmw6nGgsgoQ==/base.apk!classes3.dex*1876940571:/data/app/~~TfbBc7rxkFXTiCjOUBIN8A==/com.panviravindra.comparez-4chwkCThf7ufmw6nGgsgoQ==/base.apk!classes4.dex*389630062:/data/app/~~TfbBc7rxkFXTiCjOUBIN8A==/com.panviravindra.comparez-4chwkCThf7ufmw6nGgsgoQ==/base.apk!classes5.dex*1867390877:/data/app/~~TfbBc7rxkFXTiCjOUBIN8A==/com.panviravindra.comparez-4chwkCThf7ufmw6nGgsgoQ==/base.apk!classes6.dex*4013537063:/data/app/~~TfbBc7rxkFXTiCjOUBIN8A==/com.panviravindra.comparez-4chwkCThf7ufmw6nGgsgoQ==/base.apk!classes7.dex*3881050273:/data/app/~~TfbBc7rxkFXTiCjOUBIN8A==/com.panviravindra.comparez-4chwkCThf7ufmw6nGgsgoQ==/base.apk!classes8.dex*4262563330:/data/app/~~TfbBc7rxkFXTiCjOUBIN8A==/com.panviravindra.comparez-4c
04-12 18:43:37.732  7117  7117 W ziparchive: Unable to open '/data/app/~~Jr61rg6gMDZxCXUoKs5hIA==/com.panviravindra.comparez.test-3BFLWBemgytcPTsUXHhbNQ==/base.dm': No such file or directory
04-12 18:43:37.732  7117  7117 W ziparchive: Unable to open '/data/app/~~Jr61rg6gMDZxCXUoKs5hIA==/com.panviravindra.comparez.test-3BFLWBemgytcPTsUXHhbNQ==/base.dm': No such file or directory
04-12 18:43:37.867  7117  7117 W ziparchive: Unable to open '/data/app/~~TfbBc7rxkFXTiCjOUBIN8A==/com.panviravindra.comparez-4chwkCThf7ufmw6nGgsgoQ==/base.dm': No such file or directory
04-12 18:43:37.868  7117  7117 W ziparchive: Unable to open '/data/app/~~TfbBc7rxkFXTiCjOUBIN8A==/com.panviravindra.comparez-4chwkCThf7ufmw6nGgsgoQ==/base.dm': No such file or directory
04-12 18:43:38.278  7117  7117 I AndroidJUnitRunner: newApplication com.panviravindra.comparez.MainApplication
04-12 18:43:38.416  7117  7117 I AndroidJUnitRunner: onCreate Bundle[mParcelledData.dataSize=240]
04-12 18:43:38.417  7117  7117 D AndroidJUnitRunner: Use the raw file system for managing file I/O.
04-12 18:43:38.429  7117  7117 V TestEventClient: No service name argument was given (testDiscoveryService, testRunEventService or orchestratorService)
04-12 18:43:38.434  7117  7117 W SoLoader: Initializing SoLoader: 0
04-12 18:43:38.435  7117  7150 D AndroidJUnitRunner: onStart is called.
04-12 18:43:38.436  7117  7117 W SoLoader: Recording new base apk path: /data/app/~~TfbBc7rxkFXTiCjOUBIN8A==/com.panviravindra.comparez-4chwkCThf7ufmw6nGgsgoQ==/base.apk
04-12 18:43:38.436  7117  7117 W SoLoader: Previously recorded 0 base apk paths.
04-12 18:43:38.438  7117  7117 I SoLoader: Preparing SO source: DirectorySoSource[root = /vendor/lib64 flags = 2]
04-12 18:43:38.439  7117  7117 I SoLoader: Preparing SO source: DirectorySoSource[root = /system/lib64 flags = 2]
04-12 18:43:38.440  7117  7117 I SoLoader: Preparing SO source: DirectApkSoSource[root = [/data/app/~~TfbBc7rxkFXTiCjOUBIN8A==/com.panviravindra.comparez-4chwkCThf7ufmw6nGgsgoQ==/base.apk!/lib/arm64-v8a]]
04-12 18:43:38.492  7117  7117 I SoLoader: Preparing SO source: ApplicationSoSource[DirectorySoSource[root = /data/app/~~TfbBc7rxkFXTiCjOUBIN8A==/com.panviravindra.comparez-4chwkCThf7ufmw6nGgsgoQ==/lib/arm64 flags = 0]]
04-12 18:43:38.492  7117  7117 I SoLoader: init finish: 4 SO sources prepared
04-12 18:43:38.493  7117  7117 W SoLoader: SoLoader initialized: 8
04-12 18:43:38.505  7117  7150 I InstrConnection: Could not send broadcast or register receiver (isolatedProcess?)
04-12 18:43:38.509  7117  7150 D TestRequestBuilder: Using class path scanning to discover tests
04-12 18:43:38.510  7117  7150 I TestRequestBuilder: Scanning classpath to find tests in paths [/data/app/~~Jr61rg6gMDZxCXUoKs5hIA==/com.panviravindra.comparez.test-3BFLWBemgytcPTsUXHhbNQ==/base.apk]
04-12 18:43:38.510  7117  7150 W vindra.comparez: Opening an oat file without a class loader. Are you using the deprecated DexFile APIs?
04-12 18:43:40.021  7117  7150 I TestRunner: run started: 1 tests
04-12 18:43:40.022  7117  7150 I TestRunner: started: runDetoxTests(com.panviravindra.comparez.DetoxTest)
04-12 18:43:40.035  7117  7150 I Detox   : Detox server connection details: url=ws://localhost:62696, sessionId=cb4fa8cb-fcce-0c55-e4a6-a0e79b4a0d12
04-12 18:43:40.040  7117  7150 W FileTestStorage: Output properties is not supported.
04-12 18:43:40.040  7117  7150 I Tracing : Tracer added: class androidx.test.platform.tracing.AndroidXTracer
04-12 18:43:40.051  7117  7150 D EventInjectionStrategy: Creating injection strategy with input manager.
04-12 18:43:40.053  7117  7150 W vindra.comparez: Accessing hidden method Landroid/hardware/input/InputManager;->getInstance()Landroid/hardware/input/InputManager; (unsupported, reflection, allowed)
04-12 18:43:40.055  7117  7150 W vindra.comparez: Accessing hidden method Landroid/hardware/input/InputManager;->injectInputEvent(Landroid/view/InputEvent;I)Z (unsupported, reflection, allowed)
04-12 18:43:40.056  7117  7150 W vindra.comparez: Accessing hidden field Landroid/hardware/input/InputManager;->INJECT_INPUT_EVENT_MODE_WAIT_FOR_FINISH:I (unsupported, reflection, allowed)
04-12 18:43:40.070  7117  7150 W vindra.comparez: Accessing hidden field Ljava/lang/reflect/Field;->accessFlags:I (unsupported, reflection, allowed)
04-12 18:43:40.073  7117  7150 I Detox   : Connecting to server...
04-12 18:43:40.073  7117  7150 I DetoxWSClient: At connectToServer
04-12 18:43:40.144  7117  7156 D TrafficStats: tagSocket(85) with statsTag=0xffffffff, statsUid=-1
04-12 18:43:40.168  7117  7156 D DetoxWSClient: At onOpen
04-12 18:43:40.168  7117  7156 I DetoxWSClient: Sending out action 'login' (ID #0)
04-12 18:43:40.171  7117  7156 I Detox   : Connected to server!
04-12 18:43:40.181  7117  7156 D DetoxWSClient: Received action 'loginSuccess' (ID #0, params={"testerConnected":true,"appConnected":true})
04-12 18:43:40.181  7117  7152 I DetoxDispatcher: Handling action 'loginSuccess' (ID #0)...
04-12 18:43:40.182  7117  7152 I DetoxDispatcher: Done with action 'loginSuccess'
04-12 18:43:40.182  7117  7150 I Detox   : Launching the tested activity!
04-12 18:43:40.224  7117  7156 D DetoxWSClient: Received action 'isReady' (ID #-1000, params={})
04-12 18:43:40.224  7117  7152 I DetoxDispatcher: Handling action 'isReady' (ID #-1000)...
04-12 18:43:40.545  7117  7167 D libEGL  : loaded /vendor/lib64/egl/libEGL_emulation.so
04-12 18:43:40.568  7117  7167 D libEGL  : loaded /vendor/lib64/egl/libGLESv1_CM_emulation.so
04-12 18:43:40.573  7117  7117 D AppCompatDelegate: Checking for metadata for AppLocalesMetadataHolderService : Service not found
04-12 18:43:40.580  7117  7167 D libEGL  : loaded /vendor/lib64/egl/libGLESv2_emulation.so
04-12 18:43:40.589  7117  7117 D LifecycleMonitor: Lifecycle status change: com.panviravindra.comparez.MainActivity@ae286b3 in: PRE_ON_CREATE
04-12 18:43:40.722  7117  7117 D jni_lib_merge: Entering merged library JNI_OnLoad.
04-12 18:43:40.722  7117  7117 D jni_lib_merge: Preparing 12 pre-merged libs (including stub)
04-12 18:43:40.722  7117  7117 D jni_lib_merge: Preparing to register libfabricjni_so.  onload_func: 0x6cc1a9ace0
04-12 18:43:40.723  7117  7117 D jni_lib_merge: Preparing to register libreact_devsupportjni_so.  onload_func: 0x6cc1c94fc8
04-12 18:43:40.723  7117  7117 D jni_lib_merge: Preparing to register libreact_featureflagsjni_so.  onload_func: 0x6cc1ca3518
04-12 18:43:40.723  7117  7117 D jni_lib_merge: Preparing to register libreact_newarchdefaults_so.  onload_func: 0x6cc1d0b6a8
04-12 18:43:40.723  7117  7117 D jni_lib_merge: Preparing to register libreactnativeblob_so.  onload_func: 0x6cc1efbcb4
04-12 18:43:40.723  7117  7117 D jni_lib_merge: Preparing to register libreactnativejni_so.  onload_func: 0x6cc1f496bc
04-12 18:43:40.723  7117  7117 D jni_lib_merge: Preparing to register libreactnativejni_common_so.  onload_func: 0x6cc1f5a044
04-12 18:43:40.723  7117  7117 D jni_lib_merge: Preparing to register librninstance_so.  onload_func: 0x6cc1fa1764
04-12 18:43:40.723  7117  7117 D jni_lib_merge: Preparing to register libturbomodulejsijni_so.  onload_func: 0x6cc20b9f68
04-12 18:43:40.723  7117  7117 D jni_lib_merge: Preparing to register libuimanagerjni_so.  onload_func: 0x6cc20d2fb8
04-12 18:43:40.723  7117  7117 D jni_lib_merge: Preparing to register libyoga_so.  onload_func: 0x6cc20e2a3c
04-12 18:43:40.723  7117  7117 D jni_lib_merge: About to register 11 actual methods.
04-12 18:43:40.738  7117  7117 D Detox.RNMarker: BUILD_REACT_INSTANCE_MANAGER_START (null)
04-12 18:43:40.763  7117  7117 D Detox.RNMarker: BUILD_REACT_INSTANCE_MANAGER_END (null)
04-12 18:43:40.764  7117  7117 W SoLoader: SoLoader already initialized
04-12 18:43:40.782  7117  7117 D jni_lib_merge: Entering merged library JNI_OnLoad.
04-12 18:43:40.782  7117  7117 D jni_lib_merge: Preparing 4 pre-merged libs (including stub)
04-12 18:43:40.782  7117  7117 D jni_lib_merge: Preparing to register libhermes_executor_so.  onload_func: 0x6cbb3887e0
04-12 18:43:40.782  7117  7117 D jni_lib_merge: Preparing to register libhermesinstancejni_so.  onload_func: 0x6cbb3be26c
04-12 18:43:40.782  7117  7117 D jni_lib_merge: Preparing to register libjsijniprofiler_so.  onload_func: 0x6cbb3c02bc
04-12 18:43:40.782  7117  7117 D jni_lib_merge: About to register 3 actual methods.
04-12 18:43:40.784  7117  7117 W SoLoader: SoLoader already initialized
04-12 18:43:40.842  7117  7117 W vindra.comparez: Accessing hidden method Landroid/view/ViewGroup;->makeOptionalFitsSystemWindows()V (unsupported, reflection, allowed)
04-12 18:43:40.851  7117  7117 D LifecycleMonitor: Lifecycle status change: com.panviravindra.comparez.MainActivity@ae286b3 in: CREATED
04-12 18:43:40.858  7117  7173 D TrafficStats: tagSocket(92) with statsTag=0xffffffff, statsUid=-1
04-12 18:43:40.863  7117  7117 D LifecycleMonitor: Lifecycle status change: com.panviravindra.comparez.MainActivity@ae286b3 in: STARTED
04-12 18:43:40.868  7117  7117 D LifecycleMonitor: Lifecycle status change: com.panviravindra.comparez.MainActivity@ae286b3 in: RESUMED
04-12 18:43:40.873  7117  7117 D CompatibilityChangeReporter: Compat change id reported: 237531167; UID 10201; state: DISABLED
04-12 18:43:40.876  7117  7117 W OpenGLRenderer: Unknown dataspace 0
04-12 18:43:40.934  7117  7163 W OpenGLRenderer: Failed to choose config with EGL_SWAP_BEHAVIOR_PRESERVED, retrying without...
04-12 18:43:40.946  7117  7163 W OpenGLRenderer: Failed to initialize 101010-2 format, error = EGL_SUCCESS
04-12 18:43:40.980  7117  7163 I Gralloc4: mapper 4.x is not supported
04-12 18:43:41.010  7117  7163 E OpenGLRenderer: Unable to match the desired swap behavior.
04-12 18:43:41.138  7117  7117 D Detox.RNMarker: DOWNLOAD_START (null)
04-12 18:43:41.175  7117  7117 D CompatibilityChangeReporter: Compat change id reported: 210923482; UID 10201; state: ENABLED
04-12 18:43:41.320  7117  7163 E OpenGLRenderer: Unable to match the desired swap behavior.
04-12 18:43:41.748  7117  7185 D TrafficStats: tagSocket(120) with statsTag=0xffffffff, statsUid=-1
04-12 18:43:41.787  7117  7169 W vindra.comparez: Long monitor contention with owner AsyncTask #3 (7174) at boolean android.os.MessageQueue.enqueueMessage(android.os.Message, long)(MessageQueue.java:600) waiters=1 in boolean android.os.MessageQueue.enqueueMessage(android.os.Message, long) for 217ms
04-12 18:43:41.832  7117  7184 D TrafficStats: tagSocket(121) with statsTag=0xffffffff, statsUid=-1
04-12 18:43:41.998  7117  7187 D TrafficStats: tagSocket(128) with statsTag=0xffffffff, statsUid=-1
04-12 18:43:42.136  7117  7117 W WindowOnBackDispatcher: sendCancelIfRunning: isInProgress=falsecallback=android.view.ViewRootImpl$$ExternalSyntheticLambda17@a8a7633
04-12 18:43:42.138  7117  7179 D Detox.RNMarker: DOWNLOAD_END ({"url":"http:\/\/10.0.2.2:8081\/.expo\/.virtual-metro-entry.bundle?platform=android&dev=true&lazy=true&minify=false&app=com.panviravindra.comparez&modulesOnly=false&runModule=true&excludeSource=true&sourcePaths=url-server","filesChangedCount":0})
04-12 18:43:42.139  7117  7117 D Detox.RNMarker: REACT_BRIDGE_LOADING_START (null)
04-12 18:43:42.139  7117  7188 D Detox.RNMarker: CREATE_REACT_CONTEXT_START (HermesExecutorDebug)
04-12 18:43:42.140  7117  7188 D Detox.RNMarker: PROCESS_PACKAGES_START (null)
04-12 18:43:42.141  7117  7188 D Detox.RNMarker: CREATE_MODULE_START (FrescoModule)
04-12 18:43:42.142  7117  7188 D Detox.RNMarker: CREATE_MODULE_END (FrescoModule)
04-12 18:43:42.190  7117  7188 I ExpoModulesCore: ✅ AppContext was initialized
04-12 18:43:42.190  7117  7188 D Detox.RNMarker: PROCESS_PACKAGES_END (null)
04-12 18:43:42.191  7117  7188 D Detox.RNMarker: CREATE_CATALYST_INSTANCE_START (null)
04-12 18:43:42.194  7117  7188 D Detox.RNMarker: CREATE_CATALYST_INSTANCE_END (null)
04-12 18:43:42.194  7117  7188 D Detox.RNMarker: PRE_RUN_JS_BUNDLE_START (null)
04-12 18:43:42.194  7117  7194 D Detox.RNMarker: CREATE_REACT_CONTEXT_END (null)
04-12 18:43:42.195  7117  7194 D Detox.RNMarker: RUN_JS_BUNDLE_START (/.virtual-metro-entry.bundle?platform=android&dev=true&lazy=true&minify=false&app=com.panviravindra.comparez&modulesOnly=false&runModule=true&excludeSource=true&sourcePaths=url-server)
04-12 18:43:42.199  7117  7117 W unknown:ReactNative: Packager connection already open, nooping.
04-12 18:43:42.199  7117  7195 D Detox.RNMarker: CREATE_MODULE_START (UIManager)
04-12 18:43:42.218  7117  7195 W unknown:ViewManagerPropertyUpdater: Could not find generated setter for class com.facebook.react.views.debuggingoverlay.DebuggingOverlayManager
04-12 18:43:42.221  7117  7195 W unknown:ViewManagerPropertyUpdater: Could not find generated setter for class com.facebook.react.uimanager.LayoutShadowNode
04-12 18:43:42.228  7117  7195 W unknown:ViewManagerPropertyUpdater: Could not find generated setter for class com.facebook.react.views.drawer.ReactDrawerLayoutManager
04-12 18:43:42.229  7117  7195 W unknown:ViewManagerPropertyUpdater: Could not find generated setter for class com.facebook.react.views.scroll.ReactHorizontalScrollViewManager
04-12 18:43:42.230  7117  7195 W unknown:ViewManagerPropertyUpdater: Could not find generated setter for class com.facebook.react.views.scroll.ReactHorizontalScrollContainerViewManager
04-12 18:43:42.234  7117  7195 W unknown:ViewManagerPropertyUpdater: Could not find generated setter for class com.facebook.react.views.progressbar.ReactProgressBarViewManager
04-12 18:43:42.234  7117  7195 W unknown:ViewManagerPropertyUpdater: Could not find generated setter for class com.facebook.react.views.progressbar.ProgressBarShadowNode
04-12 18:43:42.235  7117  7195 W unknown:ViewManagerPropertyUpdater: Could not find generated setter for class com.facebook.react.views.scroll.ReactScrollViewManager
04-12 18:43:42.236  7117  7195 W unknown:ViewManagerPropertyUpdater: Could not find generated setter for class com.facebook.react.views.switchview.ReactSwitchManager
04-12 18:43:42.243  7117  7195 W unknown:ViewManagerPropertyUpdater: Could not find generated setter for class com.facebook.react.views.switchview.ReactSwitchShadowNode
04-12 18:43:42.244  7117  7195 W unknown:ViewManagerPropertyUpdater: Could not find generated setter for class com.facebook.react.views.safeareaview.ReactSafeAreaViewManager
04-12 18:43:42.244  7117  7195 W unknown:ViewManagerPropertyUpdater: Could not find generated setter for class com.facebook.react.views.safeareaview.ReactSafeAreaViewShadowNode
04-12 18:43:42.244  7117  7195 W unknown:ViewManagerPropertyUpdater: Could not find generated setter for class com.facebook.react.views.swiperefresh.SwipeRefreshLayoutManager
04-12 18:43:42.245  7117  7195 W unknown:ViewManagerPropertyUpdater: Could not find generated setter for class com.facebook.react.views.text.frescosupport.FrescoBasedReactTextInlineImageViewManager
04-12 18:43:42.245  7117  7195 W unknown:ViewManagerPropertyUpdater: Could not find generated setter for class com.facebook.react.views.text.frescosupport.FrescoBasedReactTextInlineImageShadowNode
04-12 18:43:42.246  7117  7195 W unknown:ViewManagerPropertyUpdater: Could not find generated setter for class com.facebook.react.views.image.ReactImageManager
04-12 18:43:42.247  7117  7195 W unknown:ViewManagerPropertyUpdater: Could not find generated setter for class com.facebook.react.views.modal.ReactModalHostManager
04-12 18:43:42.248  7117  7195 W unknown:ViewManagerPropertyUpdater: Could not find generated setter for class com.facebook.react.views.text.ReactRawTextManager
04-12 18:43:42.248  7117  7195 W unknown:ViewManagerPropertyUpdater: Could not find generated setter for class com.facebook.react.views.text.ReactRawTextShadowNode
04-12 18:43:42.248  7117  7195 W unknown:ViewManagerPropertyUpdater: Could not find generated setter for class com.facebook.react.views.textinput.ReactTextInputManager
04-12 18:43:42.250  7117  7195 W unknown:ViewManagerPropertyUpdater: Could not find generated setter for class com.facebook.react.views.textinput.ReactTextInputShadowNode
04-12 18:43:42.252  7117  7195 W unknown:ViewManagerPropertyUpdater: Could not find generated setter for class com.facebook.react.views.text.ReactTextViewManager
04-12 18:43:42.256  7117  7195 W unknown:ViewManagerPropertyUpdater: Could not find generated setter for class com.facebook.react.views.text.ReactTextShadowNode
04-12 18:43:42.263  7117  7195 W unknown:ViewManagerPropertyUpdater: Could not find generated setter for class com.facebook.react.views.view.ReactViewManager
04-12 18:43:42.264  7117  7195 W unknown:ViewManagerPropertyUpdater: Could not find generated setter for class com.facebook.react.views.text.ReactVirtualTextViewManager
04-12 18:43:42.264  7117  7195 W unknown:ViewManagerPropertyUpdater: Could not find generated setter for class com.facebook.react.views.text.ReactVirtualTextShadowNode
04-12 18:43:42.264  7117  7195 W unknown:ViewManagerPropertyUpdater: Could not find generated setter for class com.facebook.react.views.unimplementedview.ReactUnimplementedViewManager
04-12 18:43:42.265  7117  7195 W unknown:ViewManagerPropertyUpdater: Could not find generated setter for class expo.modules.kotlin.views.GroupViewManagerWrapper
04-12 18:43:42.267  7117  7195 W unknown:ViewManagerPropertyUpdater: Could not find generated setter for class expo.modules.kotlin.views.SimpleViewManagerWrapper
04-12 18:43:42.269  7117  7195 W unknown:ViewManagerPropertyUpdater: Could not find generated setter for class com.th3rdwave.safeareacontext.SafeAreaProviderManager
04-12 18:43:42.269  7117  7195 W unknown:ViewManagerPropertyUpdater: Could not find generated setter for class com.th3rdwave.safeareacontext.SafeAreaViewManager
04-12 18:43:42.270  7117  7195 W unknown:ViewManagerPropertyUpdater: Could not find generated setter for class com.th3rdwave.safeareacontext.SafeAreaViewShadowNode
04-12 18:43:42.270  7117  7195 W unknown:ViewManagerPropertyUpdater: Could not find generated setter for class com.swmansion.rnscreens.ScreenContainerViewManager
04-12 18:43:42.275  7117  7195 W unknown:ViewManagerPropertyUpdater: Could not find generated setter for class com.swmansion.rnscreens.ScreenViewManager
04-12 18:43:42.276  7117  7195 W unknown:ViewManagerPropertyUpdater: Could not find generated setter for class com.swmansion.rnscreens.ModalScreenViewManager
04-12 18:43:42.277  7117  7195 W unknown:ViewManagerPropertyUpdater: Could not find generated setter for class com.swmansion.rnscreens.ScreenStackViewManager
04-12 18:43:42.277  7117  7195 W unknown:ViewManagerPropertyUpdater: Could not find generated setter for class com.swmansion.rnscreens.ScreenStackHeaderConfigViewManager
04-12 18:43:42.278  7117  7195 W unknown:ViewManagerPropertyUpdater: Could not find generated setter for class com.swmansion.rnscreens.ScreenStackHeaderSubviewManager
04-12 18:43:42.279  7117  7195 W unknown:ViewManagerPropertyUpdater: Could not find generated setter for class com.swmansion.rnscreens.SearchBarManager
04-12 18:43:42.279  7117  7195 W unknown:ViewManagerPropertyUpdater: Could not find generated setter for class com.swmansion.rnscreens.ScreenFooterManager
04-12 18:43:42.280  7117  7195 W unknown:ViewManagerPropertyUpdater: Could not find generated setter for class com.swmansion.rnscreens.ScreenContentWrapperManager
04-12 18:43:42.283  7117  7195 W unknown:ViewManagerPropertyUpdater: Could not find generated setter for class com.swmansion.rnscreens.gamma.tabs.TabsHostViewManager
04-12 18:43:42.284  7117  7195 W unknown:ViewManagerPropertyUpdater: Could not find generated setter for class com.swmansion.rnscreens.gamma.tabs.TabScreenViewManager
04-12 18:43:42.285  7117  7195 W unknown:ViewManagerPropertyUpdater: Could not find generated setter for class com.reactnativecommunity.webview.RNCWebViewManager
04-12 18:43:42.289  7117  7195 D Detox.RNMarker: CREATE_MODULE_END (UIManager)
04-12 18:43:42.302  7117  7195 D Detox.RNMarker: REACT_BRIDGE_LOADING_END (null)
04-12 18:43:42.310  7117  7117 I DetoxRNLoading: Got new RN-context directly through listener
04-12 18:43:42.311  7117  7150 I DetoxRNIdleRes: Setting up Espresso Idling Resources for React Native
04-12 18:43:42.311  7117  7117 I Detox   : PATCHED FACTORY: Disabling all idling resources for RN 0.81 compatibility
04-12 18:43:42.312  7117  7152 W vindra.comparez: Long monitor contention with owner Instr: androidx.test.runner.AndroidJUnitRunner (7150) at void com.wix.detox.DetoxMain.launchActivityOnCue(android.content.Context, com.wix.detox.ActivityLaunchHelper)(DetoxMain.kt:53) waiters=0 in void com.wix.detox.DetoxMain$setupActionHandlers$SynchronizedActionHandler.handle(java.lang.String, long) for 2.088s
04-12 18:43:42.312  7117  7117 W vindra.comparez: Accessing hidden method Landroid/os/MessageQueue;->next()Landroid/os/Message; (unsupported, reflection, allowed)
04-12 18:43:42.312  7117  7117 W vindra.comparez: Accessing hidden field Landroid/os/MessageQueue;->mMessages:Landroid/os/Message; (unsupported, reflection, allowed)
04-12 18:43:42.312  7117  7117 W vindra.comparez: Accessing hidden method Landroid/os/Message;->recycleUnchecked()V (unsupported, reflection, allowed)
04-12 18:43:42.320  7117  7194 D Detox.RNMarker: NATIVE_MODULE_SETUP_START (NativePerformanceCxx)
04-12 18:43:42.322  7117  7194 D Detox.RNMarker: NATIVE_MODULE_SETUP_START (PlatformConstants)
04-12 18:43:42.322  7117  7194 D Detox.RNMarker: CREATE_MODULE_START (PlatformConstants)
04-12 18:43:42.322  7117  7194 D Detox.RNMarker: CREATE_MODULE_END (PlatformConstants)
04-12 18:43:42.324  7117  7194 D Detox.RNMarker: NATIVE_MODULE_SETUP_END (PlatformConstants)
04-12 18:43:42.326  7117  7194 D Detox.RNMarker: NATIVE_MODULE_SETUP_START (DevSettings)
04-12 18:43:42.326  7117  7194 D Detox.RNMarker: CREATE_MODULE_START (DevSettings)
04-12 18:43:42.326  7117  7194 D Detox.RNMarker: CREATE_MODULE_END (DevSettings)
04-12 18:43:42.327  7117  7194 D Detox.RNMarker: NATIVE_MODULE_SETUP_END (DevSettings)
04-12 18:43:42.327  7117  7194 D Detox.RNMarker: NATIVE_MODULE_SETUP_START (LogBox)
04-12 18:43:42.327  7117  7194 D Detox.RNMarker: CREATE_MODULE_START (LogBox)
04-12 18:43:42.327  7117  7194 D Detox.RNMarker: CREATE_MODULE_END (LogBox)
04-12 18:43:42.328  7117  7194 D Detox.RNMarker: NATIVE_MODULE_SETUP_END (LogBox)
04-12 18:43:42.328  7117  7194 D Detox.RNMarker: NATIVE_MODULE_SETUP_START (SourceCode)
04-12 18:43:42.328  7117  7194 D Detox.RNMarker: CREATE_MODULE_START (SourceCode)
04-12 18:43:42.328  7117  7194 D Detox.RNMarker: CREATE_MODULE_END (SourceCode)
04-12 18:43:42.328  7117  7194 D Detox.RNMarker: NATIVE_MODULE_SETUP_END (SourceCode)
04-12 18:43:42.342  7117  7194 D Detox.RNMarker: NATIVE_MODULE_SETUP_START (Timing)
04-12 18:43:42.342  7117  7194 D Detox.RNMarker: CREATE_MODULE_START (Timing)
04-12 18:43:42.343  7117  7194 D Detox.RNMarker: CREATE_MODULE_END (Timing)
04-12 18:43:42.343  7117  7194 D Detox.RNMarker: NATIVE_MODULE_SETUP_END (Timing)
04-12 18:43:42.346  7117  7194 D Detox.RNMarker: NATIVE_MODULE_SETUP_START (ReactDevToolsSettingsManager)
04-12 18:43:42.346  7117  7194 D Detox.RNMarker: CREATE_MODULE_START (ReactDevToolsSettingsManager)
04-12 18:43:42.347  7117  7194 D Detox.RNMarker: CREATE_MODULE_END (ReactDevToolsSettingsManager)
04-12 18:43:42.347  7117  7194 D Detox.RNMarker: NATIVE_MODULE_SETUP_END (ReactDevToolsSettingsManager)
04-12 18:43:42.347  7117  7194 D Detox.RNMarker: NATIVE_MODULE_SETUP_START (ReactDevToolsRuntimeSettingsModule)
04-12 18:43:42.347  7117  7194 D Detox.RNMarker: CREATE_MODULE_START (ReactDevToolsRuntimeSettingsModule)
04-12 18:43:42.348  7117  7194 D Detox.RNMarker: CREATE_MODULE_END (ReactDevToolsRuntimeSettingsModule)
04-12 18:43:42.348  7117  7194 D Detox.RNMarker: NATIVE_MODULE_SETUP_END (ReactDevToolsRuntimeSettingsModule)
04-12 18:43:42.351  7117  7194 D Detox.RNMarker: NATIVE_MODULE_SETUP_START (NativeReactNativeFeatureFlagsCxx)
04-12 18:43:42.353  7117  7194 D Detox.RNMarker: NATIVE_MODULE_SETUP_START (AppState)
04-12 18:43:42.353  7117  7194 D Detox.RNMarker: CREATE_MODULE_START (AppState)
04-12 18:43:42.354  7117  7194 D Detox.RNMarker: CREATE_MODULE_END (AppState)
04-12 18:43:42.354  7117  7194 D Detox.RNMarker: NATIVE_MODULE_SETUP_END (AppState)
04-12 18:43:42.357  7117  7194 D Detox.RNMarker: NATIVE_MODULE_SETUP_START (BlobModule)
04-12 18:43:42.357  7117  7194 D Detox.RNMarker: CREATE_MODULE_START (BlobModule)
04-12 18:43:42.358  7117  7194 D Detox.RNMarker: CREATE_MODULE_END (BlobModule)
04-12 18:43:42.358  7117  7194 D Detox.RNMarker: NATIVE_MODULE_SETUP_END (BlobModule)
04-12 18:43:42.359  7117  7194 D Detox.RNMarker: NATIVE_MODULE_SETUP_START (WebSocketModule)
04-12 18:43:42.359  7117  7194 D Detox.RNMarker: CREATE_MODULE_START (WebSocketModule)
04-12 18:43:42.359  7117  7194 D Detox.RNMarker: CREATE_MODULE_END (WebSocketModule)
04-12 18:43:42.359  7117  7194 D Detox.RNMarker: NATIVE_MODULE_SETUP_END (WebSocketModule)
04-12 18:43:42.362  7117  7195 I WebViewFactory: Loading com.google.android.webview version 113.0.5672.136 (code 567263634)
04-12 18:43:42.363  7117  7195 W ziparchive: Unable to open '/data/app/~~rGDTFsEgVNAQR7v9a9DBnw==/com.google.android.trichromelibrary_567263634-3Q4C4Nt6E9KMMziAv9ANGg==/TrichromeLibrary.dm': No such file or directory
04-12 18:43:42.366  7117  7195 W ziparchive: Unable to open '/data/app/~~rGDTFsEgVNAQR7v9a9DBnw==/com.google.android.trichromelibrary_567263634-3Q4C4Nt6E9KMMziAv9ANGg==/TrichromeLibrary.dm': No such file or directory
04-12 18:43:42.366  7117  7195 W vindra.comparez: Entry not found
04-12 18:43:42.366  7117  7195 D nativeloader: Configuring clns-9 for other apk /data/app/~~rGDTFsEgVNAQR7v9a9DBnw==/com.google.android.trichromelibrary_567263634-3Q4C4Nt6E9KMMziAv9ANGg==/TrichromeLibrary.apk. target_sdk_version=34, uses_libraries=ALL, library_path=/data/app/~~Yw2cewKRy1ALIz8qfFlwsw==/com.google.android.webview-CDaciHExabTqd-t8TQiv4Q==/lib/arm64:/data/app/~~Yw2cewKRy1ALIz8qfFlwsw==/com.google.android.webview-CDaciHExabTqd-t8TQiv4Q==/WebViewGoogle.apk!/lib/arm64-v8a:/data/app/~~rGDTFsEgVNAQR7v9a9DBnw==/com.google.android.trichromelibrary_567263634-3Q4C4Nt6E9KMMziAv9ANGg==/TrichromeLibrary.apk!/lib/arm64-v8a, permitted_path=/data:/mnt/expand
04-12 18:43:42.371  7117  7194 D Detox.RNMarker: NATIVE_MODULE_SETUP_START (RedBox)
04-12 18:43:42.375  7117  7195 D nativeloader: Configuring clns-10 for other apk /data/app/~~Yw2cewKRy1ALIz8qfFlwsw==/com.google.android.webview-CDaciHExabTqd-t8TQiv4Q==/WebViewGoogle.apk. target_sdk_version=34, uses_libraries=, library_path=/data/app/~~Yw2cewKRy1ALIz8qfFlwsw==/com.google.android.webview-CDaciHExabTqd-t8TQiv4Q==/lib/arm64:/data/app/~~Yw2cewKRy1ALIz8qfFlwsw==/com.google.android.webview-CDaciHExabTqd-t8TQiv4Q==/WebViewGoogle.apk!/lib/arm64-v8a:/data/app/~~rGDTFsEgVNAQR7v9a9DBnw==/com.google.android.trichromelibrary_567263634-3Q4C4Nt6E9KMMziAv9ANGg==/TrichromeLibrary.apk!/lib/arm64-v8a, permitted_path=/data:/mnt/expand
04-12 18:43:42.378  7117  7195 W vindra.comparez: Accessing hidden method Landroid/os/Trace;->isTagEnabled(J)Z (unsupported, reflection, allowed)
04-12 18:43:42.380  7117  7194 D Detox.RNMarker: NATIVE_MODULE_SETUP_START (Networking)
04-12 18:43:42.382  7117  7194 D Detox.RNMarker: CREATE_MODULE_START (Networking)
04-12 18:43:42.383  7117  7194 D Detox.RNMarker: CREATE_MODULE_END (Networking)
04-12 18:43:42.383  7117  7194 D Detox.RNMarker: NATIVE_MODULE_SETUP_END (Networking)
04-12 18:43:42.384  7117  7194 D Detox.RNMarker: NATIVE_MODULE_SETUP_START (DevLoadingView)
04-12 18:43:42.384  7117  7194 D Detox.RNMarker: CREATE_MODULE_START (DevLoadingView)
04-12 18:43:42.384  7117  7194 D Detox.RNMarker: CREATE_MODULE_END (DevLoadingView)
04-12 18:43:42.384  7117  7194 D Detox.RNMarker: NATIVE_MODULE_SETUP_END (DevLoadingView)
04-12 18:43:42.385  7117  7194 D Detox.RNMarker: NATIVE_MODULE_SETUP_START (HeadlessJsTaskSupport)
04-12 18:43:42.385  7117  7194 D Detox.RNMarker: CREATE_MODULE_START (HeadlessJsTaskSupport)
04-12 18:43:42.386  7117  7194 D Detox.RNMarker: CREATE_MODULE_END (HeadlessJsTaskSupport)
04-12 18:43:42.386  7117  7194 D Detox.RNMarker: NATIVE_MODULE_SETUP_END (HeadlessJsTaskSupport)
04-12 18:43:42.388  7117  7194 D Detox.RNMarker: NATIVE_MODULE_SETUP_START (DeviceInfo)
04-12 18:43:42.388  7117  7195 W vindra.comparez: Accessing hidden method Landroid/os/Trace;->traceBegin(JLjava/lang/String;)V (unsupported, reflection, allowed)
04-12 18:43:42.388  7117  7195 W vindra.comparez: Accessing hidden method Landroid/os/Trace;->traceEnd(J)V (unsupported, reflection, allowed)
04-12 18:43:42.388  7117  7195 W vindra.comparez: Accessing hidden method Landroid/os/Trace;->asyncTraceBegin(JLjava/lang/String;I)V (unsupported, reflection, allowed)
04-12 18:43:42.388  7117  7195 W vindra.comparez: Accessing hidden method Landroid/os/Trace;->asyncTraceEnd(JLjava/lang/String;I)V (unsupported, reflection, allowed)
04-12 18:43:42.389  7117  7195 I cr_WVCFactoryProvider: Loaded version=113.0.5672.136 minSdkVersion=29 isBundle=false multiprocess=true packageId=2
04-12 18:43:42.391  7117  7194 D Detox.RNMarker: CREATE_MODULE_START (DeviceInfo)
04-12 18:43:42.391  7117  7194 D Detox.RNMarker: CREATE_MODULE_END (DeviceInfo)
04-12 18:43:42.392  7117  7194 D Detox.RNMarker: NATIVE_MODULE_SETUP_END (DeviceInfo)
04-12 18:43:42.393  7117  7194 D Detox.RNMarker: NATIVE_MODULE_SETUP_START (UIManager)
04-12 18:43:42.401  7117  7195 I cr_LibraryLoader: Successfully loaded native library
04-12 18:43:42.407  7117  7195 I cr_CachingUmaRecorder: Flushed 8 samples from 8 histograms.
04-12 18:43:42.408  7117  7206 I cr_VariationsUtils: Failed reading seed file "/data/user/0/com.panviravindra.comparez/app_webview/variations_seed_new"
04-12 18:43:42.408  7117  7206 I cr_VariationsUtils: Failed reading seed file "/data/user/0/com.panviravindra.comparez/app_webview/variations_seed"
04-12 18:43:42.415  7117  7209 D TrafficStats: tagSocket(137) with statsTag=0xffffffff, statsUid=-1
04-12 18:43:42.438  7117  7194 D Detox.RNMarker: NATIVE_MODULE_SETUP_END (UIManager)
04-12 18:43:42.447  7117  7194 D Detox.RNMarker: NATIVE_MODULE_SETUP_START (SoundManager)
04-12 18:43:42.447  7117  7194 D Detox.RNMarker: CREATE_MODULE_START (SoundManager)
04-12 18:43:42.447  7117  7194 D Detox.RNMarker: CREATE_MODULE_END (SoundManager)
04-12 18:43:42.447  7117  7194 D Detox.RNMarker: NATIVE_MODULE_SETUP_END (SoundManager)
04-12 18:43:42.453  7117  7194 D Detox.RNMarker: NATIVE_MODULE_SETUP_START (ImageLoader)
04-12 18:43:42.453  7117  7194 D Detox.RNMarker: CREATE_MODULE_START (ImageLoader)
04-12 18:43:42.453  7117  7194 D Detox.RNMarker: CREATE_MODULE_END (ImageLoader)
04-12 18:43:42.453  7117  7194 D Detox.RNMarker: NATIVE_MODULE_SETUP_END (ImageLoader)
04-12 18:43:42.454  7117  7194 D Detox.RNMarker: NATIVE_MODULE_SETUP_START (IntentAndroid)
04-12 18:43:42.454  7117  7194 D Detox.RNMarker: CREATE_MODULE_START (IntentAndroid)
04-12 18:43:42.454  7117  7194 D Detox.RNMarker: CREATE_MODULE_END (IntentAndroid)
04-12 18:43:42.454  7117  7194 D Detox.RNMarker: NATIVE_MODULE_SETUP_END (IntentAndroid)
04-12 18:43:42.455  7117  7194 D Detox.RNMarker: NATIVE_MODULE_SETUP_START (LinkingManager)
04-12 18:43:42.456  7117  7194 D Detox.RNMarker: NATIVE_MODULE_SETUP_START (DeviceEventManager)
04-12 18:43:42.456  7117  7194 D Detox.RNMarker: CREATE_MODULE_START (DeviceEventManager)
04-12 18:43:42.456  7117  7194 D Detox.RNMarker: CREATE_MODULE_END (DeviceEventManager)
04-12 18:43:42.456  7117  7194 D Detox.RNMarker: NATIVE_MODULE_SETUP_END (DeviceEventManager)
04-12 18:43:42.460  7117  7194 D Detox.RNMarker: NATIVE_MODULE_SETUP_START (NativeUnimoduleProxy)
04-12 18:43:42.464  7117  7194 I ExpoModulesCore: ✅ JSI interop was installed
04-12 18:43:42.465  7117  7194 I ExpoModulesCore: ✅ Constants were exported
04-12 18:43:42.466  7117  7194 D Detox.RNMarker: NATIVE_MODULE_SETUP_END (NativeUnimoduleProxy)
04-12 18:43:42.470  7117  7194 D Detox.RNMarker: NATIVE_MODULE_SETUP_START (ExpoUpdates)
04-12 18:43:42.470  7117  7194 D Detox.RNMarker: NATIVE_MODULE_SETUP_START (EXDevLauncher)
04-12 18:43:42.471  7117  7194 D Detox.RNMarker: NATIVE_MODULE_SETUP_START (ExpoUpdates)
04-12 18:43:42.471  7117  7194 D Detox.RNMarker: NATIVE_MODULE_SETUP_START (ExpoGo)
04-12 18:43:42.472  7117  7194 D Detox.RNMarker: NATIVE_MODULE_SETUP_START (ExpoGo)
04-12 18:43:42.482  7117  7194 D Detox.RNMarker: NATIVE_MODULE_SETUP_START (EXDevLauncher)
04-12 18:43:42.491  7117  7210 D TrafficStats: tagSocket(137) with statsTag=0xffffffff, statsUid=-1
04-12 18:43:42.514  7117  7194 D Detox.RNMarker: NATIVE_MODULE_SETUP_START (NativeAnimatedModule)
04-12 18:43:42.514  7117  7194 D Detox.RNMarker: CREATE_MODULE_START (NativeAnimatedModule)
04-12 18:43:42.515  7117  7194 D Detox.RNMarker: CREATE_MODULE_END (NativeAnimatedModule)
04-12 18:43:42.515  7117  7194 D Detox.RNMarker: NATIVE_MODULE_SETUP_END (NativeAnimatedModule)
04-12 18:43:42.526  7117  7194 D Detox.RNMarker: NATIVE_MODULE_SETUP_START (RNCSafeAreaContext)
04-12 18:43:42.526  7117  7194 D Detox.RNMarker: CREATE_MODULE_START (RNCSafeAreaContext)
04-12 18:43:42.526  7117  7194 D Detox.RNMarker: CREATE_MODULE_END (RNCSafeAreaContext)
04-12 18:43:42.527  7117  7194 D Detox.RNMarker: NATIVE_MODULE_SETUP_END (RNCSafeAreaContext)
04-12 18:43:42.530  7117  7194 D Detox.RNMarker: NATIVE_MODULE_SETUP_START (RNSModule)
04-12 18:43:42.530  7117  7194 D Detox.RNMarker: CREATE_MODULE_START (RNSModule)
04-12 18:43:42.532  7117  7194 D Detox.RNMarker: CREATE_MODULE_END (RNSModule)
04-12 18:43:42.533  7117  7194 D Detox.RNMarker: NATIVE_MODULE_SETUP_START (RNEdgeToEdge)
04-12 18:43:42.542  7117  7194 D Detox.RNMarker: NATIVE_MODULE_SETUP_START (RNVectorIconsManager)
04-12 18:43:42.542  7117  7194 D Detox.RNMarker: NATIVE_MODULE_SETUP_START (RNVectorIconsModule)
04-12 18:43:42.542  7117  7194 D Detox.RNMarker: NATIVE_MODULE_SETUP_START (RNVectorIconsManager)
04-12 18:43:42.542  7117  7194 D Detox.RNMarker: NATIVE_MODULE_SETUP_START (RNVectorIconsModule)
04-12 18:43:42.618  7117  7194 D Detox.RNMarker: NATIVE_MODULE_SETUP_START (PlatformLocalStorage)
04-12 18:43:42.618  7117  7194 D Detox.RNMarker: NATIVE_MODULE_SETUP_START (RNC_AsyncSQLiteDBStorage)
04-12 18:43:42.618  7117  7194 D Detox.RNMarker: NATIVE_MODULE_SETUP_START (RNCAsyncStorage)
04-12 18:43:42.618  7117  7194 D Detox.RNMarker: CREATE_MODULE_START (RNCAsyncStorage)
04-12 18:43:42.619  7117  7194 V AsyncStorageExpoMigration: No scoped database found
04-12 18:43:42.619  7117  7194 D Detox.RNMarker: CREATE_MODULE_END (RNCAsyncStorage)
04-12 18:43:42.619  7117  7194 D Detox.RNMarker: NATIVE_MODULE_SETUP_END (RNCAsyncStorage)
04-12 18:43:42.621  7117  7194 D Detox.RNMarker: NATIVE_MODULE_SETUP_START (RNCWebViewModule)
04-12 18:43:42.621  7117  7194 D Detox.RNMarker: CREATE_MODULE_START (RNCWebViewModule)
04-12 18:43:42.622  7117  7194 D Detox.RNMarker: CREATE_MODULE_END (RNCWebViewModule)
04-12 18:43:42.622  7117  7194 D Detox.RNMarker: NATIVE_MODULE_SETUP_END (RNCWebViewModule)
04-12 18:43:42.788  7117  7194 D Detox.RNMarker: RUN_JS_BUNDLE_END (/.virtual-metro-entry.bundle?platform=android&dev=true&lazy=true&minify=false&app=com.panviravindra.comparez&modulesOnly=false&runModule=true&excludeSource=true&sourcePaths=url-server)
04-12 18:43:42.806  7117  7194 I ReactNativeJS: Running "main" with {"rootTag":11}
04-12 18:43:42.827  7117  7211 D TrafficStats: tagSocket(122) with statsTag=0xffffffff, statsUid=-1
04-12 18:43:43.619  7117  7117 W UiControllerImpl: Waiting for: DYNAMIC_TASKS_HAVE_IDLED for 100 iterations.
04-12 18:43:43.783  7117  7212 D ProfileInstaller: Installing profile for com.panviravindra.comparez
04-12 18:43:43.799  7117  7194 W ReactNativeJS: The app is running using the Legacy Architecture. The Legacy Architecture is deprecated and will be removed in a future version of React Native. Please consider migrating to the New Architecture. For more information, please see https://reactnative.dev/blog/2024/10/23/the-new-architecture-is-here
04-12 18:43:44.301  7117  7195 D CompatibilityChangeReporter: Compat change id reported: 289878283; UID 10201; state: ENABLED
04-12 18:43:44.306  7117  7117 D Detox.RNMarker: CONTENT_APPEARED (main)
04-12 18:43:44.408  7117  7191 W vindra.comparez: Verification of java.util.List kotlin.reflect.jvm.internal.impl.load.kotlin.AbstractBinaryClassAnnotationLoader.loadClassAnnotations(kotlin.reflect.jvm.internal.impl.serialization.deserialization.ProtoContainer$Class) took 109.565ms (620.63 bytecodes/s) (2880B approximate peak alloc)
04-12 18:43:44.417  7117  7163 D EGL_emulation: app_time_stats: avg=1696.82ms min=352.53ms max=3041.10ms count=2
04-12 18:43:44.560  7117  7117 I Detox   : Wait is over: App is now idle!
04-12 18:43:44.561  7117  7152 I DetoxWSClient: Sending out action 'ready' (ID #-1000)
04-12 18:43:44.562  7117  7152 I DetoxDispatcher: Done with action 'isReady'
04-12 18:43:44.565  7117  7214 D TrafficStats: tagSocket(141) with statsTag=0xffffffff, statsUid=-1
04-12 18:43:44.578  7117  7156 D DetoxWSClient: Received action 'invoke' (ID #3, params={"target":{"type":"Class","value":"com.wix.detox.espresso.EspressoDetox"},"method":"perform","args":[{"type":"Invocation","value":{"target":{"type":"Class","value":"com.wix.detox.espresso.DetoxMatcher"},"method":"matcherForTestId","args":["homeSearchCta",{"type":"boolean","value":false}]}},{"type":"Invocation","value":{"target":{"type":"Class","value":"com.wix.detox.espresso.DetoxViewActions"},"method":"click","args":[]}}]})
04-12 18:43:44.579  7117  7152 I DetoxDispatcher: Handling action 'invoke' (ID #3)...
04-12 18:43:44.593  7117  7152 D Detox   : class com.wix.detox.espresso.DetoxMatcher, matcherForTestId, [homeSearchCta, false]
04-12 18:43:44.629  7117  7213 W vindra.comparez: Verification of boolean com.facebook.imagepipeline.decoder.ProgressiveJpegParser.parseMoreData(com.facebook.imagepipeline.image.EncodedImage) took 286.150ms (230.65 bytecodes/s) (3160B approximate peak alloc)
04-12 18:43:44.664  7117  7152 D Detox   : class com.wix.detox.espresso.DetoxViewActions, click, []
04-12 18:43:44.672  7117  7152 W vindra.comparez: Accessing hidden method Landroid/view/ViewConfiguration;->getDoubleTapMinTime()I (unsupported, reflection, allowed)
04-12 18:43:44.678  7117  7152 D Detox   : class com.wix.detox.espresso.EspressoDetox, perform, [(view.getTag() is "homeSearchCta" and view has effective visibility <VISIBLE>), com.wix.detox.espresso.action.RNClickAction@ae6ecf3]
04-12 18:43:44.695  7117  7152 D CompatibilityChangeReporter: Compat change id reported: 247079863; UID 10201; state: ENABLED
04-12 18:43:44.712  7117  7194 D Detox.RNMarker: NATIVE_MODULE_SETUP_START (FileReaderModule)
04-12 18:43:44.712  7117  7194 D Detox.RNMarker: CREATE_MODULE_START (FileReaderModule)
04-12 18:43:44.713  7117  7194 D Detox.RNMarker: CREATE_MODULE_END (FileReaderModule)
04-12 18:43:44.714  7117  7194 D Detox.RNMarker: NATIVE_MODULE_SETUP_END (FileReaderModule)
04-12 18:43:44.834  7117  7213 W vindra.comparez: Verification of com.facebook.imagepipeline.producers.JobScheduler$JobState[] com.facebook.imagepipeline.producers.JobScheduler$JobState.values() took 187.470ms (48.01 bytecodes/s) (1432B approximate peak alloc)
04-12 18:43:44.912  7117  7152 I DetoxActionHandlers: Test exception
04-12 18:43:44.912  7117  7152 I DetoxActionHandlers: java.lang.reflect.InvocationTargetException
04-12 18:43:44.912  7117  7152 I DetoxActionHandlers: 	at java.lang.reflect.Method.invoke(Native Method)
04-12 18:43:44.912  7117  7152 I DetoxActionHandlers: 	at org.apache.commons.lang3.reflect.MethodUtils.invokeStaticMethod(MethodUtils.java:443)
04-12 18:43:44.912  7117  7152 I DetoxActionHandlers: 	at org.apache.commons.lang3.reflect.MethodUtils.invokeStaticMethod(MethodUtils.java:405)
04-12 18:43:44.912  7117  7152 I DetoxActionHandlers: 	at com.wix.invoke.types.ClassTarget.execute(ClassTarget.java:23)
04-12 18:43:44.912  7117  7152 I DetoxActionHandlers: 	at com.wix.invoke.types.Target.invoke(Target.java:59)
04-12 18:43:44.912  7117  7152 I DetoxActionHandlers: 	at com.wix.invoke.MethodInvocation.invoke(MethodInvocation.java:35)
04-12 18:43:44.912  7117  7152 I DetoxActionHandlers: 	at com.wix.invoke.MethodInvocation.invoke(MethodInvocation.java:26)
04-12 18:43:44.912  7117  7152 I DetoxActionHandlers: 	at com.wix.invoke.MethodInvocation.invoke(MethodInvocation.java:20)
04-12 18:43:44.912  7117  7152 I DetoxActionHandlers: 	at com.wix.detox.adapters.server.InvokeActionHandler.handle(DetoxActionHandlers.kt:54)
04-12 18:43:44.9