--------- beginning of main
04-12 18:20:52.639  6019  6019 I vindra.comparez: Late-enabling -Xcheck:jni
04-12 18:20:52.687  6019  6019 I vindra.comparez: Using CollectorTypeCC GC.
04-12 18:20:53.016  6019  6019 D CompatibilityChangeReporter: Compat change id reported: 171979766; UID 10197; state: ENABLED
04-12 18:20:53.032  6019  6019 D CompatibilityChangeReporter: Compat change id reported: 242716250; UID 10197; state: ENABLED
--------- beginning of system
04-12 18:20:53.191  6019  6019 W ActivityThread: Package uses different ABI(s) than its instrumentation: package[com.panviravindra.comparez]: arm64-v8a, null instrumentation[com.panviravindra.comparez.test]: null, null
04-12 18:20:53.284  6019  6019 W vindra.comparez: ClassLoaderContext shared library size mismatch. Expected=2, found=0 (PCL[]{PCL[/system/framework/android.test.base.jar*836642756]#PCL[/system/framework/android.test.mock.jar*3186112116]} | PCL[])
04-12 18:20:53.310  6019  6019 W vindra.comparez: ClassLoaderContext classpath size mismatch. expected=0, found=1 (PCL[] | PCL[/system/framework/android.test.runner.jar*4168958247])
04-12 18:20:53.329  6019  6019 W vindra.comparez: ClassLoaderContext classpath size mismatch. expected=0, found=2 (PCL[] | PCL[/system/framework/android.test.runner.jar*4168958247:/system/framework/android.test.mock.jar*3186112116])
04-12 18:20:53.329  6019  6019 W ziparchive: Unable to open '/data/app/~~8Cp8qv-7QlDiaA9YAuzFTQ==/com.panviravindra.comparez.test-lu62QV2CcVty5G5mWKO8Ow==/base.dm': No such file or directory
04-12 18:20:53.329  6019  6019 W ziparchive: Unable to open '/data/app/~~8Cp8qv-7QlDiaA9YAuzFTQ==/com.panviravindra.comparez.test-lu62QV2CcVty5G5mWKO8Ow==/base.dm': No such file or directory
04-12 18:20:53.483  6019  6019 W ziparchive: Unable to open '/data/app/~~sK49hpFbSyzJIZlRN7DaaQ==/com.panviravindra.comparez-Hi-zvuNbuUxKCMAnw0eP9g==/base.dm': No such file or directory
04-12 18:20:53.484  6019  6019 W ziparchive: Unable to open '/data/app/~~sK49hpFbSyzJIZlRN7DaaQ==/com.panviravindra.comparez-Hi-zvuNbuUxKCMAnw0eP9g==/base.dm': No such file or directory
04-12 18:20:53.795  6019  6019 D nativeloader: Configuring clns-6 for other apk /system/framework/android.test.runner.jar:/system/framework/android.test.mock.jar:/system/framework/android.test.base.jar:/data/app/~~8Cp8qv-7QlDiaA9YAuzFTQ==/com.panviravindra.comparez.test-lu62QV2CcVty5G5mWKO8Ow==/base.apk:/data/app/~~sK49hpFbSyzJIZlRN7DaaQ==/com.panviravindra.comparez-Hi-zvuNbuUxKCMAnw0eP9g==/base.apk. target_sdk_version=36, uses_libraries=, library_path=/data/app/~~8Cp8qv-7QlDiaA9YAuzFTQ==/com.panviravindra.comparez.test-lu62QV2CcVty5G5mWKO8Ow==/lib/arm64:/data/app/~~sK49hpFbSyzJIZlRN7DaaQ==/com.panviravindra.comparez-Hi-zvuNbuUxKCMAnw0eP9g==/lib/arm64:/data/app/~~8Cp8qv-7QlDiaA9YAuzFTQ==/com.panviravindra.comparez.test-lu62QV2CcVty5G5mWKO8Ow==/base.apk!/lib/arm64-v8a:/data/app/~~sK49hpFbSyzJIZlRN7DaaQ==/com.panviravindra.comparez-Hi-zvuNbuUxKCMAnw0eP9g==/base.apk!/lib/arm64-v8a, permitted_path=/data:/mnt/expand:/data/user/0/com.panviravindra.comparez
04-12 18:20:53.804  6019  6019 V GraphicsEnvironment: Currently set values for:
04-12 18:20:53.804  6019  6019 V GraphicsEnvironment:   angle_gl_driver_selection_pkgs=[]
04-12 18:20:53.804  6019  6019 V GraphicsEnvironment:   angle_gl_driver_selection_values=[]
04-12 18:20:53.805  6019  6019 V GraphicsEnvironment: ANGLE GameManagerService for com.panviravindra.comparez: false
04-12 18:20:53.805  6019  6019 V GraphicsEnvironment: com.panviravindra.comparez is not listed in per-application setting
04-12 18:20:53.805  6019  6019 V GraphicsEnvironment: Neither updatable production driver nor prerelease driver is supported.
04-12 18:20:53.806  6019  6019 D ApplicationLoaders: Returning zygote-cached class loader: /system/framework/android.test.base.jar
04-12 18:20:53.810  6019  6019 D nativeloader: Configuring clns-7 for other apk /system/framework/android.test.mock.jar. target_sdk_version=36, uses_libraries=ALL, library_path=/data/app/~~8Cp8qv-7QlDiaA9YAuzFTQ==/com.panviravindra.comparez.test-lu62QV2CcVty5G5mWKO8Ow==/lib/arm64:/data/app/~~sK49hpFbSyzJIZlRN7DaaQ==/com.panviravindra.comparez-Hi-zvuNbuUxKCMAnw0eP9g==/lib/arm64, permitted_path=/data:/mnt/expand
04-12 18:20:53.810  6019  6019 D ApplicationLoaders: Returning zygote-cached class loader: /system/framework/android.test.base.jar
04-12 18:20:53.813  6019  6019 D nativeloader: Configuring clns-8 for other apk /system/framework/android.test.runner.jar. target_sdk_version=36, uses_libraries=ALL, library_path=/data/app/~~8Cp8qv-7QlDiaA9YAuzFTQ==/com.panviravindra.comparez.test-lu62QV2CcVty5G5mWKO8Ow==/lib/arm64:/data/app/~~sK49hpFbSyzJIZlRN7DaaQ==/com.panviravindra.comparez-Hi-zvuNbuUxKCMAnw0eP9g==/lib/arm64, permitted_path=/data:/mnt/expand
04-12 18:20:53.813  6019  6019 W vindra.comparez: ClassLoaderContext shared library size mismatch. Expected=2, found=3 (PCL[]{PCL[/system/framework/android.test.base.jar*836642756]#PCL[/system/framework/android.test.mock.jar*3186112116]} | PCL[]{PCL[/system/framework/android.test.base.jar*836642756]#PCL[/system/framework/android.test.mock.jar*3186112116]#PCL[/system/framework/android.test.runner.jar*4168958247]{PCL[/system/framework/android.test.base.jar*836642756]#PCL[/system/framework/android.test.mock.jar*3186112116]}};PCL[/system/framework/android.test.runner.jar*4168958247:/system/framework/android.test.mock.jar*3186112116:/system/framework/android.test.base.jar*836642756:/data/app/~~8Cp8qv-7QlDiaA9YAuzFTQ==/com.panviravindra.comparez.test-lu62QV2CcVty5G5mWKO8Ow==/base.apk*294246005:/data/app/~~8Cp8qv-7QlDiaA9YAuzFTQ==/com.panviravindra.comparez.test-lu62QV2CcVty5G5mWKO8Ow==/base.apk!classes2.dex*4055916645:/data/app/~~8Cp8qv-7QlDiaA9YAuzFTQ==/com.panviravindra.comparez.test-lu62QV2CcVty5G5mWKO8Ow==/base.apk!classes3.dex*2949407285:/data/app/~~8Cp8qv-7QlDiaA9YAuzFTQ==/com.panviravindra.comparez.test-lu62QV2CcVty5G5mWKO8Ow==/base.apk!classes4.dex*2472856604:/data/app/~~8Cp8qv-7QlDiaA9YAuzFTQ==/com.panviravindra.comparez.test-lu62QV2CcVty5G5mWKO8Ow==/base.apk!classes5.dex*449036524:/data/app/~~8Cp8qv-7QlDiaA9YAuzFTQ==/com.panviravindra.comparez.test-lu62QV2CcVty5G5mWKO8Ow==/base.apk!classes6.dex*2622014904:/data/app/~~8Cp8qv-7QlDiaA9YAuzFTQ==/com.panviravindra.comparez.test-lu62QV2CcVty5G5mWKO8Ow==/base.apk!classes7.dex*530900409:/data/app/~~8Cp8qv-7QlDiaA9YAuzFTQ==/com.panviravindra.comparez.test-lu62QV2CcVty5G5mWKO8Ow==/base.apk!classes8.dex*4143867305:/data/app/~~8Cp8qv-7QlDiaA9YAuzFTQ==/com.panviravindra.comparez.test-lu62QV2CcVty5G5mWKO8Ow==/base.apk!classes9.dex*4104667095:/data/app/~~8Cp8qv-7QlDiaA9YAuzFTQ==/com.panviravindra.comparez.test-lu62QV2CcVty5G5mWKO8Ow==/base.apk!classes10.dex*3785976675:/data/app/~~8Cp8qv-7QlDiaA9YAuzFTQ==/com.panviravindra.comparez.test-lu62QV2CcVty5G5mWKO8Ow==/base.apk!classes11.dex*747467643:/data/app/~~8Cp8qv-7QlDiaA9YAuzFTQ==/com.panviravindra.comparez.test-lu62QV2CcVty5G5mWKO8Ow==/base.apk!classes12.dex*128433845:/data/app/~~8Cp8qv-7QlDiaA9YAuzFTQ==/com.panviravindra.comparez.test-lu62QV2CcVty5G5mWKO8Ow==/base.apk!classes13.dex*3653805668:/data/app/~~8Cp8qv-7QlDiaA9YAuzFTQ==/com.panviravindra.comparez.test-lu62QV2CcVty5G5mWKO8Ow==/base.apk!classes14.dex*1229665198:/data/app/~~8Cp8qv-7QlDiaA9YAuzFTQ==/com.panviravindra.comparez.test-lu62QV2CcVty5G5mWKO8Ow==/base.apk!classes15.dex*638951780:/data/app/~~8Cp8qv-7QlDiaA9YAuzFTQ==/com.panviravindra.comparez.test-lu62QV2CcVty5G5mWKO8Ow==/base.apk!classes16.dex*2498210027:/data/app/~~8Cp8qv-7QlDiaA9YAuzFTQ==/com.panviravindra.comparez.test-lu62QV2CcVty5G5mWKO8Ow==/base.apk!classes17.dex*732076495:/data/app/~~8Cp8qv-7QlDiaA9YAuzFTQ==/com.panviravindra.comparez.test-lu62QV2CcVty5G5mWKO8Ow==/base.apk!classes18.dex*238609134:/data/app/~~8Cp8qv-7QlDiaA9YAuzFTQ==/com.panviravindra.comparez.test-lu62QV2CcVty5G5mWKO8Ow==/base.apk!classes19.dex*1407230120:/data/app/~~sK49hpFbSyzJIZlRN7DaaQ==/com.panviravindra.comparez-Hi-zvuNbuUxKCMAnw0eP9g==/base.apk*93354197:/data/app/~~sK49hpFbSyzJIZlRN7DaaQ==/com.panviravindra.comparez-Hi-zvuNbuUxKCMAnw0eP9g==/base.apk!classes2.dex*2402452363:/data/app/~~sK49hpFbSyzJIZlRN7DaaQ==/com.panviravindra.comparez-Hi-zvuNbuUxKCMAnw0eP9g==/base.apk!classes3.dex*1876940571:/data/app/~~sK49hpFbSyzJIZlRN7DaaQ==/com.panviravindra.comparez-Hi-zvuNbuUxKCMAnw0eP9g==/base.apk!classes4.dex*389630062:/data/app/~~sK49hpFbSyzJIZlRN7DaaQ==/com.panviravindra.comparez-Hi-zvuNbuUxKCMAnw0eP9g==/base.apk!classes5.dex*1867390877:/data/app/~~sK49hpFbSyzJIZlRN7DaaQ==/com.panviravindra.comparez-Hi-zvuNbuUxKCMAnw0eP9g==/base.apk!classes6.dex*4013537063:/data/app/~~sK49hpFbSyzJIZlRN7DaaQ==/com.panviravindra.comparez-Hi-zvuNbuUxKCMAnw0eP9g==/base.apk!classes7.dex*3881050273:/data/app/~~sK49hpFbSyzJIZlRN7DaaQ==/com.panviravindra.comparez-Hi-zvuNbuUxKCMAnw0eP9g==/base.apk!classes8.dex*4262563330:/data/app/~~sK49hpFbSyzJIZlRN7DaaQ==/com.panviravind
04-12 18:20:53.818  6019  6019 W vindra.comparez: ClassLoaderContext classpath size mismatch. expected=0, found=1 (PCL[] | PCL[/system/framework/android.test.runner.jar*4168958247]{PCL[/system/framework/android.test.base.jar*836642756]#PCL[/system/framework/android.test.mock.jar*3186112116]#PCL[/system/framework/android.test.runner.jar*4168958247]{PCL[/system/framework/android.test.base.jar*836642756]#PCL[/system/framework/android.test.mock.jar*3186112116]}};PCL[/system/framework/android.test.runner.jar*4168958247:/system/framework/android.test.mock.jar*3186112116:/system/framework/android.test.base.jar*836642756:/data/app/~~8Cp8qv-7QlDiaA9YAuzFTQ==/com.panviravindra.comparez.test-lu62QV2CcVty5G5mWKO8Ow==/base.apk*294246005:/data/app/~~8Cp8qv-7QlDiaA9YAuzFTQ==/com.panviravindra.comparez.test-lu62QV2CcVty5G5mWKO8Ow==/base.apk!classes2.dex*4055916645:/data/app/~~8Cp8qv-7QlDiaA9YAuzFTQ==/com.panviravindra.comparez.test-lu62QV2CcVty5G5mWKO8Ow==/base.apk!classes3.dex*2949407285:/data/app/~~8Cp8qv-7QlDiaA9YAuzFTQ==/com.panviravindra.comparez.test-lu62QV2CcVty5G5mWKO8Ow==/base.apk!classes4.dex*2472856604:/data/app/~~8Cp8qv-7QlDiaA9YAuzFTQ==/com.panviravindra.comparez.test-lu62QV2CcVty5G5mWKO8Ow==/base.apk!classes5.dex*449036524:/data/app/~~8Cp8qv-7QlDiaA9YAuzFTQ==/com.panviravindra.comparez.test-lu62QV2CcVty5G5mWKO8Ow==/base.apk!classes6.dex*2622014904:/data/app/~~8Cp8qv-7QlDiaA9YAuzFTQ==/com.panviravindra.comparez.test-lu62QV2CcVty5G5mWKO8Ow==/base.apk!classes7.dex*530900409:/data/app/~~8Cp8qv-7QlDiaA9YAuzFTQ==/com.panviravindra.comparez.test-lu62QV2CcVty5G5mWKO8Ow==/base.apk!classes8.dex*4143867305:/data/app/~~8Cp8qv-7QlDiaA9YAuzFTQ==/com.panviravindra.comparez.test-lu62QV2CcVty5G5mWKO8Ow==/base.apk!classes9.dex*4104667095:/data/app/~~8Cp8qv-7QlDiaA9YAuzFTQ==/com.panviravindra.comparez.test-lu62QV2CcVty5G5mWKO8Ow==/base.apk!classes10.dex*3785976675:/data/app/~~8Cp8qv-7QlDiaA9YAuzFTQ==/com.panviravindra.comparez.test-lu62QV2CcVty5G5mWKO8Ow==/base.apk!classes11.dex*747467643:/data/app/~~8Cp8qv-7QlDiaA9YAuzFTQ==/com.panviravindra.comparez.test-lu62QV2CcVty5G5mWKO8Ow==/base.apk!classes12.dex*128433845:/data/app/~~8Cp8qv-7QlDiaA9YAuzFTQ==/com.panviravindra.comparez.test-lu62QV2CcVty5G5mWKO8Ow==/base.apk!classes13.dex*3653805668:/data/app/~~8Cp8qv-7QlDiaA9YAuzFTQ==/com.panviravindra.comparez.test-lu62QV2CcVty5G5mWKO8Ow==/base.apk!classes14.dex*1229665198:/data/app/~~8Cp8qv-7QlDiaA9YAuzFTQ==/com.panviravindra.comparez.test-lu62QV2CcVty5G5mWKO8Ow==/base.apk!classes15.dex*638951780:/data/app/~~8Cp8qv-7QlDiaA9YAuzFTQ==/com.panviravindra.comparez.test-lu62QV2CcVty5G5mWKO8Ow==/base.apk!classes16.dex*2498210027:/data/app/~~8Cp8qv-7QlDiaA9YAuzFTQ==/com.panviravindra.comparez.test-lu62QV2CcVty5G5mWKO8Ow==/base.apk!classes17.dex*732076495:/data/app/~~8Cp8qv-7QlDiaA9YAuzFTQ==/com.panviravindra.comparez.test-lu62QV2CcVty5G5mWKO8Ow==/base.apk!classes18.dex*238609134:/data/app/~~8Cp8qv-7QlDiaA9YAuzFTQ==/com.panviravindra.comparez.test-lu62QV2CcVty5G5mWKO8Ow==/base.apk!classes19.dex*1407230120:/data/app/~~sK49hpFbSyzJIZlRN7DaaQ==/com.panviravindra.comparez-Hi-zvuNbuUxKCMAnw0eP9g==/base.apk*93354197:/data/app/~~sK49hpFbSyzJIZlRN7DaaQ==/com.panviravindra.comparez-Hi-zvuNbuUxKCMAnw0eP9g==/base.apk!classes2.dex*2402452363:/data/app/~~sK49hpFbSyzJIZlRN7DaaQ==/com.panviravindra.comparez-Hi-zvuNbuUxKCMAnw0eP9g==/base.apk!classes3.dex*1876940571:/data/app/~~sK49hpFbSyzJIZlRN7DaaQ==/com.panviravindra.comparez-Hi-zvuNbuUxKCMAnw0eP9g==/base.apk!classes4.dex*389630062:/data/app/~~sK49hpFbSyzJIZlRN7DaaQ==/com.panviravindra.comparez-Hi-zvuNbuUxKCMAnw0eP9g==/base.apk!classes5.dex*1867390877:/data/app/~~sK49hpFbSyzJIZlRN7DaaQ==/com.panviravindra.comparez-Hi-zvuNbuUxKCMAnw0eP9g==/base.apk!classes6.dex*4013537063:/data/app/~~sK49hpFbSyzJIZlRN7DaaQ==/com.panviravindra.comparez-Hi-zvuNbuUxKCMAnw0eP9g==/base.apk!classes7.dex*3881050273:/data/app/~~sK49hpFbSyzJIZlRN7DaaQ==/com.panviravindra.comparez-Hi-zvuNbuUxKCMAnw0eP9g==/base.apk!classes8.dex*4262563330:/data/app/~~sK49hpFbSyzJIZlRN7DaaQ==/com.panviravindra.comparez-Hi-zvuNbuUxKCMAnw0eP9g==/base.apk!classes9.dex*371028
04-12 18:20:53.818  6019  6019 W vindra.comparez: ClassLoaderContext classpath size mismatch. expected=0, found=2 (PCL[] | PCL[/system/framework/android.test.runner.jar*4168958247:/system/framework/android.test.mock.jar*3186112116]{PCL[/system/framework/android.test.base.jar*836642756]#PCL[/system/framework/android.test.mock.jar*3186112116]#PCL[/system/framework/android.test.runner.jar*4168958247]{PCL[/system/framework/android.test.base.jar*836642756]#PCL[/system/framework/android.test.mock.jar*3186112116]}};PCL[/system/framework/android.test.runner.jar*4168958247:/system/framework/android.test.mock.jar*3186112116:/system/framework/android.test.base.jar*836642756:/data/app/~~8Cp8qv-7QlDiaA9YAuzFTQ==/com.panviravindra.comparez.test-lu62QV2CcVty5G5mWKO8Ow==/base.apk*294246005:/data/app/~~8Cp8qv-7QlDiaA9YAuzFTQ==/com.panviravindra.comparez.test-lu62QV2CcVty5G5mWKO8Ow==/base.apk!classes2.dex*4055916645:/data/app/~~8Cp8qv-7QlDiaA9YAuzFTQ==/com.panviravindra.comparez.test-lu62QV2CcVty5G5mWKO8Ow==/base.apk!classes3.dex*2949407285:/data/app/~~8Cp8qv-7QlDiaA9YAuzFTQ==/com.panviravindra.comparez.test-lu62QV2CcVty5G5mWKO8Ow==/base.apk!classes4.dex*2472856604:/data/app/~~8Cp8qv-7QlDiaA9YAuzFTQ==/com.panviravindra.comparez.test-lu62QV2CcVty5G5mWKO8Ow==/base.apk!classes5.dex*449036524:/data/app/~~8Cp8qv-7QlDiaA9YAuzFTQ==/com.panviravindra.comparez.test-lu62QV2CcVty5G5mWKO8Ow==/base.apk!classes6.dex*2622014904:/data/app/~~8Cp8qv-7QlDiaA9YAuzFTQ==/com.panviravindra.comparez.test-lu62QV2CcVty5G5mWKO8Ow==/base.apk!classes7.dex*530900409:/data/app/~~8Cp8qv-7QlDiaA9YAuzFTQ==/com.panviravindra.comparez.test-lu62QV2CcVty5G5mWKO8Ow==/base.apk!classes8.dex*4143867305:/data/app/~~8Cp8qv-7QlDiaA9YAuzFTQ==/com.panviravindra.comparez.test-lu62QV2CcVty5G5mWKO8Ow==/base.apk!classes9.dex*4104667095:/data/app/~~8Cp8qv-7QlDiaA9YAuzFTQ==/com.panviravindra.comparez.test-lu62QV2CcVty5G5mWKO8Ow==/base.apk!classes10.dex*3785976675:/data/app/~~8Cp8qv-7QlDiaA9YAuzFTQ==/com.panviravindra.comparez.test-lu62QV2CcVty5G5mWKO8Ow==/base.apk!classes11.dex*747467643:/data/app/~~8Cp8qv-7QlDiaA9YAuzFTQ==/com.panviravindra.comparez.test-lu62QV2CcVty5G5mWKO8Ow==/base.apk!classes12.dex*128433845:/data/app/~~8Cp8qv-7QlDiaA9YAuzFTQ==/com.panviravindra.comparez.test-lu62QV2CcVty5G5mWKO8Ow==/base.apk!classes13.dex*3653805668:/data/app/~~8Cp8qv-7QlDiaA9YAuzFTQ==/com.panviravindra.comparez.test-lu62QV2CcVty5G5mWKO8Ow==/base.apk!classes14.dex*1229665198:/data/app/~~8Cp8qv-7QlDiaA9YAuzFTQ==/com.panviravindra.comparez.test-lu62QV2CcVty5G5mWKO8Ow==/base.apk!classes15.dex*638951780:/data/app/~~8Cp8qv-7QlDiaA9YAuzFTQ==/com.panviravindra.comparez.test-lu62QV2CcVty5G5mWKO8Ow==/base.apk!classes16.dex*2498210027:/data/app/~~8Cp8qv-7QlDiaA9YAuzFTQ==/com.panviravindra.comparez.test-lu62QV2CcVty5G5mWKO8Ow==/base.apk!classes17.dex*732076495:/data/app/~~8Cp8qv-7QlDiaA9YAuzFTQ==/com.panviravindra.comparez.test-lu62QV2CcVty5G5mWKO8Ow==/base.apk!classes18.dex*238609134:/data/app/~~8Cp8qv-7QlDiaA9YAuzFTQ==/com.panviravindra.comparez.test-lu62QV2CcVty5G5mWKO8Ow==/base.apk!classes19.dex*1407230120:/data/app/~~sK49hpFbSyzJIZlRN7DaaQ==/com.panviravindra.comparez-Hi-zvuNbuUxKCMAnw0eP9g==/base.apk*93354197:/data/app/~~sK49hpFbSyzJIZlRN7DaaQ==/com.panviravindra.comparez-Hi-zvuNbuUxKCMAnw0eP9g==/base.apk!classes2.dex*2402452363:/data/app/~~sK49hpFbSyzJIZlRN7DaaQ==/com.panviravindra.comparez-Hi-zvuNbuUxKCMAnw0eP9g==/base.apk!classes3.dex*1876940571:/data/app/~~sK49hpFbSyzJIZlRN7DaaQ==/com.panviravindra.comparez-Hi-zvuNbuUxKCMAnw0eP9g==/base.apk!classes4.dex*389630062:/data/app/~~sK49hpFbSyzJIZlRN7DaaQ==/com.panviravindra.comparez-Hi-zvuNbuUxKCMAnw0eP9g==/base.apk!classes5.dex*1867390877:/data/app/~~sK49hpFbSyzJIZlRN7DaaQ==/com.panviravindra.comparez-Hi-zvuNbuUxKCMAnw0eP9g==/base.apk!classes6.dex*4013537063:/data/app/~~sK49hpFbSyzJIZlRN7DaaQ==/com.panviravindra.comparez-Hi-zvuNbuUxKCMAnw0eP9g==/base.apk!classes7.dex*3881050273:/data/app/~~sK49hpFbSyzJIZlRN7DaaQ==/com.panviravindra.comparez-Hi-zvuNbuUxKCMAnw0eP9g==/base.apk!classes8.dex*4262563330:/data/app/~~sK49hpFbSyzJIZlRN7DaaQ==/com.panviravindra.comparez-Hi
04-12 18:20:53.818  6019  6019 W ziparchive: Unable to open '/data/app/~~8Cp8qv-7QlDiaA9YAuzFTQ==/com.panviravindra.comparez.test-lu62QV2CcVty5G5mWKO8Ow==/base.dm': No such file or directory
04-12 18:20:53.818  6019  6019 W ziparchive: Unable to open '/data/app/~~8Cp8qv-7QlDiaA9YAuzFTQ==/com.panviravindra.comparez.test-lu62QV2CcVty5G5mWKO8Ow==/base.dm': No such file or directory
04-12 18:20:53.875  6019  6019 W ziparchive: Unable to open '/data/app/~~sK49hpFbSyzJIZlRN7DaaQ==/com.panviravindra.comparez-Hi-zvuNbuUxKCMAnw0eP9g==/base.dm': No such file or directory
04-12 18:20:53.876  6019  6019 W ziparchive: Unable to open '/data/app/~~sK49hpFbSyzJIZlRN7DaaQ==/com.panviravindra.comparez-Hi-zvuNbuUxKCMAnw0eP9g==/base.dm': No such file or directory
04-12 18:20:54.083  6019  6019 I AndroidJUnitRunner: newApplication com.panviravindra.comparez.MainApplication
04-12 18:20:54.122  6019  6019 I AndroidJUnitRunner: onCreate Bundle[mParcelledData.dataSize=240]
04-12 18:20:54.122  6019  6019 D AndroidJUnitRunner: Use the raw file system for managing file I/O.
04-12 18:20:54.125  6019  6019 V TestEventClient: No service name argument was given (testDiscoveryService, testRunEventService or orchestratorService)
04-12 18:20:54.126  6019  6019 W SoLoader: Initializing SoLoader: 0
04-12 18:20:54.127  6019  6019 W SoLoader: Recording new base apk path: /data/app/~~sK49hpFbSyzJIZlRN7DaaQ==/com.panviravindra.comparez-Hi-zvuNbuUxKCMAnw0eP9g==/base.apk
04-12 18:20:54.127  6019  6019 W SoLoader: Previously recorded 0 base apk paths.
04-12 18:20:54.127  6019  6019 I SoLoader: Preparing SO source: DirectorySoSource[root = /vendor/lib64 flags = 2]
04-12 18:20:54.128  6019  6019 I SoLoader: Preparing SO source: DirectorySoSource[root = /system/lib64 flags = 2]
04-12 18:20:54.128  6019  6019 I SoLoader: Preparing SO source: DirectApkSoSource[root = [/data/app/~~sK49hpFbSyzJIZlRN7DaaQ==/com.panviravindra.comparez-Hi-zvuNbuUxKCMAnw0eP9g==/base.apk!/lib/arm64-v8a]]
04-12 18:20:54.132  6019  6058 D AndroidJUnitRunner: onStart is called.
04-12 18:20:54.141  6019  6019 I SoLoader: Preparing SO source: ApplicationSoSource[DirectorySoSource[root = /data/app/~~sK49hpFbSyzJIZlRN7DaaQ==/com.panviravindra.comparez-Hi-zvuNbuUxKCMAnw0eP9g==/lib/arm64 flags = 0]]
04-12 18:20:54.141  6019  6019 I SoLoader: init finish: 4 SO sources prepared
04-12 18:20:54.141  6019  6019 W SoLoader: SoLoader initialized: 8
04-12 18:20:54.143  6019  6058 I InstrConnection: Could not send broadcast or register receiver (isolatedProcess?)
04-12 18:20:54.144  6019  6058 D TestRequestBuilder: Using class path scanning to discover tests
04-12 18:20:54.144  6019  6058 I TestRequestBuilder: Scanning classpath to find tests in paths [/data/app/~~8Cp8qv-7QlDiaA9YAuzFTQ==/com.panviravindra.comparez.test-lu62QV2CcVty5G5mWKO8Ow==/base.apk]
04-12 18:20:54.144  6019  6058 W vindra.comparez: Opening an oat file without a class loader. Are you using the deprecated DexFile APIs?
04-12 18:20:54.472  6019  6058 I TestRunner: run started: 1 tests
04-12 18:20:54.473  6019  6058 I TestRunner: started: runDetoxTests(com.panviravindra.comparez.DetoxTest)
04-12 18:20:54.476  6019  6058 I Detox   : Detox server connection details: url=ws://localhost:61822, sessionId=37fcb814-8d5a-530d-1be3-cfc34b4bd4ca
04-12 18:20:54.477  6019  6058 W FileTestStorage: Output properties is not supported.
04-12 18:20:54.478  6019  6058 I Tracing : Tracer added: class androidx.test.platform.tracing.AndroidXTracer
04-12 18:20:54.479  6019  6058 D EventInjectionStrategy: Creating injection strategy with input manager.
04-12 18:20:54.480  6019  6058 W vindra.comparez: Accessing hidden method Landroid/hardware/input/InputManager;->getInstance()Landroid/hardware/input/InputManager; (unsupported, reflection, allowed)
04-12 18:20:54.481  6019  6058 W vindra.comparez: Accessing hidden method Landroid/hardware/input/InputManager;->injectInputEvent(Landroid/view/InputEvent;I)Z (unsupported, reflection, allowed)
04-12 18:20:54.481  6019  6058 W vindra.comparez: Accessing hidden field Landroid/hardware/input/InputManager;->INJECT_INPUT_EVENT_MODE_WAIT_FOR_FINISH:I (unsupported, reflection, allowed)
04-12 18:20:54.483  6019  6058 W vindra.comparez: Accessing hidden field Ljava/lang/reflect/Field;->accessFlags:I (unsupported, reflection, allowed)
04-12 18:20:54.484  6019  6058 I Detox   : Connecting to server...
04-12 18:20:54.484  6019  6058 I DetoxWSClient: At connectToServer
04-12 18:20:54.505  6019  6067 D TrafficStats: tagSocket(85) with statsTag=0xffffffff, statsUid=-1
04-12 18:20:54.509  6019  6067 D DetoxWSClient: At onOpen
04-12 18:20:54.510  6019  6067 I DetoxWSClient: Sending out action 'login' (ID #0)
04-12 18:20:54.510  6019  6067 I Detox   : Connected to server!
04-12 18:20:54.511  6019  6067 D DetoxWSClient: Received action 'loginSuccess' (ID #0, params={"testerConnected":true,"appConnected":true})
04-12 18:20:54.512  6019  6063 I DetoxDispatcher: Handling action 'loginSuccess' (ID #0)...
04-12 18:20:54.512  6019  6063 I DetoxDispatcher: Done with action 'loginSuccess'
04-12 18:20:54.512  6019  6058 I Detox   : Launching the tested activity!
04-12 18:20:54.555  6019  6067 D DetoxWSClient: Received action 'isReady' (ID #-1000, params={})
04-12 18:20:54.559  6019  6063 I DetoxDispatcher: Handling action 'isReady' (ID #-1000)...
04-12 18:20:54.599  6019  6019 D AppCompatDelegate: Checking for metadata for AppLocalesMetadataHolderService : Service not found
04-12 18:20:54.609  6019  6080 D libEGL  : loaded /vendor/lib64/egl/libEGL_emulation.so
04-12 18:20:54.610  6019  6080 D libEGL  : loaded /vendor/lib64/egl/libGLESv1_CM_emulation.so
04-12 18:20:54.610  6019  6080 D libEGL  : loaded /vendor/lib64/egl/libGLESv2_emulation.so
04-12 18:20:54.647  6019  6019 D LifecycleMonitor: Lifecycle status change: com.panviravindra.comparez.MainActivity@31303e9 in: PRE_ON_CREATE
04-12 18:20:54.747  6019  6019 D jni_lib_merge: Entering merged library JNI_OnLoad.
04-12 18:20:54.747  6019  6019 D jni_lib_merge: Preparing 12 pre-merged libs (including stub)
04-12 18:20:54.747  6019  6019 D jni_lib_merge: Preparing to register libfabricjni_so.  onload_func: 0x6cbf236ce0
04-12 18:20:54.747  6019  6019 D jni_lib_merge: Preparing to register libreact_devsupportjni_so.  onload_func: 0x6cbf430fc8
04-12 18:20:54.747  6019  6019 D jni_lib_merge: Preparing to register libreact_featureflagsjni_so.  onload_func: 0x6cbf43f518
04-12 18:20:54.747  6019  6019 D jni_lib_merge: Preparing to register libreact_newarchdefaults_so.  onload_func: 0x6cbf4a76a8
04-12 18:20:54.747  6019  6019 D jni_lib_merge: Preparing to register libreactnativeblob_so.  onload_func: 0x6cbf697cb4
04-12 18:20:54.747  6019  6019 D jni_lib_merge: Preparing to register libreactnativejni_so.  onload_func: 0x6cbf6e56bc
04-12 18:20:54.747  6019  6019 D jni_lib_merge: Preparing to register libreactnativejni_common_so.  onload_func: 0x6cbf6f6044
04-12 18:20:54.747  6019  6019 D jni_lib_merge: Preparing to register librninstance_so.  onload_func: 0x6cbf73d764
04-12 18:20:54.747  6019  6019 D jni_lib_merge: Preparing to register libturbomodulejsijni_so.  onload_func: 0x6cbf855f68
04-12 18:20:54.748  6019  6019 D jni_lib_merge: Preparing to register libuimanagerjni_so.  onload_func: 0x6cbf86efb8
04-12 18:20:54.748  6019  6019 D jni_lib_merge: Preparing to register libyoga_so.  onload_func: 0x6cbf87ea3c
04-12 18:20:54.748  6019  6019 D jni_lib_merge: About to register 11 actual methods.
04-12 18:20:54.751  6019  6019 D Detox.RNMarker: BUILD_REACT_INSTANCE_MANAGER_START (null)
04-12 18:20:54.754  6019  6019 D Detox.RNMarker: BUILD_REACT_INSTANCE_MANAGER_END (null)
04-12 18:20:54.757  6019  6019 W SoLoader: SoLoader already initialized
04-12 18:20:54.767  6019  6019 D jni_lib_merge: Entering merged library JNI_OnLoad.
04-12 18:20:54.768  6019  6019 D jni_lib_merge: Preparing 4 pre-merged libs (including stub)
04-12 18:20:54.768  6019  6019 D jni_lib_merge: Preparing to register libhermes_executor_so.  onload_func: 0x6cc78ec7e0
04-12 18:20:54.768  6019  6019 D jni_lib_merge: Preparing to register libhermesinstancejni_so.  onload_func: 0x6cc792226c
04-12 18:20:54.768  6019  6019 D jni_lib_merge: Preparing to register libjsijniprofiler_so.  onload_func: 0x6cc79242bc
04-12 18:20:54.768  6019  6019 D jni_lib_merge: About to register 3 actual methods.
04-12 18:20:54.768  6019  6019 W SoLoader: SoLoader already initialized
04-12 18:20:54.789  6019  6019 W vindra.comparez: Accessing hidden method Landroid/view/ViewGroup;->makeOptionalFitsSystemWindows()V (unsupported, reflection, allowed)
04-12 18:20:54.791  6019  6019 D LifecycleMonitor: Lifecycle status change: com.panviravindra.comparez.MainActivity@31303e9 in: CREATED
04-12 18:20:54.791  6019  6019 D LifecycleMonitor: Lifecycle status change: com.panviravindra.comparez.MainActivity@31303e9 in: STARTED
04-12 18:20:54.792  6019  6019 D LifecycleMonitor: Lifecycle status change: com.panviravindra.comparez.MainActivity@31303e9 in: RESUMED
04-12 18:20:54.794  6019  6019 D CompatibilityChangeReporter: Compat change id reported: 237531167; UID 10197; state: DISABLED
04-12 18:20:54.794  6019  6019 W OpenGLRenderer: Unknown dataspace 0
04-12 18:20:54.796  6019  6086 D TrafficStats: tagSocket(94) with statsTag=0xffffffff, statsUid=-1
04-12 18:20:54.811  6019  6076 W OpenGLRenderer: Failed to choose config with EGL_SWAP_BEHAVIOR_PRESERVED, retrying without...
04-12 18:20:54.811  6019  6076 W OpenGLRenderer: Failed to initialize 101010-2 format, error = EGL_SUCCESS
04-12 18:20:54.821  6019  6076 I Gralloc4: mapper 4.x is not supported
04-12 18:20:54.824  6019  6076 E OpenGLRenderer: Unable to match the desired swap behavior.
04-12 18:20:54.834  6019  6019 D Detox.RNMarker: DOWNLOAD_START (null)
04-12 18:20:54.840  6019  6019 D CompatibilityChangeReporter: Compat change id reported: 210923482; UID 10197; state: ENABLED
04-12 18:20:54.850  6019  6090 D TrafficStats: tagSocket(110) with statsTag=0xffffffff, statsUid=-1
04-12 18:20:54.863  6019  6076 E OpenGLRenderer: Unable to match the desired swap behavior.
04-12 18:20:54.868  6019  6094 D TrafficStats: tagSocket(114) with statsTag=0xffffffff, statsUid=-1
04-12 18:20:54.914  6019  6099 D TrafficStats: tagSocket(122) with statsTag=0xffffffff, statsUid=-1
04-12 18:20:55.547  6019  6019 W WindowOnBackDispatcher: sendCancelIfRunning: isInProgress=falsecallback=android.view.ViewRootImpl$$ExternalSyntheticLambda17@96c428f
04-12 18:20:55.549  6019  6086 D Detox.RNMarker: DOWNLOAD_END ({"url":"http:\/\/10.0.2.2:8081\/.expo\/.virtual-metro-entry.bundle?platform=android&dev=true&lazy=true&minify=false&app=com.panviravindra.comparez&modulesOnly=false&runModule=true&excludeSource=true&sourcePaths=url-server","filesChangedCount":1077})
04-12 18:20:55.549  6019  6019 D Detox.RNMarker: REACT_BRIDGE_LOADING_START (null)
04-12 18:20:55.550  6019  6101 D Detox.RNMarker: CREATE_REACT_CONTEXT_START (HermesExecutorDebug)
04-12 18:20:55.550  6019  6101 D Detox.RNMarker: PROCESS_PACKAGES_START (null)
04-12 18:20:55.555  6019  6101 D Detox.RNMarker: CREATE_MODULE_START (FrescoModule)
04-12 18:20:55.555  6019  6101 D Detox.RNMarker: CREATE_MODULE_END (FrescoModule)
04-12 18:20:55.600  6019  6101 I ExpoModulesCore: ✅ AppContext was initialized
04-12 18:20:55.601  6019  6101 D Detox.RNMarker: PROCESS_PACKAGES_END (null)
04-12 18:20:55.602  6019  6101 D Detox.RNMarker: CREATE_CATALYST_INSTANCE_START (null)
04-12 18:20:55.608  6019  6101 D Detox.RNMarker: CREATE_CATALYST_INSTANCE_END (null)
04-12 18:20:55.609  6019  6101 D Detox.RNMarker: PRE_RUN_JS_BUNDLE_START (null)
04-12 18:20:55.610  6019  6106 D Detox.RNMarker: CREATE_REACT_CONTEXT_END (null)
04-12 18:20:55.610  6019  6106 D Detox.RNMarker: RUN_JS_BUNDLE_START (/.virtual-metro-entry.bundle?platform=android&dev=true&lazy=true&minify=false&app=com.panviravindra.comparez&modulesOnly=false&runModule=true&excludeSource=true&sourcePaths=url-server)
04-12 18:20:55.614  6019  6019 W unknown:ReactNative: Packager connection already open, nooping.
04-12 18:20:55.614  6019  6107 D Detox.RNMarker: CREATE_MODULE_START (UIManager)
04-12 18:20:55.633  6019  6107 W unknown:ViewManagerPropertyUpdater: Could not find generated setter for class com.facebook.react.views.debuggingoverlay.DebuggingOverlayManager
04-12 18:20:55.636  6019  6107 W unknown:ViewManagerPropertyUpdater: Could not find generated setter for class com.facebook.react.uimanager.LayoutShadowNode
04-12 18:20:55.640  6019  6107 W unknown:ViewManagerPropertyUpdater: Could not find generated setter for class com.facebook.react.views.drawer.ReactDrawerLayoutManager
04-12 18:20:55.641  6019  6107 W unknown:ViewManagerPropertyUpdater: Could not find generated setter for class com.facebook.react.views.scroll.ReactHorizontalScrollViewManager
04-12 18:20:55.642  6019  6107 W unknown:ViewManagerPropertyUpdater: Could not find generated setter for class com.facebook.react.views.scroll.ReactHorizontalScrollContainerViewManager
04-12 18:20:55.648  6019  6107 W unknown:ViewManagerPropertyUpdater: Could not find generated setter for class com.facebook.react.views.progressbar.ReactProgressBarViewManager
04-12 18:20:55.649  6019  6107 W unknown:ViewManagerPropertyUpdater: Could not find generated setter for class com.facebook.react.views.progressbar.ProgressBarShadowNode
04-12 18:20:55.649  6019  6107 W unknown:ViewManagerPropertyUpdater: Could not find generated setter for class com.facebook.react.views.scroll.ReactScrollViewManager
04-12 18:20:55.650  6019  6107 W unknown:ViewManagerPropertyUpdater: Could not find generated setter for class com.facebook.react.views.switchview.ReactSwitchManager
04-12 18:20:55.654  6019  6107 W unknown:ViewManagerPropertyUpdater: Could not find generated setter for class com.facebook.react.views.switchview.ReactSwitchShadowNode
04-12 18:20:55.655  6019  6107 W unknown:ViewManagerPropertyUpdater: Could not find generated setter for class com.facebook.react.views.safeareaview.ReactSafeAreaViewManager
04-12 18:20:55.655  6019  6107 W unknown:ViewManagerPropertyUpdater: Could not find generated setter for class com.facebook.react.views.safeareaview.ReactSafeAreaViewShadowNode
04-12 18:20:55.655  6019  6107 W unknown:ViewManagerPropertyUpdater: Could not find generated setter for class com.facebook.react.views.swiperefresh.SwipeRefreshLayoutManager
04-12 18:20:55.656  6019  6107 W unknown:ViewManagerPropertyUpdater: Could not find generated setter for class com.facebook.react.views.text.frescosupport.FrescoBasedReactTextInlineImageViewManager
04-12 18:20:55.656  6019  6107 W unknown:ViewManagerPropertyUpdater: Could not find generated setter for class com.facebook.react.views.text.frescosupport.FrescoBasedReactTextInlineImageShadowNode
04-12 18:20:55.657  6019  6107 W unknown:ViewManagerPropertyUpdater: Could not find generated setter for class com.facebook.react.views.image.ReactImageManager
04-12 18:20:55.664  6019  6107 W unknown:ViewManagerPropertyUpdater: Could not find generated setter for class com.facebook.react.views.modal.ReactModalHostManager
04-12 18:20:55.664  6019  6107 W unknown:ViewManagerPropertyUpdater: Could not find generated setter for class com.facebook.react.views.text.ReactRawTextManager
04-12 18:20:55.664  6019  6107 W unknown:ViewManagerPropertyUpdater: Could not find generated setter for class com.facebook.react.views.text.ReactRawTextShadowNode
04-12 18:20:55.665  6019  6107 W unknown:ViewManagerPropertyUpdater: Could not find generated setter for class com.facebook.react.views.textinput.ReactTextInputManager
04-12 18:20:55.666  6019  6107 W unknown:ViewManagerPropertyUpdater: Could not find generated setter for class com.facebook.react.views.textinput.ReactTextInputShadowNode
04-12 18:20:55.668  6019  6107 W unknown:ViewManagerPropertyUpdater: Could not find generated setter for class com.facebook.react.views.text.ReactTextViewManager
04-12 18:20:55.668  6019  6107 W unknown:ViewManagerPropertyUpdater: Could not find generated setter for class com.facebook.react.views.text.ReactTextShadowNode
04-12 18:20:55.671  6019  6107 W unknown:ViewManagerPropertyUpdater: Could not find generated setter for class com.facebook.react.views.view.ReactViewManager
04-12 18:20:55.671  6019  6107 W unknown:ViewManagerPropertyUpdater: Could not find generated setter for class com.facebook.react.views.text.ReactVirtualTextViewManager
04-12 18:20:55.671  6019  6107 W unknown:ViewManagerPropertyUpdater: Could not find generated setter for class com.facebook.react.views.text.ReactVirtualTextShadowNode
04-12 18:20:55.672  6019  6107 W unknown:ViewManagerPropertyUpdater: Could not find generated setter for class com.facebook.react.views.unimplementedview.ReactUnimplementedViewManager
04-12 18:20:55.677  6019  6107 W unknown:ViewManagerPropertyUpdater: Could not find generated setter for class expo.modules.kotlin.views.GroupViewManagerWrapper
04-12 18:20:55.679  6019  6107 W unknown:ViewManagerPropertyUpdater: Could not find generated setter for class expo.modules.kotlin.views.SimpleViewManagerWrapper
04-12 18:20:55.681  6019  6107 W unknown:ViewManagerPropertyUpdater: Could not find generated setter for class com.th3rdwave.safeareacontext.SafeAreaProviderManager
04-12 18:20:55.681  6019  6107 W unknown:ViewManagerPropertyUpdater: Could not find generated setter for class com.th3rdwave.safeareacontext.SafeAreaViewManager
04-12 18:20:55.682  6019  6107 W unknown:ViewManagerPropertyUpdater: Could not find generated setter for class com.th3rdwave.safeareacontext.SafeAreaViewShadowNode
04-12 18:20:55.683  6019  6107 W unknown:ViewManagerPropertyUpdater: Could not find generated setter for class com.swmansion.rnscreens.ScreenContainerViewManager
04-12 18:20:55.684  6019  6107 W unknown:ViewManagerPropertyUpdater: Could not find generated setter for class com.swmansion.rnscreens.ScreenViewManager
04-12 18:20:55.692  6019  6107 W unknown:ViewManagerPropertyUpdater: Could not find generated setter for class com.swmansion.rnscreens.ModalScreenViewManager
04-12 18:20:55.692  6019  6107 W unknown:ViewManagerPropertyUpdater: Could not find generated setter for class com.swmansion.rnscreens.ScreenStackViewManager
04-12 18:20:55.693  6019  6107 W unknown:ViewManagerPropertyUpdater: Could not find generated setter for class com.swmansion.rnscreens.ScreenStackHeaderConfigViewManager
04-12 18:20:55.694  6019  6107 W unknown:ViewManagerPropertyUpdater: Could not find generated setter for class com.swmansion.rnscreens.ScreenStackHeaderSubviewManager
04-12 18:20:55.694  6019  6107 W unknown:ViewManagerPropertyUpdater: Could not find generated setter for class com.swmansion.rnscreens.SearchBarManager
04-12 18:20:55.695  6019  6107 W unknown:ViewManagerPropertyUpdater: Could not find generated setter for class com.swmansion.rnscreens.ScreenFooterManager
04-12 18:20:55.695  6019  6107 W unknown:ViewManagerPropertyUpdater: Could not find generated setter for class com.swmansion.rnscreens.ScreenContentWrapperManager
04-12 18:20:55.696  6019  6107 W unknown:ViewManagerPropertyUpdater: Could not find generated setter for class com.swmansion.rnscreens.gamma.tabs.TabsHostViewManager
04-12 18:20:55.697  6019  6107 W unknown:ViewManagerPropertyUpdater: Could not find generated setter for class com.swmansion.rnscreens.gamma.tabs.TabScreenViewManager
04-12 18:20:55.697  6019  6107 W unknown:ViewManagerPropertyUpdater: Could not find generated setter for class com.reactnativecommunity.webview.RNCWebViewManager
04-12 18:20:55.707  6019  6107 D Detox.RNMarker: CREATE_MODULE_END (UIManager)
04-12 18:20:55.716  6019  6107 D Detox.RNMarker: REACT_BRIDGE_LOADING_END (null)
04-12 18:20:55.735  6019  6019 I DetoxRNLoading: Got new RN-context directly through listener
04-12 18:20:55.735  6019  6058 I DetoxRNIdleRes: Setting up Espresso Idling Resources for React Native
04-12 18:20:55.736  6019  6019 I Detox   : PATCHED FACTORY: Disabling all idling resources for RN 0.81 compatibility
04-12 18:20:55.737  6019  6063 W vindra.comparez: Long monitor contention with owner Instr: androidx.test.runner.AndroidJUnitRunner (6058) at void com.wix.detox.DetoxMain.launchActivityOnCue(android.content.Context, com.wix.detox.ActivityLaunchHelper)(DetoxMain.kt:53) waiters=0 in void com.wix.detox.DetoxMain$setupActionHandlers$SynchronizedActionHandler.handle(java.lang.String, long) for 1.168s
04-12 18:20:55.737  6019  6019 W vindra.comparez: Accessing hidden method Landroid/os/MessageQueue;->next()Landroid/os/Message; (unsupported, reflection, allowed)
04-12 18:20:55.737  6019  6019 W vindra.comparez: Accessing hidden field Landroid/os/MessageQueue;->mMessages:Landroid/os/Message; (unsupported, reflection, allowed)
04-12 18:20:55.737  6019  6019 W vindra.comparez: Accessing hidden method Landroid/os/Message;->recycleUnchecked()V (unsupported, reflection, allowed)
04-12 18:20:55.746  6019  6106 D Detox.RNMarker: NATIVE_MODULE_SETUP_START (NativePerformanceCxx)
04-12 18:20:55.748  6019  6106 D Detox.RNMarker: NATIVE_MODULE_SETUP_START (PlatformConstants)
04-12 18:20:55.751  6019  6106 D Detox.RNMarker: CREATE_MODULE_START (PlatformConstants)
04-12 18:20:55.751  6019  6106 D Detox.RNMarker: CREATE_MODULE_END (PlatformConstants)
04-12 18:20:55.754  6019  6106 D Detox.RNMarker: NATIVE_MODULE_SETUP_END (PlatformConstants)
04-12 18:20:55.757  6019  6106 D Detox.RNMarker: NATIVE_MODULE_SETUP_START (DevSettings)
04-12 18:20:55.760  6019  6106 D Detox.RNMarker: CREATE_MODULE_START (DevSettings)
04-12 18:20:55.760  6019  6106 D Detox.RNMarker: CREATE_MODULE_END (DevSettings)
04-12 18:20:55.760  6019  6106 D Detox.RNMarker: NATIVE_MODULE_SETUP_END (DevSettings)
04-12 18:20:55.760  6019  6106 D Detox.RNMarker: NATIVE_MODULE_SETUP_START (LogBox)
04-12 18:20:55.761  6019  6106 D Detox.RNMarker: CREATE_MODULE_START (LogBox)
04-12 18:20:55.761  6019  6106 D Detox.RNMarker: CREATE_MODULE_END (LogBox)
04-12 18:20:55.761  6019  6106 D Detox.RNMarker: NATIVE_MODULE_SETUP_END (LogBox)
04-12 18:20:55.762  6019  6106 D Detox.RNMarker: NATIVE_MODULE_SETUP_START (SourceCode)
04-12 18:20:55.762  6019  6106 D Detox.RNMarker: CREATE_MODULE_START (SourceCode)
04-12 18:20:55.762  6019  6106 D Detox.RNMarker: CREATE_MODULE_END (SourceCode)
04-12 18:20:55.762  6019  6106 D Detox.RNMarker: NATIVE_MODULE_SETUP_END (SourceCode)
04-12 18:20:55.780  6019  6106 D Detox.RNMarker: NATIVE_MODULE_SETUP_START (Timing)
04-12 18:20:55.784  6019  6106 D Detox.RNMarker: CREATE_MODULE_START (Timing)
04-12 18:20:55.785  6019  6106 D Detox.RNMarker: CREATE_MODULE_END (Timing)
04-12 18:20:55.785  6019  6106 D Detox.RNMarker: NATIVE_MODULE_SETUP_END (Timing)
04-12 18:20:55.789  6019  6106 D Detox.RNMarker: NATIVE_MODULE_SETUP_START (ReactDevToolsSettingsManager)
04-12 18:20:55.795  6019  6106 D Detox.RNMarker: CREATE_MODULE_START (ReactDevToolsSettingsManager)
04-12 18:20:55.795  6019  6106 D Detox.RNMarker: CREATE_MODULE_END (ReactDevToolsSettingsManager)
04-12 18:20:55.796  6019  6106 D Detox.RNMarker: NATIVE_MODULE_SETUP_END (ReactDevToolsSettingsManager)
04-12 18:20:55.796  6019  6106 D Detox.RNMarker: NATIVE_MODULE_SETUP_START (ReactDevToolsRuntimeSettingsModule)
04-12 18:20:55.796  6019  6106 D Detox.RNMarker: CREATE_MODULE_START (ReactDevToolsRuntimeSettingsModule)
04-12 18:20:55.797  6019  6106 D Detox.RNMarker: CREATE_MODULE_END (ReactDevToolsRuntimeSettingsModule)
04-12 18:20:55.797  6019  6106 D Detox.RNMarker: NATIVE_MODULE_SETUP_END (ReactDevToolsRuntimeSettingsModule)
04-12 18:20:55.800  6019  6106 D Detox.RNMarker: NATIVE_MODULE_SETUP_START (NativeReactNativeFeatureFlagsCxx)
04-12 18:20:55.805  6019  6106 D Detox.RNMarker: NATIVE_MODULE_SETUP_START (AppState)
04-12 18:20:55.811  6019  6106 D Detox.RNMarker: CREATE_MODULE_START (AppState)
04-12 18:20:55.812  6019  6106 D Detox.RNMarker: CREATE_MODULE_END (AppState)
04-12 18:20:55.812  6019  6106 D Detox.RNMarker: NATIVE_MODULE_SETUP_END (AppState)
04-12 18:20:55.815  6019  6106 D Detox.RNMarker: NATIVE_MODULE_SETUP_START (BlobModule)
04-12 18:20:55.815  6019  6106 D Detox.RNMarker: CREATE_MODULE_START (BlobModule)
04-12 18:20:55.815  6019  6106 D Detox.RNMarker: CREATE_MODULE_END (BlobModule)
04-12 18:20:55.818  6019  6106 D Detox.RNMarker: NATIVE_MODULE_SETUP_END (BlobModule)
04-12 18:20:55.819  6019  6106 D Detox.RNMarker: NATIVE_MODULE_SETUP_START (WebSocketModule)
04-12 18:20:55.819  6019  6106 D Detox.RNMarker: CREATE_MODULE_START (WebSocketModule)
04-12 18:20:55.822  6019  6106 D Detox.RNMarker: CREATE_MODULE_END (WebSocketModule)
04-12 18:20:55.822  6019  6106 D Detox.RNMarker: NATIVE_MODULE_SETUP_END (WebSocketModule)
04-12 18:20:55.833  6019  6106 D Detox.RNMarker: NATIVE_MODULE_SETUP_START (RedBox)
04-12 18:20:55.842  6019  6107 I WebViewFactory: Loading com.google.android.webview version 113.0.5672.136 (code 567263634)
04-12 18:20:55.848  6019  6107 W ziparchive: Unable to open '/data/app/~~rGDTFsEgVNAQR7v9a9DBnw==/com.google.android.trichromelibrary_567263634-3Q4C4Nt6E9KMMziAv9ANGg==/TrichromeLibrary.dm': No such file or directory
04-12 18:20:55.848  6019  6107 W ziparchive: Unable to open '/data/app/~~rGDTFsEgVNAQR7v9a9DBnw==/com.google.android.trichromelibrary_567263634-3Q4C4Nt6E9KMMziAv9ANGg==/TrichromeLibrary.dm': No such file or directory
04-12 18:20:55.848  6019  6107 W vindra.comparez: Entry not found
04-12 18:20:55.849  6019  6107 D nativeloader: Configuring clns-9 for other apk /data/app/~~rGDTFsEgVNAQR7v9a9DBnw==/com.google.android.trichromelibrary_567263634-3Q4C4Nt6E9KMMziAv9ANGg==/TrichromeLibrary.apk. target_sdk_version=34, uses_libraries=ALL, library_path=/data/app/~~Yw2cewKRy1ALIz8qfFlwsw==/com.google.android.webview-CDaciHExabTqd-t8TQiv4Q==/lib/arm64:/data/app/~~Yw2cewKRy1ALIz8qfFlwsw==/com.google.android.webview-CDaciHExabTqd-t8TQiv4Q==/WebViewGoogle.apk!/lib/arm64-v8a:/data/app/~~rGDTFsEgVNAQR7v9a9DBnw==/com.google.android.trichromelibrary_567263634-3Q4C4Nt6E9KMMziAv9ANGg==/TrichromeLibrary.apk!/lib/arm64-v8a, permitted_path=/data:/mnt/expand
04-12 18:20:55.859  6019  6107 D nativeloader: Configuring clns-10 for other apk /data/app/~~Yw2cewKRy1ALIz8qfFlwsw==/com.google.android.webview-CDaciHExabTqd-t8TQiv4Q==/WebViewGoogle.apk. target_sdk_version=34, uses_libraries=, library_path=/data/app/~~Yw2cewKRy1ALIz8qfFlwsw==/com.google.android.webview-CDaciHExabTqd-t8TQiv4Q==/lib/arm64:/data/app/~~Yw2cewKRy1ALIz8qfFlwsw==/com.google.android.webview-CDaciHExabTqd-t8TQiv4Q==/WebViewGoogle.apk!/lib/arm64-v8a:/data/app/~~rGDTFsEgVNAQR7v9a9DBnw==/com.google.android.trichromelibrary_567263634-3Q4C4Nt6E9KMMziAv9ANGg==/TrichromeLibrary.apk!/lib/arm64-v8a, permitted_path=/data:/mnt/expand
04-12 18:20:55.863  6019  6106 D Detox.RNMarker: NATIVE_MODULE_SETUP_START (Networking)
04-12 18:20:55.877  6019  6106 D Detox.RNMarker: CREATE_MODULE_START (Networking)
04-12 18:20:55.879  6019  6106 D Detox.RNMarker: CREATE_MODULE_END (Networking)
04-12 18:20:55.879  6019  6106 D Detox.RNMarker: NATIVE_MODULE_SETUP_END (Networking)
04-12 18:20:55.883  6019  6106 D Detox.RNMarker: NATIVE_MODULE_SETUP_START (DevLoadingView)
04-12 18:20:55.883  6019  6106 D Detox.RNMarker: CREATE_MODULE_START (DevLoadingView)
04-12 18:20:55.884  6019  6106 D Detox.RNMarker: CREATE_MODULE_END (DevLoadingView)
04-12 18:20:55.884  6019  6106 D Detox.RNMarker: NATIVE_MODULE_SETUP_END (DevLoadingView)
04-12 18:20:55.888  6019  6106 D Detox.RNMarker: NATIVE_MODULE_SETUP_START (HeadlessJsTaskSupport)
04-12 18:20:55.894  6019  6106 D Detox.RNMarker: CREATE_MODULE_START (HeadlessJsTaskSupport)
04-12 18:20:55.894  6019  6106 D Detox.RNMarker: CREATE_MODULE_END (HeadlessJsTaskSupport)
04-12 18:20:55.894  6019  6106 D Detox.RNMarker: NATIVE_MODULE_SETUP_END (HeadlessJsTaskSupport)
04-12 18:20:55.898  6019  6106 D Detox.RNMarker: NATIVE_MODULE_SETUP_START (DeviceInfo)
04-12 18:20:55.899  6019  6106 D Detox.RNMarker: CREATE_MODULE_START (DeviceInfo)
04-12 18:20:55.900  6019  6106 D Detox.RNMarker: CREATE_MODULE_END (DeviceInfo)
04-12 18:20:55.901  6019  6107 W vindra.comparez: Accessing hidden method Landroid/os/Trace;->isTagEnabled(J)Z (unsupported, reflection, allowed)
04-12 18:20:55.901  6019  6107 W vindra.comparez: Accessing hidden method Landroid/os/Trace;->traceBegin(JLjava/lang/String;)V (unsupported, reflection, allowed)
04-12 18:20:55.903  6019  6107 W vindra.comparez: Accessing hidden method Landroid/os/Trace;->traceEnd(J)V (unsupported, reflection, allowed)
04-12 18:20:55.903  6019  6107 W vindra.comparez: Accessing hidden method Landroid/os/Trace;->asyncTraceBegin(JLjava/lang/String;I)V (unsupported, reflection, allowed)
04-12 18:20:55.903  6019  6107 W vindra.comparez: Accessing hidden method Landroid/os/Trace;->asyncTraceEnd(JLjava/lang/String;I)V (unsupported, reflection, allowed)
04-12 18:20:55.903  6019  6106 D Detox.RNMarker: NATIVE_MODULE_SETUP_END (DeviceInfo)
04-12 18:20:55.905  6019  6106 D Detox.RNMarker: NATIVE_MODULE_SETUP_START (UIManager)
04-12 18:20:55.922  6019  6107 I cr_WVCFactoryProvider: Loaded version=113.0.5672.136 minSdkVersion=29 isBundle=false multiprocess=true packageId=2
04-12 18:20:55.953  6019  6118 I cr_VariationsUtils: Failed reading seed file "/data/user/0/com.panviravindra.comparez/app_webview/variations_seed_new"
04-12 18:20:55.954  6019  6118 I cr_VariationsUtils: Failed reading seed file "/data/user/0/com.panviravindra.comparez/app_webview/variations_seed"
04-12 18:20:55.954  6019  6118 I cr_VariationsUtils: Requesting new seed from IVariationsSeedServer
04-12 18:20:55.958  6019  6107 I cr_LibraryLoader: Successfully loaded native library
04-12 18:20:55.958  6019  6107 I cr_CachingUmaRecorder: Flushed 8 samples from 8 histograms.
04-12 18:20:55.987  6019  6125 D TrafficStats: tagSocket(138) with statsTag=0xffffffff, statsUid=-1
04-12 18:20:56.020  6019  6106 D Detox.RNMarker: NATIVE_MODULE_SETUP_END (UIManager)
04-12 18:20:56.034  6019  6106 D Detox.RNMarker: NATIVE_MODULE_SETUP_START (SoundManager)
04-12 18:20:56.035  6019  6106 D Detox.RNMarker: CREATE_MODULE_START (SoundManager)
04-12 18:20:56.035  6019  6106 D Detox.RNMarker: CREATE_MODULE_END (SoundManager)
04-12 18:20:56.035  6019  6106 D Detox.RNMarker: NATIVE_MODULE_SETUP_END (SoundManager)
04-12 18:20:56.041  6019  6106 D Detox.RNMarker: NATIVE_MODULE_SETUP_START (ImageLoader)
04-12 18:20:56.041  6019  6106 D Detox.RNMarker: CREATE_MODULE_START (ImageLoader)
04-12 18:20:56.041  6019  6106 D Detox.RNMarker: CREATE_MODULE_END (ImageLoader)
04-12 18:20:56.041  6019  6106 D Detox.RNMarker: NATIVE_MODULE_SETUP_END (ImageLoader)
04-12 18:20:56.042  6019  6106 D Detox.RNMarker: NATIVE_MODULE_SETUP_START (IntentAndroid)
04-12 18:20:56.043  6019  6106 D Detox.RNMarker: CREATE_MODULE_START (IntentAndroid)
04-12 18:20:56.043  6019  6106 D Detox.RNMarker: CREATE_MODULE_END (IntentAndroid)
04-12 18:20:56.044  6019  6106 D Detox.RNMarker: NATIVE_MODULE_SETUP_END (IntentAndroid)
04-12 18:20:56.044  6019  6106 D Detox.RNMarker: NATIVE_MODULE_SETUP_START (LinkingManager)
04-12 18:20:56.045  6019  6106 D Detox.RNMarker: NATIVE_MODULE_SETUP_START (DeviceEventManager)
04-12 18:20:56.046  6019  6106 D Detox.RNMarker: CREATE_MODULE_START (DeviceEventManager)
04-12 18:20:56.046  6019  6106 D Detox.RNMarker: CREATE_MODULE_END (DeviceEventManager)
04-12 18:20:56.046  6019  6106 D Detox.RNMarker: NATIVE_MODULE_SETUP_END (DeviceEventManager)
04-12 18:20:56.050  6019  6106 D Detox.RNMarker: NATIVE_MODULE_SETUP_START (NativeUnimoduleProxy)
04-12 18:20:56.059  6019  6106 I ExpoModulesCore: ✅ JSI interop was installed
04-12 18:20:56.061  6019  6106 I ExpoModulesCore: ✅ Constants were exported
04-12 18:20:56.061  6019  6106 D Detox.RNMarker: NATIVE_MODULE_SETUP_END (NativeUnimoduleProxy)
04-12 18:20:56.066  6019  6106 D Detox.RNMarker: NATIVE_MODULE_SETUP_START (ExpoUpdates)
04-12 18:20:56.066  6019  6106 D Detox.RNMarker: NATIVE_MODULE_SETUP_START (EXDevLauncher)
04-12 18:20:56.067  6019  6106 D Detox.RNMarker: NATIVE_MODULE_SETUP_START (ExpoUpdates)
04-12 18:20:56.067  6019  6106 D Detox.RNMarker: NATIVE_MODULE_SETUP_START (ExpoGo)
04-12 18:20:56.068  6019  6106 D Detox.RNMarker: NATIVE_MODULE_SETUP_START (ExpoGo)
04-12 18:20:56.078  6019  6106 D Detox.RNMarker: NATIVE_MODULE_SETUP_START (EXDevLauncher)
04-12 18:20:56.083  6019  6144 D TrafficStats: tagSocket(136) with statsTag=0xffffffff, statsUid=-1
04-12 18:20:56.111  6019  6106 D Detox.RNMarker: NATIVE_MODULE_SETUP_START (NativeAnimatedModule)
04-12 18:20:56.112  6019  6106 D Detox.RNMarker: CREATE_MODULE_START (NativeAnimatedModule)
04-12 18:20:56.112  6019  6106 D Detox.RNMarker: CREATE_MODULE_END (NativeAnimatedModule)
04-12 18:20:56.113  6019  6106 D Detox.RNMarker: NATIVE_MODULE_SETUP_END (NativeAnimatedModule)
04-12 18:20:56.124  6019  6106 D Detox.RNMarker: NATIVE_MODULE_SETUP_START (RNCSafeAreaContext)
04-12 18:20:56.124  6019  6106 D Detox.RNMarker: CREATE_MODULE_START (RNCSafeAreaContext)
04-12 18:20:56.124  6019  6106 D Detox.RNMarker: CREATE_MODULE_END (RNCSafeAreaContext)
04-12 18:20:56.125  6019  6106 D Detox.RNMarker: NATIVE_MODULE_SETUP_END (RNCSafeAreaContext)
04-12 18:20:56.128  6019  6106 D Detox.RNMarker: NATIVE_MODULE_SETUP_START (RNSModule)
04-12 18:20:56.128  6019  6106 D Detox.RNMarker: CREATE_MODULE_START (RNSModule)
04-12 18:20:56.130  6019  6106 D Detox.RNMarker: CREATE_MODULE_END (RNSModule)
04-12 18:20:56.131  6019  6106 D Detox.RNMarker: NATIVE_MODULE_SETUP_START (RNEdgeToEdge)
04-12 18:20:56.140  6019  6106 D Detox.RNMarker: NATIVE_MODULE_SETUP_START (RNVectorIconsManager)
04-12 18:20:56.140  6019  6106 D Detox.RNMarker: NATIVE_MODULE_SETUP_START (RNVectorIconsModule)
04-12 18:20:56.140  6019  6106 D Detox.RNMarker: NATIVE_MODULE_SETUP_START (RNVectorIconsManager)
04-12 18:20:56.140  6019  6106 D Detox.RNMarker: NATIVE_MODULE_SETUP_START (RNVectorIconsModule)
04-12 18:20:56.217  6019  6106 D Detox.RNMarker: NATIVE_MODULE_SETUP_START (PlatformLocalStorage)
04-12 18:20:56.217  6019  6106 D Detox.RNMarker: NATIVE_MODULE_SETUP_START (RNC_AsyncSQLiteDBStorage)
04-12 18:20:56.217  6019  6106 D Detox.RNMarker: NATIVE_MODULE_SETUP_START (RNCAsyncStorage)
04-12 18:20:56.217  6019  6106 D Detox.RNMarker: CREATE_MODULE_START (RNCAsyncStorage)
04-12 18:20:56.218  6019  6106 V AsyncStorageExpoMigration: No scoped database found
04-12 18:20:56.218  6019  6106 D Detox.RNMarker: CREATE_MODULE_END (RNCAsyncStorage)
04-12 18:20:56.218  6019  6106 D Detox.RNMarker: NATIVE_MODULE_SETUP_END (RNCAsyncStorage)
04-12 18:20:56.220  6019  6106 D Detox.RNMarker: NATIVE_MODULE_SETUP_START (RNCWebViewModule)
04-12 18:20:56.220  6019  6106 D Detox.RNMarker: CREATE_MODULE_START (RNCWebViewModule)
04-12 18:20:56.221  6019  6106 D Detox.RNMarker: CREATE_MODULE_END (RNCWebViewModule)
04-12 18:20:56.221  6019  6106 D Detox.RNMarker: NATIVE_MODULE_SETUP_END (RNCWebViewModule)
04-12 18:20:56.238  6019  6106 D Detox.RNMarker: RUN_JS_BUNDLE_END (/.virtual-metro-entry.bundle?platform=android&dev=true&lazy=true&minify=false&app=com.panviravindra.comparez&modulesOnly=false&runModule=true&excludeSource=true&sourcePaths=url-server)
04-12 18:20:56.241  6019  6106 I ReactNativeJS: Running "main" with {"rootTag":11}
04-12 18:20:56.247  6019  6145 D TrafficStats: tagSocket(126) with statsTag=0xffffffff, statsUid=-1
04-12 18:20:56.366  6019  6106 W ReactNativeJS: The app is running using the Legacy Architecture. The Legacy Architecture is deprecated and will be removed in a future version of React Native. Please consider migrating to the New Architecture. For more information, please see https://reactnative.dev/blog/2024/10/23/the-new-architecture-is-here
04-12 18:20:56.417  6019  6107 D CompatibilityChangeReporter: Compat change id reported: 289878283; UID 10197; state: ENABLED
04-12 18:20:56.429  6019  6019 D Detox.RNMarker: CONTENT_APPEARED (main)
04-12 18:20:56.471  6019  6076 D EGL_emulation: app_time_stats: avg=820.25ms min=69.09ms max=1571.41ms count=2
04-12 18:20:56.476  6019  6019 I Detox   : Wait is over: App is now idle!
04-12 18:20:56.477  6019  6063 I DetoxWSClient: Sending out action 'ready' (ID #-1000)
04-12 18:20:56.477  6019  6063 I DetoxDispatcher: Done with action 'isReady'
04-12 18:20:56.494  6019  6146 D TrafficStats: tagSocket(142) with statsTag=0xffffffff, statsUid=-1
04-12 18:20:56.522  6019  6106 D Detox.RNMar