--------- beginning of main
04-12 19:11:09.659  9078  9078 I vindra.comparez: Late-enabling -Xcheck:jni
04-12 19:11:09.689  9078  9078 I vindra.comparez: Using CollectorTypeCC GC.
04-12 19:11:09.868  9078  9078 D CompatibilityChangeReporter: Compat change id reported: 171979766; UID 10205; state: ENABLED
04-12 19:11:09.869  9078  9078 D CompatibilityChangeReporter: Compat change id reported: 242716250; UID 10205; state: ENABLED
--------- beginning of system
04-12 19:11:09.895  9078  9078 W ActivityThread: Package uses different ABI(s) than its instrumentation: package[com.panviravindra.comparez]: arm64-v8a, null instrumentation[com.panviravindra.comparez.test]: null, null
04-12 19:11:09.917  9078  9078 W vindra.comparez: ClassLoaderContext shared library size mismatch. Expected=2, found=0 (PCL[]{PCL[/system/framework/android.test.base.jar*836642756]#PCL[/system/framework/android.test.mock.jar*3186112116]} | PCL[])
04-12 19:11:09.921  9078  9078 W vindra.comparez: ClassLoaderContext classpath size mismatch. expected=0, found=1 (PCL[] | PCL[/system/framework/android.test.runner.jar*4168958247])
04-12 19:11:09.922  9078  9078 W vindra.comparez: ClassLoaderContext classpath size mismatch. expected=0, found=2 (PCL[] | PCL[/system/framework/android.test.runner.jar*4168958247:/system/framework/android.test.mock.jar*3186112116])
04-12 19:11:09.925  9078  9078 W ziparchive: Unable to open '/data/app/~~I9t4fPUoQCftZFNjPlhdGg==/com.panviravindra.comparez.test-uPc1toC5UJsGtuNAfdsscw==/base.dm': No such file or directory
04-12 19:11:09.926  9078  9078 W ziparchive: Unable to open '/data/app/~~I9t4fPUoQCftZFNjPlhdGg==/com.panviravindra.comparez.test-uPc1toC5UJsGtuNAfdsscw==/base.dm': No such file or directory
04-12 19:11:10.256  9078  9078 W ziparchive: Unable to open '/data/app/~~dHdGBD9VycXPXHWvBGUWAA==/com.panviravindra.comparez-7H5wyicjthCnPHtqhNQQ_Q==/base.dm': No such file or directory
04-12 19:11:10.267  9078  9078 W ziparchive: Unable to open '/data/app/~~dHdGBD9VycXPXHWvBGUWAA==/com.panviravindra.comparez-7H5wyicjthCnPHtqhNQQ_Q==/base.dm': No such file or directory
04-12 19:11:11.166  9078  9078 D nativeloader: Configuring clns-6 for other apk /system/framework/android.test.runner.jar:/system/framework/android.test.mock.jar:/system/framework/android.test.base.jar:/data/app/~~I9t4fPUoQCftZFNjPlhdGg==/com.panviravindra.comparez.test-uPc1toC5UJsGtuNAfdsscw==/base.apk:/data/app/~~dHdGBD9VycXPXHWvBGUWAA==/com.panviravindra.comparez-7H5wyicjthCnPHtqhNQQ_Q==/base.apk. target_sdk_version=36, uses_libraries=, library_path=/data/app/~~I9t4fPUoQCftZFNjPlhdGg==/com.panviravindra.comparez.test-uPc1toC5UJsGtuNAfdsscw==/lib/arm64:/data/app/~~dHdGBD9VycXPXHWvBGUWAA==/com.panviravindra.comparez-7H5wyicjthCnPHtqhNQQ_Q==/lib/arm64:/data/app/~~I9t4fPUoQCftZFNjPlhdGg==/com.panviravindra.comparez.test-uPc1toC5UJsGtuNAfdsscw==/base.apk!/lib/arm64-v8a:/data/app/~~dHdGBD9VycXPXHWvBGUWAA==/com.panviravindra.comparez-7H5wyicjthCnPHtqhNQQ_Q==/base.apk!/lib/arm64-v8a, permitted_path=/data:/mnt/expand:/data/user/0/com.panviravindra.comparez
04-12 19:11:11.204  9078  9078 V GraphicsEnvironment: Currently set values for:
04-12 19:11:11.204  9078  9078 V GraphicsEnvironment:   angle_gl_driver_selection_pkgs=[]
04-12 19:11:11.204  9078  9078 V GraphicsEnvironment:   angle_gl_driver_selection_values=[]
04-12 19:11:11.205  9078  9078 V GraphicsEnvironment: ANGLE GameManagerService for com.panviravindra.comparez: false
04-12 19:11:11.205  9078  9078 V GraphicsEnvironment: com.panviravindra.comparez is not listed in per-application setting
04-12 19:11:11.205  9078  9078 V GraphicsEnvironment: Neither updatable production driver nor prerelease driver is supported.
04-12 19:11:11.210  9078  9078 D ApplicationLoaders: Returning zygote-cached class loader: /system/framework/android.test.base.jar
04-12 19:11:11.223  9078  9078 D nativeloader: Configuring clns-7 for other apk /system/framework/android.test.mock.jar. target_sdk_version=36, uses_libraries=ALL, library_path=/data/app/~~I9t4fPUoQCftZFNjPlhdGg==/com.panviravindra.comparez.test-uPc1toC5UJsGtuNAfdsscw==/lib/arm64:/data/app/~~dHdGBD9VycXPXHWvBGUWAA==/com.panviravindra.comparez-7H5wyicjthCnPHtqhNQQ_Q==/lib/arm64, permitted_path=/data:/mnt/expand
04-12 19:11:11.228  9078  9078 D ApplicationLoaders: Returning zygote-cached class loader: /system/framework/android.test.base.jar
04-12 19:11:11.239  9078  9078 D nativeloader: Configuring clns-8 for other apk /system/framework/android.test.runner.jar. target_sdk_version=36, uses_libraries=ALL, library_path=/data/app/~~I9t4fPUoQCftZFNjPlhdGg==/com.panviravindra.comparez.test-uPc1toC5UJsGtuNAfdsscw==/lib/arm64:/data/app/~~dHdGBD9VycXPXHWvBGUWAA==/com.panviravindra.comparez-7H5wyicjthCnPHtqhNQQ_Q==/lib/arm64, permitted_path=/data:/mnt/expand
04-12 19:11:11.246  9078  9078 W vindra.comparez: ClassLoaderContext shared library size mismatch. Expected=2, found=3 (PCL[]{PCL[/system/framework/android.test.base.jar*836642756]#PCL[/system/framework/android.test.mock.jar*3186112116]} | PCL[]{PCL[/system/framework/android.test.base.jar*836642756]#PCL[/system/framework/android.test.mock.jar*3186112116]#PCL[/system/framework/android.test.runner.jar*4168958247]{PCL[/system/framework/android.test.base.jar*836642756]#PCL[/system/framework/android.test.mock.jar*3186112116]}};PCL[/system/framework/android.test.runner.jar*4168958247:/system/framework/android.test.mock.jar*3186112116:/system/framework/android.test.base.jar*836642756:/data/app/~~I9t4fPUoQCftZFNjPlhdGg==/com.panviravindra.comparez.test-uPc1toC5UJsGtuNAfdsscw==/base.apk*294246005:/data/app/~~I9t4fPUoQCftZFNjPlhdGg==/com.panviravindra.comparez.test-uPc1toC5UJsGtuNAfdsscw==/base.apk!classes2.dex*4055916645:/data/app/~~I9t4fPUoQCftZFNjPlhdGg==/com.panviravindra.comparez.test-uPc1toC5UJsGtuNAfdsscw==/base.apk!classes3.dex*2949407285:/data/app/~~I9t4fPUoQCftZFNjPlhdGg==/com.panviravindra.comparez.test-uPc1toC5UJsGtuNAfdsscw==/base.apk!classes4.dex*2472856604:/data/app/~~I9t4fPUoQCftZFNjPlhdGg==/com.panviravindra.comparez.test-uPc1toC5UJsGtuNAfdsscw==/base.apk!classes5.dex*449036524:/data/app/~~I9t4fPUoQCftZFNjPlhdGg==/com.panviravindra.comparez.test-uPc1toC5UJsGtuNAfdsscw==/base.apk!classes6.dex*2622014904:/data/app/~~I9t4fPUoQCftZFNjPlhdGg==/com.panviravindra.comparez.test-uPc1toC5UJsGtuNAfdsscw==/base.apk!classes7.dex*530900409:/data/app/~~I9t4fPUoQCftZFNjPlhdGg==/com.panviravindra.comparez.test-uPc1toC5UJsGtuNAfdsscw==/base.apk!classes8.dex*4143867305:/data/app/~~I9t4fPUoQCftZFNjPlhdGg==/com.panviravindra.comparez.test-uPc1toC5UJsGtuNAfdsscw==/base.apk!classes9.dex*4104667095:/data/app/~~I9t4fPUoQCftZFNjPlhdGg==/com.panviravindra.comparez.test-uPc1toC5UJsGtuNAfdsscw==/base.apk!classes10.dex*3785976675:/data/app/~~I9t4fPUoQCftZFNjPlhdGg==/com.panviravindra.comparez.test-uPc1toC5UJsGtuNAfdsscw==/base.apk!classes11.dex*747467643:/data/app/~~I9t4fPUoQCftZFNjPlhdGg==/com.panviravindra.comparez.test-uPc1toC5UJsGtuNAfdsscw==/base.apk!classes12.dex*128433845:/data/app/~~I9t4fPUoQCftZFNjPlhdGg==/com.panviravindra.comparez.test-uPc1toC5UJsGtuNAfdsscw==/base.apk!classes13.dex*3653805668:/data/app/~~I9t4fPUoQCftZFNjPlhdGg==/com.panviravindra.comparez.test-uPc1toC5UJsGtuNAfdsscw==/base.apk!classes14.dex*1229665198:/data/app/~~I9t4fPUoQCftZFNjPlhdGg==/com.panviravindra.comparez.test-uPc1toC5UJsGtuNAfdsscw==/base.apk!classes15.dex*638951780:/data/app/~~I9t4fPUoQCftZFNjPlhdGg==/com.panviravindra.comparez.test-uPc1toC5UJsGtuNAfdsscw==/base.apk!classes16.dex*2498210027:/data/app/~~I9t4fPUoQCftZFNjPlhdGg==/com.panviravindra.comparez.test-uPc1toC5UJsGtuNAfdsscw==/base.apk!classes17.dex*732076495:/data/app/~~I9t4fPUoQCftZFNjPlhdGg==/com.panviravindra.comparez.test-uPc1toC5UJsGtuNAfdsscw==/base.apk!classes18.dex*238609134:/data/app/~~I9t4fPUoQCftZFNjPlhdGg==/com.panviravindra.comparez.test-uPc1toC5UJsGtuNAfdsscw==/base.apk!classes19.dex*1407230120:/data/app/~~dHdGBD9VycXPXHWvBGUWAA==/com.panviravindra.comparez-7H5wyicjthCnPHtqhNQQ_Q==/base.apk*93354197:/data/app/~~dHdGBD9VycXPXHWvBGUWAA==/com.panviravindra.comparez-7H5wyicjthCnPHtqhNQQ_Q==/base.apk!classes2.dex*2402452363:/data/app/~~dHdGBD9VycXPXHWvBGUWAA==/com.panviravindra.comparez-7H5wyicjthCnPHtqhNQQ_Q==/base.apk!classes3.dex*1876940571:/data/app/~~dHdGBD9VycXPXHWvBGUWAA==/com.panviravindra.comparez-7H5wyicjthCnPHtqhNQQ_Q==/base.apk!classes4.dex*389630062:/data/app/~~dHdGBD9VycXPXHWvBGUWAA==/com.panviravindra.comparez-7H5wyicjthCnPHtqhNQQ_Q==/base.apk!classes5.dex*1867390877:/data/app/~~dHdGBD9VycXPXHWvBGUWAA==/com.panviravindra.comparez-7H5wyicjthCnPHtqhNQQ_Q==/base.apk!classes6.dex*4013537063:/data/app/~~dHdGBD9VycXPXHWvBGUWAA==/com.panviravindra.comparez-7H5wyicjthCnPHtqhNQQ_Q==/base.apk!classes7.dex*3881050273:/data/app/~~dHdGBD9VycXPXHWvBGUWAA==/com.panviravindra.comparez-7H5wyicjthCnPHtqhNQQ_Q==/base.apk!classes8.dex*4262563330:/data/app/~~dHdGBD9VycXPXHWvBGUWAA==/com.panviravind
04-12 19:11:11.249  9078  9078 W vindra.comparez: ClassLoaderContext classpath size mismatch. expected=0, found=1 (PCL[] | PCL[/system/framework/android.test.runner.jar*4168958247]{PCL[/system/framework/android.test.base.jar*836642756]#PCL[/system/framework/android.test.mock.jar*3186112116]#PCL[/system/framework/android.test.runner.jar*4168958247]{PCL[/system/framework/android.test.base.jar*836642756]#PCL[/system/framework/android.test.mock.jar*3186112116]}};PCL[/system/framework/android.test.runner.jar*4168958247:/system/framework/android.test.mock.jar*3186112116:/system/framework/android.test.base.jar*836642756:/data/app/~~I9t4fPUoQCftZFNjPlhdGg==/com.panviravindra.comparez.test-uPc1toC5UJsGtuNAfdsscw==/base.apk*294246005:/data/app/~~I9t4fPUoQCftZFNjPlhdGg==/com.panviravindra.comparez.test-uPc1toC5UJsGtuNAfdsscw==/base.apk!classes2.dex*4055916645:/data/app/~~I9t4fPUoQCftZFNjPlhdGg==/com.panviravindra.comparez.test-uPc1toC5UJsGtuNAfdsscw==/base.apk!classes3.dex*2949407285:/data/app/~~I9t4fPUoQCftZFNjPlhdGg==/com.panviravindra.comparez.test-uPc1toC5UJsGtuNAfdsscw==/base.apk!classes4.dex*2472856604:/data/app/~~I9t4fPUoQCftZFNjPlhdGg==/com.panviravindra.comparez.test-uPc1toC5UJsGtuNAfdsscw==/base.apk!classes5.dex*449036524:/data/app/~~I9t4fPUoQCftZFNjPlhdGg==/com.panviravindra.comparez.test-uPc1toC5UJsGtuNAfdsscw==/base.apk!classes6.dex*2622014904:/data/app/~~I9t4fPUoQCftZFNjPlhdGg==/com.panviravindra.comparez.test-uPc1toC5UJsGtuNAfdsscw==/base.apk!classes7.dex*530900409:/data/app/~~I9t4fPUoQCftZFNjPlhdGg==/com.panviravindra.comparez.test-uPc1toC5UJsGtuNAfdsscw==/base.apk!classes8.dex*4143867305:/data/app/~~I9t4fPUoQCftZFNjPlhdGg==/com.panviravindra.comparez.test-uPc1toC5UJsGtuNAfdsscw==/base.apk!classes9.dex*4104667095:/data/app/~~I9t4fPUoQCftZFNjPlhdGg==/com.panviravindra.comparez.test-uPc1toC5UJsGtuNAfdsscw==/base.apk!classes10.dex*3785976675:/data/app/~~I9t4fPUoQCftZFNjPlhdGg==/com.panviravindra.comparez.test-uPc1toC5UJsGtuNAfdsscw==/base.apk!classes11.dex*747467643:/data/app/~~I9t4fPUoQCftZFNjPlhdGg==/com.panviravindra.comparez.test-uPc1toC5UJsGtuNAfdsscw==/base.apk!classes12.dex*128433845:/data/app/~~I9t4fPUoQCftZFNjPlhdGg==/com.panviravindra.comparez.test-uPc1toC5UJsGtuNAfdsscw==/base.apk!classes13.dex*3653805668:/data/app/~~I9t4fPUoQCftZFNjPlhdGg==/com.panviravindra.comparez.test-uPc1toC5UJsGtuNAfdsscw==/base.apk!classes14.dex*1229665198:/data/app/~~I9t4fPUoQCftZFNjPlhdGg==/com.panviravindra.comparez.test-uPc1toC5UJsGtuNAfdsscw==/base.apk!classes15.dex*638951780:/data/app/~~I9t4fPUoQCftZFNjPlhdGg==/com.panviravindra.comparez.test-uPc1toC5UJsGtuNAfdsscw==/base.apk!classes16.dex*2498210027:/data/app/~~I9t4fPUoQCftZFNjPlhdGg==/com.panviravindra.comparez.test-uPc1toC5UJsGtuNAfdsscw==/base.apk!classes17.dex*732076495:/data/app/~~I9t4fPUoQCftZFNjPlhdGg==/com.panviravindra.comparez.test-uPc1toC5UJsGtuNAfdsscw==/base.apk!classes18.dex*238609134:/data/app/~~I9t4fPUoQCftZFNjPlhdGg==/com.panviravindra.comparez.test-uPc1toC5UJsGtuNAfdsscw==/base.apk!classes19.dex*1407230120:/data/app/~~dHdGBD9VycXPXHWvBGUWAA==/com.panviravindra.comparez-7H5wyicjthCnPHtqhNQQ_Q==/base.apk*93354197:/data/app/~~dHdGBD9VycXPXHWvBGUWAA==/com.panviravindra.comparez-7H5wyicjthCnPHtqhNQQ_Q==/base.apk!classes2.dex*2402452363:/data/app/~~dHdGBD9VycXPXHWvBGUWAA==/com.panviravindra.comparez-7H5wyicjthCnPHtqhNQQ_Q==/base.apk!classes3.dex*1876940571:/data/app/~~dHdGBD9VycXPXHWvBGUWAA==/com.panviravindra.comparez-7H5wyicjthCnPHtqhNQQ_Q==/base.apk!classes4.dex*389630062:/data/app/~~dHdGBD9VycXPXHWvBGUWAA==/com.panviravindra.comparez-7H5wyicjthCnPHtqhNQQ_Q==/base.apk!classes5.dex*1867390877:/data/app/~~dHdGBD9VycXPXHWvBGUWAA==/com.panviravindra.comparez-7H5wyicjthCnPHtqhNQQ_Q==/base.apk!classes6.dex*4013537063:/data/app/~~dHdGBD9VycXPXHWvBGUWAA==/com.panviravindra.comparez-7H5wyicjthCnPHtqhNQQ_Q==/base.apk!classes7.dex*3881050273:/data/app/~~dHdGBD9VycXPXHWvBGUWAA==/com.panviravindra.comparez-7H5wyicjthCnPHtqhNQQ_Q==/base.apk!classes8.dex*4262563330:/data/app/~~dHdGBD9VycXPXHWvBGUWAA==/com.panviravindra.comparez-7H5wyicjthCnPHtqhNQQ_Q==/base.apk!classes9.dex*371028
04-12 19:11:11.251  9078  9078 W vindra.comparez: ClassLoaderContext classpath size mismatch. expected=0, found=2 (PCL[] | PCL[/system/framework/android.test.runner.jar*4168958247:/system/framework/android.test.mock.jar*3186112116]{PCL[/system/framework/android.test.base.jar*836642756]#PCL[/system/framework/android.test.mock.jar*3186112116]#PCL[/system/framework/android.test.runner.jar*4168958247]{PCL[/system/framework/android.test.base.jar*836642756]#PCL[/system/framework/android.test.mock.jar*3186112116]}};PCL[/system/framework/android.test.runner.jar*4168958247:/system/framework/android.test.mock.jar*3186112116:/system/framework/android.test.base.jar*836642756:/data/app/~~I9t4fPUoQCftZFNjPlhdGg==/com.panviravindra.comparez.test-uPc1toC5UJsGtuNAfdsscw==/base.apk*294246005:/data/app/~~I9t4fPUoQCftZFNjPlhdGg==/com.panviravindra.comparez.test-uPc1toC5UJsGtuNAfdsscw==/base.apk!classes2.dex*4055916645:/data/app/~~I9t4fPUoQCftZFNjPlhdGg==/com.panviravindra.comparez.test-uPc1toC5UJsGtuNAfdsscw==/base.apk!classes3.dex*2949407285:/data/app/~~I9t4fPUoQCftZFNjPlhdGg==/com.panviravindra.comparez.test-uPc1toC5UJsGtuNAfdsscw==/base.apk!classes4.dex*2472856604:/data/app/~~I9t4fPUoQCftZFNjPlhdGg==/com.panviravindra.comparez.test-uPc1toC5UJsGtuNAfdsscw==/base.apk!classes5.dex*449036524:/data/app/~~I9t4fPUoQCftZFNjPlhdGg==/com.panviravindra.comparez.test-uPc1toC5UJsGtuNAfdsscw==/base.apk!classes6.dex*2622014904:/data/app/~~I9t4fPUoQCftZFNjPlhdGg==/com.panviravindra.comparez.test-uPc1toC5UJsGtuNAfdsscw==/base.apk!classes7.dex*530900409:/data/app/~~I9t4fPUoQCftZFNjPlhdGg==/com.panviravindra.comparez.test-uPc1toC5UJsGtuNAfdsscw==/base.apk!classes8.dex*4143867305:/data/app/~~I9t4fPUoQCftZFNjPlhdGg==/com.panviravindra.comparez.test-uPc1toC5UJsGtuNAfdsscw==/base.apk!classes9.dex*4104667095:/data/app/~~I9t4fPUoQCftZFNjPlhdGg==/com.panviravindra.comparez.test-uPc1toC5UJsGtuNAfdsscw==/base.apk!classes10.dex*3785976675:/data/app/~~I9t4fPUoQCftZFNjPlhdGg==/com.panviravindra.comparez.test-uPc1toC5UJsGtuNAfdsscw==/base.apk!classes11.dex*747467643:/data/app/~~I9t4fPUoQCftZFNjPlhdGg==/com.panviravindra.comparez.test-uPc1toC5UJsGtuNAfdsscw==/base.apk!classes12.dex*128433845:/data/app/~~I9t4fPUoQCftZFNjPlhdGg==/com.panviravindra.comparez.test-uPc1toC5UJsGtuNAfdsscw==/base.apk!classes13.dex*3653805668:/data/app/~~I9t4fPUoQCftZFNjPlhdGg==/com.panviravindra.comparez.test-uPc1toC5UJsGtuNAfdsscw==/base.apk!classes14.dex*1229665198:/data/app/~~I9t4fPUoQCftZFNjPlhdGg==/com.panviravindra.comparez.test-uPc1toC5UJsGtuNAfdsscw==/base.apk!classes15.dex*638951780:/data/app/~~I9t4fPUoQCftZFNjPlhdGg==/com.panviravindra.comparez.test-uPc1toC5UJsGtuNAfdsscw==/base.apk!classes16.dex*2498210027:/data/app/~~I9t4fPUoQCftZFNjPlhdGg==/com.panviravindra.comparez.test-uPc1toC5UJsGtuNAfdsscw==/base.apk!classes17.dex*732076495:/data/app/~~I9t4fPUoQCftZFNjPlhdGg==/com.panviravindra.comparez.test-uPc1toC5UJsGtuNAfdsscw==/base.apk!classes18.dex*238609134:/data/app/~~I9t4fPUoQCftZFNjPlhdGg==/com.panviravindra.comparez.test-uPc1toC5UJsGtuNAfdsscw==/base.apk!classes19.dex*1407230120:/data/app/~~dHdGBD9VycXPXHWvBGUWAA==/com.panviravindra.comparez-7H5wyicjthCnPHtqhNQQ_Q==/base.apk*93354197:/data/app/~~dHdGBD9VycXPXHWvBGUWAA==/com.panviravindra.comparez-7H5wyicjthCnPHtqhNQQ_Q==/base.apk!classes2.dex*2402452363:/data/app/~~dHdGBD9VycXPXHWvBGUWAA==/com.panviravindra.comparez-7H5wyicjthCnPHtqhNQQ_Q==/base.apk!classes3.dex*1876940571:/data/app/~~dHdGBD9VycXPXHWvBGUWAA==/com.panviravindra.comparez-7H5wyicjthCnPHtqhNQQ_Q==/base.apk!classes4.dex*389630062:/data/app/~~dHdGBD9VycXPXHWvBGUWAA==/com.panviravindra.comparez-7H5wyicjthCnPHtqhNQQ_Q==/base.apk!classes5.dex*1867390877:/data/app/~~dHdGBD9VycXPXHWvBGUWAA==/com.panviravindra.comparez-7H5wyicjthCnPHtqhNQQ_Q==/base.apk!classes6.dex*4013537063:/data/app/~~dHdGBD9VycXPXHWvBGUWAA==/com.panviravindra.comparez-7H5wyicjthCnPHtqhNQQ_Q==/base.apk!classes7.dex*3881050273:/data/app/~~dHdGBD9VycXPXHWvBGUWAA==/com.panviravindra.comparez-7H5wyicjthCnPHtqhNQQ_Q==/base.apk!classes8.dex*4262563330:/data/app/~~dHdGBD9VycXPXHWvBGUWAA==/com.panviravindra.comparez-7H
04-12 19:11:11.251  9078  9078 W ziparchive: Unable to open '/data/app/~~I9t4fPUoQCftZFNjPlhdGg==/com.panviravindra.comparez.test-uPc1toC5UJsGtuNAfdsscw==/base.dm': No such file or directory
04-12 19:11:11.251  9078  9078 W ziparchive: Unable to open '/data/app/~~I9t4fPUoQCftZFNjPlhdGg==/com.panviravindra.comparez.test-uPc1toC5UJsGtuNAfdsscw==/base.dm': No such file or directory
04-12 19:11:11.458  9078  9078 W ziparchive: Unable to open '/data/app/~~dHdGBD9VycXPXHWvBGUWAA==/com.panviravindra.comparez-7H5wyicjthCnPHtqhNQQ_Q==/base.dm': No such file or directory
04-12 19:11:11.463  9078  9078 W ziparchive: Unable to open '/data/app/~~dHdGBD9VycXPXHWvBGUWAA==/com.panviravindra.comparez-7H5wyicjthCnPHtqhNQQ_Q==/base.dm': No such file or directory
04-12 19:11:12.331  9078  9078 I AndroidJUnitRunner: newApplication com.panviravindra.comparez.MainApplication
04-12 19:11:12.547  9078  9078 I AndroidJUnitRunner: onCreate Bundle[mParcelledData.dataSize=240]
04-12 19:11:12.549  9078  9078 D AndroidJUnitRunner: Use the raw file system for managing file I/O.
04-12 19:11:12.587  9078  9078 V TestEventClient: No service name argument was given (testDiscoveryService, testRunEventService or orchestratorService)
04-12 19:11:12.594  9078  9110 D AndroidJUnitRunner: onStart is called.
04-12 19:11:12.597  9078  9078 W SoLoader: Initializing SoLoader: 0
04-12 19:11:12.603  9078  9078 W SoLoader: Recording new base apk path: /data/app/~~dHdGBD9VycXPXHWvBGUWAA==/com.panviravindra.comparez-7H5wyicjthCnPHtqhNQQ_Q==/base.apk
04-12 19:11:12.603  9078  9078 W SoLoader: Previously recorded 0 base apk paths.
04-12 19:11:12.606  9078  9078 I SoLoader: Preparing SO source: DirectorySoSource[root = /vendor/lib64 flags = 2]
04-12 19:11:12.609  9078  9078 I SoLoader: Preparing SO source: DirectorySoSource[root = /system/lib64 flags = 2]
04-12 19:11:12.612  9078  9078 I SoLoader: Preparing SO source: DirectApkSoSource[root = [/data/app/~~dHdGBD9VycXPXHWvBGUWAA==/com.panviravindra.comparez-7H5wyicjthCnPHtqhNQQ_Q==/base.apk!/lib/arm64-v8a]]
04-12 19:11:12.755  9078  9078 I SoLoader: Preparing SO source: ApplicationSoSource[DirectorySoSource[root = /data/app/~~dHdGBD9VycXPXHWvBGUWAA==/com.panviravindra.comparez-7H5wyicjthCnPHtqhNQQ_Q==/lib/arm64 flags = 0]]
04-12 19:11:12.756  9078  9078 I SoLoader: init finish: 4 SO sources prepared
04-12 19:11:12.757  9078  9078 W SoLoader: SoLoader initialized: 8
04-12 19:11:12.777  9078  9110 I InstrConnection: Could not send broadcast or register receiver (isolatedProcess?)
04-12 19:11:12.785  9078  9110 D TestRequestBuilder: Using class path scanning to discover tests
04-12 19:11:12.787  9078  9110 I TestRequestBuilder: Scanning classpath to find tests in paths [/data/app/~~I9t4fPUoQCftZFNjPlhdGg==/com.panviravindra.comparez.test-uPc1toC5UJsGtuNAfdsscw==/base.apk]
04-12 19:11:12.789  9078  9110 W vindra.comparez: Opening an oat file without a class loader. Are you using the deprecated DexFile APIs?
04-12 19:11:14.950  9078  9110 I TestRunner: run started: 1 tests
04-12 19:11:14.954  9078  9110 I TestRunner: started: runDetoxTests(com.panviravindra.comparez.DetoxTest)
04-12 19:11:14.970  9078  9110 I Detox   : Detox server connection details: url=ws://localhost:63824, sessionId=3764c1cc-1521-7bed-5349-1453b57f1d44
04-12 19:11:14.987  9078  9110 W FileTestStorage: Output properties is not supported.
04-12 19:11:14.989  9078  9110 I Tracing : Tracer added: class androidx.test.platform.tracing.AndroidXTracer
04-12 19:11:15.004  9078  9110 D EventInjectionStrategy: Creating injection strategy with input manager.
04-12 19:11:15.006  9078  9110 W vindra.comparez: Accessing hidden method Landroid/hardware/input/InputManager;->getInstance()Landroid/hardware/input/InputManager; (unsupported, reflection, allowed)
04-12 19:11:15.007  9078  9110 W vindra.comparez: Accessing hidden method Landroid/hardware/input/InputManager;->injectInputEvent(Landroid/view/InputEvent;I)Z (unsupported, reflection, allowed)
04-12 19:11:15.007  9078  9110 W vindra.comparez: Accessing hidden field Landroid/hardware/input/InputManager;->INJECT_INPUT_EVENT_MODE_WAIT_FOR_FINISH:I (unsupported, reflection, allowed)
04-12 19:11:15.022  9078  9110 W vindra.comparez: Accessing hidden field Ljava/lang/reflect/Field;->accessFlags:I (unsupported, reflection, allowed)
04-12 19:11:15.026  9078  9110 I Detox   : Connecting to server...
04-12 19:11:15.031  9078  9110 I DetoxWSClient: At connectToServer
04-12 19:11:15.174  9078  9117 D TrafficStats: tagSocket(85) with statsTag=0xffffffff, statsUid=-1
04-12 19:11:15.214  9078  9117 D DetoxWSClient: At onOpen
04-12 19:11:15.221  9078  9117 I DetoxWSClient: Sending out action 'login' (ID #0)
04-12 19:11:15.231  9078  9117 I Detox   : Connected to server!
04-12 19:11:15.237  9078  9117 D DetoxWSClient: Received action 'loginSuccess' (ID #0, params={"testerConnected":true,"appConnected":true})
04-12 19:11:15.238  9078  9113 I DetoxDispatcher: Handling action 'loginSuccess' (ID #0)...
04-12 19:11:15.239  9078  9110 I Detox   : Launching the tested activity!
04-12 19:11:15.243  9078  9113 I DetoxDispatcher: Done with action 'loginSuccess'
04-12 19:11:15.280  9078  9117 D DetoxWSClient: Received action 'isReady' (ID #-1000, params={})
04-12 19:11:15.297  9078  9113 I DetoxDispatcher: Handling action 'isReady' (ID #-1000)...
04-12 19:11:15.819  9078  9127 D libEGL  : loaded /vendor/lib64/egl/libEGL_emulation.so
04-12 19:11:15.829  9078  9127 D libEGL  : loaded /vendor/lib64/egl/libGLESv1_CM_emulation.so
04-12 19:11:15.862  9078  9127 D libEGL  : loaded /vendor/lib64/egl/libGLESv2_emulation.so
04-12 19:11:15.886  9078  9078 D AppCompatDelegate: Checking for metadata for AppLocalesMetadataHolderService : Service not found
04-12 19:11:15.952  9078  9078 D LifecycleMonitor: Lifecycle status change: com.panviravindra.comparez.MainActivity@ad81c22 in: PRE_ON_CREATE
04-12 19:11:16.214  9078  9078 D jni_lib_merge: Entering merged library JNI_OnLoad.
04-12 19:11:16.215  9078  9078 D jni_lib_merge: Preparing 12 pre-merged libs (including stub)
04-12 19:11:16.215  9078  9078 D jni_lib_merge: Preparing to register libfabricjni_so.  onload_func: 0x6cc368dce0
04-12 19:11:16.215  9078  9078 D jni_lib_merge: Preparing to register libreact_devsupportjni_so.  onload_func: 0x6cc3887fc8
04-12 19:11:16.215  9078  9078 D jni_lib_merge: Preparing to register libreact_featureflagsjni_so.  onload_func: 0x6cc3896518
04-12 19:11:16.215  9078  9078 D jni_lib_merge: Preparing to register libreact_newarchdefaults_so.  onload_func: 0x6cc38fe6a8
04-12 19:11:16.215  9078  9078 D jni_lib_merge: Preparing to register libreactnativeblob_so.  onload_func: 0x6cc3aeecb4
04-12 19:11:16.215  9078  9078 D jni_lib_merge: Preparing to register libreactnativejni_so.  onload_func: 0x6cc3b3c6bc
04-12 19:11:16.215  9078  9078 D jni_lib_merge: Preparing to register libreactnativejni_common_so.  onload_func: 0x6cc3b4d044
04-12 19:11:16.216  9078  9078 D jni_lib_merge: Preparing to register librninstance_so.  onload_func: 0x6cc3b94764
04-12 19:11:16.216  9078  9078 D jni_lib_merge: Preparing to register libturbomodulejsijni_so.  onload_func: 0x6cc3cacf68
04-12 19:11:16.216  9078  9078 D jni_lib_merge: Preparing to register libuimanagerjni_so.  onload_func: 0x6cc3cc5fb8
04-12 19:11:16.216  9078  9078 D jni_lib_merge: Preparing to register libyoga_so.  onload_func: 0x6cc3cd5a3c
04-12 19:11:16.216  9078  9078 D jni_lib_merge: About to register 11 actual methods.
04-12 19:11:16.233  9078  9078 D Detox.RNMarker: BUILD_REACT_INSTANCE_MANAGER_START (null)
04-12 19:11:16.249  9078  9078 D Detox.RNMarker: BUILD_REACT_INSTANCE_MANAGER_END (null)
04-12 19:11:16.250  9078  9078 W SoLoader: SoLoader already initialized
04-12 19:11:16.265  9078  9078 D jni_lib_merge: Entering merged library JNI_OnLoad.
04-12 19:11:16.265  9078  9078 D jni_lib_merge: Preparing 4 pre-merged libs (including stub)
04-12 19:11:16.265  9078  9078 D jni_lib_merge: Preparing to register libhermes_executor_so.  onload_func: 0x6cbdf237e0
04-12 19:11:16.265  9078  9078 D jni_lib_merge: Preparing to register libhermesinstancejni_so.  onload_func: 0x6cbdf5926c
04-12 19:11:16.266  9078  9078 D jni_lib_merge: Preparing to register libjsijniprofiler_so.  onload_func: 0x6cbdf5b2bc
04-12 19:11:16.266  9078  9078 D jni_lib_merge: About to register 3 actual methods.
04-12 19:11:16.268  9078  9078 W SoLoader: SoLoader already initialized
04-12 19:11:16.368  9078  9078 W vindra.comparez: Accessing hidden method Landroid/view/ViewGroup;->makeOptionalFitsSystemWindows()V (unsupported, reflection, allowed)
04-12 19:11:16.381  9078  9078 D LifecycleMonitor: Lifecycle status change: com.panviravindra.comparez.MainActivity@ad81c22 in: CREATED
04-12 19:11:16.392  9078  9078 D LifecycleMonitor: Lifecycle status change: com.panviravindra.comparez.MainActivity@ad81c22 in: STARTED
04-12 19:11:16.399  9078  9078 D LifecycleMonitor: Lifecycle status change: com.panviravindra.comparez.MainActivity@ad81c22 in: RESUMED
04-12 19:11:16.410  9078  9078 D CompatibilityChangeReporter: Compat change id reported: 237531167; UID 10205; state: DISABLED
04-12 19:11:16.415  9078  9078 W OpenGLRenderer: Unknown dataspace 0
04-12 19:11:16.430  9078  9136 D TrafficStats: tagSocket(94) with statsTag=0xffffffff, statsUid=-1
04-12 19:11:16.527  9078  9123 W OpenGLRenderer: Failed to choose config with EGL_SWAP_BEHAVIOR_PRESERVED, retrying without...
04-12 19:11:16.528  9078  9123 W OpenGLRenderer: Failed to initialize 101010-2 format, error = EGL_SUCCESS
04-12 19:11:16.586  9078  9123 I Gralloc4: mapper 4.x is not supported
04-12 19:11:16.596  9078  9123 E OpenGLRenderer: Unable to match the desired swap behavior.
04-12 19:11:16.663  9078  9078 D Detox.RNMarker: DOWNLOAD_START (null)
04-12 19:11:16.700  9078  9078 D CompatibilityChangeReporter: Compat change id reported: 210923482; UID 10205; state: ENABLED
04-12 19:11:16.795  9078  9132 W vindra.comparez: Verification of void com.facebook.react.packagerconnection.ReconnectingWebSocket.<clinit>() took 468.718ms (46.94 bytecodes/s) (1808B approximate peak alloc)
04-12 19:11:16.833  9078  9123 E OpenGLRenderer: Unable to match the desired swap behavior.
04-12 19:11:17.010  9078  9142 W vindra.comparez: Verification of void com.facebook.react.devsupport.BundleDownloader$processMultipartResponse$completed$1.onChunkProgress(java.util.Map, long, long) took 151.093ms (291.21 bytecodes/s) (2176B approximate peak alloc)
04-12 19:11:17.143  9078  9133 W vindra.comparez: Verification of com.facebook.react.devsupport.CxxInspectorPackagerConnection$IWebSocket com.facebook.react.devsupport.CxxInspectorPackagerConnection$DelegateImpl.connectWebSocket(java.lang.String, com.facebook.react.devsupport.CxxInspectorPackagerConnection$WebSocketDelegate) took 103.291ms (542.15 bytecodes/s) (2680B approximate peak alloc)
04-12 19:11:17.308  9078  9149 D TrafficStats: tagSocket(118) with statsTag=0xffffffff, statsUid=-1
04-12 19:11:17.352  9078  9150 D TrafficStats: tagSocket(119) with statsTag=0xffffffff, statsUid=-1
04-12 19:11:17.783  9078  9133 W vindra.comparez: Verification of void com.facebook.react.devsupport.CxxInspectorPackagerConnection$DelegateImpl$connectWebSocket$webSocket$1.onMessage(okhttp3.WebSocket, java.lang.String) took 292.242ms (92.39 bytecodes/s) (2176B approximate peak alloc)
04-12 19:11:17.810  9078  9151 D TrafficStats: tagSocket(124) with statsTag=0xffffffff, statsUid=-1
04-12 19:11:17.824  9078  9152 D ProfileInstaller: Installing profile for com.panviravindra.comparez
04-12 19:11:18.232  9078  9078 W WindowOnBackDispatcher: sendCancelIfRunning: isInProgress=falsecallback=android.view.ViewRootImpl$$ExternalSyntheticLambda17@47419a2
04-12 19:11:18.242  9078  9142 D Detox.RNMarker: DOWNLOAD_END ({"url":"http:\/\/10.0.2.2:8081\/.expo\/.virtual-metro-entry.bundle?platform=android&dev=true&lazy=true&minify=false&app=com.panviravindra.comparez&modulesOnly=false&runModule=true&excludeSource=true&sourcePaths=url-server","filesChangedCount":0})
04-12 19:11:18.243  9078  9078 D Detox.RNMarker: REACT_BRIDGE_LOADING_START (null)
04-12 19:11:18.245  9078  9153 D Detox.RNMarker: CREATE_REACT_CONTEXT_START (HermesExecutorDebug)
04-12 19:11:18.248  9078  9153 D Detox.RNMarker: PROCESS_PACKAGES_START (null)
04-12 19:11:18.286  9078  9153 D Detox.RNMarker: CREATE_MODULE_START (FrescoModule)
04-12 19:11:18.288  9078  9153 D Detox.RNMarker: CREATE_MODULE_END (FrescoModule)
04-12 19:11:18.452  9078  9153 I ExpoModulesCore: ✅ AppContext was initialized
04-12 19:11:18.454  9078  9153 D Detox.RNMarker: PROCESS_PACKAGES_END (null)
04-12 19:11:18.456  9078  9153 D Detox.RNMarker: CREATE_CATALYST_INSTANCE_START (null)
04-12 19:11:18.472  9078  9153 D Detox.RNMarker: CREATE_CATALYST_INSTANCE_END (null)
04-12 19:11:18.473  9078  9153 D Detox.RNMarker: PRE_RUN_JS_BUNDLE_START (null)
04-12 19:11:18.482  9078  9158 D Detox.RNMarker: CREATE_REACT_CONTEXT_END (null)
04-12 19:11:18.484  9078  9158 D Detox.RNMarker: RUN_JS_BUNDLE_START (/.virtual-metro-entry.bundle?platform=android&dev=true&lazy=true&minify=false&app=com.panviravindra.comparez&modulesOnly=false&runModule=true&excludeSource=true&sourcePaths=url-server)
04-12 19:11:18.487  9078  9078 W unknown:ReactNative: Packager connection already open, nooping.
04-12 19:11:18.488  9078  9159 D Detox.RNMarker: CREATE_MODULE_START (UIManager)
04-12 19:11:18.577  9078  9159 W unknown:ViewManagerPropertyUpdater: Could not find generated setter for class com.facebook.react.views.debuggingoverlay.DebuggingOverlayManager
04-12 19:11:18.601  9078  9159 W unknown:ViewManagerPropertyUpdater: Could not find generated setter for class com.facebook.react.uimanager.LayoutShadowNode
04-12 19:11:18.616  9078  9159 W unknown:ViewManagerPropertyUpdater: Could not find generated setter for class com.facebook.react.views.drawer.ReactDrawerLayoutManager
04-12 19:11:18.624  9078  9159 W unknown:ViewManagerPropertyUpdater: Could not find generated setter for class com.facebook.react.views.scroll.ReactHorizontalScrollViewManager
04-12 19:11:18.630  9078  9159 W unknown:ViewManagerPropertyUpdater: Could not find generated setter for class com.facebook.react.views.scroll.ReactHorizontalScrollContainerViewManager
04-12 19:11:18.647  9078  9159 W unknown:ViewManagerPropertyUpdater: Could not find generated setter for class com.facebook.react.views.progressbar.ReactProgressBarViewManager
04-12 19:11:18.649  9078  9159 W unknown:ViewManagerPropertyUpdater: Could not find generated setter for class com.facebook.react.views.progressbar.ProgressBarShadowNode
04-12 19:11:18.659  9078  9159 W unknown:ViewManagerPropertyUpdater: Could not find generated setter for class com.facebook.react.views.scroll.ReactScrollViewManager
04-12 19:11:18.669  9078  9159 W unknown:ViewManagerPropertyUpdater: Could not find generated setter for class com.facebook.react.views.switchview.ReactSwitchManager
04-12 19:11:18.674  9078  9159 W unknown:ViewManagerPropertyUpdater: Could not find generated setter for class com.facebook.react.views.switchview.ReactSwitchShadowNode
04-12 19:11:18.680  9078  9159 W unknown:ViewManagerPropertyUpdater: Could not find generated setter for class com.facebook.react.views.safeareaview.ReactSafeAreaViewManager
04-12 19:11:18.685  9078  9159 W unknown:ViewManagerPropertyUpdater: Could not find generated setter for class com.facebook.react.views.safeareaview.ReactSafeAreaViewShadowNode
04-12 19:11:18.687  9078  9159 W unknown:ViewManagerPropertyUpdater: Could not find generated setter for class com.facebook.react.views.swiperefresh.SwipeRefreshLayoutManager
04-12 19:11:18.693  9078  9159 W unknown:ViewManagerPropertyUpdater: Could not find generated setter for class com.facebook.react.views.text.frescosupport.FrescoBasedReactTextInlineImageViewManager
04-12 19:11:18.695  9078  9159 W unknown:ViewManagerPropertyUpdater: Could not find generated setter for class com.facebook.react.views.text.frescosupport.FrescoBasedReactTextInlineImageShadowNode
04-12 19:11:18.702  9078  9159 W unknown:ViewManagerPropertyUpdater: Could not find generated setter for class com.facebook.react.views.image.ReactImageManager
04-12 19:11:18.710  9078  9159 W unknown:ViewManagerPropertyUpdater: Could not find generated setter for class com.facebook.react.views.modal.ReactModalHostManager
04-12 19:11:18.719  9078  9159 W unknown:ViewManagerPropertyUpdater: Could not find generated setter for class com.facebook.react.views.text.ReactRawTextManager
04-12 19:11:18.724  9078  9159 W unknown:ViewManagerPropertyUpdater: Could not find generated setter for class com.facebook.react.views.text.ReactRawTextShadowNode
04-12 19:11:18.726  9078  9159 W unknown:ViewManagerPropertyUpdater: Could not find generated setter for class com.facebook.react.views.textinput.ReactTextInputManager
04-12 19:11:18.744  9078  9159 W unknown:ViewManagerPropertyUpdater: Could not find generated setter for class com.facebook.react.views.textinput.ReactTextInputShadowNode
04-12 19:11:18.758  9078  9159 W unknown:ViewManagerPropertyUpdater: Could not find generated setter for class com.facebook.react.views.text.ReactTextViewManager
04-12 19:11:18.763  9078  9159 W unknown:ViewManagerPropertyUpdater: Could not find generated setter for class com.facebook.react.views.text.ReactTextShadowNode
04-12 19:11:18.774  9078  9159 W unknown:ViewManagerPropertyUpdater: Could not find generated setter for class com.facebook.react.views.view.ReactViewManager
04-12 19:11:18.779  9078  9159 W unknown:ViewManagerPropertyUpdater: Could not find generated setter for class com.facebook.react.views.text.ReactVirtualTextViewManager
04-12 19:11:18.784  9078  9159 W unknown:ViewManagerPropertyUpdater: Could not find generated setter for class com.facebook.react.views.text.ReactVirtualTextShadowNode
04-12 19:11:18.785  9078  9159 W unknown:ViewManagerPropertyUpdater: Could not find generated setter for class com.facebook.react.views.unimplementedview.ReactUnimplementedViewManager
04-12 19:11:18.793  9078  9159 W unknown:ViewManagerPropertyUpdater: Could not find generated setter for class expo.modules.kotlin.views.GroupViewManagerWrapper
04-12 19:11:18.821  9078  9159 W unknown:ViewManagerPropertyUpdater: Could not find generated setter for class expo.modules.kotlin.views.SimpleViewManagerWrapper
04-12 19:11:18.860  9078  9159 W unknown:ViewManagerPropertyUpdater: Could not find generated setter for class com.th3rdwave.safeareacontext.SafeAreaProviderManager
04-12 19:11:18.862  9078  9159 W unknown:ViewManagerPropertyUpdater: Could not find generated setter for class com.th3rdwave.safeareacontext.SafeAreaViewManager
04-12 19:11:18.868  9078  9159 W unknown:ViewManagerPropertyUpdater: Could not find generated setter for class com.th3rdwave.safeareacontext.SafeAreaViewShadowNode
04-12 19:11:18.870  9078  9159 W unknown:ViewManagerPropertyUpdater: Could not find generated setter for class com.swmansion.rnscreens.ScreenContainerViewManager
04-12 19:11:18.872  9078  9159 W unknown:ViewManagerPropertyUpdater: Could not find generated setter for class com.swmansion.rnscreens.ScreenViewManager
04-12 19:11:18.885  9078  9159 W unknown:ViewManagerPropertyUpdater: Could not find generated setter for class com.swmansion.rnscreens.ModalScreenViewManager
04-12 19:11:18.895  9078  9159 W unknown:ViewManagerPropertyUpdater: Could not find generated setter for class com.swmansion.rnscreens.ScreenStackViewManager
04-12 19:11:18.898  9078  9159 W unknown:ViewManagerPropertyUpdater: Could not find generated setter for class com.swmansion.rnscreens.ScreenStackHeaderConfigViewManager
04-12 19:11:18.904  9078  9159 W unknown:ViewManagerPropertyUpdater: Could not find generated setter for class com.swmansion.rnscreens.ScreenStackHeaderSubviewManager
04-12 19:11:18.916  9078  9159 W unknown:ViewManagerPropertyUpdater: Could not find generated setter for class com.swmansion.rnscreens.SearchBarManager
04-12 19:11:18.926  9078  9159 W unknown:ViewManagerPropertyUpdater: Could not find generated setter for class com.swmansion.rnscreens.ScreenFooterManager
04-12 19:11:18.929  9078  9159 W unknown:ViewManagerPropertyUpdater: Could not find generated setter for class com.swmansion.rnscreens.ScreenContentWrapperManager
04-12 19:11:18.936  9078  9159 W unknown:ViewManagerPropertyUpdater: Could not find generated setter for class com.swmansion.rnscreens.gamma.tabs.TabsHostViewManager
04-12 19:11:18.941  9078  9159 W unknown:ViewManagerPropertyUpdater: Could not find generated setter for class com.swmansion.rnscreens.gamma.tabs.TabScreenViewManager
04-12 19:11:18.953  9078  9159 W unknown:ViewManagerPropertyUpdater: Could not find generated setter for class com.reactnativecommunity.webview.RNCWebViewManager
04-12 19:11:18.988  9078  9159 D Detox.RNMarker: CREATE_MODULE_END (UIManager)
04-12 19:11:18.996  9078  9110 D DetoxRNLoading: Got new RN-context explicitly while polling (#iteration=2)
04-12 19:11:18.998  9078  9110 I DetoxRNIdleRes: Setting up Espresso Idling Resources for React Native
04-12 19:11:19.003  9078  9078 I Detox   : PATCHED FACTORY: Disabling all idling resources for RN 0.81 compatibility
04-12 19:11:19.004  9078  9113 W vindra.comparez: Long monitor contention with owner Instr: androidx.test.runner.AndroidJUnitRunner (9110) at void com.wix.detox.DetoxMain.launchActivityOnCue(android.content.Context, com.wix.detox.ActivityLaunchHelper)(DetoxMain.kt:53) waiters=0 in void com.wix.detox.DetoxMain$setupActionHandlers$SynchronizedActionHandler.handle(java.lang.String, long) for 3.706s
04-12 19:11:19.006  9078  9078 W vindra.comparez: Accessing hidden method Landroid/os/MessageQueue;->next()Landroid/os/Message; (unsupported, reflection, allowed)
04-12 19:11:19.006  9078  9078 W vindra.comparez: Accessing hidden field Landroid/os/MessageQueue;->mMessages:Landroid/os/Message; (unsupported, reflection, allowed)
04-12 19:11:19.007  9078  9078 W vindra.comparez: Accessing hidden method Landroid/os/Message;->recycleUnchecked()V (unsupported, reflection, allowed)
04-12 19:11:19.022  9078  9159 D Detox.RNMarker: REACT_BRIDGE_LOADING_END (null)
04-12 19:11:19.033  9078  9078 I DetoxRNLoading: Got new RN-context directly through listener
04-12 19:11:19.079  9078  9158 D Detox.RNMarker: NATIVE_MODULE_SETUP_START (NativePerformanceCxx)
04-12 19:11:19.118  9078  9158 D Detox.RNMarker: NATIVE_MODULE_SETUP_START (PlatformConstants)
04-12 19:11:19.123  9078  9158 D Detox.RNMarker: CREATE_MODULE_START (PlatformConstants)
04-12 19:11:19.124  9078  9158 D Detox.RNMarker: CREATE_MODULE_END (PlatformConstants)
04-12 19:11:19.156  9078  9158 D Detox.RNMarker: NATIVE_MODULE_SETUP_END (PlatformConstants)
04-12 19:11:19.165  9078  9158 D Detox.RNMarker: NATIVE_MODULE_SETUP_START (DevSettings)
04-12 19:11:19.166  9078  9158 D Detox.RNMarker: CREATE_MODULE_START (DevSettings)
04-12 19:11:19.167  9078  9158 D Detox.RNMarker: CREATE_MODULE_END (DevSettings)
04-12 19:11:19.170  9078  9158 D Detox.RNMarker: NATIVE_MODULE_SETUP_END (DevSettings)
04-12 19:11:19.171  9078  9158 D Detox.RNMarker: NATIVE_MODULE_SETUP_START (LogBox)
04-12 19:11:19.171  9078  9158 D Detox.RNMarker: CREATE_MODULE_START (LogBox)
04-12 19:11:19.172  9078  9158 D Detox.RNMarker: CREATE_MODULE_END (LogBox)
04-12 19:11:19.172  9078  9158 D Detox.RNMarker: NATIVE_MODULE_SETUP_END (LogBox)
04-12 19:11:19.174  9078  9158 D Detox.RNMarker: NATIVE_MODULE_SETUP_START (SourceCode)
04-12 19:11:19.175  9078  9158 D Detox.RNMarker: CREATE_MODULE_START (SourceCode)
04-12 19:11:19.176  9078  9158 D Detox.RNMarker: CREATE_MODULE_END (SourceCode)
04-12 19:11:19.176  9078  9158 D Detox.RNMarker: NATIVE_MODULE_SETUP_END (SourceCode)
04-12 19:11:19.238  9078  9158 D Detox.RNMarker: NATIVE_MODULE_SETUP_START (Timing)
04-12 19:11:19.239  9078  9158 D Detox.RNMarker: CREATE_MODULE_START (Timing)
04-12 19:11:19.242  9078  9158 D Detox.RNMarker: CREATE_MODULE_END (Timing)
04-12 19:11:19.243  9078  9158 D Detox.RNMarker: NATIVE_MODULE_SETUP_END (Timing)
04-12 19:11:19.256  9078  9158 D Detox.RNMarker: NATIVE_MODULE_SETUP_START (ReactDevToolsSettingsManager)
04-12 19:11:19.257  9078  9158 D Detox.RNMarker: CREATE_MODULE_START (ReactDevToolsSettingsManager)
04-12 19:11:19.259  9078  9158 D Detox.RNMarker: CREATE_MODULE_END (ReactDevToolsSettingsManager)
04-12 19:11:19.260  9078  9158 D Detox.RNMarker: NATIVE_MODULE_SETUP_END (ReactDevToolsSettingsManager)
04-12 19:11:19.262  9078  9158 D Detox.RNMarker: NATIVE_MODULE_SETUP_START (ReactDevToolsRuntimeSettingsModule)
04-12 19:11:19.263  9078  9158 D Detox.RNMarker: CREATE_MODULE_START (ReactDevToolsRuntimeSettingsModule)
04-12 19:11:19.263  9078  9158 D Detox.RNMarker: CREATE_MODULE_END (ReactDevToolsRuntimeSettingsModule)
04-12 19:11:19.265  9078  9158 D Detox.RNMarker: NATIVE_MODULE_SETUP_END (ReactDevToolsRuntimeSettingsModule)
04-12 19:11:19.288  9078  9158 D Detox.RNMarker: NATIVE_MODULE_SETUP_START (NativeReactNativeFeatureFlagsCxx)
04-12 19:11:19.299  9078  9158 D Detox.RNMarker: NATIVE_MODULE_SETUP_START (AppState)
04-12 19:11:19.300  9078  9158 D Detox.RNMarker: CREATE_MODULE_START (AppState)
04-12 19:11:19.304  9078  9158 D Detox.RNMarker: CREATE_MODULE_END (AppState)
04-12 19:11:19.305  9078  9158 D Detox.RNMarker: NATIVE_MODULE_SETUP_END (AppState)
04-12 19:11:19.323  9078  9158 D Detox.RNMarker: NATIVE_MODULE_SETUP_START (BlobModule)
04-12 19:11:19.324  9078  9158 D Detox.RNMarker: CREATE_MODULE_START (BlobModule)
04-12 19:11:19.327  9078  9158 D Detox.RNMarker: CREATE_MODULE_END (BlobModule)
04-12 19:11:19.329  9078  9158 D Detox.RNMarker: NATIVE_MODULE_SETUP_END (BlobModule)
04-12 19:11:19.332  9078  9158 D Detox.RNMarker: NATIVE_MODULE_SETUP_START (WebSocketModule)
04-12 19:11:19.333  9078  9158 D Detox.RNMarker: CREATE_MODULE_START (WebSocketModule)
04-12 19:11:19.334  9078  9158 D Detox.RNMarker: CREATE_MODULE_END (WebSocketModule)
04-12 19:11:19.336  9078  9158 D Detox.RNMarker: NATIVE_MODULE_SETUP_END (WebSocketModule)
04-12 19:11:19.360  9078  9158 D Detox.RNMarker: NATIVE_MODULE_SETUP_START (RedBox)
04-12 19:11:19.369  9078  9159 I WebViewFactory: Loading com.google.android.webview version 113.0.5672.136 (code 567263634)
04-12 19:11:19.396  9078  9159 W ziparchive: Unable to open '/data/app/~~rGDTFsEgVNAQR7v9a9DBnw==/com.google.android.trichromelibrary_567263634-3Q4C4Nt6E9KMMziAv9ANGg==/TrichromeLibrary.dm': No such file or directory
04-12 19:11:19.396  9078  9159 W ziparchive: Unable to open '/data/app/~~rGDTFsEgVNAQR7v9a9DBnw==/com.google.android.trichromelibrary_567263634-3Q4C4Nt6E9KMMziAv9ANGg==/TrichromeLibrary.dm': No such file or directory
04-12 19:11:19.397  9078  9159 W vindra.comparez: Entry not found
04-12 19:11:19.404  9078  9159 D nativeloader: Configuring clns-9 for other apk /data/app/~~rGDTFsEgVNAQR7v9a9DBnw==/com.google.android.trichromelibrary_567263634-3Q4C4Nt6E9KMMziAv9ANGg==/TrichromeLibrary.apk. target_sdk_version=34, uses_libraries=ALL, library_path=/data/app/~~Yw2cewKRy1ALIz8qfFlwsw==/com.google.android.webview-CDaciHExabTqd-t8TQiv4Q==/lib/arm64:/data/app/~~Yw2cewKRy1ALIz8qfFlwsw==/com.google.android.webview-CDaciHExabTqd-t8TQiv4Q==/WebViewGoogle.apk!/lib/arm64-v8a:/data/app/~~rGDTFsEgVNAQR7v9a9DBnw==/com.google.android.trichromelibrary_567263634-3Q4C4Nt6E9KMMziAv9ANGg==/TrichromeLibrary.apk!/lib/arm64-v8a, permitted_path=/data:/mnt/expand
04-12 19:11:19.407  9078  9158 D Detox.RNMarker: NATIVE_MODULE_SETUP_START (Networking)
04-12 19:11:19.407  9078  9158 D Detox.RNMarker: CREATE_MODULE_START (Networking)
04-12 19:11:19.421  9078  9158 D Detox.RNMarker: CREATE_MODULE_END (Networking)
04-12 19:11:19.422  9078  9158 D Detox.RNMarker: NATIVE_MODULE_SETUP_END (Networking)
04-12 19:11:19.429  9078  9158 D Detox.RNMarker: NATIVE_MODULE_SETUP_START (DevLoadingView)
04-12 19:11:19.430  9078  9158 D Detox.RNMarker: CREATE_MODULE_START (DevLoadingView)
04-12 19:11:19.430  9078  9158 D Detox.RNMarker: CREATE_MODULE_END (DevLoadingView)
04-12 19:11:19.431  9078  9158 D Detox.RNMarker: NATIVE_MODULE_SETUP_END (DevLoadingView)
04-12 19:11:19.431  9078  9159 D nativeloader: Configuring clns-10 for other apk /data/app/~~Yw2cewKRy1ALIz8qfFlwsw==/com.google.android.webview-CDaciHExabTqd-t8TQiv4Q==/WebViewGoogle.apk. target_sdk_version=34, uses_libraries=, library_path=/data/app/~~Yw2cewKRy1ALIz8qfFlwsw==/com.google.android.webview-CDaciHExabTqd-t8TQiv4Q==/lib/arm64:/data/app/~~Yw2cewKRy1ALIz8qfFlwsw==/com.google.android.webview-CDaciHExabTqd-t8TQiv4Q==/WebViewGoogle.apk!/lib/arm64-v8a:/data/app/~~rGDTFsEgVNAQR7v9a9DBnw==/com.google.android.trichromelibrary_567263634-3Q4C4Nt6E9KMMziAv9ANGg==/TrichromeLibrary.apk!/lib/arm64-v8a, permitted_path=/data:/mnt/expand
04-12 19:11:19.441  9078  9158 D Detox.RNMarker: NATIVE_MODULE_SETUP_START (HeadlessJsTaskSupport)
04-12 19:11:19.443  9078  9158 D Detox.RNMarker: CREATE_MODULE_START (HeadlessJsTaskSupport)
04-12 19:11:19.443  9078  9158 D Detox.RNMarker: CREATE_MODULE_END (HeadlessJsTaskSupport)
04-12 19:11:19.445  9078  9158 D Detox.RNMarker: NATIVE_MODULE_SETUP_END (HeadlessJsTaskSupport)
04-12 19:11:19.466  9078  9158 D Detox.RNMarker: NATIVE_MODULE_SETUP_START (DeviceInfo)
04-12 19:11:19.467  9078  9158 D Detox.RNMarker: CREATE_MODULE_START (DeviceInfo)
04-12 19:11:19.470  9078  9158 D Detox.RNMarker: CREATE_MODULE_END (DeviceInfo)
04-12 19:11:19.474  9078  9158 D Detox.RNMarker: NATIVE_MODULE_SETUP_END (DeviceInfo)
04-12 19:11:19.495  9078  9158 D Detox.RNMarker: NATIVE_MODULE_SETUP_START (UIManager)
04-12 19:11:19.506  9078  9159 W vindra.comparez: Accessing hidden method Landroid/os/Trace;->isTagEnabled(J)Z (unsupported, reflection, allowed)
04-12 19:11:19.517  9078  9159 W vindra.comparez: Accessing hidden method Landroid/os/Trace;->traceBegin(JLjava/lang/String;)V (unsupported, reflection, allowed)
04-12 19:11:19.518  9078  9159 W vindra.comparez: Accessing hidden method Landroid/os/Trace;->traceEnd(J)V (unsupported, reflection, allowed)
04-12 19:11:19.518  9078  9159 W vindra.comparez: Accessing hidden method Landroid/os/Trace;->asyncTraceBegin(JLjava/lang/String;I)V (unsupported, reflection, allowed)
04-12 19:11:19.518  9078  9159 W vindra.comparez: Accessing hidden method Landroid/os/Trace;->asyncTraceEnd(JLjava/lang/String;I)V (unsupported, reflection, allowed)
04-12 19:11:19.557  9078  9159 I cr_WVCFactoryProvider: Loaded version=113.0.5672.136 minSdkVersion=29 isBundle=false multiprocess=true packageId=2
04-12 19:11:19.687  9078  9171 I cr_VariationsUtils: Failed reading seed file "/data/user/0/com.panviravindra.comparez/app_webview/variations_seed_new"
04-12 19:11:19.695  9078  9171 I cr_VariationsUtils: Failed reading seed file "/data/user/0/com.panviravindra.comparez/app_webview/variations_seed"
04-12 19:11:19.697  9078  9171 I cr_VariationsUtils: Requesting new seed from IVariationsSeedServer
04-12 19:11:19.744  9078  9159 I cr_LibraryLoader: Successfully loaded native library
04-12 19:11:19.781  9078  9159 I cr_CachingUmaRecorder: Flushed 10 samples from 10 histograms.
04-12 19:11:19.850  9078  9178 D TrafficStats: tagSocket(137) with statsTag=0xffffffff, statsUid=-1
04-12 19:11:19.918  9078  9158 D Detox.RNMarker: NATIVE_MODULE_SETUP_END (UIManager)
04-12 19:11:19.975  9078  9158 D Detox.RNMarker: NATIVE_MODULE_SETUP_START (SoundManager)
04-12 19:11:19.976  9078  9158 D Detox.RNMarker: CREATE_MODULE_START (SoundManager)
04-12 19:11:19.977  9078  9158 D Detox.RNMarker: CREATE_MODULE_END (SoundManager)
04-12 19:11:19.977  9078  9158 D Detox.RNMarker: NATIVE_MODULE_SETUP_END (SoundManager)
04-12 19:11:20.009  9078  9158 D Detox.RNMarker: NATIVE_MODULE_SETUP_START (ImageLoader)
04-12 19:11:20.010  9078  9158 D Detox.RNMarker: CREATE_MODULE_START (ImageLoader)
04-12 19:11:20.012  9078  9158 D Detox.RNMarker: CREATE_MODULE_END (ImageLoader)
04-12 19:11:20.013  9078  9158 D Detox.RNMarker: NATIVE_MODULE_SETUP_END (ImageLoader)
04-12 19:11:20.017  9078  9158 D Detox.RNMarker: NATIVE_MODULE_SETUP_START (IntentAndroid)
04-12 19:11:20.018  9078  9158 D Detox.RNMarker: CREATE_MODULE_START (IntentAndroid)
04-12 19:11:20.019  9078  9158 D Detox.RNMarker: CREATE_MODULE_END (IntentAndroid)
04-12 19:11:20.020  9078  9158 D Detox.RNMarker: NATIVE_MODULE_SETUP_END (IntentAndroid)
04-12 19:11:20.021  9078  9158 D Detox.RNMarker: NATIVE_MODULE_SETUP_START (LinkingManager)
04-12 19:11:20.024  9078  9158 D Detox.RNMarker: NATIVE_MODULE_SETUP_START (DeviceEventManager)
04-12 19:11:20.025  9078  9158 D Detox.RNMarker: CREATE_MODULE_START (DeviceEventManager)
04-12 19:11:20.025  9078  9158 D Detox.RNMarker: CREATE_MODULE_END (DeviceEventManager)
04-12 19:11:20.026  9078  9158 D Detox.RNMarker: NATIVE_MODULE_SETUP_END (DeviceEventManager)
04-12 19:11:20.044  9078  9158 D Detox.RNMarker: NATIVE_MODULE_SETUP_START (NativeUnimoduleProxy)
04-12 19:11:20.097  9078  9158 I ExpoModulesCore: ✅ JSI interop was installed
04-12 19:11:20.106  9078  9158 I ExpoModulesCore: ✅ Constants were exported
04-12 19:11:20.108  9078  9158 D Detox.RNMarker: NATIVE_MODULE_SETUP_END (NativeUnimoduleProxy)
04-12 19:11:20.132  9078  9158 D Detox.RNMarker: NATIVE_MODULE_SETUP_START (ExpoUpdates)
04-12 19:11:20.133  9078  9158 D Detox.RNMarker: NATIVE_MODULE_SETUP_START (EXDevLauncher)
04-12 19:11:20.141  9078  9158 D Detox.RNMarker: NATIVE_MODULE_SETUP_START (ExpoUpdates)
04-12 19:11:20.142  9078  9158 D Detox.RNMarker: NATIVE_MODULE_SETUP_START (ExpoGo)
04-12 19:11:20.146  9078  9158 D Detox.RNMarker: NATIVE_MODULE_SETUP_START (ExpoGo)
04-12 19:11:20.195  9078  9158 D Detox.RNMarker: NATIVE_MODULE_SETUP_START (EXDevLauncher)
04-12 19:11:20.222  9078  9179 D TrafficStats: tagSocket(137) with statsTag=0xffffffff, statsUid=-1
04-12 19:11:20.311  9078  9084 I vindra.comparez: Background concurrent copying GC freed 242632(19MB) AllocSpace objects, 6(248KB) LOS objects, 49% free, 7586KB/14MB, paused 2.800ms,16us total 600.559ms
04-12 19:11:20.375  9078  9158 D Detox.RNMarker: NATIVE_MODULE_SETUP_START (NativeAnimatedModule)
04-12 19:11:20.376  9078  9158 D Detox.RNMarker: CREATE_MODULE_START (NativeAnimatedModule)
04-12 19:11:20.379  9078  9158 D Detox.RNMarker: CREATE_MODULE_END (NativeAnimatedModule)
04-12 19:11:20.383  9078  9158 D Detox.RNMarker: NATIVE_MODULE_SETUP_END (NativeAnimatedModule)
04-12 19:11:20.387  9078  9078 W UiControllerImpl: Waiting for: DYNAMIC_TASKS_HAVE_IDLED for 100 iterations.
04-12 19:11:20.439  9078  9158 D Detox.RNMarker: NATIVE_MODULE_SETUP_START (RNCSafeAreaContext)
04-12 19:11:20.440  9078  9158 D Detox.RNMarker: CREATE_MODULE_START (RNCSafeAreaContext)
04-12 19:11:20.441  9078  9158 D Detox.RNMarker: CREATE_MODULE_END (RNCSafeAreaContext)
04-12 19:11:20.444  9078  9158 D Detox.RNMarker: NATIVE_MODULE_SETUP_END (RNCSafeAreaContext)
04-12 19:11:20.459  9078  9158 D Detox.RNMarker: NATIVE_MODULE_SETUP_START (RNSModule)
04-12 19:11:20.460  9078  9158 D Detox.RNMarker: CREATE_MODULE_START (RNSModule)
04-12 19:11:20.468  9078  9158 D Detox.RNMarker: CREATE_MODULE_END (RNSModule)
04-12 19:11:20.476  9078  9158 D Detox.RNMarker: NATIVE_MODULE_SETUP_START (RNEdgeToEdge)
04-12 19:11:20.514  9078  9158 D Detox.RNMarker: NATIVE_MODULE_SETUP_START (RNVectorIconsManager)
04-12 19:11:20.515  9078  9158 D Detox.RNMarker: NATIVE_MODULE_SETUP_START (RNVectorIconsModule)
04-12 19:11:20.517  9078  9158 D Detox.RNMarker: NATIVE_MODULE_SETUP_START (RNVectorIconsManager)
04-12 19:11:20.517  9078  9158 D Detox.RNMarker: NATIVE_MODULE_SETUP_START (RNVectorIconsModule)
04-12 19:11:20.942  9078  9158 D Detox.RNMarker: NATIVE_MODULE_SETUP_START (PlatformLocalStorage)
04-12 19:11:20.943  9078  9158 D Detox.RNMarker: NATIVE_MODULE_SETUP_START (RNC_AsyncSQLiteDBStorage)
04-12 19:11:20.943  9078  9158 D Detox.RNMarker: NATIVE_MODULE_SETUP_START (RNCAsyncStorage)
04-12 19:11:20.944  9078  9158 D Detox.RNMarker: CREATE_MODULE_START (RNCAsyncStorage)
04-12 19:11:20.948  9078  9158 V AsyncStorageExpoMigration: No scoped database found
04-12 19:11:20.950  9078  9158 D Detox.RNMarker: CREATE_MODULE_END (RNCAsyncStorage)
04-12 19:11:20.952  9078  9158 D Detox.RNMarker: NATIVE_MODULE_SETUP_END (RNCAsyncStorage)
04-12 19:11:20.961  9078  9158 D Detox.RNMarker: NATIVE_MODULE_SETUP_START (RNCWebViewModule)
04-12 19:11:20.961  9078  9158 D Detox.RNMarker: CREATE_MODULE_STA