--------- beginning of main
04-12 18:43:31.172  6976  6976 D nativeloader: Configuring clns-6 for other apk /system/framework/android.test.runner.jar:/system/framework/android.test.mock.jar:/system/framework/android.test.base.jar:/data/app/~~Jr61rg6gMDZxCXUoKs5hIA==/com.panviravindra.comparez.test-3BFLWBemgytcPTsUXHhbNQ==/base.apk:/data/app/~~TfbBc7rxkFXTiCjOUBIN8A==/com.panviravindra.comparez-4chwkCThf7ufmw6nGgsgoQ==/base.apk. target_sdk_version=36, uses_libraries=, library_path=/data/app/~~Jr61rg6gMDZxCXUoKs5hIA==/com.panviravindra.comparez.test-3BFLWBemgytcPTsUXHhbNQ==/lib/arm64:/data/app/~~TfbBc7rxkFXTiCjOUBIN8A==/com.panviravindra.comparez-4chwkCThf7ufmw6nGgsgoQ==/lib/arm64:/data/app/~~Jr61rg6gMDZxCXUoKs5hIA==/com.panviravindra.comparez.test-3BFLWBemgytcPTsUXHhbNQ==/base.apk!/lib/arm64-v8a:/data/app/~~TfbBc7rxkFXTiCjOUBIN8A==/com.panviravindra.comparez-4chwkCThf7ufmw6nGgsgoQ==/base.apk!/lib/arm64-v8a, permitted_path=/data:/mnt/expand:/data/user/0/com.panviravindra.comparez
04-12 18:43:31.255  6976  6976 V GraphicsEnvironment: Currently set values for:
04-12 18:43:31.256  6976  6976 V GraphicsEnvironment:   angle_gl_driver_selection_pkgs=[]
04-12 18:43:31.256  6976  6976 V GraphicsEnvironment:   angle_gl_driver_selection_values=[]
04-12 18:43:31.257  6976  6976 V GraphicsEnvironment: ANGLE GameManagerService for com.panviravindra.comparez: false
04-12 18:43:31.257  6976  6976 V GraphicsEnvironment: com.panviravindra.comparez is not listed in per-application setting
04-12 18:43:31.257  6976  6976 V GraphicsEnvironment: Neither updatable production driver nor prerelease driver is supported.
04-12 18:43:31.273  6976  6976 D ApplicationLoaders: Returning zygote-cached class loader: /system/framework/android.test.base.jar
04-12 18:43:31.303  6976  6976 D nativeloader: Configuring clns-7 for other apk /system/framework/android.test.mock.jar. target_sdk_version=36, uses_libraries=ALL, library_path=/data/app/~~Jr61rg6gMDZxCXUoKs5hIA==/com.panviravindra.comparez.test-3BFLWBemgytcPTsUXHhbNQ==/lib/arm64:/data/app/~~TfbBc7rxkFXTiCjOUBIN8A==/com.panviravindra.comparez-4chwkCThf7ufmw6nGgsgoQ==/lib/arm64, permitted_path=/data:/mnt/expand
04-12 18:43:31.304  6976  6976 D ApplicationLoaders: Returning zygote-cached class loader: /system/framework/android.test.base.jar
04-12 18:43:31.324  6976  6976 D nativeloader: Configuring clns-8 for other apk /system/framework/android.test.runner.jar. target_sdk_version=36, uses_libraries=ALL, library_path=/data/app/~~Jr61rg6gMDZxCXUoKs5hIA==/com.panviravindra.comparez.test-3BFLWBemgytcPTsUXHhbNQ==/lib/arm64:/data/app/~~TfbBc7rxkFXTiCjOUBIN8A==/com.panviravindra.comparez-4chwkCThf7ufmw6nGgsgoQ==/lib/arm64, permitted_path=/data:/mnt/expand
04-12 18:43:31.332  6976  6976 W vindra.comparez: ClassLoaderContext shared library size mismatch. Expected=2, found=3 (PCL[]{PCL[/system/framework/android.test.base.jar*836642756]#PCL[/system/framework/android.test.mock.jar*3186112116]} | PCL[]{PCL[/system/framework/android.test.base.jar*836642756]#PCL[/system/framework/android.test.mock.jar*3186112116]#PCL[/system/framework/android.test.runner.jar*4168958247]{PCL[/system/framework/android.test.base.jar*836642756]#PCL[/system/framework/android.test.mock.jar*3186112116]}};PCL[/system/framework/android.test.runner.jar*4168958247:/system/framework/android.test.mock.jar*3186112116:/system/framework/android.test.base.jar*836642756:/data/app/~~Jr61rg6gMDZxCXUoKs5hIA==/com.panviravindra.comparez.test-3BFLWBemgytcPTsUXHhbNQ==/base.apk*294246005:/data/app/~~Jr61rg6gMDZxCXUoKs5hIA==/com.panviravindra.comparez.test-3BFLWBemgytcPTsUXHhbNQ==/base.apk!classes2.dex*4055916645:/data/app/~~Jr61rg6gMDZxCXUoKs5hIA==/com.panviravindra.comparez.test-3BFLWBemgytcPTsUXHhbNQ==/base.apk!classes3.dex*2949407285:/data/app/~~Jr61rg6gMDZxCXUoKs5hIA==/com.panviravindra.comparez.test-3BFLWBemgytcPTsUXHhbNQ==/base.apk!classes4.dex*2472856604:/data/app/~~Jr61rg6gMDZxCXUoKs5hIA==/com.panviravindra.comparez.test-3BFLWBemgytcPTsUXHhbNQ==/base.apk!classes5.dex*449036524:/data/app/~~Jr61rg6gMDZxCXUoKs5hIA==/com.panviravindra.comparez.test-3BFLWBemgytcPTsUXHhbNQ==/base.apk!classes6.dex*2622014904:/data/app/~~Jr61rg6gMDZxCXUoKs5hIA==/com.panviravindra.comparez.test-3BFLWBemgytcPTsUXHhbNQ==/base.apk!classes7.dex*530900409:/data/app/~~Jr61rg6gMDZxCXUoKs5hIA==/com.panviravindra.comparez.test-3BFLWBemgytcPTsUXHhbNQ==/base.apk!classes8.dex*4143867305:/data/app/~~Jr61rg6gMDZxCXUoKs5hIA==/com.panviravindra.comparez.test-3BFLWBemgytcPTsUXHhbNQ==/base.apk!classes9.dex*4104667095:/data/app/~~Jr61rg6gMDZxCXUoKs5hIA==/com.panviravindra.comparez.test-3BFLWBemgytcPTsUXHhbNQ==/base.apk!classes10.dex*3785976675:/data/app/~~Jr61rg6gMDZxCXUoKs5hIA==/com.panviravindra.comparez.test-3BFLWBemgytcPTsUXHhbNQ==/base.apk!classes11.dex*747467643:/data/app/~~Jr61rg6gMDZxCXUoKs5hIA==/com.panviravindra.comparez.test-3BFLWBemgytcPTsUXHhbNQ==/base.apk!classes12.dex*128433845:/data/app/~~Jr61rg6gMDZxCXUoKs5hIA==/com.panviravindra.comparez.test-3BFLWBemgytcPTsUXHhbNQ==/base.apk!classes13.dex*3653805668:/data/app/~~Jr61rg6gMDZxCXUoKs5hIA==/com.panviravindra.comparez.test-3BFLWBemgytcPTsUXHhbNQ==/base.apk!classes14.dex*1229665198:/data/app/~~Jr61rg6gMDZxCXUoKs5hIA==/com.panviravindra.comparez.test-3BFLWBemgytcPTsUXHhbNQ==/base.apk!classes15.dex*638951780:/data/app/~~Jr61rg6gMDZxCXUoKs5hIA==/com.panviravindra.comparez.test-3BFLWBemgytcPTsUXHhbNQ==/base.apk!classes16.dex*2498210027:/data/app/~~Jr61rg6gMDZxCXUoKs5hIA==/com.panviravindra.comparez.test-3BFLWBemgytcPTsUXHhbNQ==/base.apk!classes17.dex*732076495:/data/app/~~Jr61rg6gMDZxCXUoKs5hIA==/com.panviravindra.comparez.test-3BFLWBemgytcPTsUXHhbNQ==/base.apk!classes18.dex*238609134:/data/app/~~Jr61rg6gMDZxCXUoKs5hIA==/com.panviravindra.comparez.test-3BFLWBemgytcPTsUXHhbNQ==/base.apk!classes19.dex*1407230120:/data/app/~~TfbBc7rxkFXTiCjOUBIN8A==/com.panviravindra.comparez-4chwkCThf7ufmw6nGgsgoQ==/base.apk*93354197:/data/app/~~TfbBc7rxkFXTiCjOUBIN8A==/com.panviravindra.comparez-4chwkCThf7ufmw6nGgsgoQ==/base.apk!classes2.dex*2402452363:/data/app/~~TfbBc7rxkFXTiCjOUBIN8A==/com.panviravindra.comparez-4chwkCThf7ufmw6nGgsgoQ==/base.apk!classes3.dex*1876940571:/data/app/~~TfbBc7rxkFXTiCjOUBIN8A==/com.panviravindra.comparez-4chwkCThf7ufmw6nGgsgoQ==/base.apk!classes4.dex*389630062:/data/app/~~TfbBc7rxkFXTiCjOUBIN8A==/com.panviravindra.comparez-4chwkCThf7ufmw6nGgsgoQ==/base.apk!classes5.dex*1867390877:/data/app/~~TfbBc7rxkFXTiCjOUBIN8A==/com.panviravindra.comparez-4chwkCThf7ufmw6nGgsgoQ==/base.apk!classes6.dex*4013537063:/data/app/~~TfbBc7rxkFXTiCjOUBIN8A==/com.panviravindra.comparez-4chwkCThf7ufmw6nGgsgoQ==/base.apk!classes7.dex*3881050273:/data/app/~~TfbBc7rxkFXTiCjOUBIN8A==/com.panviravindra.comparez-4chwkCThf7ufmw6nGgsgoQ==/base.apk!classes8.dex*4262563330:/data/app/~~TfbBc7rxkFXTiCjOUBIN8A==/com.panviravind
04-12 18:43:31.335  6976  6976 W vindra.comparez: ClassLoaderContext classpath size mismatch. expected=0, found=1 (PCL[] | PCL[/system/framework/android.test.runner.jar*4168958247]{PCL[/system/framework/android.test.base.jar*836642756]#PCL[/system/framework/android.test.mock.jar*3186112116]#PCL[/system/framework/android.test.runner.jar*4168958247]{PCL[/system/framework/android.test.base.jar*836642756]#PCL[/system/framework/android.test.mock.jar*3186112116]}};PCL[/system/framework/android.test.runner.jar*4168958247:/system/framework/android.test.mock.jar*3186112116:/system/framework/android.test.base.jar*836642756:/data/app/~~Jr61rg6gMDZxCXUoKs5hIA==/com.panviravindra.comparez.test-3BFLWBemgytcPTsUXHhbNQ==/base.apk*294246005:/data/app/~~Jr61rg6gMDZxCXUoKs5hIA==/com.panviravindra.comparez.test-3BFLWBemgytcPTsUXHhbNQ==/base.apk!classes2.dex*4055916645:/data/app/~~Jr61rg6gMDZxCXUoKs5hIA==/com.panviravindra.comparez.test-3BFLWBemgytcPTsUXHhbNQ==/base.apk!classes3.dex*2949407285:/data/app/~~Jr61rg6gMDZxCXUoKs5hIA==/com.panviravindra.comparez.test-3BFLWBemgytcPTsUXHhbNQ==/base.apk!classes4.dex*2472856604:/data/app/~~Jr61rg6gMDZxCXUoKs5hIA==/com.panviravindra.comparez.test-3BFLWBemgytcPTsUXHhbNQ==/base.apk!classes5.dex*449036524:/data/app/~~Jr61rg6gMDZxCXUoKs5hIA==/com.panviravindra.comparez.test-3BFLWBemgytcPTsUXHhbNQ==/base.apk!classes6.dex*2622014904:/data/app/~~Jr61rg6gMDZxCXUoKs5hIA==/com.panviravindra.comparez.test-3BFLWBemgytcPTsUXHhbNQ==/base.apk!classes7.dex*530900409:/data/app/~~Jr61rg6gMDZxCXUoKs5hIA==/com.panviravindra.comparez.test-3BFLWBemgytcPTsUXHhbNQ==/base.apk!classes8.dex*4143867305:/data/app/~~Jr61rg6gMDZxCXUoKs5hIA==/com.panviravindra.comparez.test-3BFLWBemgytcPTsUXHhbNQ==/base.apk!classes9.dex*4104667095:/data/app/~~Jr61rg6gMDZxCXUoKs5hIA==/com.panviravindra.comparez.test-3BFLWBemgytcPTsUXHhbNQ==/base.apk!classes10.dex*3785976675:/data/app/~~Jr61rg6gMDZxCXUoKs5hIA==/com.panviravindra.comparez.test-3BFLWBemgytcPTsUXHhbNQ==/base.apk!classes11.dex*747467643:/data/app/~~Jr61rg6gMDZxCXUoKs5hIA==/com.panviravindra.comparez.test-3BFLWBemgytcPTsUXHhbNQ==/base.apk!classes12.dex*128433845:/data/app/~~Jr61rg6gMDZxCXUoKs5hIA==/com.panviravindra.comparez.test-3BFLWBemgytcPTsUXHhbNQ==/base.apk!classes13.dex*3653805668:/data/app/~~Jr61rg6gMDZxCXUoKs5hIA==/com.panviravindra.comparez.test-3BFLWBemgytcPTsUXHhbNQ==/base.apk!classes14.dex*1229665198:/data/app/~~Jr61rg6gMDZxCXUoKs5hIA==/com.panviravindra.comparez.test-3BFLWBemgytcPTsUXHhbNQ==/base.apk!classes15.dex*638951780:/data/app/~~Jr61rg6gMDZxCXUoKs5hIA==/com.panviravindra.comparez.test-3BFLWBemgytcPTsUXHhbNQ==/base.apk!classes16.dex*2498210027:/data/app/~~Jr61rg6gMDZxCXUoKs5hIA==/com.panviravindra.comparez.test-3BFLWBemgytcPTsUXHhbNQ==/base.apk!classes17.dex*732076495:/data/app/~~Jr61rg6gMDZxCXUoKs5hIA==/com.panviravindra.comparez.test-3BFLWBemgytcPTsUXHhbNQ==/base.apk!classes18.dex*238609134:/data/app/~~Jr61rg6gMDZxCXUoKs5hIA==/com.panviravindra.comparez.test-3BFLWBemgytcPTsUXHhbNQ==/base.apk!classes19.dex*1407230120:/data/app/~~TfbBc7rxkFXTiCjOUBIN8A==/com.panviravindra.comparez-4chwkCThf7ufmw6nGgsgoQ==/base.apk*93354197:/data/app/~~TfbBc7rxkFXTiCjOUBIN8A==/com.panviravindra.comparez-4chwkCThf7ufmw6nGgsgoQ==/base.apk!classes2.dex*2402452363:/data/app/~~TfbBc7rxkFXTiCjOUBIN8A==/com.panviravindra.comparez-4chwkCThf7ufmw6nGgsgoQ==/base.apk!classes3.dex*1876940571:/data/app/~~TfbBc7rxkFXTiCjOUBIN8A==/com.panviravindra.comparez-4chwkCThf7ufmw6nGgsgoQ==/base.apk!classes4.dex*389630062:/data/app/~~TfbBc7rxkFXTiCjOUBIN8A==/com.panviravindra.comparez-4chwkCThf7ufmw6nGgsgoQ==/base.apk!classes5.dex*1867390877:/data/app/~~TfbBc7rxkFXTiCjOUBIN8A==/com.panviravindra.comparez-4chwkCThf7ufmw6nGgsgoQ==/base.apk!classes6.dex*4013537063:/data/app/~~TfbBc7rxkFXTiCjOUBIN8A==/com.panviravindra.comparez-4chwkCThf7ufmw6nGgsgoQ==/base.apk!classes7.dex*3881050273:/data/app/~~TfbBc7rxkFXTiCjOUBIN8A==/com.panviravindra.comparez-4chwkCThf7ufmw6nGgsgoQ==/base.apk!classes8.dex*4262563330:/data/app/~~TfbBc7rxkFXTiCjOUBIN8A==/com.panviravindra.comparez-4chwkCThf7ufmw6nGgsgoQ==/base.apk!classes9.dex*371028
04-12 18:43:31.336  6976  6976 W vindra.comparez: ClassLoaderContext classpath size mismatch. expected=0, found=2 (PCL[] | PCL[/system/framework/android.test.runner.jar*4168958247:/system/framework/android.test.mock.jar*3186112116]{PCL[/system/framework/android.test.base.jar*836642756]#PCL[/system/framework/android.test.mock.jar*3186112116]#PCL[/system/framework/android.test.runner.jar*4168958247]{PCL[/system/framework/android.test.base.jar*836642756]#PCL[/system/framework/android.test.mock.jar*3186112116]}};PCL[/system/framework/android.test.runner.jar*4168958247:/system/framework/android.test.mock.jar*3186112116:/system/framework/android.test.base.jar*836642756:/data/app/~~Jr61rg6gMDZxCXUoKs5hIA==/com.panviravindra.comparez.test-3BFLWBemgytcPTsUXHhbNQ==/base.apk*294246005:/data/app/~~Jr61rg6gMDZxCXUoKs5hIA==/com.panviravindra.comparez.test-3BFLWBemgytcPTsUXHhbNQ==/base.apk!classes2.dex*4055916645:/data/app/~~Jr61rg6gMDZxCXUoKs5hIA==/com.panviravindra.comparez.test-3BFLWBemgytcPTsUXHhbNQ==/base.apk!classes3.dex*2949407285:/data/app/~~Jr61rg6gMDZxCXUoKs5hIA==/com.panviravindra.comparez.test-3BFLWBemgytcPTsUXHhbNQ==/base.apk!classes4.dex*2472856604:/data/app/~~Jr61rg6gMDZxCXUoKs5hIA==/com.panviravindra.comparez.test-3BFLWBemgytcPTsUXHhbNQ==/base.apk!classes5.dex*449036524:/data/app/~~Jr61rg6gMDZxCXUoKs5hIA==/com.panviravindra.comparez.test-3BFLWBemgytcPTsUXHhbNQ==/base.apk!classes6.dex*2622014904:/data/app/~~Jr61rg6gMDZxCXUoKs5hIA==/com.panviravindra.comparez.test-3BFLWBemgytcPTsUXHhbNQ==/base.apk!classes7.dex*530900409:/data/app/~~Jr61rg6gMDZxCXUoKs5hIA==/com.panviravindra.comparez.test-3BFLWBemgytcPTsUXHhbNQ==/base.apk!classes8.dex*4143867305:/data/app/~~Jr61rg6gMDZxCXUoKs5hIA==/com.panviravindra.comparez.test-3BFLWBemgytcPTsUXHhbNQ==/base.apk!classes9.dex*4104667095:/data/app/~~Jr61rg6gMDZxCXUoKs5hIA==/com.panviravindra.comparez.test-3BFLWBemgytcPTsUXHhbNQ==/base.apk!classes10.dex*3785976675:/data/app/~~Jr61rg6gMDZxCXUoKs5hIA==/com.panviravindra.comparez.test-3BFLWBemgytcPTsUXHhbNQ==/base.apk!classes11.dex*747467643:/data/app/~~Jr61rg6gMDZxCXUoKs5hIA==/com.panviravindra.comparez.test-3BFLWBemgytcPTsUXHhbNQ==/base.apk!classes12.dex*128433845:/data/app/~~Jr61rg6gMDZxCXUoKs5hIA==/com.panviravindra.comparez.test-3BFLWBemgytcPTsUXHhbNQ==/base.apk!classes13.dex*3653805668:/data/app/~~Jr61rg6gMDZxCXUoKs5hIA==/com.panviravindra.comparez.test-3BFLWBemgytcPTsUXHhbNQ==/base.apk!classes14.dex*1229665198:/data/app/~~Jr61rg6gMDZxCXUoKs5hIA==/com.panviravindra.comparez.test-3BFLWBemgytcPTsUXHhbNQ==/base.apk!classes15.dex*638951780:/data/app/~~Jr61rg6gMDZxCXUoKs5hIA==/com.panviravindra.comparez.test-3BFLWBemgytcPTsUXHhbNQ==/base.apk!classes16.dex*2498210027:/data/app/~~Jr61rg6gMDZxCXUoKs5hIA==/com.panviravindra.comparez.test-3BFLWBemgytcPTsUXHhbNQ==/base.apk!classes17.dex*732076495:/data/app/~~Jr61rg6gMDZxCXUoKs5hIA==/com.panviravindra.comparez.test-3BFLWBemgytcPTsUXHhbNQ==/base.apk!classes18.dex*238609134:/data/app/~~Jr61rg6gMDZxCXUoKs5hIA==/com.panviravindra.comparez.test-3BFLWBemgytcPTsUXHhbNQ==/base.apk!classes19.dex*1407230120:/data/app/~~TfbBc7rxkFXTiCjOUBIN8A==/com.panviravindra.comparez-4chwkCThf7ufmw6nGgsgoQ==/base.apk*93354197:/data/app/~~TfbBc7rxkFXTiCjOUBIN8A==/com.panviravindra.comparez-4chwkCThf7ufmw6nGgsgoQ==/base.apk!classes2.dex*2402452363:/data/app/~~TfbBc7rxkFXTiCjOUBIN8A==/com.panviravindra.comparez-4chwkCThf7ufmw6nGgsgoQ==/base.apk!classes3.dex*1876940571:/data/app/~~TfbBc7rxkFXTiCjOUBIN8A==/com.panviravindra.comparez-4chwkCThf7ufmw6nGgsgoQ==/base.apk!classes4.dex*389630062:/data/app/~~TfbBc7rxkFXTiCjOUBIN8A==/com.panviravindra.comparez-4chwkCThf7ufmw6nGgsgoQ==/base.apk!classes5.dex*1867390877:/data/app/~~TfbBc7rxkFXTiCjOUBIN8A==/com.panviravindra.comparez-4chwkCThf7ufmw6nGgsgoQ==/base.apk!classes6.dex*4013537063:/data/app/~~TfbBc7rxkFXTiCjOUBIN8A==/com.panviravindra.comparez-4chwkCThf7ufmw6nGgsgoQ==/base.apk!classes7.dex*3881050273:/data/app/~~TfbBc7rxkFXTiCjOUBIN8A==/com.panviravindra.comparez-4chwkCThf7ufmw6nGgsgoQ==/base.apk!classes8.dex*4262563330:/data/app/~~TfbBc7rxkFXTiCjOUBIN8A==/com.panviravindra.comparez-4c
04-12 18:43:31.337  6976  6976 W ziparchive: Unable to open '/data/app/~~Jr61rg6gMDZxCXUoKs5hIA==/com.panviravindra.comparez.test-3BFLWBemgytcPTsUXHhbNQ==/base.dm': No such file or directory
04-12 18:43:31.337  6976  6976 W ziparchive: Unable to open '/data/app/~~Jr61rg6gMDZxCXUoKs5hIA==/com.panviravindra.comparez.test-3BFLWBemgytcPTsUXHhbNQ==/base.dm': No such file or directory
04-12 18:43:31.472  6976  6976 W ziparchive: Unable to open '/data/app/~~TfbBc7rxkFXTiCjOUBIN8A==/com.panviravindra.comparez-4chwkCThf7ufmw6nGgsgoQ==/base.dm': No such file or directory
04-12 18:43:31.472  6976  6976 W ziparchive: Unable to open '/data/app/~~TfbBc7rxkFXTiCjOUBIN8A==/com.panviravindra.comparez-4chwkCThf7ufmw6nGgsgoQ==/base.dm': No such file or directory
04-12 18:43:31.888  6976  6976 I AndroidJUnitRunner: newApplication com.panviravindra.comparez.MainApplication
04-12 18:43:32.063  6976  6976 I AndroidJUnitRunner: onCreate Bundle[mParcelledData.dataSize=240]
04-12 18:43:32.065  6976  6976 D AndroidJUnitRunner: Use the raw file system for managing file I/O.
04-12 18:43:32.085  6976  6976 V TestEventClient: No service name argument was given (testDiscoveryService, testRunEventService or orchestratorService)
04-12 18:43:32.091  6976  7007 D AndroidJUnitRunner: onStart is called.
04-12 18:43:32.094  6976  6976 W SoLoader: Initializing SoLoader: 0
04-12 18:43:32.099  6976  6976 W SoLoader: Recording new base apk path: /data/app/~~TfbBc7rxkFXTiCjOUBIN8A==/com.panviravindra.comparez-4chwkCThf7ufmw6nGgsgoQ==/base.apk
04-12 18:43:32.099  6976  6976 W SoLoader: Previously recorded 0 base apk paths.
04-12 18:43:32.104  6976  6976 I SoLoader: Preparing SO source: DirectorySoSource[root = /vendor/lib64 flags = 2]
04-12 18:43:32.106  6976  6976 I SoLoader: Preparing SO source: DirectorySoSource[root = /system/lib64 flags = 2]
04-12 18:43:32.107  6976  6976 I SoLoader: Preparing SO source: DirectApkSoSource[root = [/data/app/~~TfbBc7rxkFXTiCjOUBIN8A==/com.panviravindra.comparez-4chwkCThf7ufmw6nGgsgoQ==/base.apk!/lib/arm64-v8a]]
04-12 18:43:32.245  6976  6976 I SoLoader: Preparing SO source: ApplicationSoSource[DirectorySoSource[root = /data/app/~~TfbBc7rxkFXTiCjOUBIN8A==/com.panviravindra.comparez-4chwkCThf7ufmw6nGgsgoQ==/lib/arm64 flags = 0]]
04-12 18:43:32.246  6976  6976 I SoLoader: init finish: 4 SO sources prepared
04-12 18:43:32.246  6976  6976 W SoLoader: SoLoader initialized: 8
04-12 18:43:32.265  6976  7007 I InstrConnection: Could not send broadcast or register receiver (isolatedProcess?)
04-12 18:43:32.270  6976  7007 D TestRequestBuilder: Using class path scanning to discover tests
04-12 18:43:32.271  6976  7007 I TestRequestBuilder: Scanning classpath to find tests in paths [/data/app/~~Jr61rg6gMDZxCXUoKs5hIA==/com.panviravindra.comparez.test-3BFLWBemgytcPTsUXHhbNQ==/base.apk]
04-12 18:43:32.273  6976  7007 W vindra.comparez: Opening an oat file without a class loader. Are you using the deprecated DexFile APIs?
04-12 18:43:32.611  6976  7007 I TestRunner: run started: 1 tests
04-12 18:43:32.612  6976  7007 I TestRunner: started: runDetoxTests(com.panviravindra.comparez.DetoxTest)
04-12 18:43:32.615  6976  7007 I Detox   : Detox server connection details: url=ws://localhost:62696, sessionId=cb4fa8cb-fcce-0c55-e4a6-a0e79b4a0d12
04-12 18:43:32.616  6976  7007 W FileTestStorage: Output properties is not supported.
04-12 18:43:32.616  6976  7007 I Tracing : Tracer added: class androidx.test.platform.tracing.AndroidXTracer
04-12 18:43:32.618  6976  7007 D EventInjectionStrategy: Creating injection strategy with input manager.
04-12 18:43:32.618  6976  7007 W vindra.comparez: Accessing hidden method Landroid/hardware/input/InputManager;->getInstance()Landroid/hardware/input/InputManager; (unsupported, reflection, allowed)
04-12 18:43:32.618  6976  7007 W vindra.comparez: Accessing hidden method Landroid/hardware/input/InputManager;->injectInputEvent(Landroid/view/InputEvent;I)Z (unsupported, reflection, allowed)
04-12 18:43:32.618  6976  7007 W vindra.comparez: Accessing hidden field Landroid/hardware/input/InputManager;->INJECT_INPUT_EVENT_MODE_WAIT_FOR_FINISH:I (unsupported, reflection, allowed)
04-12 18:43:32.620  6976  7007 W vindra.comparez: Accessing hidden field Ljava/lang/reflect/Field;->accessFlags:I (unsupported, reflection, allowed)
04-12 18:43:32.621  6976  7007 I Detox   : Connecting to server...
04-12 18:43:32.621  6976  7007 I DetoxWSClient: At connectToServer
04-12 18:43:32.634  6976  7014 D TrafficStats: tagSocket(85) with statsTag=0xffffffff, statsUid=-1
04-12 18:43:32.638  6976  7014 D DetoxWSClient: At onOpen
04-12 18:43:32.638  6976  7014 I DetoxWSClient: Sending out action 'login' (ID #0)
04-12 18:43:32.638  6976  7014 I Detox   : Connected to server!
04-12 18:43:32.640  6976  7014 D DetoxWSClient: Received action 'loginSuccess' (ID #0, params={"testerConnected":true,"appConnected":true})
04-12 18:43:32.640  6976  7010 I DetoxDispatcher: Handling action 'loginSuccess' (ID #0)...
04-12 18:43:32.640  6976  7010 I DetoxDispatcher: Done with action 'loginSuccess'
04-12 18:43:32.640  6976  7007 I Detox   : Launching the tested activity!
04-12 18:43:32.683  6976  7014 D DetoxWSClient: Received action 'isReady' (ID #-1000, params={})
04-12 18:43:32.683  6976  7010 I DetoxDispatcher: Handling action 'isReady' (ID #-1000)...
04-12 18:43:32.701  6976  6976 D AppCompatDelegate: Checking for metadata for AppLocalesMetadataHolderService : Service not found
04-12 18:43:32.713  6976  6976 D LifecycleMonitor: Lifecycle status change: com.panviravindra.comparez.MainActivity@ae286b3 in: PRE_ON_CREATE
04-12 18:43:32.734  6976  7026 D libEGL  : loaded /vendor/lib64/egl/libEGL_emulation.so
04-12 18:43:32.742  6976  7026 D libEGL  : loaded /vendor/lib64/egl/libGLESv1_CM_emulation.so
04-12 18:43:32.747  6976  6976 D jni_lib_merge: Entering merged library JNI_OnLoad.
04-12 18:43:32.747  6976  6976 D jni_lib_merge: Preparing 12 pre-merged libs (including stub)
04-12 18:43:32.747  6976  6976 D jni_lib_merge: Preparing to register libfabricjni_so.  onload_func: 0x6cbf627ce0
04-12 18:43:32.747  6976  6976 D jni_lib_merge: Preparing to register libreact_devsupportjni_so.  onload_func: 0x6cbf821fc8
04-12 18:43:32.747  6976  6976 D jni_lib_merge: Preparing to register libreact_featureflagsjni_so.  onload_func: 0x6cbf830518
04-12 18:43:32.747  6976  6976 D jni_lib_merge: Preparing to register libreact_newarchdefaults_so.  onload_func: 0x6cbf8986a8
04-12 18:43:32.747  6976  6976 D jni_lib_merge: Preparing to register libreactnativeblob_so.  onload_func: 0x6cbfa88cb4
04-12 18:43:32.747  6976  6976 D jni_lib_merge: Preparing to register libreactnativejni_so.  onload_func: 0x6cbfad66bc
04-12 18:43:32.747  6976  6976 D jni_lib_merge: Preparing to register libreactnativejni_common_so.  onload_func: 0x6cbfae7044
04-12 18:43:32.747  6976  6976 D jni_lib_merge: Preparing to register librninstance_so.  onload_func: 0x6cbfb2e764
04-12 18:43:32.747  6976  6976 D jni_lib_merge: Preparing to register libturbomodulejsijni_so.  onload_func: 0x6cbfc46f68
04-12 18:43:32.747  6976  6976 D jni_lib_merge: Preparing to register libuimanagerjni_so.  onload_func: 0x6cbfc5ffb8
04-12 18:43:32.747  6976  6976 D jni_lib_merge: Preparing to register libyoga_so.  onload_func: 0x6cbfc6fa3c
04-12 18:43:32.747  6976  6976 D jni_lib_merge: About to register 11 actual methods.
04-12 18:43:32.756  6976  6976 D Detox.RNMarker: BUILD_REACT_INSTANCE_MANAGER_START (null)
04-12 18:43:32.759  6976  6976 D Detox.RNMarker: BUILD_REACT_INSTANCE_MANAGER_END (null)
04-12 18:43:32.759  6976  6976 W SoLoader: SoLoader already initialized
04-12 18:43:32.776  6976  6976 D jni_lib_merge: Entering merged library JNI_OnLoad.
04-12 18:43:32.777  6976  6976 D jni_lib_merge: Preparing 4 pre-merged libs (including stub)
04-12 18:43:32.777  6976  6976 D jni_lib_merge: Preparing to register libhermes_executor_so.  onload_func: 0x6cbb6757e0
04-12 18:43:32.777  6976  6976 D jni_lib_merge: Preparing to register libhermesinstancejni_so.  onload_func: 0x6cbb6ab26c
04-12 18:43:32.777  6976  6976 D jni_lib_merge: Preparing to register libjsijniprofiler_so.  onload_func: 0x6cbb6ad2bc
04-12 18:43:32.777  6976  6976 D jni_lib_merge: About to register 3 actual methods.
04-12 18:43:32.778  6976  6976 W SoLoader: SoLoader already initialized
04-12 18:43:32.779  6976  7026 D libEGL  : loaded /vendor/lib64/egl/libGLESv2_emulation.so
04-12 18:43:32.800  6976  6976 W vindra.comparez: Accessing hidden method Landroid/view/ViewGroup;->makeOptionalFitsSystemWindows()V (unsupported, reflection, allowed)
04-12 18:43:32.802  6976  6976 D LifecycleMonitor: Lifecycle status change: com.panviravindra.comparez.MainActivity@ae286b3 in: CREATED
04-12 18:43:32.802  6976  6976 D LifecycleMonitor: Lifecycle status change: com.panviravindra.comparez.MainActivity@ae286b3 in: STARTED
04-12 18:43:32.803  6976  6976 D LifecycleMonitor: Lifecycle status change: com.panviravindra.comparez.MainActivity@ae286b3 in: RESUMED
04-12 18:43:32.804  6976  6976 D CompatibilityChangeReporter: Compat change id reported: 237531167; UID 10201; state: DISABLED
04-12 18:43:32.805  6976  6976 W OpenGLRenderer: Unknown dataspace 0
04-12 18:43:32.807  6976  7032 D TrafficStats: tagSocket(94) with statsTag=0xffffffff, statsUid=-1
04-12 18:43:32.814  6976  7033 D TrafficStats: tagSocket(97) with statsTag=0xffffffff, statsUid=-1
04-12 18:43:32.820  6976  6976 W unknown:ReactNative: Packager connection already open, nooping.
04-12 18:43:32.826  6976  7023 W OpenGLRenderer: Failed to choose config with EGL_SWAP_BEHAVIOR_PRESERVED, retrying without...
04-12 18:43:32.826  6976  7023 W OpenGLRenderer: Failed to initialize 101010-2 format, error = EGL_SUCCESS
04-12 18:43:32.833  6976  7035 D TrafficStats: tagSocket(102) with statsTag=0xffffffff, statsUid=-1
04-12 18:43:32.834  6976  7023 I Gralloc4: mapper 4.x is not supported
04-12 18:43:32.838  6976  7023 E OpenGLRenderer: Unable to match the desired swap behavior.
04-12 18:43:32.846  6976  6976 D Detox.RNMarker: DOWNLOAD_START (null)
04-12 18:43:32.850  6976  6976 D CompatibilityChangeReporter: Compat change id reported: 210923482; UID 10201; state: ENABLED
04-12 18:43:32.900  6976  7023 E OpenGLRenderer: Unable to match the desired swap behavior.
04-12 18:43:33.102  6976  6976 W WindowOnBackDispatcher: sendCancelIfRunning: isInProgress=falsecallback=android.view.ViewRootImpl$$ExternalSyntheticLambda17@4073f69
04-12 18:43:33.104  6976  7032 D Detox.RNMarker: DOWNLOAD_END ({"url":"http:\/\/10.0.2.2:8081\/.expo\/.virtual-metro-entry.bundle?platform=android&dev=true&lazy=true&minify=false&app=com.panviravindra.comparez&modulesOnly=false&runModule=true&excludeSource=true&sourcePaths=url-server","filesChangedCount":0})
04-12 18:43:33.104  6976  6976 D Detox.RNMarker: REACT_BRIDGE_LOADING_START (null)
04-12 18:43:33.105  6976  7043 D Detox.RNMarker: CREATE_REACT_CONTEXT_START (HermesExecutorDebug)
04-12 18:43:33.105  6976  7043 D Detox.RNMarker: PROCESS_PACKAGES_START (null)
04-12 18:43:33.107  6976  7043 D Detox.RNMarker: CREATE_MODULE_START (FrescoModule)
04-12 18:43:33.107  6976  7043 D Detox.RNMarker: CREATE_MODULE_END (FrescoModule)
04-12 18:43:33.145  6976  7043 I ExpoModulesCore: ✅ AppContext was initialized
04-12 18:43:33.145  6976  7043 D Detox.RNMarker: PROCESS_PACKAGES_END (null)
04-12 18:43:33.146  6976  7043 D Detox.RNMarker: CREATE_CATALYST_INSTANCE_START (null)
04-12 18:43:33.148  6976  7043 D Detox.RNMarker: CREATE_CATALYST_INSTANCE_END (null)
04-12 18:43:33.149  6976  7043 D Detox.RNMarker: PRE_RUN_JS_BUNDLE_START (null)
04-12 18:43:33.149  6976  7048 D Detox.RNMarker: CREATE_REACT_CONTEXT_END (null)
04-12 18:43:33.149  6976  7048 D Detox.RNMarker: RUN_JS_BUNDLE_START (/.virtual-metro-entry.bundle?platform=android&dev=true&lazy=true&minify=false&app=com.panviravindra.comparez&modulesOnly=false&runModule=true&excludeSource=true&sourcePaths=url-server)
04-12 18:43:33.154  6976  6976 W unknown:ReactNative: Packager connection already open, nooping.
04-12 18:43:33.154  6976  7049 D Detox.RNMarker: CREATE_MODULE_START (UIManager)
04-12 18:43:33.175  6976  7049 W unknown:ViewManagerPropertyUpdater: Could not find generated setter for class com.facebook.react.views.debuggingoverlay.DebuggingOverlayManager
04-12 18:43:33.177  6976  7049 W unknown:ViewManagerPropertyUpdater: Could not find generated setter for class com.facebook.react.uimanager.LayoutShadowNode
04-12 18:43:33.179  6976  7049 W unknown:ViewManagerPropertyUpdater: Could not find generated setter for class com.facebook.react.views.drawer.ReactDrawerLayoutManager
04-12 18:43:33.183  6976  7049 W unknown:ViewManagerPropertyUpdater: Could not find generated setter for class com.facebook.react.views.scroll.ReactHorizontalScrollViewManager
04-12 18:43:33.185  6976  7049 W unknown:ViewManagerPropertyUpdater: Could not find generated setter for class com.facebook.react.views.scroll.ReactHorizontalScrollContainerViewManager
04-12 18:43:33.186  6976  7049 W unknown:ViewManagerPropertyUpdater: Could not find generated setter for class com.facebook.react.views.progressbar.ReactProgressBarViewManager
04-12 18:43:33.187  6976  7049 W unknown:ViewManagerPropertyUpdater: Could not find generated setter for class com.facebook.react.views.progressbar.ProgressBarShadowNode
04-12 18:43:33.191  6976  7049 W unknown:ViewManagerPropertyUpdater: Could not find generated setter for class com.facebook.react.views.scroll.ReactScrollViewManager
04-12 18:43:33.193  6976  7049 W unknown:ViewManagerPropertyUpdater: Could not find generated setter for class com.facebook.react.views.switchview.ReactSwitchManager
04-12 18:43:33.193  6976  7049 W unknown:ViewManagerPropertyUpdater: Could not find generated setter for class com.facebook.react.views.switchview.ReactSwitchShadowNode
04-12 18:43:33.193  6976  7049 W unknown:ViewManagerPropertyUpdater: Could not find generated setter for class com.facebook.react.views.safeareaview.ReactSafeAreaViewManager
04-12 18:43:33.194  6976  7049 W unknown:ViewManagerPropertyUpdater: Could not find generated setter for class com.facebook.react.views.safeareaview.ReactSafeAreaViewShadowNode
04-12 18:43:33.194  6976  7049 W unknown:ViewManagerPropertyUpdater: Could not find generated setter for class com.facebook.react.views.swiperefresh.SwipeRefreshLayoutManager
04-12 18:43:33.197  6976  7049 W unknown:ViewManagerPropertyUpdater: Could not find generated setter for class com.facebook.react.views.text.frescosupport.FrescoBasedReactTextInlineImageViewManager
04-12 18:43:33.197  6976  7049 W unknown:ViewManagerPropertyUpdater: Could not find generated setter for class com.facebook.react.views.text.frescosupport.FrescoBasedReactTextInlineImageShadowNode
04-12 18:43:33.198  6976  7049 W unknown:ViewManagerPropertyUpdater: Could not find generated setter for class com.facebook.react.views.image.ReactImageManager
04-12 18:43:33.199  6976  7049 W unknown:ViewManagerPropertyUpdater: Could not find generated setter for class com.facebook.react.views.modal.ReactModalHostManager
04-12 18:43:33.201  6976  7049 W unknown:ViewManagerPropertyUpdater: Could not find generated setter for class com.facebook.react.views.text.ReactRawTextManager
04-12 18:43:33.201  6976  7049 W unknown:ViewManagerPropertyUpdater: Could not find generated setter for class com.facebook.react.views.text.ReactRawTextShadowNode
04-12 18:43:33.202  6976  7049 W unknown:ViewManagerPropertyUpdater: Could not find generated setter for class com.facebook.react.views.textinput.ReactTextInputManager
04-12 18:43:33.204  6976  7049 W unknown:ViewManagerPropertyUpdater: Could not find generated setter for class com.facebook.react.views.textinput.ReactTextInputShadowNode
04-12 18:43:33.212  6976  7049 W unknown:ViewManagerPropertyUpdater: Could not find generated setter for class com.facebook.react.views.text.ReactTextViewManager
04-12 18:43:33.213  6976  7049 W unknown:ViewManagerPropertyUpdater: Could not find generated setter for class com.facebook.react.views.text.ReactTextShadowNode
04-12 18:43:33.213  6976  7049 W unknown:ViewManagerPropertyUpdater: Could not find generated setter for class com.facebook.react.views.view.ReactViewManager
04-12 18:43:33.214  6976  7049 W unknown:ViewManagerPropertyUpdater: Could not find generated setter for class com.facebook.react.views.text.ReactVirtualTextViewManager
04-12 18:43:33.214  6976  7049 W unknown:ViewManagerPropertyUpdater: Could not find generated setter for class com.facebook.react.views.text.ReactVirtualTextShadowNode
04-12 18:43:33.214  6976  7049 W unknown:ViewManagerPropertyUpdater: Could not find generated setter for class com.facebook.react.views.unimplementedview.ReactUnimplementedViewManager
04-12 18:43:33.215  6976  7049 W unknown:ViewManagerPropertyUpdater: Could not find generated setter for class expo.modules.kotlin.views.GroupViewManagerWrapper
04-12 18:43:33.217  6976  7049 W unknown:ViewManagerPropertyUpdater: Could not find generated setter for class expo.modules.kotlin.views.SimpleViewManagerWrapper
04-12 18:43:33.224  6976  7049 W unknown:ViewManagerPropertyUpdater: Could not find generated setter for class com.th3rdwave.safeareacontext.SafeAreaProviderManager
04-12 18:43:33.225  6976  7049 W unknown:ViewManagerPropertyUpdater: Could not find generated setter for class com.th3rdwave.safeareacontext.SafeAreaViewManager
04-12 18:43:33.225  6976  7049 W unknown:ViewManagerPropertyUpdater: Could not find generated setter for class com.th3rdwave.safeareacontext.SafeAreaViewShadowNode
04-12 18:43:33.226  6976  7049 W unknown:ViewManagerPropertyUpdater: Could not find generated setter for class com.swmansion.rnscreens.ScreenContainerViewManager
04-12 18:43:33.227  6976  7049 W unknown:ViewManagerPropertyUpdater: Could not find generated setter for class com.swmansion.rnscreens.ScreenViewManager
04-12 18:43:33.228  6976  7049 W unknown:ViewManagerPropertyUpdater: Could not find generated setter for class com.swmansion.rnscreens.ModalScreenViewManager
04-12 18:43:33.228  6976  7049 W unknown:ViewManagerPropertyUpdater: Could not find generated setter for class com.swmansion.rnscreens.ScreenStackViewManager
04-12 18:43:33.229  6976  7049 W unknown:ViewManagerPropertyUpdater: Could not find generated setter for class com.swmansion.rnscreens.ScreenStackHeaderConfigViewManager
04-12 18:43:33.235  6976  7049 W unknown:ViewManagerPropertyUpdater: Could not find generated setter for class com.swmansion.rnscreens.ScreenStackHeaderSubviewManager
04-12 18:43:33.235  6976  7049 W unknown:ViewManagerPropertyUpdater: Could not find generated setter for class com.swmansion.rnscreens.SearchBarManager
04-12 18:43:33.236  6976  7049 W unknown:ViewManagerPropertyUpdater: Could not find generated setter for class com.swmansion.rnscreens.ScreenFooterManager
04-12 18:43:33.236  6976  7049 W unknown:ViewManagerPropertyUpdater: Could not find generated setter for class com.swmansion.rnscreens.ScreenContentWrapperManager
04-12 18:43:33.237  6976  7049 W unknown:ViewManagerPropertyUpdater: Could not find generated setter for class com.swmansion.rnscreens.gamma.tabs.TabsHostViewManager
04-12 18:43:33.238  6976  7049 W unknown:ViewManagerPropertyUpdater: Could not find generated setter for class com.swmansion.rnscreens.gamma.tabs.TabScreenViewManager
04-12 18:43:33.239  6976  7049 W unknown:ViewManagerPropertyUpdater: Could not find generated setter for class com.reactnativecommunity.webview.RNCWebViewManager
04-12 18:43:33.242  6976  7049 D Detox.RNMarker: CREATE_MODULE_END (UIManager)
04-12 18:43:33.256  6976  7049 D Detox.RNMarker: REACT_BRIDGE_LOADING_END (null)
04-12 18:43:33.260  6976  6976 I DetoxRNLoading: Got new RN-context directly through listener
04-12 18:43:33.260  6976  7007 I DetoxRNIdleRes: Setting up Espresso Idling Resources for React Native
04-12 18:43:33.261  6976  6976 I Detox   : PATCHED FACTORY: Disabling all idling resources for RN 0.81 compatibility
04-12 18:43:33.261  6976  7010 W vindra.comparez: Long monitor contention with owner Instr: androidx.test.runner.AndroidJUnitRunner (7007) at void com.wix.detox.DetoxMain.launchActivityOnCue(android.content.Context, com.wix.detox.ActivityLaunchHelper)(DetoxMain.kt:53) waiters=0 in void com.wix.detox.DetoxMain$setupActionHandlers$SynchronizedActionHandler.handle(java.lang.String, long) for 578ms
04-12 18:43:33.262  6976  6976 W vindra.comparez: Accessing hidden method Landroid/os/MessageQueue;->next()Landroid/os/Message; (unsupported, reflection, allowed)
04-12 18:43:33.262  6976  6976 W vindra.comparez: Accessing hidden field Landroid/os/MessageQueue;->mMessages:Landroid/os/Message; (unsupported, reflection, allowed)
04-12 18:43:33.262  6976  6976 W vindra.comparez: Accessing hidden method Landroid/os/Message;->recycleUnchecked()V (unsupported, reflection, allowed)
04-12 18:43:33.274  6976  7048 D Detox.RNMarker: NATIVE_MODULE_SETUP_START (NativePerformanceCxx)
04-12 18:43:33.276  6976  7048 D Detox.RNMarker: NATIVE_MODULE_SETUP_START (PlatformConstants)
04-12 18:43:33.276  6976  7048 D Detox.RNMarker: CREATE_MODULE_START (PlatformConstants)
04-12 18:43:33.277  6976  7048 D Detox.RNMarker: CREATE_MODULE_END (PlatformConstants)
04-12 18:43:33.278  6976  7048 D Detox.RNMarker: NATIVE_MODULE_SETUP_END (PlatformConstants)
04-12 18:43:33.281  6976  7048 D Detox.RNMarker: NATIVE_MODULE_SETUP_START (DevSettings)
04-12 18:43:33.281  6976  7048 D Detox.RNMarker: CREATE_MODULE_START (DevSettings)
04-12 18:43:33.281  6976  7048 D Detox.RNMarker: CREATE_MODULE_END (DevSettings)
04-12 18:43:33.282  6976  7048 D Detox.RNMarker: NATIVE_MODULE_SETUP_END (DevSettings)
04-12 18:43:33.282  6976  7048 D Detox.RNMarker: NATIVE_MODULE_SETUP_START (LogBox)
04-12 18:43:33.282  6976  7048 D Detox.RNMarker: CREATE_MODULE_START (LogBox)
04-12 18:43:33.282  6976  7048 D Detox.RNMarker: CREATE_MODULE_END (LogBox)
04-12 18:43:33.282  6976  7048 D Detox.RNMarker: NATIVE_MODULE_SETUP_END (LogBox)
04-12 18:43:33.283  6976  7048 D Detox.RNMarker: NATIVE_MODULE_SETUP_START (SourceCode)
04-12 18:43:33.283  6976  7048 D Detox.RNMarker: CREATE_MODULE_START (SourceCode)
04-12 18:43:33.283  6976  7048 D Detox.RNMarker: CREATE_MODULE_END (SourceCode)
04-12 18:43:33.283  6976  7048 D Detox.RNMarker: NATIVE_MODULE_SETUP_END (SourceCode)
04-12 18:43:33.297  6976  7048 D Detox.RNMarker: NATIVE_MODULE_SETUP_START (Timing)
04-12 18:43:33.297  6976  7048 D Detox.RNMarker: CREATE_MODULE_START (Timing)
04-12 18:43:33.298  6976  7048 D Detox.RNMarker: CREATE_MODULE_END (Timing)
04-12 18:43:33.298  6976  7048 D Detox.RNMarker: NATIVE_MODULE_SETUP_END (Timing)
04-12 18:43:33.302  6976  7048 D Detox.RNMarker: NATIVE_MODULE_SETUP_START (ReactDevToolsSettingsManager)
04-12 18:43:33.302  6976  7048 D Detox.RNMarker: CREATE_MODULE_START (ReactDevToolsSettingsManager)
04-12 18:43:33.302  6976  7048 D Detox.RNMarker: CREATE_MODULE_END (ReactDevToolsSettingsManager)
04-12 18:43:33.303  6976  7048 D Detox.RNMarker: NATIVE_MODULE_SETUP_END (ReactDevToolsSettingsManager)
04-12 18:43:33.303  6976  7048 D Detox.RNMarker: NATIVE_MODULE_SETUP_START (ReactDevToolsRuntimeSettingsModule)
04-12 18:43:33.303  6976  7048 D Detox.RNMarker: CREATE_MODULE_START (ReactDevToolsRuntimeSettingsModule)
04-12 18:43:33.303  6976  7048 D Detox.RNMarker: CREATE_MODULE_END (ReactDevToolsRuntimeSettingsModule)
04-12 18:43:33.303  6976  7048 D Detox.RNMarker: NATIVE_MODULE_SETUP_END (ReactDevToolsRuntimeSettingsModule)
04-12 18:43:33.307  6976  7048 D Detox.RNMarker: NATIVE_MODULE_SETUP_START (NativeReactNativeFeatureFlagsCxx)
04-12 18:43:33.309  6976  7048 D Detox.RNMarker: NATIVE_MODULE_SETUP_START (AppState)
04-12 18:43:33.315  6976  7048 D Detox.RNMarker: CREATE_MODULE_START (AppState)
04-12 18:43:33.316  6976  7048 D Detox.RNMarker: CREATE_MODULE_END (AppState)
04-12 18:43:33.316  6976  7048 D Detox.RNMarker: NATIVE_MODULE_SETUP_END (AppState)
04-12 18:43:33.320  6976  7048 D Detox.RNMarker: NATIVE_MODULE_SETUP_START (BlobModule)
04-12 18:43:33.320  6976  7048 D Detox.RNMarker: CREATE_MODULE_START (BlobModule)
04-12 18:43:33.320  6976  7048 D Detox.RNMarker: CREATE_MODULE_END (BlobModule)
04-12 18:43:33.321  6976  7048 D Detox.RNMarker: NATIVE_MODULE_SETUP_END (BlobModule)
04-12 18:43:33.321  6976  7048 D Detox.RNMarker: NATIVE_MODULE_SETUP_START (WebSocketModule)
04-12 18:43:33.322  6976  7048 D Detox.RNMarker: CREATE_MODULE_START (WebSocketModule)
04-12 18:43:33.322  6976  7048 D Detox.RNMarker: CREATE_MODULE_END (WebSocketModule)
04-12 18:43:33.322  6976  7048 D Detox.RNMarker: NATIVE_MODULE_SETUP_END (WebSocketModule)
04-12 18:43:33.344  6976  7049 I WebViewFactory: Loading com.google.android.webview version 113.0.5672.136 (code 567263634)
04-12 18:43:33.350  6976  7049 W ziparchive: Unable to open '/data/app/~~rGDTFsEgVNAQR7v9a9DBnw==/com.google.android.trichromelibrary_567263634-3Q4C4Nt6E9KMMziAv9ANGg==/TrichromeLibrary.dm': No such file or directory
04-12 18:43:33.350  6976  7049 W ziparchive: Unable to open '/data/app/~~rGDTFsEgVNAQR7v9a9DBnw==/com.google.android.trichromelibrary_567263634-3Q4C4Nt6E9KMMziAv9ANGg==/TrichromeLibrary.dm': No such file or directory
04-12 18:43:33.350  6976  7049 W vindra.comparez: Entry not found
04-12 18:43:33.353  6976  7048 D Detox.RNMarker: NATIVE_MODULE_SETUP_START (RedBox)
04-12 18:43:33.359  6976  7049 D nativeloader: Configuring clns-9 for other apk /data/app/~~rGDTFsEgVNAQR7v9a9DBnw==/com.google.android.trichromelibrary_567263634-3Q4C4Nt6E9KMMziAv9ANGg==/TrichromeLibrary.apk. target_sdk_version=34, uses_libraries=ALL, library_path=/data/app/~~Yw2cewKRy1ALIz8qfFlwsw==/com.google.android.webview-CDaciHExabTqd-t8TQiv4Q==/lib/arm64:/data/app/~~Yw2cewKRy1ALIz8qfFlwsw==/com.google.android.webview-CDaciHExabTqd-t8TQiv4Q==/WebViewGoogle.apk!/lib/arm64-v8a:/data/app/~~rGDTFsEgVNAQR7v9a9DBnw==/com.google.android.trichromelibrary_567263634-3Q4C4Nt6E9KMMziAv9ANGg==/TrichromeLibrary.apk!/lib/arm64-v8a, permitted_path=/data:/mnt/expand
04-12 18:43:33.367  6976  7049 D nativeloader: Configuring clns-10 for other apk /data/app/~~Yw2cewKRy1ALIz8qfFlwsw==/com.google.android.webview-CDaciHExabTqd-t8TQiv4Q==/WebViewGoogle.apk. target_sdk_version=34, uses_libraries=, library_path=/data/app/~~Yw2cewKRy1ALIz8qfFlwsw==/com.google.android.webview-CDaciHExabTqd-t8TQiv4Q==/lib/arm64:/data/app/~~Yw2cewKRy1ALIz8qfFlwsw==/com.google.android.webview-CDaciHExabTqd-t8TQiv4Q==/WebViewGoogle.apk!/lib/arm64-v8a:/data/app/~~rGDTFsEgVNAQR7v9a9DBnw==/com.google.android.trichromelibrary_567263634-3Q4C4Nt6E9KMMziAv9ANGg==/TrichromeLibrary.apk!/lib/arm64-v8a, permitted_path=/data:/mnt/expand
04-12 18:43:33.384  6976  7048 D Detox.RNMarker: NATIVE_MODULE_SETUP_START (Networking)
04-12 18:43:33.388  6976  7048 D Detox.RNMarker: CREATE_MODULE_START (Networking)
04-12 18:43:33.389  6976  7048 D Detox.RNMarker: CREATE_MODULE_END (Networking)
04-12 18:43:33.395  6976  7048 D Detox.RNMarker: NATIVE_MODULE_SETUP_END (Networking)
04-12 18:43:33.396  6976  7048 D Detox.RNMarker: NATIVE_MODULE_SETUP_START (DevLoadingView)
04-12 18:43:33.396  6976  7048 D Detox.RNMarker: CREATE_MODULE_START (DevLoadingView)
04-12 18:43:33.396  6976  7048 D Detox.RNMarker: CREATE_MODULE_END (DevLoadingView)
04-12 18:43:33.396  6976  7048 D Detox.RNMarker: NATIVE_MODULE_SETUP_END (DevLoadingView)
04-12 18:43:33.397  6976  7048 D Detox.RNMarker: NATIVE_MODULE_SETUP_START (HeadlessJsTaskSupport)
04-12 18:43:33.401  6976  7048 D Detox.RNMarker: CREATE_MODULE_START (HeadlessJsTaskSupport)
04-12 18:43:33.401  6976  7048 D Detox.RNMarker: CREATE_MODULE_END (HeadlessJsTaskSupport)
04-12 18:43:33.401  6976  7048 D Detox.RNMarker: NATIVE_MODULE_SETUP_END (HeadlessJsTaskSupport)
04-12 18:43:33.411  6976  7049 W vindra.comparez: Accessing hidden method Landroid/os/Trace;->isTagEnabled(J)Z (unsupported, reflection, allowed)
04-12 18:43:33.411  6976  7049 W vindra.comparez: Accessing hidden method Landroid/os/Trace;->traceBegin(JLjava/lang/String;)V (unsupported, reflection, allowed)
04-12 18:43:33.411  6976  7049 W vindra.comparez: Accessing hidden method Landroid/os/Trace;->traceEnd(J)V (unsupported, reflection, allowed)
04-12 18:43:33.411  6976  7049 W vindra.comparez: Accessing hidden method Landroid/os/Trace;->asyncTraceBegin(JLjava/lang/String;I)V (unsupported, reflection, allowed)
04-12 18:43:33.411  6976  7049 W vindra.comparez: Accessing hidden method Landroid/os/Trace;->asyncTraceEnd(JLjava/lang/String;I)V (unsupported, reflection, allowed)
04-12 18:43:33.413  6976  7048 D Detox.RNMarker: NATIVE_MODULE_SETUP_START (DeviceInfo)
04-12 18:43:33.413  6976  7048 D Detox.RNMarker: CREATE_MODULE_START (DeviceInfo)
04-12 18:43:33.413  6976  7048 D Detox.RNMarker: CREATE_MODULE_END (DeviceInfo)
04-12 18:43:33.414  6976  7048 D Detox.RNMarker: NATIVE_MODULE_SETUP_END (DeviceInfo)
04-12 18:43:33.415  6976  7049 I cr_WVCFactoryProvider: Loaded version=113.0.5672.136 minSdkVersion=29 isBundle=false multiprocess=true packageId=2
04-12 18:43:33.418  6976  7048 D Detox.RNMarker: NATIVE_MODULE_SETUP_START (UIManager)
04-12 18:43:33.445  6976  7049 I cr_LibraryLoader: Successfully loaded native library
04-12 18:43:33.458  6976  7049 I cr_CachingUmaRecorder: Flushed 8 samples from 8 histograms.
04-12 18:43:33.459  6976  7061 I cr_VariationsUtils: Failed reading seed file "/data/user/0/com.panviravindra.comparez/app_webview/variations_seed_new"
04-12 18:43:33.459  6976  7061 I cr_VariationsUtils: Failed reading seed file "/data/user/0/com.panviravindra.comparez/app_webview/variations_seed"
04-12 18:43:33.469  6976  7064 D TrafficStats: tagSocket(136) with statsTag=0xffffffff, statsUid=-1
04-12 18:43:33.493  6976  7048 D Detox.RNMarker: NATIVE_MODULE_SETUP_END (UIManager)
04-12 18:43:33.501  6976  7048 D Detox.RNMarker: NATIVE_MODULE_SETUP_START (SoundManager)
04-12 18:43:33.502  6976  7048 D Detox.RNMarker: CREATE_MODULE_START (SoundManager)
04-12 18:43:33.502  6976  7048 D Detox.RNMarker: CREATE_MODULE_END (SoundManager)
04-12 18:43:33.502  6976  7048 D Detox.RNMarker: NATIVE_MODULE_SETUP_END (SoundManager)
04-12 18:43:33.508  6976  7048 D Detox.RNMarker: NATIVE_MODULE_SETUP_START (ImageLoader)
04-12 18:43:33.508  6976  7048 D Detox.RNMarker: CREATE_MODULE_START (ImageLoader)
04-12 18:43:33.508  6976  7048 D Detox.RNMarker: CREATE_MODULE_END (ImageLoader)
04-12 18:43:33.509  6976  7048 D Detox.RNMarker: NATIVE_MODULE_SETUP_END (ImageLoader)
04-12 18:43:33.509  6976  7048 D Detox.RNMarker: NATIVE_MODULE_SETUP_START (IntentAndroid)
04-12 18:43:33.509  6976  7048 D Detox.RNMarker: CREATE_MODULE_START (IntentAndroid)
04-12 18:43:33.510  6976  7048 D Detox.RNMarker: CREATE_MODULE_END (IntentAndroid)
04-12 18:43:33.510  6976  7048 D Detox.RNMarker: NATIVE_MODULE_SETUP_END (IntentAndroid)
04-12 18:43:33.510  6976  7048 D Detox.RNMarker: NATIVE_MODULE_SETUP_START (LinkingManager)
04-12 18:43:33.511  6976  7048 D Detox.RNMarker: NATIVE_MODULE_SETUP_START (DeviceEventManager)
04-12 18:43:33.511  6976  7048 D Detox.RNMarker: CREATE_MODULE_START (DeviceEventManager)
04-12 18:43:33.511  6976  7048 D Detox.RNMarker: CREATE_MODULE_END (DeviceEventManager)
04-12 18:43:33.512  6976  7048 D Detox.RNMarker: NATIVE_MODULE_SETUP_END (DeviceEventManager)
04-12 18:43:33.515  6976  7048 D Detox.RNMarker: NATIVE_MODULE_SETUP_START (NativeUnimoduleProxy)
04-12 18:43:33.520  6976  7048 I ExpoModulesCore: ✅ JSI interop was installed
04-12 18:43:33.522  6976  7048 I ExpoModulesCore: ✅ Constants were exported
04-12 18:43:33.522  6976  7048 D Detox.RNMarker: NATIVE_MODULE_SETUP_END (NativeUnimoduleProxy)
04-12 18:43:33.527  6976  7048 D Detox.RNMarker: NATIVE_MODULE_SETUP_START (ExpoUpdates)
04-12 18:43:33.527  6976  7048 D Detox.RNMarker: NATIVE_MODULE_SETUP_START (EXDevLauncher)
04-12 18:43:33.528  6976  7048 D Detox.RNMarker: NATIVE_MODULE_SETUP_START (ExpoUpdates)
04-12 18:43:33.528  6976  7048 D Detox.RNMarker: NATIVE_MODULE_SETUP_START (ExpoGo)
04-12 18:43:33.529  6976  7048 D Detox.RNMarker: NATIVE_MODULE_SETUP_START (ExpoGo)
04-12 18:43:33.540  6976  7048 D Detox.RNMarker: NATIVE_MODULE_SETUP_START (EXDevLauncher)
04-12 18:43:33.547  6976  7065 D TrafficStats: tagSocket(136) with statsTag=0xffffffff, statsUid=-1
04-12 18:43:33.572  6976  7048 D Detox.RNMarker: NATIVE_MODULE_SETUP_START (NativeAnimatedModule)
04-12 18:43:33.573  6976  7048 D Detox.RNMarker: CREATE_MODULE_START (NativeAnimatedModule)
04-12 18:43:33.573  6976  7048 D Detox.RNMarker: CREATE_MODULE_END (NativeAnimatedModule)
04-12 18:43:33.574  6976  7048 D Detox.RNMarker: NATIVE_MODULE_SETUP_END (NativeAnimatedModule)
04-12 18:43:33.584  6976  7048 D Detox.RNMarker: NATIVE_MODULE_SETUP_START (RNCSafeAreaContext)
04-12 18:43:33.584  6976  7048 D Detox.RNMarker: CREATE_MODULE_START (RNCSafeAreaContext)
04-12 18:43:33.584  6976  7048 D Detox.RNMarker: CREATE_MODULE_END (RNCSafeAreaContext)
04-12 18:43:33.584  6976  7048 D Detox.RNMarker: NATIVE_MODULE_SETUP_END (RNCSafeAreaContext)
04-12 18:43:33.589  6976  7048 D Detox.RNMarker: NATIVE_MODULE_SETUP_START (RNSModule)
04-12 18:43:33.589  6976  7048 D Detox.RNMarker: CREATE_MODULE_START (RNSModule)
04-12 18:43:33.590  6976  7048 D Detox.RNMarker: CREATE_MODULE_END (RNSModule)
04-12 18:43:33.591  6976  7048 D Detox.RNMarker: NATIVE_MODULE_SETUP_START (RNEdgeToEdge)
04-12 18:43:33.600  6976  7048 D Detox.RNMarker: NATIVE_MODULE_SETUP_START (RNVectorIconsManager)
04-12 18:43:33.600  6976  7048 D Detox.RNMarker: NATIVE_MODULE_SETUP_START (RNVectorIconsModule)
04-12 18:43:33.600  6976  7048 D Detox.RNMarker: NATIVE_MODULE_SETUP_START (RNVectorIconsManager)
04-12 18:43:33.600  6976  7048 D Detox.RNMarker: NATIVE_MODULE_SETUP_START (RNVectorIconsModule)
04-12 18:43:33.920  6976  7048 D Detox.RNMarker: NATIVE_MODULE_SETUP_START (PlatformLocalStorage)
04-12 18:43:33.921  6976  7048 D Detox.RNMarker: NATIVE_MODULE_SETUP_START (RNC_AsyncSQLiteDBStorage)
04-12 18:43:33.922  6976  7048 D Detox.RNMarker: NATIVE_MODULE_SETUP_START (RNCAsyncStorage)
04-12 18:43:33.923  6976  7048 D Detox.RNMarker: CREATE_MODULE_START (RNCAsyncStorage)
04-12 18:43:33.927  6976  7048 V AsyncStorageExpoMigration: No scoped database found
04-12 18:43:33.928  6976  7048 D Detox.RNMarker: CREATE_MODULE_END (RNCAsyncStorage)
04-12 18:43:33.930  6976  7048 D Detox.RNMarker: NATIVE_MODULE_SETUP_END (RNCAsyncStorage)
04-12 18:43:33.938  6976  7048 D Detox.RNMarker: NATIVE_MODULE_SETUP_START (RNCWebViewModule)
04-12 18:43:33.939  6976  7048 D Detox.RNMarker: CREATE_MODULE_START (RNCWebViewModule)
04-12 18:43:33.940  6976  7048 D Detox.RNMarker: CREATE_MODULE_END (RNCWebViewModule)
04-12 18:43:33.941  6976  7048 D Detox.RNMarker: NATIVE_MODULE_SETUP_END (RNCWebViewModule)
04-12 18:43:34.052  6976  7048 D Detox.RNMarker: RUN_JS_BUNDLE_END (/.virtual-metro-entry.bundle?platform=android&dev=true&lazy=true&minify=false&app=com.panviravindra.comparez&modulesOnly=false&runModule=true&excludeSource=true&sourcePaths=url-server)
04-12 18:43:34.063  6976  7048 I ReactNativeJS: Running "main" with {"rootTag":11}
04-12 18:43:34.076  6976  7066 D TrafficStats: tagSocket(122) with statsTag=0xffffffff, statsUid=-1
04-12 18:43:34.436  6976  6976 W UiControllerImpl: Waiting for: DYNAMIC_TASKS_HAVE_IDLED for 100 iterations.
04-12 18:43:34.568  6976  7048 W ReactNativeJS: The app is running using the Legacy Architecture. The Legacy Architecture is deprecated and will be removed in a future version of React Native. Please consider migrating to the New Architecture. For more information, please see https://reactnative.dev/blog/2024/10/23/the-new-architecture-is-here
04-12 18:43:34.903  6976  6976 D Detox.RNMarker: CONTENT_APPEARED (main)
04-12 18:43:34.925  6976  7049 D CompatibilityChangeReporter: Compat change id reported: 289878283; UID 10201; state: ENABLED
04-12 18:43:34.996  6976  7023 D EGL_emulation: app_time_stats: avg=1075.46ms min=95.20ms max=2055.73ms count=2
04-12 18:43:35.112  6976  7067 W vindra.comparez: Verification of void com.facebook.imagepipeline.producers.MultiplexProducer$Multiplexer$1.onCancellationRequested() took 144.931ms (814.18 bytecodes/s) (3960B approximate peak alloc)
04-12 18:43:35.142  6976  6976 I Detox   : Wait is over: App is now idle!
04-12 18:43:35.143  6976  7010 I DetoxWSClient: Sending out action 'ready' (ID #-1000)
04-12 18:43:35.144  6976  7010 I DetoxDispatcher: Done with action 'isReady'
04-12 18:43:35.150  6976  7068 D TrafficStats: tagSocket(140) with statsTag=0xffffffff, statsUid=-1
04-12 18:43:35.160  6976  7014 D DetoxWSClient: Received action 'invoke' (ID #2, params={"target":{"type":"Class","value":"com.wix.detox.espresso.DetoxAssertion"},"method":"assertMatcher","args":[{"type":"Invocation","value":{"target":{"type":"Class","value":"androidx.test.espresso.Espresso"},"method":"onView","args":[{"type":"Invocation","value":{"target":{"type":"Class","value":"com.wix.detox.espresso.DetoxMatcher"},"method":"matcherForTestId","args":["homeSearchCta",{"type":"boolean","value":false}]}}]}},{"type":"Invocation","value":{"target":{"type":"Class","value":"com.wix.detox.espresso.DetoxMatcher"},"method":"matcherForSufficientlyVisible","args":[{"type":"Integer","value":75}]}}]})
04-12 18:43:35.184  6976  7010 I DetoxDispatcher: Handling action 'invoke' (ID #2)...
04-12 18:43:35.205  6976  7010 D Detox   : class com.wix.detox.espresso.DetoxMatcher, matcherForTestId, [homeSearchCta, false]
04-12 18:43:35.242  6976  7010 D Detox   : class androidx.test.espresso.Espresso, onView, [(view.getTag() is "homeSearchCta" and view has effective visibility <VISIBLE>)]
04-12 18:43:35.264  6976  7048 D Detox.RNMarker: NATIVE_MODULE_SETUP_START (FileReaderModule)
04-12 18:43:35.265  6976  7048 D Detox.RNMarker: CREATE_MODULE_START (FileReaderModule)
04-12 18:43:35.265  6976  7048 D Detox.RNMarker: CREATE_MODULE_END (FileReaderModule)
04-12 18:43:35.266  6976  7048 D Detox.RNMarker: NATIVE_MODULE_SETUP_END (FileReaderModule)
04-12 18:43:35.267  6976  7010 D CompatibilityChangeReporter: Compat change id reported: 247079863; UID 10201; state: ENABLED
04-12 18:43:35.269  6976  7010 D Detox   : class com.wix.detox.espresso.DetoxMatcher, matcherForSufficientlyVisible, [75]
04-12 18:43:35.271  6976  7010 D Detox   : class com.wix.detox.espresso.DetoxAssertion, assertMatcher, [androidx.test.espresso.ViewInteraction@bbffa86, (view has effective visibility <VISIBLE> and view.getGlobalVisibleRect() covers at least <75> percent of the view's area)]
04-12 18:43:35.355  6976  6976 I ViewInteraction: Checking 'MatchesViewAssertion(Detox){viewMatcher=(view has effective visibility <VISIBLE> and view.getGlobalVisibleRect() covers at least <75> percent of the view's area)}' assertion on view (view.getTag() is "homeSearchCta" and view has effective visibility <VISIBLE>)
04-12 18:43:35.362  6976  7010 I DetoxActionHandlers: Test exception
04-12 18:43:35.362  6976  7010 I DetoxActionHandlers: java.lang.reflect.InvocationTargetException
04-12 18:43:35.362  6976  7010 I DetoxActionHandlers: 	at java.lang.reflect.Method.invoke(Native Method)
04-12 18:43:35.362  6976  7010 I DetoxActionHandlers: 	at org.apache.commons.lang3.reflect.MethodUtils.invokeStaticMethod(MethodUtils.java:443)
04-12 18:43:35.362  6976  7010 I DetoxActionHandlers: 	at org.apache.commons.lang3.reflect.MethodUtils.invokeStaticMethod(MethodUtils.java:405)
04-12 18:43:35.362  6976  7010 I DetoxActionHandlers: 	at com.wix.invoke.types.ClassTarget.execute(ClassTarget.java:23)
04-12 18:43:35.362  6976  7010 I DetoxActionHandlers: 	at com.wix.invoke.types.Target.invoke(Target.java:59)
04-12 18:43:35.362  6976  7010 I DetoxActionHandlers: 	at com.wix.invoke.MethodInvocation.invoke(MethodInvocation.java:35)
04-12 18:43:35.362  6976  7010 I DetoxActionHandlers: 	at com.wix.invoke.MethodInvocation.invoke(MethodInvocation.java:26)
04-12 18:43:35.362  6976  7010 I DetoxActionHandlers: 	at com.wix.invoke.MethodInvocation.invoke(MethodInvocation.java:20)
04-12 18:43:35.362  6976  7010 I DetoxActionHandlers: 	at com.wix.detox.adapters.server.InvokeActionHandler.handle(DetoxActionHandlers.kt:54)
04-12 18:43:35.362  6976  7010 I DetoxActionHandlers: 	at com.wix.detox.adapters.server.ActionsExecutor.executeAction$lambda$2$lambda$1(DetoxActionsDispatcher.kt:76)
04-12 18:43:35.362  6976  7010 I DetoxActionHandlers: 	at com.wix.detox.adapters.server.ActionsExecutor.$r8$lambda$GVbB7LHtBHxNHGbgYnHJ6YrwCqs(Unknown Source:0)
04-12 18:43:35.362  6976  7010 I DetoxActionHandlers: 	at com.wix.detox.adapters.server.ActionsExecutor$$ExternalSyntheticLambda0.run(D8$$SyntheticClass:0)
04-12 18:43:35.362  6976  7010 I DetoxActionHandlers: 	at android.os.Handler.handleCallback(Handler.java:958)
04-12 18:43:35.362  6976  7010 I DetoxActionHandlers: 	at android.os.Handler.dispatchMessage(Handler.java:99)
04-12 18:43:35.362  6976  7010 I DetoxActionHandlers: 	at android.os.Looper.loopOnce(Looper.java:205)
04-12 18:43:35.362  6976  7010 I DetoxActionHandlers: 	at android.os.Looper.loop(Looper.java:294)
04-12 18:43:35.362  6976  7010 I DetoxActionHandlers: 	at com.wix.detox.adapters.server.ActionsExecutor._init_$lambda$0(DetoxActionsDispatcher.kt:62)
04-12 18:43:35.362  6976  7010 I DetoxActionHandlers: 	at com.wix.detox.adapters.server.ActionsExecutor.$r8$lambda$xlgL0CQim6vNM0wWEqM8JIDgZUE(Unknown Source:0)
04-12 18:43:35.362  6976  7010 I DetoxActionHandlers: 	at com.wix.detox.adapters.server.ActionsExecutor$$ExternalSyntheticLambda1.run(D8$$SyntheticClass:0)
04-12 18:43:35.362  6976  7010 I DetoxActionHandlers: 	at java.lang.Thread.run(Thread.java:1012)
04-12 18:43:35.362  6976  7010 I DetoxActionHandlers: Caused by: junit.framework.AssertionFailedError: '(view has effective visibility <VISIBLE> and view.getGlobalVisibleRect() covers at least <75> percent of the view's area)' doesn't match the selected view.
04-12 18:43:35.362  6976  7010 I DetoxActionHandlers: Expected: (view has effective visibility <VISIBLE> and view.getGlobalVisibleRect() covers at least <75> percent of the view's area)
04-12 18:43:35.362  6976  7010 I DetoxActionHandlers:      Got: was null
04-12 18:43:35.362  6976  7010 I DetoxActionHandlers: 
04-12 18:43:35.362  6976  7010 I DetoxActionHandlers: 	at androidx.test.espresso.matcher.ViewMatchers.assertThat(ViewMatchers.java:620)
04-12 18:43:35.362  6976  7010 I DetoxActionHandlers: 	at com.wix.detox.espresso.assertion.ViewAssertions$MatchesViewAssertion.check(ViewAssertions.java:51)
04-12 18:43:35.362  6976  7010 I DetoxActionHandlers